[0.052s] DEBUG:colcon:Command line arguments: ['/usr/bin/colcon', 'build', '--symlink-install']
[0.052s] DEBUG:colcon:Parsed command line arguments: Namespace(log_base=None, log_level=None, verb_name='build', build_base='build', install_base='install', merge_install=False, symlink_install=True, test_result_base=None, continue_on_error=False, executor='parallel', parallel_workers=8, event_handlers=None, ignore_user_meta=False, metas=['./colcon.meta'], base_paths=['.'], packages_ignore=None, packages_ignore_regex=None, paths=None, packages_up_to=None, packages_up_to_regex=None, packages_above=None, packages_above_and_dependencies=None, packages_above_depth=None, packages_select_by_dep=None, packages_skip_by_dep=None, packages_skip_up_to=None, packages_select_build_failed=False, packages_skip_build_finished=False, packages_select_test_failures=False, packages_skip_test_passed=False, packages_select=None, packages_skip=None, packages_select_regex=None, packages_skip_regex=None, packages_start=None, packages_end=None, allow_overriding=[], cmake_args=None, cmake_target=None, cmake_target_skip_unavailable=False, cmake_clean_cache=False, cmake_clean_first=False, cmake_force_configure=False, ament_cmake_args=None, catkin_cmake_args=None, catkin_skip_building_tests=False, mixin_files=None, mixin=None, verb_parser=<colcon_mixin.mixin.mixin_argument.MixinArgumentDecorator object at 0x722ae9d929f0>, verb_extension=<colcon_core.verb.build.BuildVerb object at 0x722ae9ebf260>, main=<bound method BuildVerb.main of <colcon_core.verb.build.BuildVerb object at 0x722ae9ebf260>>, mixin_verb=('build',))
[0.071s] Level 1:colcon.colcon_core.package_discovery:discover_packages(colcon_meta) check parameters
[0.071s] Level 1:colcon.colcon_core.package_discovery:discover_packages(recursive) check parameters
[0.071s] Level 1:colcon.colcon_core.package_discovery:discover_packages(ignore) check parameters
[0.071s] Level 1:colcon.colcon_core.package_discovery:discover_packages(path) check parameters
[0.071s] Level 1:colcon.colcon_core.package_discovery:discover_packages(colcon_meta) discover
[0.071s] Level 1:colcon.colcon_core.package_discovery:discover_packages(recursive) discover
[0.071s] INFO:colcon.colcon_core.package_discovery:Crawling recursively for packages in '/home/leeky16498/ros2_ws'
[0.071s] Level 1:colcon.colcon_core.package_identification:_identify(.) by extensions ['ignore', 'ignore_ament_install']
[0.071s] Level 1:colcon.colcon_core.package_identification:_identify(.) by extension 'ignore'
[0.071s] Level 1:colcon.colcon_core.package_identification:_identify(.) by extension 'ignore_ament_install'
[0.071s] Level 1:colcon.colcon_core.package_identification:_identify(.) by extensions ['colcon_pkg']
[0.071s] Level 1:colcon.colcon_core.package_identification:_identify(.) by extension 'colcon_pkg'
[0.071s] Level 1:colcon.colcon_core.package_identification:_identify(.) by extensions ['colcon_meta']
[0.071s] Level 1:colcon.colcon_core.package_identification:_identify(.) by extension 'colcon_meta'
[0.071s] Level 1:colcon.colcon_core.package_identification:_identify(.) by extensions ['ros']
[0.071s] Level 1:colcon.colcon_core.package_identification:_identify(.) by extension 'ros'
[0.084s] Level 1:colcon.colcon_core.package_identification:_identify(.) by extensions ['cmake', 'python']
[0.084s] Level 1:colcon.colcon_core.package_identification:_identify(.) by extension 'cmake'
[0.084s] Level 1:colcon.colcon_core.package_identification:_identify(.) by extension 'python'
[0.084s] Level 1:colcon.colcon_core.package_identification:_identify(.) by extensions ['python_setup_py']
[0.084s] Level 1:colcon.colcon_core.package_identification:_identify(.) by extension 'python_setup_py'
[0.084s] Level 1:colcon.colcon_core.package_identification:_identify(build) by extensions ['ignore', 'ignore_ament_install']
[0.084s] Level 1:colcon.colcon_core.package_identification:_identify(build) by extension 'ignore'
[0.084s] Level 1:colcon.colcon_core.package_identification:_identify(build) ignored
[0.085s] Level 1:colcon.colcon_core.package_identification:_identify(install) by extensions ['ignore', 'ignore_ament_install']
[0.085s] Level 1:colcon.colcon_core.package_identification:_identify(install) by extension 'ignore'
[0.085s] Level 1:colcon.colcon_core.package_identification:_identify(install) ignored
[0.085s] Level 1:colcon.colcon_core.package_identification:_identify(log) by extensions ['ignore', 'ignore_ament_install']
[0.085s] Level 1:colcon.colcon_core.package_identification:_identify(log) by extension 'ignore'
[0.085s] Level 1:colcon.colcon_core.package_identification:_identify(log) ignored
[0.085s] Level 1:colcon.colcon_core.package_identification:_identify(src) by extensions ['ignore', 'ignore_ament_install']
[0.085s] Level 1:colcon.colcon_core.package_identification:_identify(src) by extension 'ignore'
[0.085s] Level 1:colcon.colcon_core.package_identification:_identify(src) by extension 'ignore_ament_install'
[0.085s] Level 1:colcon.colcon_core.package_identification:_identify(src) by extensions ['colcon_pkg']
[0.085s] Level 1:colcon.colcon_core.package_identification:_identify(src) by extension 'colcon_pkg'
[0.085s] Level 1:colcon.colcon_core.package_identification:_identify(src) by extensions ['colcon_meta']
[0.085s] Level 1:colcon.colcon_core.package_identification:_identify(src) by extension 'colcon_meta'
[0.085s] Level 1:colcon.colcon_core.package_identification:_identify(src) by extensions ['ros']
[0.085s] Level 1:colcon.colcon_core.package_identification:_identify(src) by extension 'ros'
[0.085s] Level 1:colcon.colcon_core.package_identification:_identify(src) by extensions ['cmake', 'python']
[0.085s] Level 1:colcon.colcon_core.package_identification:_identify(src) by extension 'cmake'
[0.085s] Level 1:colcon.colcon_core.package_identification:_identify(src) by extension 'python'
[0.085s] Level 1:colcon.colcon_core.package_identification:_identify(src) by extensions ['python_setup_py']
[0.085s] Level 1:colcon.colcon_core.package_identification:_identify(src) by extension 'python_setup_py'
[0.085s] Level 1:colcon.colcon_core.package_identification:_identify(src/build) by extensions ['ignore', 'ignore_ament_install']
[0.085s] Level 1:colcon.colcon_core.package_identification:_identify(src/build) by extension 'ignore'
[0.085s] Level 1:colcon.colcon_core.package_identification:_identify(src/build) ignored
[0.085s] Level 1:colcon.colcon_core.package_identification:_identify(src/install) by extensions ['ignore', 'ignore_ament_install']
[0.085s] Level 1:colcon.colcon_core.package_identification:_identify(src/install) by extension 'ignore'
[0.085s] Level 1:colcon.colcon_core.package_identification:_identify(src/install) ignored
[0.085s] Level 1:colcon.colcon_core.package_identification:_identify(src/log) by extensions ['ignore', 'ignore_ament_install']
[0.085s] Level 1:colcon.colcon_core.package_identification:_identify(src/log) by extension 'ignore'
[0.085s] Level 1:colcon.colcon_core.package_identification:_identify(src/log) ignored
[0.085s] Level 1:colcon.colcon_core.package_identification:_identify(src/my_py_pkg) by extensions ['ignore', 'ignore_ament_install']
[0.085s] Level 1:colcon.colcon_core.package_identification:_identify(src/my_py_pkg) by extension 'ignore'
[0.085s] Level 1:colcon.colcon_core.package_identification:_identify(src/my_py_pkg) by extension 'ignore_ament_install'
[0.085s] Level 1:colcon.colcon_core.package_identification:_identify(src/my_py_pkg) by extensions ['colcon_pkg']
[0.085s] Level 1:colcon.colcon_core.package_identification:_identify(src/my_py_pkg) by extension 'colcon_pkg'
[0.086s] Level 1:colcon.colcon_core.package_identification:_identify(src/my_py_pkg) by extensions ['colcon_meta']
[0.086s] Level 1:colcon.colcon_core.package_identification:_identify(src/my_py_pkg) by extension 'colcon_meta'
[0.086s] Level 1:colcon.colcon_core.package_identification:_identify(src/my_py_pkg) by extensions ['ros']
[0.086s] Level 1:colcon.colcon_core.package_identification:_identify(src/my_py_pkg) by extension 'ros'
[0.087s] DEBUG:colcon.colcon_core.package_identification:Package 'src/my_py_pkg' with type 'ros.ament_python' and name 'my_py_pkg'
[0.087s] Level 1:colcon.colcon_core.package_identification:_identify(src/my_robot_bringup) by extensions ['ignore', 'ignore_ament_install']
[0.087s] Level 1:colcon.colcon_core.package_identification:_identify(src/my_robot_bringup) by extension 'ignore'
[0.087s] Level 1:colcon.colcon_core.package_identification:_identify(src/my_robot_bringup) by extension 'ignore_ament_install'
[0.087s] Level 1:colcon.colcon_core.package_identification:_identify(src/my_robot_bringup) by extensions ['colcon_pkg']
[0.087s] Level 1:colcon.colcon_core.package_identification:_identify(src/my_robot_bringup) by extension 'colcon_pkg'
[0.087s] Level 1:colcon.colcon_core.package_identification:_identify(src/my_robot_bringup) by extensions ['colcon_meta']
[0.087s] Level 1:colcon.colcon_core.package_identification:_identify(src/my_robot_bringup) by extension 'colcon_meta'
[0.087s] Level 1:colcon.colcon_core.package_identification:_identify(src/my_robot_bringup) by extensions ['ros']
[0.087s] Level 1:colcon.colcon_core.package_identification:_identify(src/my_robot_bringup) by extension 'ros'
[0.088s] DEBUG:colcon.colcon_core.package_identification:Package 'src/my_robot_bringup' with type 'ros.ament_cmake' and name 'my_robot_bringup'
[0.088s] Level 1:colcon.colcon_core.package_identification:_identify(src/my_robot_description) by extensions ['ignore', 'ignore_ament_install']
[0.088s] Level 1:colcon.colcon_core.package_identification:_identify(src/my_robot_description) by extension 'ignore'
[0.088s] Level 1:colcon.colcon_core.package_identification:_identify(src/my_robot_description) by extension 'ignore_ament_install'
[0.088s] Level 1:colcon.colcon_core.package_identification:_identify(src/my_robot_description) by extensions ['colcon_pkg']
[0.088s] Level 1:colcon.colcon_core.package_identification:_identify(src/my_robot_description) by extension 'colcon_pkg'
[0.088s] Level 1:colcon.colcon_core.package_identification:_identify(src/my_robot_description) by extensions ['colcon_meta']
[0.088s] Level 1:colcon.colcon_core.package_identification:_identify(src/my_robot_description) by extension 'colcon_meta'
[0.088s] Level 1:colcon.colcon_core.package_identification:_identify(src/my_robot_description) by extensions ['ros']
[0.088s] Level 1:colcon.colcon_core.package_identification:_identify(src/my_robot_description) by extension 'ros'
[0.088s] DEBUG:colcon.colcon_core.package_identification:Package 'src/my_robot_description' with type 'ros.ament_cmake' and name 'my_robot_description'
[0.088s] Level 1:colcon.colcon_core.package_identification:_identify(src/my_robot_interfaces) by extensions ['ignore', 'ignore_ament_install']
[0.088s] Level 1:colcon.colcon_core.package_identification:_identify(src/my_robot_interfaces) by extension 'ignore'
[0.088s] Level 1:colcon.colcon_core.package_identification:_identify(src/my_robot_interfaces) by extension 'ignore_ament_install'
[0.088s] Level 1:colcon.colcon_core.package_identification:_identify(src/my_robot_interfaces) by extensions ['colcon_pkg']
[0.088s] Level 1:colcon.colcon_core.package_identification:_identify(src/my_robot_interfaces) by extension 'colcon_pkg'
[0.088s] Level 1:colcon.colcon_core.package_identification:_identify(src/my_robot_interfaces) by extensions ['colcon_meta']
[0.088s] Level 1:colcon.colcon_core.package_identification:_identify(src/my_robot_interfaces) by extension 'colcon_meta'
[0.088s] Level 1:colcon.colcon_core.package_identification:_identify(src/my_robot_interfaces) by extensions ['ros']
[0.088s] Level 1:colcon.colcon_core.package_identification:_identify(src/my_robot_interfaces) by extension 'ros'
[0.088s] DEBUG:colcon.colcon_core.package_identification:Package 'src/my_robot_interfaces' with type 'ros.ament_cmake' and name 'my_robot_interfaces'
[0.088s] Level 1:colcon.colcon_core.package_identification:_identify(src/turtlesim_catch_them_all) by extensions ['ignore', 'ignore_ament_install']
[0.088s] Level 1:colcon.colcon_core.package_identification:_identify(src/turtlesim_catch_them_all) by extension 'ignore'
[0.088s] Level 1:colcon.colcon_core.package_identification:_identify(src/turtlesim_catch_them_all) by extension 'ignore_ament_install'
[0.088s] Level 1:colcon.colcon_core.package_identification:_identify(src/turtlesim_catch_them_all) by extensions ['colcon_pkg']
[0.089s] Level 1:colcon.colcon_core.package_identification:_identify(src/turtlesim_catch_them_all) by extension 'colcon_pkg'
[0.089s] Level 1:colcon.colcon_core.package_identification:_identify(src/turtlesim_catch_them_all) by extensions ['colcon_meta']
[0.089s] Level 1:colcon.colcon_core.package_identification:_identify(src/turtlesim_catch_them_all) by extension 'colcon_meta'
[0.089s] Level 1:colcon.colcon_core.package_identification:_identify(src/turtlesim_catch_them_all) by extensions ['ros']
[0.089s] Level 1:colcon.colcon_core.package_identification:_identify(src/turtlesim_catch_them_all) by extension 'ros'
[0.089s] DEBUG:colcon.colcon_core.package_identification:Package 'src/turtlesim_catch_them_all' with type 'ros.ament_python' and name 'turtlesim_catch_them_all'
[0.089s] Level 1:colcon.colcon_core.package_discovery:discover_packages(recursive) using defaults
[0.089s] Level 1:colcon.colcon_core.package_discovery:discover_packages(ignore) discover
[0.089s] Level 1:colcon.colcon_core.package_discovery:discover_packages(ignore) using defaults
[0.089s] Level 1:colcon.colcon_core.package_discovery:discover_packages(path) discover
[0.089s] Level 1:colcon.colcon_core.package_discovery:discover_packages(path) using defaults
[0.098s] Level 1:colcon.colcon_core.package_discovery:discover_packages(prefix_path) check parameters
[0.098s] Level 1:colcon.colcon_core.package_discovery:discover_packages(prefix_path) discover
[0.099s] DEBUG:colcon.colcon_installed_package_information.package_discovery:Found 5 installed packages in /home/leeky16498/ros2_ws/install
[0.100s] DEBUG:colcon.colcon_installed_package_information.package_discovery:Found 290 installed packages in /opt/ros/jazzy
[0.101s] Level 1:colcon.colcon_core.package_discovery:discover_packages(prefix_path) using defaults
[0.118s] Level 5:colcon.colcon_core.verb:set package 'my_robot_description' build argument 'cmake_args' from command line to 'None'
[0.119s] Level 5:colcon.colcon_core.verb:set package 'my_robot_description' build argument 'cmake_target' from command line to 'None'
[0.119s] Level 5:colcon.colcon_core.verb:set package 'my_robot_description' build argument 'cmake_target_skip_unavailable' from command line to 'False'
[0.119s] Level 5:colcon.colcon_core.verb:set package 'my_robot_description' build argument 'cmake_clean_cache' from command line to 'False'
[0.119s] Level 5:colcon.colcon_core.verb:set package 'my_robot_description' build argument 'cmake_clean_first' from command line to 'False'
[0.119s] Level 5:colcon.colcon_core.verb:set package 'my_robot_description' build argument 'cmake_force_configure' from command line to 'False'
[0.119s] Level 5:colcon.colcon_core.verb:set package 'my_robot_description' build argument 'ament_cmake_args' from command line to 'None'
[0.119s] Level 5:colcon.colcon_core.verb:set package 'my_robot_description' build argument 'catkin_cmake_args' from command line to 'None'
[0.119s] Level 5:colcon.colcon_core.verb:set package 'my_robot_description' build argument 'catkin_skip_building_tests' from command line to 'False'
[0.119s] DEBUG:colcon.colcon_core.verb:Building package 'my_robot_description' with the following arguments: {'ament_cmake_args': None, 'build_base': '/home/leeky16498/ros2_ws/build/my_robot_description', 'catkin_cmake_args': None, 'catkin_skip_building_tests': False, 'cmake_args': None, 'cmake_clean_cache': False, 'cmake_clean_first': False, 'cmake_force_configure': False, 'cmake_target': None, 'cmake_target_skip_unavailable': False, 'install_base': '/home/leeky16498/ros2_ws/install/my_robot_description', 'merge_install': False, 'path': '/home/leeky16498/ros2_ws/src/my_robot_description', 'symlink_install': True, 'test_result_base': None}
[0.119s] Level 5:colcon.colcon_core.verb:set package 'my_robot_interfaces' build argument 'cmake_args' from command line to 'None'
[0.119s] Level 5:colcon.colcon_core.verb:set package 'my_robot_interfaces' build argument 'cmake_target' from command line to 'None'
[0.119s] Level 5:colcon.colcon_core.verb:set package 'my_robot_interfaces' build argument 'cmake_target_skip_unavailable' from command line to 'False'
[0.119s] Level 5:colcon.colcon_core.verb:set package 'my_robot_interfaces' build argument 'cmake_clean_cache' from command line to 'False'
[0.119s] Level 5:colcon.colcon_core.verb:set package 'my_robot_interfaces' build argument 'cmake_clean_first' from command line to 'False'
[0.119s] Level 5:colcon.colcon_core.verb:set package 'my_robot_interfaces' build argument 'cmake_force_configure' from command line to 'False'
[0.119s] Level 5:colcon.colcon_core.verb:set package 'my_robot_interfaces' build argument 'ament_cmake_args' from command line to 'None'
[0.119s] Level 5:colcon.colcon_core.verb:set package 'my_robot_interfaces' build argument 'catkin_cmake_args' from command line to 'None'
[0.119s] Level 5:colcon.colcon_core.verb:set package 'my_robot_interfaces' build argument 'catkin_skip_building_tests' from command line to 'False'
[0.119s] DEBUG:colcon.colcon_core.verb:Building package 'my_robot_interfaces' with the following arguments: {'ament_cmake_args': None, 'build_base': '/home/leeky16498/ros2_ws/build/my_robot_interfaces', 'catkin_cmake_args': None, 'catkin_skip_building_tests': False, 'cmake_args': None, 'cmake_clean_cache': False, 'cmake_clean_first': False, 'cmake_force_configure': False, 'cmake_target': None, 'cmake_target_skip_unavailable': False, 'install_base': '/home/leeky16498/ros2_ws/install/my_robot_interfaces', 'merge_install': False, 'path': '/home/leeky16498/ros2_ws/src/my_robot_interfaces', 'symlink_install': True, 'test_result_base': None}
[0.119s] Level 5:colcon.colcon_core.verb:set package 'my_py_pkg' build argument 'cmake_args' from command line to 'None'
[0.119s] Level 5:colcon.colcon_core.verb:set package 'my_py_pkg' build argument 'cmake_target' from command line to 'None'
[0.119s] Level 5:colcon.colcon_core.verb:set package 'my_py_pkg' build argument 'cmake_target_skip_unavailable' from command line to 'False'
[0.119s] Level 5:colcon.colcon_core.verb:set package 'my_py_pkg' build argument 'cmake_clean_cache' from command line to 'False'
[0.119s] Level 5:colcon.colcon_core.verb:set package 'my_py_pkg' build argument 'cmake_clean_first' from command line to 'False'
[0.119s] Level 5:colcon.colcon_core.verb:set package 'my_py_pkg' build argument 'cmake_force_configure' from command line to 'False'
[0.119s] Level 5:colcon.colcon_core.verb:set package 'my_py_pkg' build argument 'ament_cmake_args' from command line to 'None'
[0.119s] Level 5:colcon.colcon_core.verb:set package 'my_py_pkg' build argument 'catkin_cmake_args' from command line to 'None'
[0.119s] Level 5:colcon.colcon_core.verb:set package 'my_py_pkg' build argument 'catkin_skip_building_tests' from command line to 'False'
[0.119s] DEBUG:colcon.colcon_core.verb:Building package 'my_py_pkg' with the following arguments: {'ament_cmake_args': None, 'build_base': '/home/leeky16498/ros2_ws/build/my_py_pkg', 'catkin_cmake_args': None, 'catkin_skip_building_tests': False, 'cmake_args': None, 'cmake_clean_cache': False, 'cmake_clean_first': False, 'cmake_force_configure': False, 'cmake_target': None, 'cmake_target_skip_unavailable': False, 'install_base': '/home/leeky16498/ros2_ws/install/my_py_pkg', 'merge_install': False, 'path': '/home/leeky16498/ros2_ws/src/my_py_pkg', 'symlink_install': True, 'test_result_base': None}
[0.119s] Level 5:colcon.colcon_core.verb:set package 'turtlesim_catch_them_all' build argument 'cmake_args' from command line to 'None'
[0.119s] Level 5:colcon.colcon_core.verb:set package 'turtlesim_catch_them_all' build argument 'cmake_target' from command line to 'None'
[0.119s] Level 5:colcon.colcon_core.verb:set package 'turtlesim_catch_them_all' build argument 'cmake_target_skip_unavailable' from command line to 'False'
[0.119s] Level 5:colcon.colcon_core.verb:set package 'turtlesim_catch_them_all' build argument 'cmake_clean_cache' from command line to 'False'
[0.119s] Level 5:colcon.colcon_core.verb:set package 'turtlesim_catch_them_all' build argument 'cmake_clean_first' from command line to 'False'
[0.119s] Level 5:colcon.colcon_core.verb:set package 'turtlesim_catch_them_all' build argument 'cmake_force_configure' from command line to 'False'
[0.119s] Level 5:colcon.colcon_core.verb:set package 'turtlesim_catch_them_all' build argument 'ament_cmake_args' from command line to 'None'
[0.119s] Level 5:colcon.colcon_core.verb:set package 'turtlesim_catch_them_all' build argument 'catkin_cmake_args' from command line to 'None'
[0.119s] Level 5:colcon.colcon_core.verb:set package 'turtlesim_catch_them_all' build argument 'catkin_skip_building_tests' from command line to 'False'
[0.119s] DEBUG:colcon.colcon_core.verb:Building package 'turtlesim_catch_them_all' with the following arguments: {'ament_cmake_args': None, 'build_base': '/home/leeky16498/ros2_ws/build/turtlesim_catch_them_all', 'catkin_cmake_args': None, 'catkin_skip_building_tests': False, 'cmake_args': None, 'cmake_clean_cache': False, 'cmake_clean_first': False, 'cmake_force_configure': False, 'cmake_target': None, 'cmake_target_skip_unavailable': False, 'install_base': '/home/leeky16498/ros2_ws/install/turtlesim_catch_them_all', 'merge_install': False, 'path': '/home/leeky16498/ros2_ws/src/turtlesim_catch_them_all', 'symlink_install': True, 'test_result_base': None}
[0.119s] Level 5:colcon.colcon_core.verb:set package 'my_robot_bringup' build argument 'cmake_args' from command line to 'None'
[0.120s] Level 5:colcon.colcon_core.verb:set package 'my_robot_bringup' build argument 'cmake_target' from command line to 'None'
[0.120s] Level 5:colcon.colcon_core.verb:set package 'my_robot_bringup' build argument 'cmake_target_skip_unavailable' from command line to 'False'
[0.120s] Level 5:colcon.colcon_core.verb:set package 'my_robot_bringup' build argument 'cmake_clean_cache' from command line to 'False'
[0.120s] Level 5:colcon.colcon_core.verb:set package 'my_robot_bringup' build argument 'cmake_clean_first' from command line to 'False'
[0.120s] Level 5:colcon.colcon_core.verb:set package 'my_robot_bringup' build argument 'cmake_force_configure' from command line to 'False'
[0.120s] Level 5:colcon.colcon_core.verb:set package 'my_robot_bringup' build argument 'ament_cmake_args' from command line to 'None'
[0.120s] Level 5:colcon.colcon_core.verb:set package 'my_robot_bringup' build argument 'catkin_cmake_args' from command line to 'None'
[0.120s] Level 5:colcon.colcon_core.verb:set package 'my_robot_bringup' build argument 'catkin_skip_building_tests' from command line to 'False'
[0.120s] DEBUG:colcon.colcon_core.verb:Building package 'my_robot_bringup' with the following arguments: {'ament_cmake_args': None, 'build_base': '/home/leeky16498/ros2_ws/build/my_robot_bringup', 'catkin_cmake_args': None, 'catkin_skip_building_tests': False, 'cmake_args': None, 'cmake_clean_cache': False, 'cmake_clean_first': False, 'cmake_force_configure': False, 'cmake_target': None, 'cmake_target_skip_unavailable': False, 'install_base': '/home/leeky16498/ros2_ws/install/my_robot_bringup', 'merge_install': False, 'path': '/home/leeky16498/ros2_ws/src/my_robot_bringup', 'symlink_install': True, 'test_result_base': None}
[0.120s] INFO:colcon.colcon_core.executor:Executing jobs using 'parallel' executor
[0.121s] DEBUG:colcon.colcon_parallel_executor.executor.parallel:run_until_complete
[0.121s] INFO:colcon.colcon_ros.task.ament_cmake.build:Building ROS package in '/home/leeky16498/ros2_ws/src/my_robot_interfaces' with build type 'ament_cmake'
[0.121s] INFO:colcon.colcon_cmake.task.cmake.build:Building CMake package in '/home/leeky16498/ros2_ws/src/my_robot_interfaces'
[0.122s] INFO:colcon.colcon_core.plugin_system:Skipping extension 'colcon_core.shell.bat': Not used on non-Windows systems
[0.122s] INFO:colcon.colcon_core.shell:Skip shell extension 'powershell' for command environment: Not usable outside of PowerShell
[0.122s] DEBUG:colcon.colcon_core.shell:Skip shell extension 'dsv' for command environment
[0.124s] INFO:colcon.colcon_ros.task.ament_cmake.build:Building ROS package in '/home/leeky16498/ros2_ws/src/my_robot_description' with build type 'ament_cmake'
[0.124s] INFO:colcon.colcon_cmake.task.cmake.build:Building CMake package in '/home/leeky16498/ros2_ws/src/my_robot_description'
[0.124s] INFO:colcon.colcon_core.shell:Skip shell extension 'powershell' for command environment: Not usable outside of PowerShell
[0.124s] DEBUG:colcon.colcon_core.shell:Skip shell extension 'dsv' for command environment
[0.128s] DEBUG:colcon.colcon_core.event_handler.log_command:Invoking command in '/home/leeky16498/ros2_ws/build/my_robot_interfaces': CMAKE_PREFIX_PATH=${CMAKE_PREFIX_PATH}:/home/leeky16498/ros2_ws/install/turtlesim_catch_them_all:/home/leeky16498/ros2_ws/install/my_py_pkg:/opt/ros/jazzy DEBUGINFOD_URLS=https://debuginfod.ubuntu.com /usr/bin/cmake /home/leeky16498/ros2_ws/src/my_robot_interfaces -DAMENT_CMAKE_SYMLINK_INSTALL=1 -DCMAKE_INSTALL_PREFIX=/home/leeky16498/ros2_ws/install/my_robot_interfaces
[0.130s] DEBUG:colcon.colcon_core.event_handler.log_command:Invoking command in '/home/leeky16498/ros2_ws/build/my_robot_description': CMAKE_PREFIX_PATH=${CMAKE_PREFIX_PATH}:/home/leeky16498/ros2_ws/install/turtlesim_catch_them_all:/home/leeky16498/ros2_ws/install/my_py_pkg:/opt/ros/jazzy DEBUGINFOD_URLS=https://debuginfod.ubuntu.com /usr/bin/cmake /home/leeky16498/ros2_ws/src/my_robot_description -DAMENT_CMAKE_SYMLINK_INSTALL=1 -DCMAKE_INSTALL_PREFIX=/home/leeky16498/ros2_ws/install/my_robot_description
[0.328s] DEBUG:colcon.colcon_core.event_handler.log_command:Invoked command in '/home/leeky16498/ros2_ws/build/my_robot_description' returned '0': CMAKE_PREFIX_PATH=${CMAKE_PREFIX_PATH}:/home/leeky16498/ros2_ws/install/turtlesim_catch_them_all:/home/leeky16498/ros2_ws/install/my_py_pkg:/opt/ros/jazzy DEBUGINFOD_URLS=https://debuginfod.ubuntu.com /usr/bin/cmake /home/leeky16498/ros2_ws/src/my_robot_description -DAMENT_CMAKE_SYMLINK_INSTALL=1 -DCMAKE_INSTALL_PREFIX=/home/leeky16498/ros2_ws/install/my_robot_description
[0.329s] DEBUG:colcon.colcon_core.event_handler.log_command:Invoking command in '/home/leeky16498/ros2_ws/build/my_robot_description': CMAKE_PREFIX_PATH=${CMAKE_PREFIX_PATH}:/home/leeky16498/ros2_ws/install/turtlesim_catch_them_all:/home/leeky16498/ros2_ws/install/my_py_pkg:/opt/ros/jazzy DEBUGINFOD_URLS=https://debuginfod.ubuntu.com /usr/bin/cmake --build /home/leeky16498/ros2_ws/build/my_robot_description -- -j8 -l8
[0.358s] DEBUG:colcon.colcon_core.event_handler.log_command:Invoked command in '/home/leeky16498/ros2_ws/build/my_robot_description' returned '0': CMAKE_PREFIX_PATH=${CMAKE_PREFIX_PATH}:/home/leeky16498/ros2_ws/install/turtlesim_catch_them_all:/home/leeky16498/ros2_ws/install/my_py_pkg:/opt/ros/jazzy DEBUGINFOD_URLS=https://debuginfod.ubuntu.com /usr/bin/cmake --build /home/leeky16498/ros2_ws/build/my_robot_description -- -j8 -l8
[0.365s] DEBUG:colcon.colcon_core.event_handler.log_command:Invoking command in '/home/leeky16498/ros2_ws/build/my_robot_description': CMAKE_PREFIX_PATH=${CMAKE_PREFIX_PATH}:/home/leeky16498/ros2_ws/install/turtlesim_catch_them_all:/home/leeky16498/ros2_ws/install/my_py_pkg:/opt/ros/jazzy DEBUGINFOD_URLS=https://debuginfod.ubuntu.com /usr/bin/cmake --install /home/leeky16498/ros2_ws/build/my_robot_description
[0.382s] Level 1:colcon.colcon_core.environment:create_environment_scripts_only(my_robot_description)
[0.382s] DEBUG:colcon.colcon_core.event_handler.log_command:Invoked command in '/home/leeky16498/ros2_ws/build/my_robot_description' returned '0': CMAKE_PREFIX_PATH=${CMAKE_PREFIX_PATH}:/home/leeky16498/ros2_ws/install/turtlesim_catch_them_all:/home/leeky16498/ros2_ws/install/my_py_pkg:/opt/ros/jazzy DEBUGINFOD_URLS=https://debuginfod.ubuntu.com /usr/bin/cmake --install /home/leeky16498/ros2_ws/build/my_robot_description
[0.383s] Level 1:colcon.colcon_core.environment:checking '/home/leeky16498/ros2_ws/install/my_robot_description' for CMake module files
[0.383s] Level 1:colcon.colcon_core.environment:checking '/home/leeky16498/ros2_ws/install/my_robot_description' for CMake config files
[0.383s] Level 1:colcon.colcon_core.shell:create_environment_hook('my_robot_description', 'cmake_prefix_path')
[0.383s] INFO:colcon.colcon_core.shell:Creating environment hook '/home/leeky16498/ros2_ws/install/my_robot_description/share/my_robot_description/hook/cmake_prefix_path.ps1'
[0.384s] INFO:colcon.colcon_core.shell:Creating environment descriptor '/home/leeky16498/ros2_ws/install/my_robot_description/share/my_robot_description/hook/cmake_prefix_path.dsv'
[0.384s] INFO:colcon.colcon_core.shell:Creating environment hook '/home/leeky16498/ros2_ws/install/my_robot_description/share/my_robot_description/hook/cmake_prefix_path.sh'
[0.384s] Level 1:colcon.colcon_core.environment:checking '/home/leeky16498/ros2_ws/install/my_robot_description/bin'
[0.384s] Level 1:colcon.colcon_core.environment:checking '/home/leeky16498/ros2_ws/install/my_robot_description/lib/pkgconfig/my_robot_description.pc'
[0.385s] Level 1:colcon.colcon_core.environment:checking '/home/leeky16498/ros2_ws/install/my_robot_description/lib/python3.12/site-packages'
[0.385s] Level 1:colcon.colcon_core.environment:checking '/home/leeky16498/ros2_ws/install/my_robot_description/bin'
[0.385s] INFO:colcon.colcon_core.shell:Creating package script '/home/leeky16498/ros2_ws/install/my_robot_description/share/my_robot_description/package.ps1'
[0.385s] INFO:colcon.colcon_core.shell:Creating package descriptor '/home/leeky16498/ros2_ws/install/my_robot_description/share/my_robot_description/package.dsv'
[0.385s] INFO:colcon.colcon_core.shell:Creating package script '/home/leeky16498/ros2_ws/install/my_robot_description/share/my_robot_description/package.sh'
[0.386s] INFO:colcon.colcon_core.shell:Creating package script '/home/leeky16498/ros2_ws/install/my_robot_description/share/my_robot_description/package.bash'
[0.386s] INFO:colcon.colcon_core.shell:Creating package script '/home/leeky16498/ros2_ws/install/my_robot_description/share/my_robot_description/package.zsh'
[0.386s] Level 1:colcon.colcon_core.environment:create_file_with_runtime_dependencies(/home/leeky16498/ros2_ws/install/my_robot_description/share/colcon-core/packages/my_robot_description)
[0.386s] Level 1:colcon.colcon_core.environment:create_environment_scripts_only(my_robot_description)
[0.387s] Level 1:colcon.colcon_core.environment:checking '/home/leeky16498/ros2_ws/install/my_robot_description' for CMake module files
[0.387s] Level 1:colcon.colcon_core.environment:checking '/home/leeky16498/ros2_ws/install/my_robot_description' for CMake config files
[0.387s] Level 1:colcon.colcon_core.shell:create_environment_hook('my_robot_description', 'cmake_prefix_path')
[0.387s] INFO:colcon.colcon_core.shell:Creating environment hook '/home/leeky16498/ros2_ws/install/my_robot_description/share/my_robot_description/hook/cmake_prefix_path.ps1'
[0.387s] INFO:colcon.colcon_core.shell:Creating environment descriptor '/home/leeky16498/ros2_ws/install/my_robot_description/share/my_robot_description/hook/cmake_prefix_path.dsv'
[0.387s] INFO:colcon.colcon_core.shell:Creating environment hook '/home/leeky16498/ros2_ws/install/my_robot_description/share/my_robot_description/hook/cmake_prefix_path.sh'
[0.388s] Level 1:colcon.colcon_core.environment:checking '/home/leeky16498/ros2_ws/install/my_robot_description/bin'
[0.388s] Level 1:colcon.colcon_core.environment:checking '/home/leeky16498/ros2_ws/install/my_robot_description/lib/pkgconfig/my_robot_description.pc'
[0.388s] Level 1:colcon.colcon_core.environment:checking '/home/leeky16498/ros2_ws/install/my_robot_description/lib/python3.12/site-packages'
[0.388s] Level 1:colcon.colcon_core.environment:checking '/home/leeky16498/ros2_ws/install/my_robot_description/bin'
[0.388s] INFO:colcon.colcon_core.shell:Creating package script '/home/leeky16498/ros2_ws/install/my_robot_description/share/my_robot_description/package.ps1'
[0.388s] INFO:colcon.colcon_core.shell:Creating package descriptor '/home/leeky16498/ros2_ws/install/my_robot_description/share/my_robot_description/package.dsv'
[0.388s] INFO:colcon.colcon_core.shell:Creating package script '/home/leeky16498/ros2_ws/install/my_robot_description/share/my_robot_description/package.sh'
[0.389s] INFO:colcon.colcon_core.shell:Creating package script '/home/leeky16498/ros2_ws/install/my_robot_description/share/my_robot_description/package.bash'
[0.389s] INFO:colcon.colcon_core.shell:Creating package script '/home/leeky16498/ros2_ws/install/my_robot_description/share/my_robot_description/package.zsh'
[0.389s] Level 1:colcon.colcon_core.environment:create_file_with_runtime_dependencies(/home/leeky16498/ros2_ws/install/my_robot_description/share/colcon-core/packages/my_robot_description)
[0.798s] DEBUG:colcon.colcon_core.event_handler.log_command:Invoked command in '/home/leeky16498/ros2_ws/build/my_robot_interfaces' returned '0': CMAKE_PREFIX_PATH=${CMAKE_PREFIX_PATH}:/home/leeky16498/ros2_ws/install/turtlesim_catch_them_all:/home/leeky16498/ros2_ws/install/my_py_pkg:/opt/ros/jazzy DEBUGINFOD_URLS=https://debuginfod.ubuntu.com /usr/bin/cmake /home/leeky16498/ros2_ws/src/my_robot_interfaces -DAMENT_CMAKE_SYMLINK_INSTALL=1 -DCMAKE_INSTALL_PREFIX=/home/leeky16498/ros2_ws/install/my_robot_interfaces
[0.798s] DEBUG:colcon.colcon_core.event_handler.log_command:Invoking command in '/home/leeky16498/ros2_ws/build/my_robot_interfaces': CMAKE_PREFIX_PATH=${CMAKE_PREFIX_PATH}:/home/leeky16498/ros2_ws/install/turtlesim_catch_them_all:/home/leeky16498/ros2_ws/install/my_py_pkg:/opt/ros/jazzy DEBUGINFOD_URLS=https://debuginfod.ubuntu.com /usr/bin/cmake --build /home/leeky16498/ros2_ws/build/my_robot_interfaces -- -j8 -l8
[1.015s] DEBUG:colcon.colcon_core.event_handler.log_command:Invoked command in '/home/leeky16498/ros2_ws/build/my_robot_interfaces' returned '0': CMAKE_PREFIX_PATH=${CMAKE_PREFIX_PATH}:/home/leeky16498/ros2_ws/install/turtlesim_catch_them_all:/home/leeky16498/ros2_ws/install/my_py_pkg:/opt/ros/jazzy DEBUGINFOD_URLS=https://debuginfod.ubuntu.com /usr/bin/cmake --build /home/leeky16498/ros2_ws/build/my_robot_interfaces -- -j8 -l8
[1.016s] DEBUG:colcon.colcon_core.event_handler.log_command:Invoking command in '/home/leeky16498/ros2_ws/build/my_robot_interfaces': CMAKE_PREFIX_PATH=${CMAKE_PREFIX_PATH}:/home/leeky16498/ros2_ws/install/turtlesim_catch_them_all:/home/leeky16498/ros2_ws/install/my_py_pkg:/opt/ros/jazzy DEBUGINFOD_URLS=https://debuginfod.ubuntu.com /usr/bin/cmake --install /home/leeky16498/ros2_ws/build/my_robot_interfaces
[1.065s] Level 1:colcon.colcon_core.environment:create_environment_scripts_only(my_robot_interfaces)
[1.065s] DEBUG:colcon.colcon_core.event_handler.log_command:Invoked command in '/home/leeky16498/ros2_ws/build/my_robot_interfaces' returned '0': CMAKE_PREFIX_PATH=${CMAKE_PREFIX_PATH}:/home/leeky16498/ros2_ws/install/turtlesim_catch_them_all:/home/leeky16498/ros2_ws/install/my_py_pkg:/opt/ros/jazzy DEBUGINFOD_URLS=https://debuginfod.ubuntu.com /usr/bin/cmake --install /home/leeky16498/ros2_ws/build/my_robot_interfaces
[1.065s] Level 1:colcon.colcon_core.environment:checking '/home/leeky16498/ros2_ws/install/my_robot_interfaces' for CMake module files
[1.065s] Level 1:colcon.colcon_core.environment:checking '/home/leeky16498/ros2_ws/install/my_robot_interfaces' for CMake config files
[1.066s] Level 1:colcon.colcon_core.shell:create_environment_hook('my_robot_interfaces', 'cmake_prefix_path')
[1.066s] INFO:colcon.colcon_core.shell:Creating environment hook '/home/leeky16498/ros2_ws/install/my_robot_interfaces/share/my_robot_interfaces/hook/cmake_prefix_path.ps1'
[1.066s] INFO:colcon.colcon_core.shell:Creating environment descriptor '/home/leeky16498/ros2_ws/install/my_robot_interfaces/share/my_robot_interfaces/hook/cmake_prefix_path.dsv'
[1.066s] INFO:colcon.colcon_core.shell:Creating environment hook '/home/leeky16498/ros2_ws/install/my_robot_interfaces/share/my_robot_interfaces/hook/cmake_prefix_path.sh'
[1.067s] Level 1:colcon.colcon_core.environment:checking '/home/leeky16498/ros2_ws/install/my_robot_interfaces/lib'
[1.067s] Level 1:colcon.colcon_core.shell:create_environment_hook('my_robot_interfaces', 'ld_library_path_lib')
[1.067s] INFO:colcon.colcon_core.shell:Creating environment hook '/home/leeky16498/ros2_ws/install/my_robot_interfaces/share/my_robot_interfaces/hook/ld_library_path_lib.ps1'
[1.067s] INFO:colcon.colcon_core.shell:Creating environment descriptor '/home/leeky16498/ros2_ws/install/my_robot_interfaces/share/my_robot_interfaces/hook/ld_library_path_lib.dsv'
[1.067s] INFO:colcon.colcon_core.shell:Creating environment hook '/home/leeky16498/ros2_ws/install/my_robot_interfaces/share/my_robot_interfaces/hook/ld_library_path_lib.sh'
[1.067s] Level 1:colcon.colcon_core.environment:checking '/home/leeky16498/ros2_ws/install/my_robot_interfaces/bin'
[1.067s] Level 1:colcon.colcon_core.environment:checking '/home/leeky16498/ros2_ws/install/my_robot_interfaces/lib/pkgconfig/my_robot_interfaces.pc'
[1.067s] Level 1:colcon.colcon_core.environment:checking '/home/leeky16498/ros2_ws/install/my_robot_interfaces/lib/python3.12/site-packages'
[1.068s] Level 1:colcon.colcon_core.shell:create_environment_hook('my_robot_interfaces', 'pythonpath')
[1.068s] INFO:colcon.colcon_core.shell:Creating environment hook '/home/leeky16498/ros2_ws/install/my_robot_interfaces/share/my_robot_interfaces/hook/pythonpath.ps1'
[1.068s] INFO:colcon.colcon_core.shell:Creating environment descriptor '/home/leeky16498/ros2_ws/install/my_robot_interfaces/share/my_robot_interfaces/hook/pythonpath.dsv'
[1.068s] INFO:colcon.colcon_core.shell:Creating environment hook '/home/leeky16498/ros2_ws/install/my_robot_interfaces/share/my_robot_interfaces/hook/pythonpath.sh'
[1.068s] Level 1:colcon.colcon_core.environment:checking '/home/leeky16498/ros2_ws/install/my_robot_interfaces/bin'
[1.068s] INFO:colcon.colcon_core.shell:Creating package script '/home/leeky16498/ros2_ws/install/my_robot_interfaces/share/my_robot_interfaces/package.ps1'
[1.069s] INFO:colcon.colcon_core.shell:Creating package descriptor '/home/leeky16498/ros2_ws/install/my_robot_interfaces/share/my_robot_interfaces/package.dsv'
[1.069s] INFO:colcon.colcon_core.shell:Creating package script '/home/leeky16498/ros2_ws/install/my_robot_interfaces/share/my_robot_interfaces/package.sh'
[1.069s] INFO:colcon.colcon_core.shell:Creating package script '/home/leeky16498/ros2_ws/install/my_robot_interfaces/share/my_robot_interfaces/package.bash'
[1.069s] INFO:colcon.colcon_core.shell:Creating package script '/home/leeky16498/ros2_ws/install/my_robot_interfaces/share/my_robot_interfaces/package.zsh'
[1.069s] Level 1:colcon.colcon_core.environment:create_file_with_runtime_dependencies(/home/leeky16498/ros2_ws/install/my_robot_interfaces/share/colcon-core/packages/my_robot_interfaces)
[1.070s] Level 1:colcon.colcon_core.environment:create_environment_scripts_only(my_robot_interfaces)
[1.070s] Level 1:colcon.colcon_core.environment:checking '/home/leeky16498/ros2_ws/install/my_robot_interfaces' for CMake module files
[1.070s] Level 1:colcon.colcon_core.environment:checking '/home/leeky16498/ros2_ws/install/my_robot_interfaces' for CMake config files
[1.070s] Level 1:colcon.colcon_core.shell:create_environment_hook('my_robot_interfaces', 'cmake_prefix_path')
[1.070s] INFO:colcon.colcon_core.shell:Creating environment hook '/home/leeky16498/ros2_ws/install/my_robot_interfaces/share/my_robot_interfaces/hook/cmake_prefix_path.ps1'
[1.070s] INFO:colcon.colcon_core.shell:Creating environment descriptor '/home/leeky16498/ros2_ws/install/my_robot_interfaces/share/my_robot_interfaces/hook/cmake_prefix_path.dsv'
[1.070s] INFO:colcon.colcon_core.shell:Creating environment hook '/home/leeky16498/ros2_ws/install/my_robot_interfaces/share/my_robot_interfaces/hook/cmake_prefix_path.sh'
[1.071s] Level 1:colcon.colcon_core.environment:checking '/home/leeky16498/ros2_ws/install/my_robot_interfaces/lib'
[1.071s] Level 1:colcon.colcon_core.shell:create_environment_hook('my_robot_interfaces', 'ld_library_path_lib')
[1.071s] INFO:colcon.colcon_core.shell:Creating environment hook '/home/leeky16498/ros2_ws/install/my_robot_interfaces/share/my_robot_interfaces/hook/ld_library_path_lib.ps1'
[1.071s] INFO:colcon.colcon_core.shell:Creating environment descriptor '/home/leeky16498/ros2_ws/install/my_robot_interfaces/share/my_robot_interfaces/hook/ld_library_path_lib.dsv'
[1.071s] INFO:colcon.colcon_core.shell:Creating environment hook '/home/leeky16498/ros2_ws/install/my_robot_interfaces/share/my_robot_interfaces/hook/ld_library_path_lib.sh'
[1.071s] Level 1:colcon.colcon_core.environment:checking '/home/leeky16498/ros2_ws/install/my_robot_interfaces/bin'
[1.071s] Level 1:colcon.colcon_core.environment:checking '/home/leeky16498/ros2_ws/install/my_robot_interfaces/lib/pkgconfig/my_robot_interfaces.pc'
[1.071s] Level 1:colcon.colcon_core.environment:checking '/home/leeky16498/ros2_ws/install/my_robot_interfaces/lib/python3.12/site-packages'
[1.071s] Level 1:colcon.colcon_core.shell:create_environment_hook('my_robot_interfaces', 'pythonpath')
[1.072s] INFO:colcon.colcon_core.shell:Creating environment hook '/home/leeky16498/ros2_ws/install/my_robot_interfaces/share/my_robot_interfaces/hook/pythonpath.ps1'
[1.072s] INFO:colcon.colcon_core.shell:Creating environment descriptor '/home/leeky16498/ros2_ws/install/my_robot_interfaces/share/my_robot_interfaces/hook/pythonpath.dsv'
[1.072s] INFO:colcon.colcon_core.shell:Creating environment hook '/home/leeky16498/ros2_ws/install/my_robot_interfaces/share/my_robot_interfaces/hook/pythonpath.sh'
[1.072s] Level 1:colcon.colcon_core.environment:checking '/home/leeky16498/ros2_ws/install/my_robot_interfaces/bin'
[1.072s] INFO:colcon.colcon_core.shell:Creating package script '/home/leeky16498/ros2_ws/install/my_robot_interfaces/share/my_robot_interfaces/package.ps1'
[1.072s] INFO:colcon.colcon_core.shell:Creating package descriptor '/home/leeky16498/ros2_ws/install/my_robot_interfaces/share/my_robot_interfaces/package.dsv'
[1.073s] INFO:colcon.colcon_core.shell:Creating package script '/home/leeky16498/ros2_ws/install/my_robot_interfaces/share/my_robot_interfaces/package.sh'
[1.073s] INFO:colcon.colcon_core.shell:Creating package script '/home/leeky16498/ros2_ws/install/my_robot_interfaces/share/my_robot_interfaces/package.bash'
[1.073s] INFO:colcon.colcon_core.shell:Creating package script '/home/leeky16498/ros2_ws/install/my_robot_interfaces/share/my_robot_interfaces/package.zsh'
[1.073s] Level 1:colcon.colcon_core.environment:create_file_with_runtime_dependencies(/home/leeky16498/ros2_ws/install/my_robot_interfaces/share/colcon-core/packages/my_robot_interfaces)
[1.073s] INFO:colcon.colcon_ros.task.ament_python.build:Building ROS package in '/home/leeky16498/ros2_ws/src/my_py_pkg' with build type 'ament_python'
[1.073s] Level 1:colcon.colcon_core.shell:create_environment_hook('my_py_pkg', 'ament_prefix_path')
[1.073s] INFO:colcon.colcon_core.shell:Creating environment hook '/home/leeky16498/ros2_ws/install/my_py_pkg/share/my_py_pkg/hook/ament_prefix_path.ps1'
[1.074s] INFO:colcon.colcon_core.shell:Creating environment descriptor '/home/leeky16498/ros2_ws/install/my_py_pkg/share/my_py_pkg/hook/ament_prefix_path.dsv'
[1.074s] INFO:colcon.colcon_core.shell:Creating environment hook '/home/leeky16498/ros2_ws/install/my_py_pkg/share/my_py_pkg/hook/ament_prefix_path.sh'
[1.074s] INFO:colcon.colcon_core.shell:Skip shell extension 'powershell' for command environment: Not usable outside of PowerShell
[1.074s] DEBUG:colcon.colcon_core.shell:Skip shell extension 'dsv' for command environment
[1.077s] INFO:colcon.colcon_ros.task.ament_python.build:Building ROS package in '/home/leeky16498/ros2_ws/src/turtlesim_catch_them_all' with build type 'ament_python'
[1.077s] Level 1:colcon.colcon_core.shell:create_environment_hook('turtlesim_catch_them_all', 'ament_prefix_path')
[1.077s] INFO:colcon.colcon_core.shell:Creating environment hook '/home/leeky16498/ros2_ws/install/turtlesim_catch_them_all/share/turtlesim_catch_them_all/hook/ament_prefix_path.ps1'
[1.078s] INFO:colcon.colcon_core.shell:Creating environment descriptor '/home/leeky16498/ros2_ws/install/turtlesim_catch_them_all/share/turtlesim_catch_them_all/hook/ament_prefix_path.dsv'
[1.078s] INFO:colcon.colcon_core.shell:Creating environment hook '/home/leeky16498/ros2_ws/install/turtlesim_catch_them_all/share/turtlesim_catch_them_all/hook/ament_prefix_path.sh'
[1.078s] INFO:colcon.colcon_core.shell:Skip shell extension 'powershell' for command environment: Not usable outside of PowerShell
[1.078s] DEBUG:colcon.colcon_core.shell:Skip shell extension 'dsv' for command environment
[1.192s] INFO:colcon.colcon_core.task.python.build:Building Python package in '/home/leeky16498/ros2_ws/src/my_py_pkg'
[1.192s] INFO:colcon.colcon_core.shell:Skip shell extension 'powershell' for command environment: Not usable outside of PowerShell
[1.192s] DEBUG:colcon.colcon_core.shell:Skip shell extension 'dsv' for command environment
[1.306s] INFO:colcon.colcon_core.task.python.build:Building Python package in '/home/leeky16498/ros2_ws/src/turtlesim_catch_them_all'
[1.306s] INFO:colcon.colcon_core.shell:Skip shell extension 'powershell' for command environment: Not usable outside of PowerShell
[1.306s] DEBUG:colcon.colcon_core.shell:Skip shell extension 'dsv' for command environment
[1.595s] DEBUG:colcon.colcon_core.task.python.build:While undoing a previous installation files outside the Python library path are being ignored: /home/leeky16498/ros2_ws/install/my_py_pkg/share/ament_index/resource_index/packages/my_py_pkg
[1.595s] DEBUG:colcon.colcon_core.task.python.build:While undoing a previous installation files outside the Python library path are being ignored: /home/leeky16498/ros2_ws/install/my_py_pkg/share/my_py_pkg/package.xml
[1.595s] DEBUG:colcon.colcon_core.task.python.build:While undoing a previous installation files outside the Python library path are being ignored: /home/leeky16498/ros2_ws/install/my_py_pkg/lib/my_py_pkg/add_two_ints_client
[1.595s] DEBUG:colcon.colcon_core.task.python.build:While undoing a previous installation files outside the Python library path are being ignored: /home/leeky16498/ros2_ws/install/my_py_pkg/lib/my_py_pkg/add_two_ints_client_no_oop
[1.595s] DEBUG:colcon.colcon_core.task.python.build:While undoing a previous installation files outside the Python library path are being ignored: /home/leeky16498/ros2_ws/install/my_py_pkg/lib/my_py_pkg/add_two_ints_server
[1.595s] DEBUG:colcon.colcon_core.task.python.build:While undoing a previous installation files outside the Python library path are being ignored: /home/leeky16498/ros2_ws/install/my_py_pkg/lib/my_py_pkg/battery
[1.595s] DEBUG:colcon.colcon_core.task.python.build:While undoing a previous installation files outside the Python library path are being ignored: /home/leeky16498/ros2_ws/install/my_py_pkg/lib/my_py_pkg/hw_status_publisher
[1.595s] DEBUG:colcon.colcon_core.task.python.build:While undoing a previous installation files outside the Python library path are being ignored: /home/leeky16498/ros2_ws/install/my_py_pkg/lib/my_py_pkg/led_panel
[1.595s] DEBUG:colcon.colcon_core.task.python.build:While undoing a previous installation files outside the Python library path are being ignored: /home/leeky16498/ros2_ws/install/my_py_pkg/lib/my_py_pkg/my_first_node
[1.595s] DEBUG:colcon.colcon_core.task.python.build:While undoing a previous installation files outside the Python library path are being ignored: /home/leeky16498/ros2_ws/install/my_py_pkg/lib/my_py_pkg/number_counter
[1.595s] DEBUG:colcon.colcon_core.task.python.build:While undoing a previous installation files outside the Python library path are being ignored: /home/leeky16498/ros2_ws/install/my_py_pkg/lib/my_py_pkg/number_publisher
[1.595s] DEBUG:colcon.colcon_core.task.python.build:While undoing a previous installation files outside the Python library path are being ignored: /home/leeky16498/ros2_ws/install/my_py_pkg/lib/my_py_pkg/robot_news_station
[1.595s] DEBUG:colcon.colcon_core.task.python.build:While undoing a previous installation files outside the Python library path are being ignored: /home/leeky16498/ros2_ws/install/my_py_pkg/lib/my_py_pkg/smartphone
[1.596s] DEBUG:colcon.colcon_core.event_handler.log_command:Invoking command in '/home/leeky16498/ros2_ws/build/my_py_pkg': CMAKE_PREFIX_PATH=/home/leeky16498/ros2_ws/install/my_robot_interfaces:/home/leeky16498/ros2_ws/install/my_robot_bringup:/home/leeky16498/ros2_ws/install/my_robot_description:/opt/ros/jazzy/opt/gz_math_vendor:/opt/ros/jazzy/opt/gz_utils_vendor:/opt/ros/jazzy/opt/gz_cmake_vendor DEBUGINFOD_URLS=https://debuginfod.ubuntu.com PYTHONPATH=/home/leeky16498/ros2_ws/build/my_py_pkg/prefix_override:/usr/lib/python3/dist-packages/colcon_core/task/python/colcon_distutils_commands:/home/leeky16498/ros2_ws/install/my_py_pkg/lib/python3.12/site-packages:/home/leeky16498/ros2_ws/install/my_robot_interfaces/lib/python3.12/site-packages:/home/leeky16498/ros2_ws/build/turtlesim_catch_them_all:/home/leeky16498/ros2_ws/install/turtlesim_catch_them_all/lib/python3.12/site-packages:/home/leeky16498/ros2_ws/build/my_py_pkg:/home/leeky16498/ros2_ws/install/my_py_pkg/lib/python3.12/site-packages:/opt/ros/jazzy/lib/python3.12/site-packages /usr/bin/python3 -W ignore:setup.py install is deprecated -W ignore:easy_install command is deprecated setup.py develop --editable --build-directory /home/leeky16498/ros2_ws/build/my_py_pkg/build --no-deps symlink_data --force
[1.602s] DEBUG:colcon.colcon_core.task.python.build:While undoing a previous installation files outside the Python library path are being ignored: /home/leeky16498/ros2_ws/install/turtlesim_catch_them_all/share/ament_index/resource_index/packages/turtlesim_catch_them_all
[1.602s] DEBUG:colcon.colcon_core.task.python.build:While undoing a previous installation files outside the Python library path are being ignored: /home/leeky16498/ros2_ws/install/turtlesim_catch_them_all/share/turtlesim_catch_them_all/package.xml
[1.602s] DEBUG:colcon.colcon_core.task.python.build:While undoing a previous installation files outside the Python library path are being ignored: /home/leeky16498/ros2_ws/install/turtlesim_catch_them_all/lib/turtlesim_catch_them_all/controller
[1.602s] DEBUG:colcon.colcon_core.task.python.build:While undoing a previous installation files outside the Python library path are being ignored: /home/leeky16498/ros2_ws/install/turtlesim_catch_them_all/lib/turtlesim_catch_them_all/spawner
[1.603s] DEBUG:colcon.colcon_core.event_handler.log_command:Invoking command in '/home/leeky16498/ros2_ws/build/turtlesim_catch_them_all': CMAKE_PREFIX_PATH=/home/leeky16498/ros2_ws/install/my_robot_interfaces:/home/leeky16498/ros2_ws/install/my_robot_bringup:/home/leeky16498/ros2_ws/install/my_robot_description:/opt/ros/jazzy/opt/gz_math_vendor:/opt/ros/jazzy/opt/gz_utils_vendor:/opt/ros/jazzy/opt/gz_cmake_vendor DEBUGINFOD_URLS=https://debuginfod.ubuntu.com PYTHONPATH=/home/leeky16498/ros2_ws/build/turtlesim_catch_them_all/prefix_override:/usr/lib/python3/dist-packages/colcon_core/task/python/colcon_distutils_commands:/home/leeky16498/ros2_ws/install/turtlesim_catch_them_all/lib/python3.12/site-packages:/home/leeky16498/ros2_ws/install/my_robot_interfaces/lib/python3.12/site-packages:/home/leeky16498/ros2_ws/build/turtlesim_catch_them_all:/home/leeky16498/ros2_ws/install/turtlesim_catch_them_all/lib/python3.12/site-packages:/home/leeky16498/ros2_ws/build/my_py_pkg:/home/leeky16498/ros2_ws/install/my_py_pkg/lib/python3.12/site-packages:/opt/ros/jazzy/lib/python3.12/site-packages /usr/bin/python3 -W ignore:setup.py install is deprecated -W ignore:easy_install command is deprecated setup.py develop --editable --build-directory /home/leeky16498/ros2_ws/build/turtlesim_catch_them_all/build --no-deps symlink_data --force
[1.885s] Level 1:colcon.colcon_core.shell:create_environment_hook('my_py_pkg', 'pythonpath_develop')
[1.886s] INFO:colcon.colcon_core.shell:Creating environment hook '/home/leeky16498/ros2_ws/build/my_py_pkg/share/my_py_pkg/hook/pythonpath_develop.ps1'
[1.886s] DEBUG:colcon.colcon_core.event_handler.log_command:Invoked command in '/home/leeky16498/ros2_ws/build/my_py_pkg' returned '0': CMAKE_PREFIX_PATH=/home/leeky16498/ros2_ws/install/my_robot_interfaces:/home/leeky16498/ros2_ws/install/my_robot_bringup:/home/leeky16498/ros2_ws/install/my_robot_description:/opt/ros/jazzy/opt/gz_math_vendor:/opt/ros/jazzy/opt/gz_utils_vendor:/opt/ros/jazzy/opt/gz_cmake_vendor DEBUGINFOD_URLS=https://debuginfod.ubuntu.com PYTHONPATH=/home/leeky16498/ros2_ws/build/my_py_pkg/prefix_override:/usr/lib/python3/dist-packages/colcon_core/task/python/colcon_distutils_commands:/home/leeky16498/ros2_ws/install/my_py_pkg/lib/python3.12/site-packages:/home/leeky16498/ros2_ws/install/my_robot_interfaces/lib/python3.12/site-packages:/home/leeky16498/ros2_ws/build/turtlesim_catch_them_all:/home/leeky16498/ros2_ws/install/turtlesim_catch_them_all/lib/python3.12/site-packages:/home/leeky16498/ros2_ws/build/my_py_pkg:/home/leeky16498/ros2_ws/install/my_py_pkg/lib/python3.12/site-packages:/opt/ros/jazzy/lib/python3.12/site-packages /usr/bin/python3 -W ignore:setup.py install is deprecated -W ignore:easy_install command is deprecated setup.py develop --editable --build-directory /home/leeky16498/ros2_ws/build/my_py_pkg/build --no-deps symlink_data --force
[1.886s] INFO:colcon.colcon_core.shell:Creating environment descriptor '/home/leeky16498/ros2_ws/build/my_py_pkg/share/my_py_pkg/hook/pythonpath_develop.dsv'
[1.886s] INFO:colcon.colcon_core.shell:Creating environment hook '/home/leeky16498/ros2_ws/build/my_py_pkg/share/my_py_pkg/hook/pythonpath_develop.sh'
[1.887s] Level 1:colcon.colcon_core.environment:checking '/home/leeky16498/ros2_ws/install/my_py_pkg' for CMake module files
[1.887s] Level 1:colcon.colcon_core.environment:checking '/home/leeky16498/ros2_ws/install/my_py_pkg' for CMake config files
[1.887s] Level 1:colcon.colcon_core.environment:checking '/home/leeky16498/ros2_ws/install/my_py_pkg/lib'
[1.887s] Level 1:colcon.colcon_core.environment:checking '/home/leeky16498/ros2_ws/install/my_py_pkg/bin'
[1.887s] Level 1:colcon.colcon_core.environment:checking '/home/leeky16498/ros2_ws/install/my_py_pkg/lib/pkgconfig/my_py_pkg.pc'
[1.887s] Level 1:colcon.colcon_core.environment:checking '/home/leeky16498/ros2_ws/install/my_py_pkg/lib/python3.12/site-packages'
[1.887s] Level 1:colcon.colcon_core.shell:create_environment_hook('my_py_pkg', 'pythonpath')
[1.887s] INFO:colcon.colcon_core.shell:Creating environment hook '/home/leeky16498/ros2_ws/install/my_py_pkg/share/my_py_pkg/hook/pythonpath.ps1'
[1.888s] INFO:colcon.colcon_core.shell:Creating environment descriptor '/home/leeky16498/ros2_ws/install/my_py_pkg/share/my_py_pkg/hook/pythonpath.dsv'
[1.888s] INFO:colcon.colcon_core.shell:Creating environment hook '/home/leeky16498/ros2_ws/install/my_py_pkg/share/my_py_pkg/hook/pythonpath.sh'
[1.888s] Level 1:colcon.colcon_core.environment:checking '/home/leeky16498/ros2_ws/install/my_py_pkg/bin'
[1.888s] Level 1:colcon.colcon_core.environment:create_environment_scripts_only(my_py_pkg)
[1.888s] INFO:colcon.colcon_core.shell:Creating package script '/home/leeky16498/ros2_ws/install/my_py_pkg/share/my_py_pkg/package.ps1'
[1.889s] INFO:colcon.colcon_core.shell:Creating package descriptor '/home/leeky16498/ros2_ws/install/my_py_pkg/share/my_py_pkg/package.dsv'
[1.889s] INFO:colcon.colcon_core.shell:Creating package script '/home/leeky16498/ros2_ws/install/my_py_pkg/share/my_py_pkg/package.sh'
[1.889s] INFO:colcon.colcon_core.shell:Creating package script '/home/leeky16498/ros2_ws/install/my_py_pkg/share/my_py_pkg/package.bash'
[1.889s] INFO:colcon.colcon_core.shell:Creating package script '/home/leeky16498/ros2_ws/install/my_py_pkg/share/my_py_pkg/package.zsh'
[1.889s] Level 1:colcon.colcon_core.environment:create_file_with_runtime_dependencies(/home/leeky16498/ros2_ws/install/my_py_pkg/share/colcon-core/packages/my_py_pkg)
[1.890s] Level 1:colcon.colcon_core.shell:create_environment_hook('turtlesim_catch_them_all', 'pythonpath_develop')
[1.890s] INFO:colcon.colcon_core.shell:Creating environment hook '/home/leeky16498/ros2_ws/build/turtlesim_catch_them_all/share/turtlesim_catch_them_all/hook/pythonpath_develop.ps1'
[1.890s] DEBUG:colcon.colcon_core.event_handler.log_command:Invoked command in '/home/leeky16498/ros2_ws/build/turtlesim_catch_them_all' returned '0': CMAKE_PREFIX_PATH=/home/leeky16498/ros2_ws/install/my_robot_interfaces:/home/leeky16498/ros2_ws/install/my_robot_bringup:/home/leeky16498/ros2_ws/install/my_robot_description:/opt/ros/jazzy/opt/gz_math_vendor:/opt/ros/jazzy/opt/gz_utils_vendor:/opt/ros/jazzy/opt/gz_cmake_vendor DEBUGINFOD_URLS=https://debuginfod.ubuntu.com PYTHONPATH=/home/leeky16498/ros2_ws/build/turtlesim_catch_them_all/prefix_override:/usr/lib/python3/dist-packages/colcon_core/task/python/colcon_distutils_commands:/home/leeky16498/ros2_ws/install/turtlesim_catch_them_all/lib/python3.12/site-packages:/home/leeky16498/ros2_ws/install/my_robot_interfaces/lib/python3.12/site-packages:/home/leeky16498/ros2_ws/build/turtlesim_catch_them_all:/home/leeky16498/ros2_ws/install/turtlesim_catch_them_all/lib/python3.12/site-packages:/home/leeky16498/ros2_ws/build/my_py_pkg:/home/leeky16498/ros2_ws/install/my_py_pkg/lib/python3.12/site-packages:/opt/ros/jazzy/lib/python3.12/site-packages /usr/bin/python3 -W ignore:setup.py install is deprecated -W ignore:easy_install command is deprecated setup.py develop --editable --build-directory /home/leeky16498/ros2_ws/build/turtlesim_catch_them_all/build --no-deps symlink_data --force
[1.890s] INFO:colcon.colcon_core.shell:Creating environment descriptor '/home/leeky16498/ros2_ws/build/turtlesim_catch_them_all/share/turtlesim_catch_them_all/hook/pythonpath_develop.dsv'
[1.891s] INFO:colcon.colcon_core.shell:Creating environment hook '/home/leeky16498/ros2_ws/build/turtlesim_catch_them_all/share/turtlesim_catch_them_all/hook/pythonpath_develop.sh'
[1.891s] Level 1:colcon.colcon_core.environment:checking '/home/leeky16498/ros2_ws/install/turtlesim_catch_them_all' for CMake module files
[1.891s] Level 1:colcon.colcon_core.environment:checking '/home/leeky16498/ros2_ws/install/turtlesim_catch_them_all' for CMake config files
[1.891s] Level 1:colcon.colcon_core.environment:checking '/home/leeky16498/ros2_ws/install/turtlesim_catch_them_all/lib'
[1.891s] Level 1:colcon.colcon_core.environment:checking '/home/leeky16498/ros2_ws/install/turtlesim_catch_them_all/bin'
[1.891s] Level 1:colcon.colcon_core.environment:checking '/home/leeky16498/ros2_ws/install/turtlesim_catch_them_all/lib/pkgconfig/turtlesim_catch_them_all.pc'
[1.892s] Level 1:colcon.colcon_core.environment:checking '/home/leeky16498/ros2_ws/install/turtlesim_catch_them_all/lib/python3.12/site-packages'
[1.892s] Level 1:colcon.colcon_core.shell:create_environment_hook('turtlesim_catch_them_all', 'pythonpath')
[1.892s] INFO:colcon.colcon_core.shell:Creating environment hook '/home/leeky16498/ros2_ws/install/turtlesim_catch_them_all/share/turtlesim_catch_them_all/hook/pythonpath.ps1'
[1.892s] INFO:colcon.colcon_core.shell:Creating environment descriptor '/home/leeky16498/ros2_ws/install/turtlesim_catch_them_all/share/turtlesim_catch_them_all/hook/pythonpath.dsv'
[1.892s] INFO:colcon.colcon_core.shell:Creating environment hook '/home/leeky16498/ros2_ws/install/turtlesim_catch_them_all/share/turtlesim_catch_them_all/hook/pythonpath.sh'
[1.892s] Level 1:colcon.colcon_core.environment:checking '/home/leeky16498/ros2_ws/install/turtlesim_catch_them_all/bin'
[1.892s] Level 1:colcon.colcon_core.environment:create_environment_scripts_only(turtlesim_catch_them_all)
[1.893s] INFO:colcon.colcon_core.shell:Creating package script '/home/leeky16498/ros2_ws/install/turtlesim_catch_them_all/share/turtlesim_catch_them_all/package.ps1'
[1.893s] INFO:colcon.colcon_core.shell:Creating package descriptor '/home/leeky16498/ros2_ws/install/turtlesim_catch_them_all/share/turtlesim_catch_them_all/package.dsv'
[1.893s] INFO:colcon.colcon_core.shell:Creating package script '/home/leeky16498/ros2_ws/install/turtlesim_catch_them_all/share/turtlesim_catch_them_all/package.sh'
[1.893s] INFO:colcon.colcon_core.shell:Creating package script '/home/leeky16498/ros2_ws/install/turtlesim_catch_them_all/share/turtlesim_catch_them_all/package.bash'
[1.893s] INFO:colcon.colcon_core.shell:Creating package script '/home/leeky16498/ros2_ws/install/turtlesim_catch_them_all/share/turtlesim_catch_them_all/package.zsh'
[1.894s] Level 1:colcon.colcon_core.environment:create_file_with_runtime_dependencies(/home/leeky16498/ros2_ws/install/turtlesim_catch_them_all/share/colcon-core/packages/turtlesim_catch_them_all)
[1.894s] INFO:colcon.colcon_ros.task.ament_cmake.build:Building ROS package in '/home/leeky16498/ros2_ws/src/my_robot_bringup' with build type 'ament_cmake'
[1.894s] INFO:colcon.colcon_cmake.task.cmake.build:Building CMake package in '/home/leeky16498/ros2_ws/src/my_robot_bringup'
[1.894s] INFO:colcon.colcon_core.shell:Skip shell extension 'powershell' for command environment: Not usable outside of PowerShell
[1.894s] DEBUG:colcon.colcon_core.shell:Skip shell extension 'dsv' for command environment
[1.902s] DEBUG:colcon.colcon_core.event_handler.log_command:Invoking command in '/home/leeky16498/ros2_ws/build/my_robot_bringup': AMENT_PREFIX_PATH=/home/leeky16498/ros2_ws/install/turtlesim_catch_them_all:/home/leeky16498/ros2_ws/install/my_py_pkg:/home/leeky16498/ros2_ws/install/my_robot_bringup:/home/leeky16498/ros2_ws/install/my_robot_interfaces:/home/leeky16498/ros2_ws/install/my_robot_description:/opt/ros/jazzy CMAKE_PREFIX_PATH=/home/leeky16498/ros2_ws/install/my_robot_interfaces:/home/leeky16498/ros2_ws/install/my_robot_bringup:/home/leeky16498/ros2_ws/install/my_robot_description:/opt/ros/jazzy/opt/gz_math_vendor:/opt/ros/jazzy/opt/gz_utils_vendor:/opt/ros/jazzy/opt/gz_cmake_vendor:/home/leeky16498/ros2_ws/install/turtlesim_catch_them_all:/home/leeky16498/ros2_ws/install/my_py_pkg:/opt/ros/jazzy DEBUGINFOD_URLS=https://debuginfod.ubuntu.com /usr/bin/cmake /home/leeky16498/ros2_ws/src/my_robot_bringup -DAMENT_CMAKE_SYMLINK_INSTALL=1 -DCMAKE_INSTALL_PREFIX=/home/leeky16498/ros2_ws/install/my_robot_bringup
[2.105s] DEBUG:colcon.colcon_core.event_handler.log_command:Invoked command in '/home/leeky16498/ros2_ws/build/my_robot_bringup' returned '0': AMENT_PREFIX_PATH=/home/leeky16498/ros2_ws/install/turtlesim_catch_them_all:/home/leeky16498/ros2_ws/install/my_py_pkg:/home/leeky16498/ros2_ws/install/my_robot_bringup:/home/leeky16498/ros2_ws/install/my_robot_interfaces:/home/leeky16498/ros2_ws/install/my_robot_description:/opt/ros/jazzy CMAKE_PREFIX_PATH=/home/leeky16498/ros2_ws/install/my_robot_interfaces:/home/leeky16498/ros2_ws/install/my_robot_bringup:/home/leeky16498/ros2_ws/install/my_robot_description:/opt/ros/jazzy/opt/gz_math_vendor:/opt/ros/jazzy/opt/gz_utils_vendor:/opt/ros/jazzy/opt/gz_cmake_vendor:/home/leeky16498/ros2_ws/install/turtlesim_catch_them_all:/home/leeky16498/ros2_ws/install/my_py_pkg:/opt/ros/jazzy DEBUGINFOD_URLS=https://debuginfod.ubuntu.com /usr/bin/cmake /home/leeky16498/ros2_ws/src/my_robot_bringup -DAMENT_CMAKE_SYMLINK_INSTALL=1 -DCMAKE_INSTALL_PREFIX=/home/leeky16498/ros2_ws/install/my_robot_bringup
[2.106s] DEBUG:colcon.colcon_core.event_handler.log_command:Invoking command in '/home/leeky16498/ros2_ws/build/my_robot_bringup': AMENT_PREFIX_PATH=/home/leeky16498/ros2_ws/install/turtlesim_catch_them_all:/home/leeky16498/ros2_ws/install/my_py_pkg:/home/leeky16498/ros2_ws/install/my_robot_bringup:/home/leeky16498/ros2_ws/install/my_robot_interfaces:/home/leeky16498/ros2_ws/install/my_robot_description:/opt/ros/jazzy CMAKE_PREFIX_PATH=/home/leeky16498/ros2_ws/install/my_robot_interfaces:/home/leeky16498/ros2_ws/install/my_robot_bringup:/home/leeky16498/ros2_ws/install/my_robot_description:/opt/ros/jazzy/opt/gz_math_vendor:/opt/ros/jazzy/opt/gz_utils_vendor:/opt/ros/jazzy/opt/gz_cmake_vendor:/home/leeky16498/ros2_ws/install/turtlesim_catch_them_all:/home/leeky16498/ros2_ws/install/my_py_pkg:/opt/ros/jazzy DEBUGINFOD_URLS=https://debuginfod.ubuntu.com /usr/bin/cmake --build /home/leeky16498/ros2_ws/build/my_robot_bringup -- -j8 -l8
[2.132s] DEBUG:colcon.colcon_core.event_handler.log_command:Invoked command in '/home/leeky16498/ros2_ws/build/my_robot_bringup' returned '0': AMENT_PREFIX_PATH=/home/leeky16498/ros2_ws/install/turtlesim_catch_them_all:/home/leeky16498/ros2_ws/install/my_py_pkg:/home/leeky16498/ros2_ws/install/my_robot_bringup:/home/leeky16498/ros2_ws/install/my_robot_interfaces:/home/leeky16498/ros2_ws/install/my_robot_description:/opt/ros/jazzy CMAKE_PREFIX_PATH=/home/leeky16498/ros2_ws/install/my_robot_interfaces:/home/leeky16498/ros2_ws/install/my_robot_bringup:/home/leeky16498/ros2_ws/install/my_robot_description:/opt/ros/jazzy/opt/gz_math_vendor:/opt/ros/jazzy/opt/gz_utils_vendor:/opt/ros/jazzy/opt/gz_cmake_vendor:/home/leeky16498/ros2_ws/install/turtlesim_catch_them_all:/home/leeky16498/ros2_ws/install/my_py_pkg:/opt/ros/jazzy DEBUGINFOD_URLS=https://debuginfod.ubuntu.com /usr/bin/cmake --build /home/leeky16498/ros2_ws/build/my_robot_bringup -- -j8 -l8
[2.133s] DEBUG:colcon.colcon_core.event_handler.log_command:Invoking command in '/home/leeky16498/ros2_ws/build/my_robot_bringup': AMENT_PREFIX_PATH=/home/leeky16498/ros2_ws/install/turtlesim_catch_them_all:/home/leeky16498/ros2_ws/install/my_py_pkg:/home/leeky16498/ros2_ws/install/my_robot_bringup:/home/leeky16498/ros2_ws/install/my_robot_interfaces:/home/leeky16498/ros2_ws/install/my_robot_description:/opt/ros/jazzy CMAKE_PREFIX_PATH=/home/leeky16498/ros2_ws/install/my_robot_interfaces:/home/leeky16498/ros2_ws/install/my_robot_bringup:/home/leeky16498/ros2_ws/install/my_robot_description:/opt/ros/jazzy/opt/gz_math_vendor:/opt/ros/jazzy/opt/gz_utils_vendor:/opt/ros/jazzy/opt/gz_cmake_vendor:/home/leeky16498/ros2_ws/install/turtlesim_catch_them_all:/home/leeky16498/ros2_ws/install/my_py_pkg:/opt/ros/jazzy DEBUGINFOD_URLS=https://debuginfod.ubuntu.com /usr/bin/cmake --install /home/leeky16498/ros2_ws/build/my_robot_bringup
[2.145s] Level 1:colcon.colcon_core.environment:create_environment_scripts_only(my_robot_bringup)
[2.145s] Level 1:colcon.colcon_core.environment:checking '/home/leeky16498/ros2_ws/install/my_robot_bringup' for CMake module files
[2.145s] DEBUG:colcon.colcon_core.event_handler.log_command:Invoked command in '/home/leeky16498/ros2_ws/build/my_robot_bringup' returned '0': AMENT_PREFIX_PATH=/home/leeky16498/ros2_ws/install/turtlesim_catch_them_all:/home/leeky16498/ros2_ws/install/my_py_pkg:/home/leeky16498/ros2_ws/install/my_robot_bringup:/home/leeky16498/ros2_ws/install/my_robot_interfaces:/home/leeky16498/ros2_ws/install/my_robot_description:/opt/ros/jazzy CMAKE_PREFIX_PATH=/home/leeky16498/ros2_ws/install/my_robot_interfaces:/home/leeky16498/ros2_ws/install/my_robot_bringup:/home/leeky16498/ros2_ws/install/my_robot_description:/opt/ros/jazzy/opt/gz_math_vendor:/opt/ros/jazzy/opt/gz_utils_vendor:/opt/ros/jazzy/opt/gz_cmake_vendor:/home/leeky16498/ros2_ws/install/turtlesim_catch_them_all:/home/leeky16498/ros2_ws/install/my_py_pkg:/opt/ros/jazzy DEBUGINFOD_URLS=https://debuginfod.ubuntu.com /usr/bin/cmake --install /home/leeky16498/ros2_ws/build/my_robot_bringup
[2.145s] Level 1:colcon.colcon_core.environment:checking '/home/leeky16498/ros2_ws/install/my_robot_bringup' for CMake config files
[2.145s] Level 1:colcon.colcon_core.shell:create_environment_hook('my_robot_bringup', 'cmake_prefix_path')
[2.145s] INFO:colcon.colcon_core.shell:Creating environment hook '/home/leeky16498/ros2_ws/install/my_robot_bringup/share/my_robot_bringup/hook/cmake_prefix_path.ps1'
[2.146s] INFO:colcon.colcon_core.shell:Creating environment descriptor '/home/leeky16498/ros2_ws/install/my_robot_bringup/share/my_robot_bringup/hook/cmake_prefix_path.dsv'
[2.146s] INFO:colcon.colcon_core.shell:Creating environment hook '/home/leeky16498/ros2_ws/install/my_robot_bringup/share/my_robot_bringup/hook/cmake_prefix_path.sh'
[2.146s] Level 1:colcon.colcon_core.environment:checking '/home/leeky16498/ros2_ws/install/my_robot_bringup/bin'
[2.146s] Level 1:colcon.colcon_core.environment:checking '/home/leeky16498/ros2_ws/install/my_robot_bringup/lib/pkgconfig/my_robot_bringup.pc'
[2.146s] Level 1:colcon.colcon_core.environment:checking '/home/leeky16498/ros2_ws/install/my_robot_bringup/lib/python3.12/site-packages'
[2.146s] Level 1:colcon.colcon_core.environment:checking '/home/leeky16498/ros2_ws/install/my_robot_bringup/bin'
[2.147s] INFO:colcon.colcon_core.shell:Creating package script '/home/leeky16498/ros2_ws/install/my_robot_bringup/share/my_robot_bringup/package.ps1'
[2.147s] INFO:colcon.colcon_core.shell:Creating package descriptor '/home/leeky16498/ros2_ws/install/my_robot_bringup/share/my_robot_bringup/package.dsv'
[2.147s] INFO:colcon.colcon_core.shell:Creating package script '/home/leeky16498/ros2_ws/install/my_robot_bringup/share/my_robot_bringup/package.sh'
[2.147s] INFO:colcon.colcon_core.shell:Creating package script '/home/leeky16498/ros2_ws/install/my_robot_bringup/share/my_robot_bringup/package.bash'
[2.147s] INFO:colcon.colcon_core.shell:Creating package script '/home/leeky16498/ros2_ws/install/my_robot_bringup/share/my_robot_bringup/package.zsh'
[2.147s] Level 1:colcon.colcon_core.environment:create_file_with_runtime_dependencies(/home/leeky16498/ros2_ws/install/my_robot_bringup/share/colcon-core/packages/my_robot_bringup)
[2.148s] Level 1:colcon.colcon_core.environment:create_environment_scripts_only(my_robot_bringup)
[2.148s] Level 1:colcon.colcon_core.environment:checking '/home/leeky16498/ros2_ws/install/my_robot_bringup' for CMake module files
[2.148s] Level 1:colcon.colcon_core.environment:checking '/home/leeky16498/ros2_ws/install/my_robot_bringup' for CMake config files
[2.148s] Level 1:colcon.colcon_core.shell:create_environment_hook('my_robot_bringup', 'cmake_prefix_path')
[2.148s] INFO:colcon.colcon_core.shell:Creating environment hook '/home/leeky16498/ros2_ws/install/my_robot_bringup/share/my_robot_bringup/hook/cmake_prefix_path.ps1'
[2.148s] INFO:colcon.colcon_core.shell:Creating environment descriptor '/home/leeky16498/ros2_ws/install/my_robot_bringup/share/my_robot_bringup/hook/cmake_prefix_path.dsv'
[2.149s] INFO:colcon.colcon_core.shell:Creating environment hook '/home/leeky16498/ros2_ws/install/my_robot_bringup/share/my_robot_bringup/hook/cmake_prefix_path.sh'
[2.149s] Level 1:colcon.colcon_core.environment:checking '/home/leeky16498/ros2_ws/install/my_robot_bringup/bin'
[2.149s] Level 1:colcon.colcon_core.environment:checking '/home/leeky16498/ros2_ws/install/my_robot_bringup/lib/pkgconfig/my_robot_bringup.pc'
[2.149s] Level 1:colcon.colcon_core.environment:checking '/home/leeky16498/ros2_ws/install/my_robot_bringup/lib/python3.12/site-packages'
[2.149s] Level 1:colcon.colcon_core.environment:checking '/home/leeky16498/ros2_ws/install/my_robot_bringup/bin'
[2.149s] INFO:colcon.colcon_core.shell:Creating package script '/home/leeky16498/ros2_ws/install/my_robot_bringup/share/my_robot_bringup/package.ps1'
[2.150s] INFO:colcon.colcon_core.shell:Creating package descriptor '/home/leeky16498/ros2_ws/install/my_robot_bringup/share/my_robot_bringup/package.dsv'
[2.150s] INFO:colcon.colcon_core.shell:Creating package script '/home/leeky16498/ros2_ws/install/my_robot_bringup/share/my_robot_bringup/package.sh'
[2.150s] INFO:colcon.colcon_core.shell:Creating package script '/home/leeky16498/ros2_ws/install/my_robot_bringup/share/my_robot_bringup/package.bash'
[2.150s] INFO:colcon.colcon_core.shell:Creating package script '/home/leeky16498/ros2_ws/install/my_robot_bringup/share/my_robot_bringup/package.zsh'
[2.150s] Level 1:colcon.colcon_core.environment:create_file_with_runtime_dependencies(/home/leeky16498/ros2_ws/install/my_robot_bringup/share/colcon-core/packages/my_robot_bringup)
[2.150s] DEBUG:colcon.colcon_parallel_executor.executor.parallel:closing loop
[2.151s] DEBUG:colcon.colcon_parallel_executor.executor.parallel:loop closed
[2.151s] DEBUG:colcon.colcon_parallel_executor.executor.parallel:run_until_complete finished with '0'
[2.151s] DEBUG:colcon.colcon_core.event_reactor:joining thread
[2.154s] INFO:colcon.colcon_core.plugin_system:Skipping extension 'colcon_notification.desktop_notification.terminal_notifier': Not used on non-Darwin systems
[2.154s] INFO:colcon.colcon_core.plugin_system:Skipping extension 'colcon_notification.desktop_notification.win32': Not used on non-Windows systems
[2.154s] INFO:colcon.colcon_notification.desktop_notification:Sending desktop notification using 'notify2'
[2.165s] DEBUG:colcon.colcon_core.event_reactor:joined thread
[2.165s] INFO:colcon.colcon_core.shell:Creating prefix script '/home/leeky16498/ros2_ws/install/local_setup.ps1'
[2.166s] INFO:colcon.colcon_core.shell:Creating prefix util module '/home/leeky16498/ros2_ws/install/_local_setup_util_ps1.py'
[2.167s] INFO:colcon.colcon_core.shell:Creating prefix chain script '/home/leeky16498/ros2_ws/install/setup.ps1'
[2.168s] INFO:colcon.colcon_core.shell:Creating prefix script '/home/leeky16498/ros2_ws/install/local_setup.sh'
[2.168s] INFO:colcon.colcon_core.shell:Creating prefix util module '/home/leeky16498/ros2_ws/install/_local_setup_util_sh.py'
[2.168s] INFO:colcon.colcon_core.shell:Creating prefix chain script '/home/leeky16498/ros2_ws/install/setup.sh'
[2.169s] INFO:colcon.colcon_core.shell:Creating prefix script '/home/leeky16498/ros2_ws/install/local_setup.bash'
[2.169s] INFO:colcon.colcon_core.shell:Creating prefix chain script '/home/leeky16498/ros2_ws/install/setup.bash'
[2.170s] INFO:colcon.colcon_core.shell:Creating prefix script '/home/leeky16498/ros2_ws/install/local_setup.zsh'
[2.170s] INFO:colcon.colcon_core.shell:Creating prefix chain script '/home/leeky16498/ros2_ws/install/setup.zsh'
