[0.060s] DEBUG:colcon:Command line arguments: ['/usr/bin/colcon', 'build']
[0.060s] DEBUG:colcon:Parsed command line arguments: Namespace(log_base=None, log_level=None, verb_name='build', build_base='build', install_base='install', merge_install=False, symlink_install=False, test_result_base=None, continue_on_error=False, executor='parallel', parallel_workers=8, event_handlers=None, ignore_user_meta=False, metas=['./colcon.meta'], base_paths=['.'], packages_ignore=None, packages_ignore_regex=None, paths=None, packages_up_to=None, packages_up_to_regex=None, packages_above=None, packages_above_and_dependencies=None, packages_above_depth=None, packages_select_by_dep=None, packages_skip_by_dep=None, packages_skip_up_to=None, packages_select_build_failed=False, packages_skip_build_finished=False, packages_select_test_failures=False, packages_skip_test_passed=False, packages_select=None, packages_skip=None, packages_select_regex=None, packages_skip_regex=None, packages_start=None, packages_end=None, allow_overriding=[], cmake_args=None, cmake_target=None, cmake_target_skip_unavailable=False, cmake_clean_cache=False, cmake_clean_first=False, cmake_force_configure=False, ament_cmake_args=None, catkin_cmake_args=None, catkin_skip_building_tests=False, mixin_files=None, mixin=None, verb_parser=<colcon_mixin.mixin.mixin_argument.MixinArgumentDecorator object at 0x710cbca927b0>, verb_extension=<colcon_core.verb.build.BuildVerb object at 0x710cbcbbe9c0>, main=<bound method BuildVerb.main of <colcon_core.verb.build.BuildVerb object at 0x710cbcbbe9c0>>, mixin_verb=('build',))
[0.083s] Level 1:colcon.colcon_core.package_discovery:discover_packages(colcon_meta) check parameters
[0.083s] Level 1:colcon.colcon_core.package_discovery:discover_packages(recursive) check parameters
[0.083s] Level 1:colcon.colcon_core.package_discovery:discover_packages(ignore) check parameters
[0.083s] Level 1:colcon.colcon_core.package_discovery:discover_packages(path) check parameters
[0.083s] Level 1:colcon.colcon_core.package_discovery:discover_packages(colcon_meta) discover
[0.083s] Level 1:colcon.colcon_core.package_discovery:discover_packages(recursive) discover
[0.083s] INFO:colcon.colcon_core.package_discovery:Crawling recursively for packages in '/home/leeky16498/ros2_ws'
[0.083s] Level 1:colcon.colcon_core.package_identification:_identify(.) by extensions ['ignore', 'ignore_ament_install']
[0.083s] Level 1:colcon.colcon_core.package_identification:_identify(.) by extension 'ignore'
[0.083s] Level 1:colcon.colcon_core.package_identification:_identify(.) by extension 'ignore_ament_install'
[0.083s] Level 1:colcon.colcon_core.package_identification:_identify(.) by extensions ['colcon_pkg']
[0.083s] Level 1:colcon.colcon_core.package_identification:_identify(.) by extension 'colcon_pkg'
[0.083s] Level 1:colcon.colcon_core.package_identification:_identify(.) by extensions ['colcon_meta']
[0.083s] Level 1:colcon.colcon_core.package_identification:_identify(.) by extension 'colcon_meta'
[0.083s] Level 1:colcon.colcon_core.package_identification:_identify(.) by extensions ['ros']
[0.083s] Level 1:colcon.colcon_core.package_identification:_identify(.) by extension 'ros'
[0.097s] Level 1:colcon.colcon_core.package_identification:_identify(.) by extensions ['cmake', 'python']
[0.098s] Level 1:colcon.colcon_core.package_identification:_identify(.) by extension 'cmake'
[0.098s] Level 1:colcon.colcon_core.package_identification:_identify(.) by extension 'python'
[0.098s] Level 1:colcon.colcon_core.package_identification:_identify(.) by extensions ['python_setup_py']
[0.098s] Level 1:colcon.colcon_core.package_identification:_identify(.) by extension 'python_setup_py'
[0.098s] Level 1:colcon.colcon_core.package_identification:_identify(build) by extensions ['ignore', 'ignore_ament_install']
[0.098s] Level 1:colcon.colcon_core.package_identification:_identify(build) by extension 'ignore'
[0.098s] Level 1:colcon.colcon_core.package_identification:_identify(build) ignored
[0.098s] Level 1:colcon.colcon_core.package_identification:_identify(install) by extensions ['ignore', 'ignore_ament_install']
[0.098s] Level 1:colcon.colcon_core.package_identification:_identify(install) by extension 'ignore'
[0.098s] Level 1:colcon.colcon_core.package_identification:_identify(install) ignored
[0.098s] Level 1:colcon.colcon_core.package_identification:_identify(log) by extensions ['ignore', 'ignore_ament_install']
[0.098s] Level 1:colcon.colcon_core.package_identification:_identify(log) by extension 'ignore'
[0.098s] Level 1:colcon.colcon_core.package_identification:_identify(log) ignored
[0.098s] Level 1:colcon.colcon_core.package_identification:_identify(src) by extensions ['ignore', 'ignore_ament_install']
[0.098s] Level 1:colcon.colcon_core.package_identification:_identify(src) by extension 'ignore'
[0.098s] Level 1:colcon.colcon_core.package_identification:_identify(src) by extension 'ignore_ament_install'
[0.098s] Level 1:colcon.colcon_core.package_identification:_identify(src) by extensions ['colcon_pkg']
[0.098s] Level 1:colcon.colcon_core.package_identification:_identify(src) by extension 'colcon_pkg'
[0.098s] Level 1:colcon.colcon_core.package_identification:_identify(src) by extensions ['colcon_meta']
[0.098s] Level 1:colcon.colcon_core.package_identification:_identify(src) by extension 'colcon_meta'
[0.098s] Level 1:colcon.colcon_core.package_identification:_identify(src) by extensions ['ros']
[0.098s] Level 1:colcon.colcon_core.package_identification:_identify(src) by extension 'ros'
[0.098s] Level 1:colcon.colcon_core.package_identification:_identify(src) by extensions ['cmake', 'python']
[0.098s] Level 1:colcon.colcon_core.package_identification:_identify(src) by extension 'cmake'
[0.098s] Level 1:colcon.colcon_core.package_identification:_identify(src) by extension 'python'
[0.098s] Level 1:colcon.colcon_core.package_identification:_identify(src) by extensions ['python_setup_py']
[0.098s] Level 1:colcon.colcon_core.package_identification:_identify(src) by extension 'python_setup_py'
[0.098s] Level 1:colcon.colcon_core.package_identification:_identify(src/build) by extensions ['ignore', 'ignore_ament_install']
[0.098s] Level 1:colcon.colcon_core.package_identification:_identify(src/build) by extension 'ignore'
[0.098s] Level 1:colcon.colcon_core.package_identification:_identify(src/build) ignored
[0.098s] Level 1:colcon.colcon_core.package_identification:_identify(src/install) by extensions ['ignore', 'ignore_ament_install']
[0.098s] Level 1:colcon.colcon_core.package_identification:_identify(src/install) by extension 'ignore'
[0.099s] Level 1:colcon.colcon_core.package_identification:_identify(src/install) ignored
[0.099s] Level 1:colcon.colcon_core.package_identification:_identify(src/log) by extensions ['ignore', 'ignore_ament_install']
[0.099s] Level 1:colcon.colcon_core.package_identification:_identify(src/log) by extension 'ignore'
[0.099s] Level 1:colcon.colcon_core.package_identification:_identify(src/log) ignored
[0.099s] Level 1:colcon.colcon_core.package_identification:_identify(src/my_py_pkg) by extensions ['ignore', 'ignore_ament_install']
[0.099s] Level 1:colcon.colcon_core.package_identification:_identify(src/my_py_pkg) by extension 'ignore'
[0.099s] Level 1:colcon.colcon_core.package_identification:_identify(src/my_py_pkg) by extension 'ignore_ament_install'
[0.099s] Level 1:colcon.colcon_core.package_identification:_identify(src/my_py_pkg) by extensions ['colcon_pkg']
[0.099s] Level 1:colcon.colcon_core.package_identification:_identify(src/my_py_pkg) by extension 'colcon_pkg'
[0.099s] Level 1:colcon.colcon_core.package_identification:_identify(src/my_py_pkg) by extensions ['colcon_meta']
[0.099s] Level 1:colcon.colcon_core.package_identification:_identify(src/my_py_pkg) by extension 'colcon_meta'
[0.099s] Level 1:colcon.colcon_core.package_identification:_identify(src/my_py_pkg) by extensions ['ros']
[0.099s] Level 1:colcon.colcon_core.package_identification:_identify(src/my_py_pkg) by extension 'ros'
[0.100s] DEBUG:colcon.colcon_core.package_identification:Package 'src/my_py_pkg' with type 'ros.ament_python' and name 'my_py_pkg'
[0.100s] Level 1:colcon.colcon_core.package_identification:_identify(src/my_robot_bringup) by extensions ['ignore', 'ignore_ament_install']
[0.100s] Level 1:colcon.colcon_core.package_identification:_identify(src/my_robot_bringup) by extension 'ignore'
[0.100s] Level 1:colcon.colcon_core.package_identification:_identify(src/my_robot_bringup) by extension 'ignore_ament_install'
[0.100s] Level 1:colcon.colcon_core.package_identification:_identify(src/my_robot_bringup) by extensions ['colcon_pkg']
[0.100s] Level 1:colcon.colcon_core.package_identification:_identify(src/my_robot_bringup) by extension 'colcon_pkg'
[0.100s] Level 1:colcon.colcon_core.package_identification:_identify(src/my_robot_bringup) by extensions ['colcon_meta']
[0.100s] Level 1:colcon.colcon_core.package_identification:_identify(src/my_robot_bringup) by extension 'colcon_meta'
[0.100s] Level 1:colcon.colcon_core.package_identification:_identify(src/my_robot_bringup) by extensions ['ros']
[0.100s] Level 1:colcon.colcon_core.package_identification:_identify(src/my_robot_bringup) by extension 'ros'
[0.101s] DEBUG:colcon.colcon_core.package_identification:Package 'src/my_robot_bringup' with type 'ros.ament_cmake' and name 'my_robot_bringup'
[0.101s] Level 1:colcon.colcon_core.package_identification:_identify(src/my_robot_description) by extensions ['ignore', 'ignore_ament_install']
[0.101s] Level 1:colcon.colcon_core.package_identification:_identify(src/my_robot_description) by extension 'ignore'
[0.101s] Level 1:colcon.colcon_core.package_identification:_identify(src/my_robot_description) by extension 'ignore_ament_install'
[0.101s] Level 1:colcon.colcon_core.package_identification:_identify(src/my_robot_description) by extensions ['colcon_pkg']
[0.101s] Level 1:colcon.colcon_core.package_identification:_identify(src/my_robot_description) by extension 'colcon_pkg'
[0.101s] Level 1:colcon.colcon_core.package_identification:_identify(src/my_robot_description) by extensions ['colcon_meta']
[0.101s] Level 1:colcon.colcon_core.package_identification:_identify(src/my_robot_description) by extension 'colcon_meta'
[0.101s] Level 1:colcon.colcon_core.package_identification:_identify(src/my_robot_description) by extensions ['ros']
[0.101s] Level 1:colcon.colcon_core.package_identification:_identify(src/my_robot_description) by extension 'ros'
[0.101s] DEBUG:colcon.colcon_core.package_identification:Package 'src/my_robot_description' with type 'ros.ament_cmake' and name 'my_robot_description'
[0.101s] Level 1:colcon.colcon_core.package_identification:_identify(src/my_robot_interfaces) by extensions ['ignore', 'ignore_ament_install']
[0.101s] Level 1:colcon.colcon_core.package_identification:_identify(src/my_robot_interfaces) by extension 'ignore'
[0.101s] Level 1:colcon.colcon_core.package_identification:_identify(src/my_robot_interfaces) by extension 'ignore_ament_install'
[0.101s] Level 1:colcon.colcon_core.package_identification:_identify(src/my_robot_interfaces) by extensions ['colcon_pkg']
[0.101s] Level 1:colcon.colcon_core.package_identification:_identify(src/my_robot_interfaces) by extension 'colcon_pkg'
[0.101s] Level 1:colcon.colcon_core.package_identification:_identify(src/my_robot_interfaces) by extensions ['colcon_meta']
[0.101s] Level 1:colcon.colcon_core.package_identification:_identify(src/my_robot_interfaces) by extension 'colcon_meta'
[0.101s] Level 1:colcon.colcon_core.package_identification:_identify(src/my_robot_interfaces) by extensions ['ros']
[0.101s] Level 1:colcon.colcon_core.package_identification:_identify(src/my_robot_interfaces) by extension 'ros'
[0.101s] DEBUG:colcon.colcon_core.package_identification:Package 'src/my_robot_interfaces' with type 'ros.ament_cmake' and name 'my_robot_interfaces'
[0.102s] Level 1:colcon.colcon_core.package_identification:_identify(src/turtlesim_catch_them_all) by extensions ['ignore', 'ignore_ament_install']
[0.102s] Level 1:colcon.colcon_core.package_identification:_identify(src/turtlesim_catch_them_all) by extension 'ignore'
[0.102s] Level 1:colcon.colcon_core.package_identification:_identify(src/turtlesim_catch_them_all) by extension 'ignore_ament_install'
[0.102s] Level 1:colcon.colcon_core.package_identification:_identify(src/turtlesim_catch_them_all) by extensions ['colcon_pkg']
[0.102s] Level 1:colcon.colcon_core.package_identification:_identify(src/turtlesim_catch_them_all) by extension 'colcon_pkg'
[0.102s] Level 1:colcon.colcon_core.package_identification:_identify(src/turtlesim_catch_them_all) by extensions ['colcon_meta']
[0.102s] Level 1:colcon.colcon_core.package_identification:_identify(src/turtlesim_catch_them_all) by extension 'colcon_meta'
[0.102s] Level 1:colcon.colcon_core.package_identification:_identify(src/turtlesim_catch_them_all) by extensions ['ros']
[0.102s] Level 1:colcon.colcon_core.package_identification:_identify(src/turtlesim_catch_them_all) by extension 'ros'
[0.102s] DEBUG:colcon.colcon_core.package_identification:Package 'src/turtlesim_catch_them_all' with type 'ros.ament_python' and name 'turtlesim_catch_them_all'
[0.102s] Level 1:colcon.colcon_core.package_discovery:discover_packages(recursive) using defaults
[0.102s] Level 1:colcon.colcon_core.package_discovery:discover_packages(ignore) discover
[0.102s] Level 1:colcon.colcon_core.package_discovery:discover_packages(ignore) using defaults
[0.102s] Level 1:colcon.colcon_core.package_discovery:discover_packages(path) discover
[0.102s] Level 1:colcon.colcon_core.package_discovery:discover_packages(path) using defaults
[0.112s] Level 1:colcon.colcon_core.package_discovery:discover_packages(prefix_path) check parameters
[0.112s] Level 1:colcon.colcon_core.package_discovery:discover_packages(prefix_path) discover
[0.113s] DEBUG:colcon.colcon_installed_package_information.package_discovery:Found 5 installed packages in /home/leeky16498/ros2_ws/install
[0.114s] DEBUG:colcon.colcon_installed_package_information.package_discovery:Found 290 installed packages in /opt/ros/jazzy
[0.114s] Level 1:colcon.colcon_core.package_discovery:discover_packages(prefix_path) using defaults
[0.133s] Level 5:colcon.colcon_core.verb:set package 'my_robot_description' build argument 'cmake_args' from command line to 'None'
[0.133s] Level 5:colcon.colcon_core.verb:set package 'my_robot_description' build argument 'cmake_target' from command line to 'None'
[0.133s] Level 5:colcon.colcon_core.verb:set package 'my_robot_description' build argument 'cmake_target_skip_unavailable' from command line to 'False'
[0.133s] Level 5:colcon.colcon_core.verb:set package 'my_robot_description' build argument 'cmake_clean_cache' from command line to 'False'
[0.133s] Level 5:colcon.colcon_core.verb:set package 'my_robot_description' build argument 'cmake_clean_first' from command line to 'False'
[0.133s] Level 5:colcon.colcon_core.verb:set package 'my_robot_description' build argument 'cmake_force_configure' from command line to 'False'
[0.133s] Level 5:colcon.colcon_core.verb:set package 'my_robot_description' build argument 'ament_cmake_args' from command line to 'None'
[0.133s] Level 5:colcon.colcon_core.verb:set package 'my_robot_description' build argument 'catkin_cmake_args' from command line to 'None'
[0.133s] Level 5:colcon.colcon_core.verb:set package 'my_robot_description' build argument 'catkin_skip_building_tests' from command line to 'False'
[0.133s] DEBUG:colcon.colcon_core.verb:Building package 'my_robot_description' with the following arguments: {'ament_cmake_args': None, 'build_base': '/home/leeky16498/ros2_ws/build/my_robot_description', 'catkin_cmake_args': None, 'catkin_skip_building_tests': False, 'cmake_args': None, 'cmake_clean_cache': False, 'cmake_clean_first': False, 'cmake_force_configure': False, 'cmake_target': None, 'cmake_target_skip_unavailable': False, 'install_base': '/home/leeky16498/ros2_ws/install/my_robot_description', 'merge_install': False, 'path': '/home/leeky16498/ros2_ws/src/my_robot_description', 'symlink_install': False, 'test_result_base': None}
[0.133s] Level 5:colcon.colcon_core.verb:set package 'my_robot_interfaces' build argument 'cmake_args' from command line to 'None'
[0.133s] Level 5:colcon.colcon_core.verb:set package 'my_robot_interfaces' build argument 'cmake_target' from command line to 'None'
[0.133s] Level 5:colcon.colcon_core.verb:set package 'my_robot_interfaces' build argument 'cmake_target_skip_unavailable' from command line to 'False'
[0.133s] Level 5:colcon.colcon_core.verb:set package 'my_robot_interfaces' build argument 'cmake_clean_cache' from command line to 'False'
[0.133s] Level 5:colcon.colcon_core.verb:set package 'my_robot_interfaces' build argument 'cmake_clean_first' from command line to 'False'
[0.133s] Level 5:colcon.colcon_core.verb:set package 'my_robot_interfaces' build argument 'cmake_force_configure' from command line to 'False'
[0.133s] Level 5:colcon.colcon_core.verb:set package 'my_robot_interfaces' build argument 'ament_cmake_args' from command line to 'None'
[0.133s] Level 5:colcon.colcon_core.verb:set package 'my_robot_interfaces' build argument 'catkin_cmake_args' from command line to 'None'
[0.133s] Level 5:colcon.colcon_core.verb:set package 'my_robot_interfaces' build argument 'catkin_skip_building_tests' from command line to 'False'
[0.133s] DEBUG:colcon.colcon_core.verb:Building package 'my_robot_interfaces' with the following arguments: {'ament_cmake_args': None, 'build_base': '/home/leeky16498/ros2_ws/build/my_robot_interfaces', 'catkin_cmake_args': None, 'catkin_skip_building_tests': False, 'cmake_args': None, 'cmake_clean_cache': False, 'cmake_clean_first': False, 'cmake_force_configure': False, 'cmake_target': None, 'cmake_target_skip_unavailable': False, 'install_base': '/home/leeky16498/ros2_ws/install/my_robot_interfaces', 'merge_install': False, 'path': '/home/leeky16498/ros2_ws/src/my_robot_interfaces', 'symlink_install': False, 'test_result_base': None}
[0.133s] Level 5:colcon.colcon_core.verb:set package 'my_py_pkg' build argument 'cmake_args' from command line to 'None'
[0.133s] Level 5:colcon.colcon_core.verb:set package 'my_py_pkg' build argument 'cmake_target' from command line to 'None'
[0.133s] Level 5:colcon.colcon_core.verb:set package 'my_py_pkg' build argument 'cmake_target_skip_unavailable' from command line to 'False'
[0.133s] Level 5:colcon.colcon_core.verb:set package 'my_py_pkg' build argument 'cmake_clean_cache' from command line to 'False'
[0.133s] Level 5:colcon.colcon_core.verb:set package 'my_py_pkg' build argument 'cmake_clean_first' from command line to 'False'
[0.133s] Level 5:colcon.colcon_core.verb:set package 'my_py_pkg' build argument 'cmake_force_configure' from command line to 'False'
[0.133s] Level 5:colcon.colcon_core.verb:set package 'my_py_pkg' build argument 'ament_cmake_args' from command line to 'None'
[0.133s] Level 5:colcon.colcon_core.verb:set package 'my_py_pkg' build argument 'catkin_cmake_args' from command line to 'None'
[0.133s] Level 5:colcon.colcon_core.verb:set package 'my_py_pkg' build argument 'catkin_skip_building_tests' from command line to 'False'
[0.133s] DEBUG:colcon.colcon_core.verb:Building package 'my_py_pkg' with the following arguments: {'ament_cmake_args': None, 'build_base': '/home/leeky16498/ros2_ws/build/my_py_pkg', 'catkin_cmake_args': None, 'catkin_skip_building_tests': False, 'cmake_args': None, 'cmake_clean_cache': False, 'cmake_clean_first': False, 'cmake_force_configure': False, 'cmake_target': None, 'cmake_target_skip_unavailable': False, 'install_base': '/home/leeky16498/ros2_ws/install/my_py_pkg', 'merge_install': False, 'path': '/home/leeky16498/ros2_ws/src/my_py_pkg', 'symlink_install': False, 'test_result_base': None}
[0.133s] Level 5:colcon.colcon_core.verb:set package 'turtlesim_catch_them_all' build argument 'cmake_args' from command line to 'None'
[0.133s] Level 5:colcon.colcon_core.verb:set package 'turtlesim_catch_them_all' build argument 'cmake_target' from command line to 'None'
[0.133s] Level 5:colcon.colcon_core.verb:set package 'turtlesim_catch_them_all' build argument 'cmake_target_skip_unavailable' from command line to 'False'
[0.133s] Level 5:colcon.colcon_core.verb:set package 'turtlesim_catch_them_all' build argument 'cmake_clean_cache' from command line to 'False'
[0.133s] Level 5:colcon.colcon_core.verb:set package 'turtlesim_catch_them_all' build argument 'cmake_clean_first' from command line to 'False'
[0.133s] Level 5:colcon.colcon_core.verb:set package 'turtlesim_catch_them_all' build argument 'cmake_force_configure' from command line to 'False'
[0.133s] Level 5:colcon.colcon_core.verb:set package 'turtlesim_catch_them_all' build argument 'ament_cmake_args' from command line to 'None'
[0.133s] Level 5:colcon.colcon_core.verb:set package 'turtlesim_catch_them_all' build argument 'catkin_cmake_args' from command line to 'None'
[0.133s] Level 5:colcon.colcon_core.verb:set package 'turtlesim_catch_them_all' build argument 'catkin_skip_building_tests' from command line to 'False'
[0.133s] DEBUG:colcon.colcon_core.verb:Building package 'turtlesim_catch_them_all' with the following arguments: {'ament_cmake_args': None, 'build_base': '/home/leeky16498/ros2_ws/build/turtlesim_catch_them_all', 'catkin_cmake_args': None, 'catkin_skip_building_tests': False, 'cmake_args': None, 'cmake_clean_cache': False, 'cmake_clean_first': False, 'cmake_force_configure': False, 'cmake_target': None, 'cmake_target_skip_unavailable': False, 'install_base': '/home/leeky16498/ros2_ws/install/turtlesim_catch_them_all', 'merge_install': False, 'path': '/home/leeky16498/ros2_ws/src/turtlesim_catch_them_all', 'symlink_install': False, 'test_result_base': None}
[0.134s] Level 5:colcon.colcon_core.verb:set package 'my_robot_bringup' build argument 'cmake_args' from command line to 'None'
[0.134s] Level 5:colcon.colcon_core.verb:set package 'my_robot_bringup' build argument 'cmake_target' from command line to 'None'
[0.134s] Level 5:colcon.colcon_core.verb:set package 'my_robot_bringup' build argument 'cmake_target_skip_unavailable' from command line to 'False'
[0.134s] Level 5:colcon.colcon_core.verb:set package 'my_robot_bringup' build argument 'cmake_clean_cache' from command line to 'False'
[0.134s] Level 5:colcon.colcon_core.verb:set package 'my_robot_bringup' build argument 'cmake_clean_first' from command line to 'False'
[0.134s] Level 5:colcon.colcon_core.verb:set package 'my_robot_bringup' build argument 'cmake_force_configure' from command line to 'False'
[0.134s] Level 5:colcon.colcon_core.verb:set package 'my_robot_bringup' build argument 'ament_cmake_args' from command line to 'None'
[0.134s] Level 5:colcon.colcon_core.verb:set package 'my_robot_bringup' build argument 'catkin_cmake_args' from command line to 'None'
[0.134s] Level 5:colcon.colcon_core.verb:set package 'my_robot_bringup' build argument 'catkin_skip_building_tests' from command line to 'False'
[0.134s] DEBUG:colcon.colcon_core.verb:Building package 'my_robot_bringup' with the following arguments: {'ament_cmake_args': None, 'build_base': '/home/leeky16498/ros2_ws/build/my_robot_bringup', 'catkin_cmake_args': None, 'catkin_skip_building_tests': False, 'cmake_args': None, 'cmake_clean_cache': False, 'cmake_clean_first': False, 'cmake_force_configure': False, 'cmake_target': None, 'cmake_target_skip_unavailable': False, 'install_base': '/home/leeky16498/ros2_ws/install/my_robot_bringup', 'merge_install': False, 'path': '/home/leeky16498/ros2_ws/src/my_robot_bringup', 'symlink_install': False, 'test_result_base': None}
[0.134s] INFO:colcon.colcon_core.executor:Executing jobs using 'parallel' executor
[0.134s] DEBUG:colcon.colcon_parallel_executor.executor.parallel:run_until_complete
[0.135s] INFO:colcon.colcon_ros.task.ament_cmake.build:Building ROS package in '/home/leeky16498/ros2_ws/src/my_robot_interfaces' with build type 'ament_cmake'
[0.135s] INFO:colcon.colcon_cmake.task.cmake.build:Building CMake package in '/home/leeky16498/ros2_ws/src/my_robot_interfaces'
[0.136s] INFO:colcon.colcon_core.plugin_system:Skipping extension 'colcon_core.shell.bat': Not used on non-Windows systems
[0.136s] INFO:colcon.colcon_core.shell:Skip shell extension 'powershell' for command environment: Not usable outside of PowerShell
[0.136s] DEBUG:colcon.colcon_core.shell:Skip shell extension 'dsv' for command environment
[0.138s] INFO:colcon.colcon_ros.task.ament_cmake.build:Building ROS package in '/home/leeky16498/ros2_ws/src/my_robot_description' with build type 'ament_cmake'
[0.138s] INFO:colcon.colcon_cmake.task.cmake.build:Building CMake package in '/home/leeky16498/ros2_ws/src/my_robot_description'
[0.138s] INFO:colcon.colcon_core.shell:Skip shell extension 'powershell' for command environment: Not usable outside of PowerShell
[0.139s] DEBUG:colcon.colcon_core.shell:Skip shell extension 'dsv' for command environment
[0.144s] DEBUG:colcon.colcon_core.event_handler.log_command:Invoking command in '/home/leeky16498/ros2_ws/build/my_robot_interfaces': CMAKE_PREFIX_PATH=${CMAKE_PREFIX_PATH}:/home/leeky16498/ros2_ws/install/turtlesim_catch_them_all:/home/leeky16498/ros2_ws/install/my_py_pkg:/opt/ros/jazzy DEBUGINFOD_URLS=https://debuginfod.ubuntu.com /usr/bin/cmake --build /home/leeky16498/ros2_ws/build/my_robot_interfaces -- -j8 -l8
[0.145s] DEBUG:colcon.colcon_core.event_handler.log_command:Invoking command in '/home/leeky16498/ros2_ws/build/my_robot_description': CMAKE_PREFIX_PATH=${CMAKE_PREFIX_PATH}:/home/leeky16498/ros2_ws/install/turtlesim_catch_them_all:/home/leeky16498/ros2_ws/install/my_py_pkg:/opt/ros/jazzy DEBUGINFOD_URLS=https://debuginfod.ubuntu.com /usr/bin/cmake --build /home/leeky16498/ros2_ws/build/my_robot_description -- -j8 -l8
[0.168s] DEBUG:colcon.colcon_core.event_handler.log_command:Invoked command in '/home/leeky16498/ros2_ws/build/my_robot_description' returned '0': CMAKE_PREFIX_PATH=${CMAKE_PREFIX_PATH}:/home/leeky16498/ros2_ws/install/turtlesim_catch_them_all:/home/leeky16498/ros2_ws/install/my_py_pkg:/opt/ros/jazzy DEBUGINFOD_URLS=https://debuginfod.ubuntu.com /usr/bin/cmake --build /home/leeky16498/ros2_ws/build/my_robot_description -- -j8 -l8
[0.174s] DEBUG:colcon.colcon_core.event_handler.log_command:Invoking command in '/home/leeky16498/ros2_ws/build/my_robot_description': CMAKE_PREFIX_PATH=${CMAKE_PREFIX_PATH}:/home/leeky16498/ros2_ws/install/turtlesim_catch_them_all:/home/leeky16498/ros2_ws/install/my_py_pkg:/opt/ros/jazzy DEBUGINFOD_URLS=https://debuginfod.ubuntu.com /usr/bin/cmake --install /home/leeky16498/ros2_ws/build/my_robot_description
[0.197s] Level 1:colcon.colcon_core.environment:create_environment_scripts_only(my_robot_description)
[0.199s] DEBUG:colcon.colcon_core.event_handler.log_command:Invoked command in '/home/leeky16498/ros2_ws/build/my_robot_description' returned '0': CMAKE_PREFIX_PATH=${CMAKE_PREFIX_PATH}:/home/leeky16498/ros2_ws/install/turtlesim_catch_them_all:/home/leeky16498/ros2_ws/install/my_py_pkg:/opt/ros/jazzy DEBUGINFOD_URLS=https://debuginfod.ubuntu.com /usr/bin/cmake --install /home/leeky16498/ros2_ws/build/my_robot_description
[0.199s] Level 1:colcon.colcon_core.environment:checking '/home/leeky16498/ros2_ws/install/my_robot_description' for CMake module files
[0.199s] Level 1:colcon.colcon_core.environment:checking '/home/leeky16498/ros2_ws/install/my_robot_description' for CMake config files
[0.199s] Level 1:colcon.colcon_core.shell:create_environment_hook('my_robot_description', 'cmake_prefix_path')
[0.199s] INFO:colcon.colcon_core.shell:Creating environment hook '/home/leeky16498/ros2_ws/install/my_robot_description/share/my_robot_description/hook/cmake_prefix_path.ps1'
[0.200s] INFO:colcon.colcon_core.shell:Creating environment descriptor '/home/leeky16498/ros2_ws/install/my_robot_description/share/my_robot_description/hook/cmake_prefix_path.dsv'
[0.200s] INFO:colcon.colcon_core.shell:Creating environment hook '/home/leeky16498/ros2_ws/install/my_robot_description/share/my_robot_description/hook/cmake_prefix_path.sh'
[0.201s] Level 1:colcon.colcon_core.environment:checking '/home/leeky16498/ros2_ws/install/my_robot_description/bin'
[0.201s] Level 1:colcon.colcon_core.environment:checking '/home/leeky16498/ros2_ws/install/my_robot_description/lib/pkgconfig/my_robot_description.pc'
[0.201s] Level 1:colcon.colcon_core.environment:checking '/home/leeky16498/ros2_ws/install/my_robot_description/lib/python3.12/site-packages'
[0.201s] Level 1:colcon.colcon_core.environment:checking '/home/leeky16498/ros2_ws/install/my_robot_description/bin'
[0.201s] INFO:colcon.colcon_core.shell:Creating package script '/home/leeky16498/ros2_ws/install/my_robot_description/share/my_robot_description/package.ps1'
[0.201s] INFO:colcon.colcon_core.shell:Creating package descriptor '/home/leeky16498/ros2_ws/install/my_robot_description/share/my_robot_description/package.dsv'
[0.202s] INFO:colcon.colcon_core.shell:Creating package script '/home/leeky16498/ros2_ws/install/my_robot_description/share/my_robot_description/package.sh'
[0.202s] INFO:colcon.colcon_core.shell:Creating package script '/home/leeky16498/ros2_ws/install/my_robot_description/share/my_robot_description/package.bash'
[0.202s] INFO:colcon.colcon_core.shell:Creating package script '/home/leeky16498/ros2_ws/install/my_robot_description/share/my_robot_description/package.zsh'
[0.203s] Level 1:colcon.colcon_core.environment:create_file_with_runtime_dependencies(/home/leeky16498/ros2_ws/install/my_robot_description/share/colcon-core/packages/my_robot_description)
[0.203s] Level 1:colcon.colcon_core.environment:create_environment_scripts_only(my_robot_description)
[0.203s] Level 1:colcon.colcon_core.environment:checking '/home/leeky16498/ros2_ws/install/my_robot_description' for CMake module files
[0.204s] Level 1:colcon.colcon_core.environment:checking '/home/leeky16498/ros2_ws/install/my_robot_description' for CMake config files
[0.204s] Level 1:colcon.colcon_core.shell:create_environment_hook('my_robot_description', 'cmake_prefix_path')
[0.204s] INFO:colcon.colcon_core.shell:Creating environment hook '/home/leeky16498/ros2_ws/install/my_robot_description/share/my_robot_description/hook/cmake_prefix_path.ps1'
[0.204s] INFO:colcon.colcon_core.shell:Creating environment descriptor '/home/leeky16498/ros2_ws/install/my_robot_description/share/my_robot_description/hook/cmake_prefix_path.dsv'
[0.204s] INFO:colcon.colcon_core.shell:Creating environment hook '/home/leeky16498/ros2_ws/install/my_robot_description/share/my_robot_description/hook/cmake_prefix_path.sh'
[0.205s] Level 1:colcon.colcon_core.environment:checking '/home/leeky16498/ros2_ws/install/my_robot_description/bin'
[0.205s] Level 1:colcon.colcon_core.environment:checking '/home/leeky16498/ros2_ws/install/my_robot_description/lib/pkgconfig/my_robot_description.pc'
[0.205s] Level 1:colcon.colcon_core.environment:checking '/home/leeky16498/ros2_ws/install/my_robot_description/lib/python3.12/site-packages'
[0.205s] Level 1:colcon.colcon_core.environment:checking '/home/leeky16498/ros2_ws/install/my_robot_description/bin'
[0.205s] INFO:colcon.colcon_core.shell:Creating package script '/home/leeky16498/ros2_ws/install/my_robot_description/share/my_robot_description/package.ps1'
[0.205s] INFO:colcon.colcon_core.shell:Creating package descriptor '/home/leeky16498/ros2_ws/install/my_robot_description/share/my_robot_description/package.dsv'
[0.206s] INFO:colcon.colcon_core.shell:Creating package script '/home/leeky16498/ros2_ws/install/my_robot_description/share/my_robot_description/package.sh'
[0.206s] INFO:colcon.colcon_core.shell:Creating package script '/home/leeky16498/ros2_ws/install/my_robot_description/share/my_robot_description/package.bash'
[0.206s] INFO:colcon.colcon_core.shell:Creating package script '/home/leeky16498/ros2_ws/install/my_robot_description/share/my_robot_description/package.zsh'
[0.206s] Level 1:colcon.colcon_core.environment:create_file_with_runtime_dependencies(/home/leeky16498/ros2_ws/install/my_robot_description/share/colcon-core/packages/my_robot_description)
[0.359s] DEBUG:colcon.colcon_core.event_handler.log_command:Invoked command in '/home/leeky16498/ros2_ws/build/my_robot_interfaces' returned '0': CMAKE_PREFIX_PATH=${CMAKE_PREFIX_PATH}:/home/leeky16498/ros2_ws/install/turtlesim_catch_them_all:/home/leeky16498/ros2_ws/install/my_py_pkg:/opt/ros/jazzy DEBUGINFOD_URLS=https://debuginfod.ubuntu.com /usr/bin/cmake --build /home/leeky16498/ros2_ws/build/my_robot_interfaces -- -j8 -l8
[0.359s] DEBUG:colcon.colcon_core.event_handler.log_command:Invoking command in '/home/leeky16498/ros2_ws/build/my_robot_interfaces': CMAKE_PREFIX_PATH=${CMAKE_PREFIX_PATH}:/home/leeky16498/ros2_ws/install/turtlesim_catch_them_all:/home/leeky16498/ros2_ws/install/my_py_pkg:/opt/ros/jazzy DEBUGINFOD_URLS=https://debuginfod.ubuntu.com /usr/bin/cmake --install /home/leeky16498/ros2_ws/build/my_robot_interfaces
[0.407s] Level 1:colcon.colcon_core.environment:create_environment_scripts_only(my_robot_interfaces)
[0.407s] Level 1:colcon.colcon_core.environment:checking '/home/leeky16498/ros2_ws/install/my_robot_interfaces' for CMake module files
[0.408s] DEBUG:colcon.colcon_core.event_handler.log_command:Invoked command in '/home/leeky16498/ros2_ws/build/my_robot_interfaces' returned '0': CMAKE_PREFIX_PATH=${CMAKE_PREFIX_PATH}:/home/leeky16498/ros2_ws/install/turtlesim_catch_them_all:/home/leeky16498/ros2_ws/install/my_py_pkg:/opt/ros/jazzy DEBUGINFOD_URLS=https://debuginfod.ubuntu.com /usr/bin/cmake --install /home/leeky16498/ros2_ws/build/my_robot_interfaces
[0.408s] Level 1:colcon.colcon_core.environment:checking '/home/leeky16498/ros2_ws/install/my_robot_interfaces' for CMake config files
[0.408s] Level 1:colcon.colcon_core.shell:create_environment_hook('my_robot_interfaces', 'cmake_prefix_path')
[0.408s] INFO:colcon.colcon_core.shell:Creating environment hook '/home/leeky16498/ros2_ws/install/my_robot_interfaces/share/my_robot_interfaces/hook/cmake_prefix_path.ps1'
[0.409s] INFO:colcon.colcon_core.shell:Creating environment descriptor '/home/leeky16498/ros2_ws/install/my_robot_interfaces/share/my_robot_interfaces/hook/cmake_prefix_path.dsv'
[0.409s] INFO:colcon.colcon_core.shell:Creating environment hook '/home/leeky16498/ros2_ws/install/my_robot_interfaces/share/my_robot_interfaces/hook/cmake_prefix_path.sh'
[0.409s] Level 1:colcon.colcon_core.environment:checking '/home/leeky16498/ros2_ws/install/my_robot_interfaces/lib'
[0.409s] Level 1:colcon.colcon_core.shell:create_environment_hook('my_robot_interfaces', 'ld_library_path_lib')
[0.409s] INFO:colcon.colcon_core.shell:Creating environment hook '/home/leeky16498/ros2_ws/install/my_robot_interfaces/share/my_robot_interfaces/hook/ld_library_path_lib.ps1'
[0.409s] INFO:colcon.colcon_core.shell:Creating environment descriptor '/home/leeky16498/ros2_ws/install/my_robot_interfaces/share/my_robot_interfaces/hook/ld_library_path_lib.dsv'
[0.410s] INFO:colcon.colcon_core.shell:Creating environment hook '/home/leeky16498/ros2_ws/install/my_robot_interfaces/share/my_robot_interfaces/hook/ld_library_path_lib.sh'
[0.410s] Level 1:colcon.colcon_core.environment:checking '/home/leeky16498/ros2_ws/install/my_robot_interfaces/bin'
[0.410s] Level 1:colcon.colcon_core.environment:checking '/home/leeky16498/ros2_ws/install/my_robot_interfaces/lib/pkgconfig/my_robot_interfaces.pc'
[0.410s] Level 1:colcon.colcon_core.environment:checking '/home/leeky16498/ros2_ws/install/my_robot_interfaces/lib/python3.12/site-packages'
[0.410s] Level 1:colcon.colcon_core.shell:create_environment_hook('my_robot_interfaces', 'pythonpath')
[0.410s] INFO:colcon.colcon_core.shell:Creating environment hook '/home/leeky16498/ros2_ws/install/my_robot_interfaces/share/my_robot_interfaces/hook/pythonpath.ps1'
[0.410s] INFO:colcon.colcon_core.shell:Creating environment descriptor '/home/leeky16498/ros2_ws/install/my_robot_interfaces/share/my_robot_interfaces/hook/pythonpath.dsv'
[0.410s] INFO:colcon.colcon_core.shell:Creating environment hook '/home/leeky16498/ros2_ws/install/my_robot_interfaces/share/my_robot_interfaces/hook/pythonpath.sh'
[0.411s] Level 1:colcon.colcon_core.environment:checking '/home/leeky16498/ros2_ws/install/my_robot_interfaces/bin'
[0.411s] INFO:colcon.colcon_core.shell:Creating package script '/home/leeky16498/ros2_ws/install/my_robot_interfaces/share/my_robot_interfaces/package.ps1'
[0.411s] INFO:colcon.colcon_core.shell:Creating package descriptor '/home/leeky16498/ros2_ws/install/my_robot_interfaces/share/my_robot_interfaces/package.dsv'
[0.411s] INFO:colcon.colcon_core.shell:Creating package script '/home/leeky16498/ros2_ws/install/my_robot_interfaces/share/my_robot_interfaces/package.sh'
[0.411s] INFO:colcon.colcon_core.shell:Creating package script '/home/leeky16498/ros2_ws/install/my_robot_interfaces/share/my_robot_interfaces/package.bash'
[0.412s] INFO:colcon.colcon_core.shell:Creating package script '/home/leeky16498/ros2_ws/install/my_robot_interfaces/share/my_robot_interfaces/package.zsh'
[0.412s] Level 1:colcon.colcon_core.environment:create_file_with_runtime_dependencies(/home/leeky16498/ros2_ws/install/my_robot_interfaces/share/colcon-core/packages/my_robot_interfaces)
[0.412s] Level 1:colcon.colcon_core.environment:create_environment_scripts_only(my_robot_interfaces)
[0.412s] Level 1:colcon.colcon_core.environment:checking '/home/leeky16498/ros2_ws/install/my_robot_interfaces' for CMake module files
[0.412s] Level 1:colcon.colcon_core.environment:checking '/home/leeky16498/ros2_ws/install/my_robot_interfaces' for CMake config files
[0.412s] Level 1:colcon.colcon_core.shell:create_environment_hook('my_robot_interfaces', 'cmake_prefix_path')
[0.413s] INFO:colcon.colcon_core.shell:Creating environment hook '/home/leeky16498/ros2_ws/install/my_robot_interfaces/share/my_robot_interfaces/hook/cmake_prefix_path.ps1'
[0.413s] INFO:colcon.colcon_core.shell:Creating environment descriptor '/home/leeky16498/ros2_ws/install/my_robot_interfaces/share/my_robot_interfaces/hook/cmake_prefix_path.dsv'
[0.413s] INFO:colcon.colcon_core.shell:Creating environment hook '/home/leeky16498/ros2_ws/install/my_robot_interfaces/share/my_robot_interfaces/hook/cmake_prefix_path.sh'
[0.413s] Level 1:colcon.colcon_core.environment:checking '/home/leeky16498/ros2_ws/install/my_robot_interfaces/lib'
[0.413s] Level 1:colcon.colcon_core.shell:create_environment_hook('my_robot_interfaces', 'ld_library_path_lib')
[0.413s] INFO:colcon.colcon_core.shell:Creating environment hook '/home/leeky16498/ros2_ws/install/my_robot_interfaces/share/my_robot_interfaces/hook/ld_library_path_lib.ps1'
[0.413s] INFO:colcon.colcon_core.shell:Creating environment descriptor '/home/leeky16498/ros2_ws/install/my_robot_interfaces/share/my_robot_interfaces/hook/ld_library_path_lib.dsv'
[0.413s] INFO:colcon.colcon_core.shell:Creating environment hook '/home/leeky16498/ros2_ws/install/my_robot_interfaces/share/my_robot_interfaces/hook/ld_library_path_lib.sh'
[0.414s] Level 1:colcon.colcon_core.environment:checking '/home/leeky16498/ros2_ws/install/my_robot_interfaces/bin'
[0.414s] Level 1:colcon.colcon_core.environment:checking '/home/leeky16498/ros2_ws/install/my_robot_interfaces/lib/pkgconfig/my_robot_interfaces.pc'
[0.414s] Level 1:colcon.colcon_core.environment:checking '/home/leeky16498/ros2_ws/install/my_robot_interfaces/lib/python3.12/site-packages'
[0.414s] Level 1:colcon.colcon_core.shell:create_environment_hook('my_robot_interfaces', 'pythonpath')
[0.414s] INFO:colcon.colcon_core.shell:Creating environment hook '/home/leeky16498/ros2_ws/install/my_robot_interfaces/share/my_robot_interfaces/hook/pythonpath.ps1'
[0.414s] INFO:colcon.colcon_core.shell:Creating environment descriptor '/home/leeky16498/ros2_ws/install/my_robot_interfaces/share/my_robot_interfaces/hook/pythonpath.dsv'
[0.414s] INFO:colcon.colcon_core.shell:Creating environment hook '/home/leeky16498/ros2_ws/install/my_robot_interfaces/share/my_robot_interfaces/hook/pythonpath.sh'
[0.414s] Level 1:colcon.colcon_core.environment:checking '/home/leeky16498/ros2_ws/install/my_robot_interfaces/bin'
[0.415s] INFO:colcon.colcon_core.shell:Creating package script '/home/leeky16498/ros2_ws/install/my_robot_interfaces/share/my_robot_interfaces/package.ps1'
[0.415s] INFO:colcon.colcon_core.shell:Creating package descriptor '/home/leeky16498/ros2_ws/install/my_robot_interfaces/share/my_robot_interfaces/package.dsv'
[0.415s] INFO:colcon.colcon_core.shell:Creating package script '/home/leeky16498/ros2_ws/install/my_robot_interfaces/share/my_robot_interfaces/package.sh'
[0.415s] INFO:colcon.colcon_core.shell:Creating package script '/home/leeky16498/ros2_ws/install/my_robot_interfaces/share/my_robot_interfaces/package.bash'
[0.415s] INFO:colcon.colcon_core.shell:Creating package script '/home/leeky16498/ros2_ws/install/my_robot_interfaces/share/my_robot_interfaces/package.zsh'
[0.416s] Level 1:colcon.colcon_core.environment:create_file_with_runtime_dependencies(/home/leeky16498/ros2_ws/install/my_robot_interfaces/share/colcon-core/packages/my_robot_interfaces)
[0.416s] INFO:colcon.colcon_ros.task.ament_python.build:Building ROS package in '/home/leeky16498/ros2_ws/src/my_py_pkg' with build type 'ament_python'
[0.416s] Level 1:colcon.colcon_core.shell:create_environment_hook('my_py_pkg', 'ament_prefix_path')
[0.416s] INFO:colcon.colcon_core.shell:Creating environment hook '/home/leeky16498/ros2_ws/install/my_py_pkg/share/my_py_pkg/hook/ament_prefix_path.ps1'
[0.416s] INFO:colcon.colcon_core.shell:Creating environment descriptor '/home/leeky16498/ros2_ws/install/my_py_pkg/share/my_py_pkg/hook/ament_prefix_path.dsv'
[0.417s] INFO:colcon.colcon_core.shell:Creating environment hook '/home/leeky16498/ros2_ws/install/my_py_pkg/share/my_py_pkg/hook/ament_prefix_path.sh'
[0.417s] INFO:colcon.colcon_core.shell:Skip shell extension 'powershell' for command environment: Not usable outside of PowerShell
[0.418s] DEBUG:colcon.colcon_core.shell:Skip shell extension 'dsv' for command environment
[0.420s] INFO:colcon.colcon_ros.task.ament_python.build:Building ROS package in '/home/leeky16498/ros2_ws/src/turtlesim_catch_them_all' with build type 'ament_python'
[0.420s] Level 1:colcon.colcon_core.shell:create_environment_hook('turtlesim_catch_them_all', 'ament_prefix_path')
[0.420s] INFO:colcon.colcon_core.shell:Creating environment hook '/home/leeky16498/ros2_ws/install/turtlesim_catch_them_all/share/turtlesim_catch_them_all/hook/ament_prefix_path.ps1'
[0.420s] INFO:colcon.colcon_core.shell:Creating environment descriptor '/home/leeky16498/ros2_ws/install/turtlesim_catch_them_all/share/turtlesim_catch_them_all/hook/ament_prefix_path.dsv'
[0.421s] INFO:colcon.colcon_core.shell:Creating environment hook '/home/leeky16498/ros2_ws/install/turtlesim_catch_them_all/share/turtlesim_catch_them_all/hook/ament_prefix_path.sh'
[0.421s] INFO:colcon.colcon_core.shell:Skip shell extension 'powershell' for command environment: Not usable outside of PowerShell
[0.421s] DEBUG:colcon.colcon_core.shell:Skip shell extension 'dsv' for command environment
[0.529s] INFO:colcon.colcon_core.task.python.build:Building Python package in '/home/leeky16498/ros2_ws/src/my_py_pkg'
[0.529s] INFO:colcon.colcon_core.shell:Skip shell extension 'powershell' for command environment: Not usable outside of PowerShell
[0.529s] DEBUG:colcon.colcon_core.shell:Skip shell extension 'dsv' for command environment
[0.637s] INFO:colcon.colcon_core.task.python.build:Building Python package in '/home/leeky16498/ros2_ws/src/turtlesim_catch_them_all'
[0.637s] INFO:colcon.colcon_core.shell:Skip shell extension 'powershell' for command environment: Not usable outside of PowerShell
[0.637s] DEBUG:colcon.colcon_core.shell:Skip shell extension 'dsv' for command environment
[0.929s] DEBUG:colcon.colcon_core.event_handler.log_command:Invoking command in '/home/leeky16498/ros2_ws/src/my_py_pkg': CMAKE_PREFIX_PATH=/home/leeky16498/ros2_ws/install/my_robot_interfaces:/home/leeky16498/ros2_ws/install/my_robot_bringup:/home/leeky16498/ros2_ws/install/my_robot_description:/opt/ros/jazzy/opt/gz_math_vendor:/opt/ros/jazzy/opt/gz_utils_vendor:/opt/ros/jazzy/opt/gz_cmake_vendor DEBUGINFOD_URLS=https://debuginfod.ubuntu.com PYTHONPATH=/home/leeky16498/ros2_ws/build/my_py_pkg/prefix_override:/usr/lib/python3/dist-packages/colcon_core/task/python/colcon_distutils_commands:/home/leeky16498/ros2_ws/install/my_py_pkg/lib/python3.12/site-packages:/home/leeky16498/ros2_ws/install/my_robot_interfaces/lib/python3.12/site-packages:/home/leeky16498/ros2_ws/build/turtlesim_catch_them_all:/home/leeky16498/ros2_ws/install/turtlesim_catch_them_all/lib/python3.12/site-packages:/home/leeky16498/ros2_ws/build/my_py_pkg:/home/leeky16498/ros2_ws/install/my_py_pkg/lib/python3.12/site-packages:/opt/ros/jazzy/lib/python3.12/site-packages /usr/bin/python3 -W ignore:setup.py install is deprecated -W ignore:easy_install command is deprecated setup.py egg_info --egg-base ../../build/my_py_pkg build --build-base /home/leeky16498/ros2_ws/build/my_py_pkg/build install --record /home/leeky16498/ros2_ws/build/my_py_pkg/install.log --single-version-externally-managed install_data
[0.930s] DEBUG:colcon.colcon_core.event_handler.log_command:Invoking command in '/home/leeky16498/ros2_ws/src/turtlesim_catch_them_all': CMAKE_PREFIX_PATH=/home/leeky16498/ros2_ws/install/my_robot_interfaces:/home/leeky16498/ros2_ws/install/my_robot_bringup:/home/leeky16498/ros2_ws/install/my_robot_description:/opt/ros/jazzy/opt/gz_math_vendor:/opt/ros/jazzy/opt/gz_utils_vendor:/opt/ros/jazzy/opt/gz_cmake_vendor DEBUGINFOD_URLS=https://debuginfod.ubuntu.com PYTHONPATH=/home/leeky16498/ros2_ws/build/turtlesim_catch_them_all/prefix_override:/usr/lib/python3/dist-packages/colcon_core/task/python/colcon_distutils_commands:/home/leeky16498/ros2_ws/install/turtlesim_catch_them_all/lib/python3.12/site-packages:/home/leeky16498/ros2_ws/install/my_robot_interfaces/lib/python3.12/site-packages:/home/leeky16498/ros2_ws/build/turtlesim_catch_them_all:/home/leeky16498/ros2_ws/install/turtlesim_catch_them_all/lib/python3.12/site-packages:/home/leeky16498/ros2_ws/build/my_py_pkg:/home/leeky16498/ros2_ws/install/my_py_pkg/lib/python3.12/site-packages:/opt/ros/jazzy/lib/python3.12/site-packages /usr/bin/python3 -W ignore:setup.py install is deprecated -W ignore:easy_install command is deprecated setup.py egg_info --egg-base ../../build/turtlesim_catch_them_all build --build-base /home/leeky16498/ros2_ws/build/turtlesim_catch_them_all/build install --record /home/leeky16498/ros2_ws/build/turtlesim_catch_them_all/install.log --single-version-externally-managed install_data
[1.197s] Level 1:colcon.colcon_core.environment:checking '/home/leeky16498/ros2_ws/install/my_py_pkg' for CMake module files
[1.198s] DEBUG:colcon.colcon_core.event_handler.log_command:Invoked command in '/home/leeky16498/ros2_ws/src/my_py_pkg' returned '0': CMAKE_PREFIX_PATH=/home/leeky16498/ros2_ws/install/my_robot_interfaces:/home/leeky16498/ros2_ws/install/my_robot_bringup:/home/leeky16498/ros2_ws/install/my_robot_description:/opt/ros/jazzy/opt/gz_math_vendor:/opt/ros/jazzy/opt/gz_utils_vendor:/opt/ros/jazzy/opt/gz_cmake_vendor DEBUGINFOD_URLS=https://debuginfod.ubuntu.com PYTHONPATH=/home/leeky16498/ros2_ws/build/my_py_pkg/prefix_override:/usr/lib/python3/dist-packages/colcon_core/task/python/colcon_distutils_commands:/home/leeky16498/ros2_ws/install/my_py_pkg/lib/python3.12/site-packages:/home/leeky16498/ros2_ws/install/my_robot_interfaces/lib/python3.12/site-packages:/home/leeky16498/ros2_ws/build/turtlesim_catch_them_all:/home/leeky16498/ros2_ws/install/turtlesim_catch_them_all/lib/python3.12/site-packages:/home/leeky16498/ros2_ws/build/my_py_pkg:/home/leeky16498/ros2_ws/install/my_py_pkg/lib/python3.12/site-packages:/opt/ros/jazzy/lib/python3.12/site-packages /usr/bin/python3 -W ignore:setup.py install is deprecated -W ignore:easy_install command is deprecated setup.py egg_info --egg-base ../../build/my_py_pkg build --build-base /home/leeky16498/ros2_ws/build/my_py_pkg/build install --record /home/leeky16498/ros2_ws/build/my_py_pkg/install.log --single-version-externally-managed install_data
[1.198s] Level 1:colcon.colcon_core.environment:checking '/home/leeky16498/ros2_ws/install/my_py_pkg' for CMake config files
[1.198s] Level 1:colcon.colcon_core.environment:checking '/home/leeky16498/ros2_ws/install/my_py_pkg/lib'
[1.198s] Level 1:colcon.colcon_core.environment:checking '/home/leeky16498/ros2_ws/install/my_py_pkg/bin'
[1.198s] Level 1:colcon.colcon_core.environment:checking '/home/leeky16498/ros2_ws/install/my_py_pkg/lib/pkgconfig/my_py_pkg.pc'
[1.198s] Level 1:colcon.colcon_core.environment:checking '/home/leeky16498/ros2_ws/install/my_py_pkg/lib/python3.12/site-packages'
[1.198s] Level 1:colcon.colcon_core.shell:create_environment_hook('my_py_pkg', 'pythonpath')
[1.198s] INFO:colcon.colcon_core.shell:Creating environment hook '/home/leeky16498/ros2_ws/install/my_py_pkg/share/my_py_pkg/hook/pythonpath.ps1'
[1.199s] INFO:colcon.colcon_core.shell:Creating environment descriptor '/home/leeky16498/ros2_ws/install/my_py_pkg/share/my_py_pkg/hook/pythonpath.dsv'
[1.199s] INFO:colcon.colcon_core.shell:Creating environment hook '/home/leeky16498/ros2_ws/install/my_py_pkg/share/my_py_pkg/hook/pythonpath.sh'
[1.199s] Level 1:colcon.colcon_core.environment:checking '/home/leeky16498/ros2_ws/install/my_py_pkg/bin'
[1.199s] Level 1:colcon.colcon_core.environment:create_environment_scripts_only(my_py_pkg)
[1.200s] INFO:colcon.colcon_core.shell:Creating package script '/home/leeky16498/ros2_ws/install/my_py_pkg/share/my_py_pkg/package.ps1'
[1.200s] INFO:colcon.colcon_core.shell:Creating package descriptor '/home/leeky16498/ros2_ws/install/my_py_pkg/share/my_py_pkg/package.dsv'
[1.200s] INFO:colcon.colcon_core.shell:Creating package script '/home/leeky16498/ros2_ws/install/my_py_pkg/share/my_py_pkg/package.sh'
[1.200s] INFO:colcon.colcon_core.shell:Creating package script '/home/leeky16498/ros2_ws/install/my_py_pkg/share/my_py_pkg/package.bash'
[1.200s] INFO:colcon.colcon_core.shell:Creating package script '/home/leeky16498/ros2_ws/install/my_py_pkg/share/my_py_pkg/package.zsh'
[1.200s] Level 1:colcon.colcon_core.environment:create_file_with_runtime_dependencies(/home/leeky16498/ros2_ws/install/my_py_pkg/share/colcon-core/packages/my_py_pkg)
[1.201s] Level 1:colcon.colcon_core.environment:checking '/home/leeky16498/ros2_ws/install/turtlesim_catch_them_all' for CMake module files
[1.201s] Level 1:colcon.colcon_core.environment:checking '/home/leeky16498/ros2_ws/install/turtlesim_catch_them_all' for CMake config files
[1.201s] Level 1:colcon.colcon_core.environment:checking '/home/leeky16498/ros2_ws/install/turtlesim_catch_them_all/lib'
[1.201s] Level 1:colcon.colcon_core.environment:checking '/home/leeky16498/ros2_ws/install/turtlesim_catch_them_all/bin'
[1.201s] Level 1:colcon.colcon_core.environment:checking '/home/leeky16498/ros2_ws/install/turtlesim_catch_them_all/lib/pkgconfig/turtlesim_catch_them_all.pc'
[1.201s] Level 1:colcon.colcon_core.environment:checking '/home/leeky16498/ros2_ws/install/turtlesim_catch_them_all/lib/python3.12/site-packages'
[1.201s] Level 1:colcon.colcon_core.shell:create_environment_hook('turtlesim_catch_them_all', 'pythonpath')
[1.202s] INFO:colcon.colcon_core.shell:Creating environment hook '/home/leeky16498/ros2_ws/install/turtlesim_catch_them_all/share/turtlesim_catch_them_all/hook/pythonpath.ps1'
[1.202s] DEBUG:colcon.colcon_core.event_handler.log_command:Invoked command in '/home/leeky16498/ros2_ws/src/turtlesim_catch_them_all' returned '0': CMAKE_PREFIX_PATH=/home/leeky16498/ros2_ws/install/my_robot_interfaces:/home/leeky16498/ros2_ws/install/my_robot_bringup:/home/leeky16498/ros2_ws/install/my_robot_description:/opt/ros/jazzy/opt/gz_math_vendor:/opt/ros/jazzy/opt/gz_utils_vendor:/opt/ros/jazzy/opt/gz_cmake_vendor DEBUGINFOD_URLS=https://debuginfod.ubuntu.com PYTHONPATH=/home/leeky16498/ros2_ws/build/turtlesim_catch_them_all/prefix_override:/usr/lib/python3/dist-packages/colcon_core/task/python/colcon_distutils_commands:/home/leeky16498/ros2_ws/install/turtlesim_catch_them_all/lib/python3.12/site-packages:/home/leeky16498/ros2_ws/install/my_robot_interfaces/lib/python3.12/site-packages:/home/leeky16498/ros2_ws/build/turtlesim_catch_them_all:/home/leeky16498/ros2_ws/install/turtlesim_catch_them_all/lib/python3.12/site-packages:/home/leeky16498/ros2_ws/build/my_py_pkg:/home/leeky16498/ros2_ws/install/my_py_pkg/lib/python3.12/site-packages:/opt/ros/jazzy/lib/python3.12/site-packages /usr/bin/python3 -W ignore:setup.py install is deprecated -W ignore:easy_install command is deprecated setup.py egg_info --egg-base ../../build/turtlesim_catch_them_all build --build-base /home/leeky16498/ros2_ws/build/turtlesim_catch_them_all/build install --record /home/leeky16498/ros2_ws/build/turtlesim_catch_them_all/install.log --single-version-externally-managed install_data
[1.202s] INFO:colcon.colcon_core.shell:Creating environment descriptor '/home/leeky16498/ros2_ws/install/turtlesim_catch_them_all/share/turtlesim_catch_them_all/hook/pythonpath.dsv'
[1.202s] INFO:colcon.colcon_core.shell:Creating environment hook '/home/leeky16498/ros2_ws/install/turtlesim_catch_them_all/share/turtlesim_catch_them_all/hook/pythonpath.sh'
[1.203s] Level 1:colcon.colcon_core.environment:checking '/home/leeky16498/ros2_ws/install/turtlesim_catch_them_all/bin'
[1.203s] Level 1:colcon.colcon_core.environment:create_environment_scripts_only(turtlesim_catch_them_all)
[1.203s] INFO:colcon.colcon_core.shell:Creating package script '/home/leeky16498/ros2_ws/install/turtlesim_catch_them_all/share/turtlesim_catch_them_all/package.ps1'
[1.203s] INFO:colcon.colcon_core.shell:Creating package descriptor '/home/leeky16498/ros2_ws/install/turtlesim_catch_them_all/share/turtlesim_catch_them_all/package.dsv'
[1.204s] INFO:colcon.colcon_core.shell:Creating package script '/home/leeky16498/ros2_ws/install/turtlesim_catch_them_all/share/turtlesim_catch_them_all/package.sh'
[1.204s] INFO:colcon.colcon_core.shell:Creating package script '/home/leeky16498/ros2_ws/install/turtlesim_catch_them_all/share/turtlesim_catch_them_all/package.bash'
[1.204s] INFO:colcon.colcon_core.shell:Creating package script '/home/leeky16498/ros2_ws/install/turtlesim_catch_them_all/share/turtlesim_catch_them_all/package.zsh'
[1.204s] Level 1:colcon.colcon_core.environment:create_file_with_runtime_dependencies(/home/leeky16498/ros2_ws/install/turtlesim_catch_them_all/share/colcon-core/packages/turtlesim_catch_them_all)
[1.204s] INFO:colcon.colcon_ros.task.ament_cmake.build:Building ROS package in '/home/leeky16498/ros2_ws/src/my_robot_bringup' with build type 'ament_cmake'
[1.204s] INFO:colcon.colcon_cmake.task.cmake.build:Building CMake package in '/home/leeky16498/ros2_ws/src/my_robot_bringup'
[1.204s] INFO:colcon.colcon_core.shell:Skip shell extension 'powershell' for command environment: Not usable outside of PowerShell
[1.204s] DEBUG:colcon.colcon_core.shell:Skip shell extension 'dsv' for command environment
[1.212s] DEBUG:colcon.colcon_core.event_handler.log_command:Invoking command in '/home/leeky16498/ros2_ws/build/my_robot_bringup': AMENT_PREFIX_PATH=/home/leeky16498/ros2_ws/install/turtlesim_catch_them_all:/home/leeky16498/ros2_ws/install/my_py_pkg:/home/leeky16498/ros2_ws/install/my_robot_bringup:/home/leeky16498/ros2_ws/install/my_robot_interfaces:/home/leeky16498/ros2_ws/install/my_robot_description:/opt/ros/jazzy CMAKE_PREFIX_PATH=/home/leeky16498/ros2_ws/install/my_robot_interfaces:/home/leeky16498/ros2_ws/install/my_robot_bringup:/home/leeky16498/ros2_ws/install/my_robot_description:/opt/ros/jazzy/opt/gz_math_vendor:/opt/ros/jazzy/opt/gz_utils_vendor:/opt/ros/jazzy/opt/gz_cmake_vendor:/home/leeky16498/ros2_ws/install/turtlesim_catch_them_all:/home/leeky16498/ros2_ws/install/my_py_pkg:/opt/ros/jazzy DEBUGINFOD_URLS=https://debuginfod.ubuntu.com PYTHONPATH=/home/leeky16498/ros2_ws/install/turtlesim_catch_them_all/lib/python3.12/site-packages:/home/leeky16498/ros2_ws/install/my_py_pkg/lib/python3.12/site-packages:/home/leeky16498/ros2_ws/install/my_robot_interfaces/lib/python3.12/site-packages:/home/leeky16498/ros2_ws/build/turtlesim_catch_them_all:/home/leeky16498/ros2_ws/build/my_py_pkg:/opt/ros/jazzy/lib/python3.12/site-packages /usr/bin/cmake --build /home/leeky16498/ros2_ws/build/my_robot_bringup -- -j8 -l8
[1.241s] DEBUG:colcon.colcon_core.event_handler.log_command:Invoked command in '/home/leeky16498/ros2_ws/build/my_robot_bringup' returned '0': AMENT_PREFIX_PATH=/home/leeky16498/ros2_ws/install/turtlesim_catch_them_all:/home/leeky16498/ros2_ws/install/my_py_pkg:/home/leeky16498/ros2_ws/install/my_robot_bringup:/home/leeky16498/ros2_ws/install/my_robot_interfaces:/home/leeky16498/ros2_ws/install/my_robot_description:/opt/ros/jazzy CMAKE_PREFIX_PATH=/home/leeky16498/ros2_ws/install/my_robot_interfaces:/home/leeky16498/ros2_ws/install/my_robot_bringup:/home/leeky16498/ros2_ws/install/my_robot_description:/opt/ros/jazzy/opt/gz_math_vendor:/opt/ros/jazzy/opt/gz_utils_vendor:/opt/ros/jazzy/opt/gz_cmake_vendor:/home/leeky16498/ros2_ws/install/turtlesim_catch_them_all:/home/leeky16498/ros2_ws/install/my_py_pkg:/opt/ros/jazzy DEBUGINFOD_URLS=https://debuginfod.ubuntu.com PYTHONPATH=/home/leeky16498/ros2_ws/install/turtlesim_catch_them_all/lib/python3.12/site-packages:/home/leeky16498/ros2_ws/install/my_py_pkg/lib/python3.12/site-packages:/home/leeky16498/ros2_ws/install/my_robot_interfaces/lib/python3.12/site-packages:/home/leeky16498/ros2_ws/build/turtlesim_catch_them_all:/home/leeky16498/ros2_ws/build/my_py_pkg:/opt/ros/jazzy/lib/python3.12/site-packages /usr/bin/cmake --build /home/leeky16498/ros2_ws/build/my_robot_bringup -- -j8 -l8
[1.242s] DEBUG:colcon.colcon_core.event_handler.log_command:Invoking command in '/home/leeky16498/ros2_ws/build/my_robot_bringup': AMENT_PREFIX_PATH=/home/leeky16498/ros2_ws/install/turtlesim_catch_them_all:/home/leeky16498/ros2_ws/install/my_py_pkg:/home/leeky16498/ros2_ws/install/my_robot_bringup:/home/leeky16498/ros2_ws/install/my_robot_interfaces:/home/leeky16498/ros2_ws/install/my_robot_description:/opt/ros/jazzy CMAKE_PREFIX_PATH=/home/leeky16498/ros2_ws/install/my_robot_interfaces:/home/leeky16498/ros2_ws/install/my_robot_bringup:/home/leeky16498/ros2_ws/install/my_robot_description:/opt/ros/jazzy/opt/gz_math_vendor:/opt/ros/jazzy/opt/gz_utils_vendor:/opt/ros/jazzy/opt/gz_cmake_vendor:/home/leeky16498/ros2_ws/install/turtlesim_catch_them_all:/home/leeky16498/ros2_ws/install/my_py_pkg:/opt/ros/jazzy DEBUGINFOD_URLS=https://debuginfod.ubuntu.com PYTHONPATH=/home/leeky16498/ros2_ws/install/turtlesim_catch_them_all/lib/python3.12/site-packages:/home/leeky16498/ros2_ws/install/my_py_pkg/lib/python3.12/site-packages:/home/leeky16498/ros2_ws/install/my_robot_interfaces/lib/python3.12/site-packages:/home/leeky16498/ros2_ws/build/turtlesim_catch_them_all:/home/leeky16498/ros2_ws/build/my_py_pkg:/opt/ros/jazzy/lib/python3.12/site-packages /usr/bin/cmake --install /home/leeky16498/ros2_ws/build/my_robot_bringup
[1.254s] Level 1:colcon.colcon_core.environment:create_environment_scripts_only(my_robot_bringup)
[1.254s] Level 1:colcon.colcon_core.environment:checking '/home/leeky16498/ros2_ws/install/my_robot_bringup' for CMake module files
[1.255s] DEBUG:colcon.colcon_core.event_handler.log_command:Invoked command in '/home/leeky16498/ros2_ws/build/my_robot_bringup' returned '0': AMENT_PREFIX_PATH=/home/leeky16498/ros2_ws/install/turtlesim_catch_them_all:/home/leeky16498/ros2_ws/install/my_py_pkg:/home/leeky16498/ros2_ws/install/my_robot_bringup:/home/leeky16498/ros2_ws/install/my_robot_interfaces:/home/leeky16498/ros2_ws/install/my_robot_description:/opt/ros/jazzy CMAKE_PREFIX_PATH=/home/leeky16498/ros2_ws/install/my_robot_interfaces:/home/leeky16498/ros2_ws/install/my_robot_bringup:/home/leeky16498/ros2_ws/install/my_robot_description:/opt/ros/jazzy/opt/gz_math_vendor:/opt/ros/jazzy/opt/gz_utils_vendor:/opt/ros/jazzy/opt/gz_cmake_vendor:/home/leeky16498/ros2_ws/install/turtlesim_catch_them_all:/home/leeky16498/ros2_ws/install/my_py_pkg:/opt/ros/jazzy DEBUGINFOD_URLS=https://debuginfod.ubuntu.com PYTHONPATH=/home/leeky16498/ros2_ws/install/turtlesim_catch_them_all/lib/python3.12/site-packages:/home/leeky16498/ros2_ws/install/my_py_pkg/lib/python3.12/site-packages:/home/leeky16498/ros2_ws/install/my_robot_interfaces/lib/python3.12/site-packages:/home/leeky16498/ros2_ws/build/turtlesim_catch_them_all:/home/leeky16498/ros2_ws/build/my_py_pkg:/opt/ros/jazzy/lib/python3.12/site-packages /usr/bin/cmake --install /home/leeky16498/ros2_ws/build/my_robot_bringup
[1.255s] Level 1:colcon.colcon_core.environment:checking '/home/leeky16498/ros2_ws/install/my_robot_bringup' for CMake config files
[1.255s] Level 1:colcon.colcon_core.shell:create_environment_hook('my_robot_bringup', 'cmake_prefix_path')
[1.255s] INFO:colcon.colcon_core.shell:Creating environment hook '/home/leeky16498/ros2_ws/install/my_robot_bringup/share/my_robot_bringup/hook/cmake_prefix_path.ps1'
[1.255s] INFO:colcon.colcon_core.shell:Creating environment descriptor '/home/leeky16498/ros2_ws/install/my_robot_bringup/share/my_robot_bringup/hook/cmake_prefix_path.dsv'
[1.255s] INFO:colcon.colcon_core.shell:Creating environment hook '/home/leeky16498/ros2_ws/install/my_robot_bringup/share/my_robot_bringup/hook/cmake_prefix_path.sh'
[1.256s] Level 1:colcon.colcon_core.environment:checking '/home/leeky16498/ros2_ws/install/my_robot_bringup/bin'
[1.256s] Level 1:colcon.colcon_core.environment:checking '/home/leeky16498/ros2_ws/install/my_robot_bringup/lib/pkgconfig/my_robot_bringup.pc'
[1.256s] Level 1:colcon.colcon_core.environment:checking '/home/leeky16498/ros2_ws/install/my_robot_bringup/lib/python3.12/site-packages'
[1.256s] Level 1:colcon.colcon_core.environment:checking '/home/leeky16498/ros2_ws/install/my_robot_bringup/bin'
[1.256s] INFO:colcon.colcon_core.shell:Creating package script '/home/leeky16498/ros2_ws/install/my_robot_bringup/share/my_robot_bringup/package.ps1'
[1.256s] INFO:colcon.colcon_core.shell:Creating package descriptor '/home/leeky16498/ros2_ws/install/my_robot_bringup/share/my_robot_bringup/package.dsv'
[1.257s] INFO:colcon.colcon_core.shell:Creating package script '/home/leeky16498/ros2_ws/install/my_robot_bringup/share/my_robot_bringup/package.sh'
[1.257s] INFO:colcon.colcon_core.shell:Creating package script '/home/leeky16498/ros2_ws/install/my_robot_bringup/share/my_robot_bringup/package.bash'
[1.257s] INFO:colcon.colcon_core.shell:Creating package script '/home/leeky16498/ros2_ws/install/my_robot_bringup/share/my_robot_bringup/package.zsh'
[1.257s] Level 1:colcon.colcon_core.environment:create_file_with_runtime_dependencies(/home/leeky16498/ros2_ws/install/my_robot_bringup/share/colcon-core/packages/my_robot_bringup)
[1.257s] Level 1:colcon.colcon_core.environment:create_environment_scripts_only(my_robot_bringup)
[1.257s] Level 1:colcon.colcon_core.environment:checking '/home/leeky16498/ros2_ws/install/my_robot_bringup' for CMake module files
[1.258s] Level 1:colcon.colcon_core.environment:checking '/home/leeky16498/ros2_ws/install/my_robot_bringup' for CMake config files
[1.258s] Level 1:colcon.colcon_core.shell:create_environment_hook('my_robot_bringup', 'cmake_prefix_path')
[1.258s] INFO:colcon.colcon_core.shell:Creating environment hook '/home/leeky16498/ros2_ws/install/my_robot_bringup/share/my_robot_bringup/hook/cmake_prefix_path.ps1'
[1.258s] INFO:colcon.colcon_core.shell:Creating environment descriptor '/home/leeky16498/ros2_ws/install/my_robot_bringup/share/my_robot_bringup/hook/cmake_prefix_path.dsv'
[1.258s] INFO:colcon.colcon_core.shell:Creating environment hook '/home/leeky16498/ros2_ws/install/my_robot_bringup/share/my_robot_bringup/hook/cmake_prefix_path.sh'
[1.259s] Level 1:colcon.colcon_core.environment:checking '/home/leeky16498/ros2_ws/install/my_robot_bringup/bin'
[1.259s] Level 1:colcon.colcon_core.environment:checking '/home/leeky16498/ros2_ws/install/my_robot_bringup/lib/pkgconfig/my_robot_bringup.pc'
[1.259s] Level 1:colcon.colcon_core.environment:checking '/home/leeky16498/ros2_ws/install/my_robot_bringup/lib/python3.12/site-packages'
[1.259s] Level 1:colcon.colcon_core.environment:checking '/home/leeky16498/ros2_ws/install/my_robot_bringup/bin'
[1.259s] INFO:colcon.colcon_core.shell:Creating package script '/home/leeky16498/ros2_ws/install/my_robot_bringup/share/my_robot_bringup/package.ps1'
[1.259s] INFO:colcon.colcon_core.shell:Creating package descriptor '/home/leeky16498/ros2_ws/install/my_robot_bringup/share/my_robot_bringup/package.dsv'
[1.260s] INFO:colcon.colcon_core.shell:Creating package script '/home/leeky16498/ros2_ws/install/my_robot_bringup/share/my_robot_bringup/package.sh'
[1.260s] INFO:colcon.colcon_core.shell:Creating package script '/home/leeky16498/ros2_ws/install/my_robot_bringup/share/my_robot_bringup/package.bash'
[1.260s] INFO:colcon.colcon_core.shell:Creating package script '/home/leeky16498/ros2_ws/install/my_robot_bringup/share/my_robot_bringup/package.zsh'
[1.260s] Level 1:colcon.colcon_core.environment:create_file_with_runtime_dependencies(/home/leeky16498/ros2_ws/install/my_robot_bringup/share/colcon-core/packages/my_robot_bringup)
[1.260s] DEBUG:colcon.colcon_parallel_executor.executor.parallel:closing loop
[1.260s] DEBUG:colcon.colcon_parallel_executor.executor.parallel:loop closed
[1.261s] DEBUG:colcon.colcon_parallel_executor.executor.parallel:run_until_complete finished with '0'
[1.261s] DEBUG:colcon.colcon_core.event_reactor:joining thread
[1.264s] INFO:colcon.colcon_core.plugin_system:Skipping extension 'colcon_notification.desktop_notification.terminal_notifier': Not used on non-Darwin systems
[1.264s] INFO:colcon.colcon_core.plugin_system:Skipping extension 'colcon_notification.desktop_notification.win32': Not used on non-Windows systems
[1.264s] INFO:colcon.colcon_notification.desktop_notification:Sending desktop notification using 'notify2'
[1.270s] DEBUG:colcon.colcon_core.event_reactor:joined thread
[1.271s] INFO:colcon.colcon_core.shell:Creating prefix script '/home/leeky16498/ros2_ws/install/local_setup.ps1'
[1.271s] INFO:colcon.colcon_core.shell:Creating prefix util module '/home/leeky16498/ros2_ws/install/_local_setup_util_ps1.py'
[1.272s] INFO:colcon.colcon_core.shell:Creating prefix chain script '/home/leeky16498/ros2_ws/install/setup.ps1'
[1.272s] INFO:colcon.colcon_core.shell:Creating prefix script '/home/leeky16498/ros2_ws/install/local_setup.sh'
[1.273s] INFO:colcon.colcon_core.shell:Creating prefix util module '/home/leeky16498/ros2_ws/install/_local_setup_util_sh.py'
[1.273s] INFO:colcon.colcon_core.shell:Creating prefix chain script '/home/leeky16498/ros2_ws/install/setup.sh'
[1.273s] INFO:colcon.colcon_core.shell:Creating prefix script '/home/leeky16498/ros2_ws/install/local_setup.bash'
[1.273s] INFO:colcon.colcon_core.shell:Creating prefix chain script '/home/leeky16498/ros2_ws/install/setup.bash'
[1.274s] INFO:colcon.colcon_core.shell:Creating prefix script '/home/leeky16498/ros2_ws/install/local_setup.zsh'
[1.274s] INFO:colcon.colcon_core.shell:Creating prefix chain script '/home/leeky16498/ros2_ws/install/setup.zsh'
