[0.053s] DEBUG:colcon:Command line arguments: ['/usr/bin/colcon', 'build']
[0.053s] DEBUG:colcon:Parsed command line arguments: Namespace(log_base=None, log_level=None, verb_name='build', build_base='build', install_base='install', merge_install=False, symlink_install=False, test_result_base=None, continue_on_error=False, executor='parallel', parallel_workers=8, event_handlers=None, ignore_user_meta=False, metas=['./colcon.meta'], base_paths=['.'], packages_ignore=None, packages_ignore_regex=None, paths=None, packages_up_to=None, packages_up_to_regex=None, packages_above=None, packages_above_and_dependencies=None, packages_above_depth=None, packages_select_by_dep=None, packages_skip_by_dep=None, packages_skip_up_to=None, packages_select_build_failed=False, packages_skip_build_finished=False, packages_select_test_failures=False, packages_skip_test_passed=False, packages_select=None, packages_skip=None, packages_select_regex=None, packages_skip_regex=None, packages_start=None, packages_end=None, allow_overriding=[], cmake_args=None, cmake_target=None, cmake_target_skip_unavailable=False, cmake_clean_cache=False, cmake_clean_first=False, cmake_force_configure=False, ament_cmake_args=None, catkin_cmake_args=None, catkin_skip_building_tests=False, mixin_files=None, mixin=None, verb_parser=<colcon_mixin.mixin.mixin_argument.MixinArgumentDecorator object at 0x765115c3ddc0>, verb_extension=<colcon_core.verb.build.BuildVerb object at 0x765115db6540>, main=<bound method BuildVerb.main of <colcon_core.verb.build.BuildVerb object at 0x765115db6540>>, mixin_verb=('build',))
[0.073s] Level 1:colcon.colcon_core.package_discovery:discover_packages(colcon_meta) check parameters
[0.073s] Level 1:colcon.colcon_core.package_discovery:discover_packages(recursive) check parameters
[0.073s] Level 1:colcon.colcon_core.package_discovery:discover_packages(ignore) check parameters
[0.073s] Level 1:colcon.colcon_core.package_discovery:discover_packages(path) check parameters
[0.073s] Level 1:colcon.colcon_core.package_discovery:discover_packages(colcon_meta) discover
[0.073s] Level 1:colcon.colcon_core.package_discovery:discover_packages(recursive) discover
[0.073s] INFO:colcon.colcon_core.package_discovery:Crawling recursively for packages in '/home/leeky16498/ros2_ws/src'
[0.073s] Level 1:colcon.colcon_core.package_identification:_identify(.) by extensions ['ignore', 'ignore_ament_install']
[0.073s] Level 1:colcon.colcon_core.package_identification:_identify(.) by extension 'ignore'
[0.073s] Level 1:colcon.colcon_core.package_identification:_identify(.) by extension 'ignore_ament_install'
[0.073s] Level 1:colcon.colcon_core.package_identification:_identify(.) by extensions ['colcon_pkg']
[0.073s] Level 1:colcon.colcon_core.package_identification:_identify(.) by extension 'colcon_pkg'
[0.073s] Level 1:colcon.colcon_core.package_identification:_identify(.) by extensions ['colcon_meta']
[0.073s] Level 1:colcon.colcon_core.package_identification:_identify(.) by extension 'colcon_meta'
[0.073s] Level 1:colcon.colcon_core.package_identification:_identify(.) by extensions ['ros']
[0.073s] Level 1:colcon.colcon_core.package_identification:_identify(.) by extension 'ros'
[0.086s] Level 1:colcon.colcon_core.package_identification:_identify(.) by extensions ['cmake', 'python']
[0.086s] Level 1:colcon.colcon_core.package_identification:_identify(.) by extension 'cmake'
[0.086s] Level 1:colcon.colcon_core.package_identification:_identify(.) by extension 'python'
[0.086s] Level 1:colcon.colcon_core.package_identification:_identify(.) by extensions ['python_setup_py']
[0.086s] Level 1:colcon.colcon_core.package_identification:_identify(.) by extension 'python_setup_py'
[0.086s] Level 1:colcon.colcon_core.package_identification:_identify(build) by extensions ['ignore', 'ignore_ament_install']
[0.086s] Level 1:colcon.colcon_core.package_identification:_identify(build) by extension 'ignore'
[0.087s] Level 1:colcon.colcon_core.package_identification:_identify(build) ignored
[0.087s] Level 1:colcon.colcon_core.package_identification:_identify(install) by extensions ['ignore', 'ignore_ament_install']
[0.087s] Level 1:colcon.colcon_core.package_identification:_identify(install) by extension 'ignore'
[0.087s] Level 1:colcon.colcon_core.package_identification:_identify(install) ignored
[0.087s] Level 1:colcon.colcon_core.package_identification:_identify(log) by extensions ['ignore', 'ignore_ament_install']
[0.087s] Level 1:colcon.colcon_core.package_identification:_identify(log) by extension 'ignore'
[0.087s] Level 1:colcon.colcon_core.package_identification:_identify(log) ignored
[0.087s] Level 1:colcon.colcon_core.package_identification:_identify(my_py_pkg) by extensions ['ignore', 'ignore_ament_install']
[0.087s] Level 1:colcon.colcon_core.package_identification:_identify(my_py_pkg) by extension 'ignore'
[0.087s] Level 1:colcon.colcon_core.package_identification:_identify(my_py_pkg) by extension 'ignore_ament_install'
[0.087s] Level 1:colcon.colcon_core.package_identification:_identify(my_py_pkg) by extensions ['colcon_pkg']
[0.087s] Level 1:colcon.colcon_core.package_identification:_identify(my_py_pkg) by extension 'colcon_pkg'
[0.087s] Level 1:colcon.colcon_core.package_identification:_identify(my_py_pkg) by extensions ['colcon_meta']
[0.087s] Level 1:colcon.colcon_core.package_identification:_identify(my_py_pkg) by extension 'colcon_meta'
[0.087s] Level 1:colcon.colcon_core.package_identification:_identify(my_py_pkg) by extensions ['ros']
[0.087s] Level 1:colcon.colcon_core.package_identification:_identify(my_py_pkg) by extension 'ros'
[0.088s] DEBUG:colcon.colcon_core.package_identification:Package 'my_py_pkg' with type 'ros.ament_python' and name 'my_py_pkg'
[0.088s] Level 1:colcon.colcon_core.package_identification:_identify(my_robot_bringup) by extensions ['ignore', 'ignore_ament_install']
[0.088s] Level 1:colcon.colcon_core.package_identification:_identify(my_robot_bringup) by extension 'ignore'
[0.088s] Level 1:colcon.colcon_core.package_identification:_identify(my_robot_bringup) by extension 'ignore_ament_install'
[0.088s] Level 1:colcon.colcon_core.package_identification:_identify(my_robot_bringup) by extensions ['colcon_pkg']
[0.088s] Level 1:colcon.colcon_core.package_identification:_identify(my_robot_bringup) by extension 'colcon_pkg'
[0.088s] Level 1:colcon.colcon_core.package_identification:_identify(my_robot_bringup) by extensions ['colcon_meta']
[0.088s] Level 1:colcon.colcon_core.package_identification:_identify(my_robot_bringup) by extension 'colcon_meta'
[0.088s] Level 1:colcon.colcon_core.package_identification:_identify(my_robot_bringup) by extensions ['ros']
[0.088s] Level 1:colcon.colcon_core.package_identification:_identify(my_robot_bringup) by extension 'ros'
[0.089s] DEBUG:colcon.colcon_core.package_identification:Package 'my_robot_bringup' with type 'ros.ament_cmake' and name 'my_robot_bringup'
[0.089s] Level 1:colcon.colcon_core.package_identification:_identify(my_robot_interfaces) by extensions ['ignore', 'ignore_ament_install']
[0.089s] Level 1:colcon.colcon_core.package_identification:_identify(my_robot_interfaces) by extension 'ignore'
[0.089s] Level 1:colcon.colcon_core.package_identification:_identify(my_robot_interfaces) by extension 'ignore_ament_install'
[0.089s] Level 1:colcon.colcon_core.package_identification:_identify(my_robot_interfaces) by extensions ['colcon_pkg']
[0.089s] Level 1:colcon.colcon_core.package_identification:_identify(my_robot_interfaces) by extension 'colcon_pkg'
[0.089s] Level 1:colcon.colcon_core.package_identification:_identify(my_robot_interfaces) by extensions ['colcon_meta']
[0.089s] Level 1:colcon.colcon_core.package_identification:_identify(my_robot_interfaces) by extension 'colcon_meta'
[0.089s] Level 1:colcon.colcon_core.package_identification:_identify(my_robot_interfaces) by extensions ['ros']
[0.089s] Level 1:colcon.colcon_core.package_identification:_identify(my_robot_interfaces) by extension 'ros'
[0.089s] DEBUG:colcon.colcon_core.package_identification:Package 'my_robot_interfaces' with type 'ros.ament_cmake' and name 'my_robot_interfaces'
[0.089s] Level 1:colcon.colcon_core.package_discovery:discover_packages(recursive) using defaults
[0.089s] Level 1:colcon.colcon_core.package_discovery:discover_packages(ignore) discover
[0.089s] Level 1:colcon.colcon_core.package_discovery:discover_packages(ignore) using defaults
[0.089s] Level 1:colcon.colcon_core.package_discovery:discover_packages(path) discover
[0.089s] Level 1:colcon.colcon_core.package_discovery:discover_packages(path) using defaults
[0.098s] Level 1:colcon.colcon_core.package_discovery:discover_packages(prefix_path) check parameters
[0.098s] Level 1:colcon.colcon_core.package_discovery:discover_packages(prefix_path) discover
[0.099s] DEBUG:colcon.colcon_installed_package_information.package_discovery:Found 3 installed packages in /home/leeky16498/ros2_ws/install
[0.099s] DEBUG:colcon.colcon_installed_package_information.package_discovery:Found 285 installed packages in /opt/ros/jazzy
[0.100s] Level 1:colcon.colcon_core.package_discovery:discover_packages(prefix_path) using defaults
[0.117s] Level 5:colcon.colcon_core.verb:set package 'my_robot_interfaces' build argument 'cmake_args' from command line to 'None'
[0.117s] Level 5:colcon.colcon_core.verb:set package 'my_robot_interfaces' build argument 'cmake_target' from command line to 'None'
[0.117s] Level 5:colcon.colcon_core.verb:set package 'my_robot_interfaces' build argument 'cmake_target_skip_unavailable' from command line to 'False'
[0.117s] Level 5:colcon.colcon_core.verb:set package 'my_robot_interfaces' build argument 'cmake_clean_cache' from command line to 'False'
[0.117s] Level 5:colcon.colcon_core.verb:set package 'my_robot_interfaces' build argument 'cmake_clean_first' from command line to 'False'
[0.117s] Level 5:colcon.colcon_core.verb:set package 'my_robot_interfaces' build argument 'cmake_force_configure' from command line to 'False'
[0.117s] Level 5:colcon.colcon_core.verb:set package 'my_robot_interfaces' build argument 'ament_cmake_args' from command line to 'None'
[0.117s] Level 5:colcon.colcon_core.verb:set package 'my_robot_interfaces' build argument 'catkin_cmake_args' from command line to 'None'
[0.117s] Level 5:colcon.colcon_core.verb:set package 'my_robot_interfaces' build argument 'catkin_skip_building_tests' from command line to 'False'
[0.117s] DEBUG:colcon.colcon_core.verb:Building package 'my_robot_interfaces' with the following arguments: {'ament_cmake_args': None, 'build_base': '/home/leeky16498/ros2_ws/src/build/my_robot_interfaces', 'catkin_cmake_args': None, 'catkin_skip_building_tests': False, 'cmake_args': None, 'cmake_clean_cache': False, 'cmake_clean_first': False, 'cmake_force_configure': False, 'cmake_target': None, 'cmake_target_skip_unavailable': False, 'install_base': '/home/leeky16498/ros2_ws/src/install/my_robot_interfaces', 'merge_install': False, 'path': '/home/leeky16498/ros2_ws/src/my_robot_interfaces', 'symlink_install': False, 'test_result_base': None}
[0.117s] Level 5:colcon.colcon_core.verb:set package 'my_py_pkg' build argument 'cmake_args' from command line to 'None'
[0.117s] Level 5:colcon.colcon_core.verb:set package 'my_py_pkg' build argument 'cmake_target' from command line to 'None'
[0.117s] Level 5:colcon.colcon_core.verb:set package 'my_py_pkg' build argument 'cmake_target_skip_unavailable' from command line to 'False'
[0.117s] Level 5:colcon.colcon_core.verb:set package 'my_py_pkg' build argument 'cmake_clean_cache' from command line to 'False'
[0.117s] Level 5:colcon.colcon_core.verb:set package 'my_py_pkg' build argument 'cmake_clean_first' from command line to 'False'
[0.117s] Level 5:colcon.colcon_core.verb:set package 'my_py_pkg' build argument 'cmake_force_configure' from command line to 'False'
[0.117s] Level 5:colcon.colcon_core.verb:set package 'my_py_pkg' build argument 'ament_cmake_args' from command line to 'None'
[0.117s] Level 5:colcon.colcon_core.verb:set package 'my_py_pkg' build argument 'catkin_cmake_args' from command line to 'None'
[0.117s] Level 5:colcon.colcon_core.verb:set package 'my_py_pkg' build argument 'catkin_skip_building_tests' from command line to 'False'
[0.117s] DEBUG:colcon.colcon_core.verb:Building package 'my_py_pkg' with the following arguments: {'ament_cmake_args': None, 'build_base': '/home/leeky16498/ros2_ws/src/build/my_py_pkg', 'catkin_cmake_args': None, 'catkin_skip_building_tests': False, 'cmake_args': None, 'cmake_clean_cache': False, 'cmake_clean_first': False, 'cmake_force_configure': False, 'cmake_target': None, 'cmake_target_skip_unavailable': False, 'install_base': '/home/leeky16498/ros2_ws/src/install/my_py_pkg', 'merge_install': False, 'path': '/home/leeky16498/ros2_ws/src/my_py_pkg', 'symlink_install': False, 'test_result_base': None}
[0.117s] Level 5:colcon.colcon_core.verb:set package 'my_robot_bringup' build argument 'cmake_args' from command line to 'None'
[0.117s] Level 5:colcon.colcon_core.verb:set package 'my_robot_bringup' build argument 'cmake_target' from command line to 'None'
[0.117s] Level 5:colcon.colcon_core.verb:set package 'my_robot_bringup' build argument 'cmake_target_skip_unavailable' from command line to 'False'
[0.117s] Level 5:colcon.colcon_core.verb:set package 'my_robot_bringup' build argument 'cmake_clean_cache' from command line to 'False'
[0.117s] Level 5:colcon.colcon_core.verb:set package 'my_robot_bringup' build argument 'cmake_clean_first' from command line to 'False'
[0.117s] Level 5:colcon.colcon_core.verb:set package 'my_robot_bringup' build argument 'cmake_force_configure' from command line to 'False'
[0.117s] Level 5:colcon.colcon_core.verb:set package 'my_robot_bringup' build argument 'ament_cmake_args' from command line to 'None'
[0.117s] Level 5:colcon.colcon_core.verb:set package 'my_robot_bringup' build argument 'catkin_cmake_args' from command line to 'None'
[0.117s] Level 5:colcon.colcon_core.verb:set package 'my_robot_bringup' build argument 'catkin_skip_building_tests' from command line to 'False'
[0.117s] DEBUG:colcon.colcon_core.verb:Building package 'my_robot_bringup' with the following arguments: {'ament_cmake_args': None, 'build_base': '/home/leeky16498/ros2_ws/src/build/my_robot_bringup', 'catkin_cmake_args': None, 'catkin_skip_building_tests': False, 'cmake_args': None, 'cmake_clean_cache': False, 'cmake_clean_first': False, 'cmake_force_configure': False, 'cmake_target': None, 'cmake_target_skip_unavailable': False, 'install_base': '/home/leeky16498/ros2_ws/src/install/my_robot_bringup', 'merge_install': False, 'path': '/home/leeky16498/ros2_ws/src/my_robot_bringup', 'symlink_install': False, 'test_result_base': None}
[0.118s] INFO:colcon.colcon_core.executor:Executing jobs using 'parallel' executor
[0.118s] DEBUG:colcon.colcon_parallel_executor.executor.parallel:run_until_complete
[0.118s] INFO:colcon.colcon_ros.task.ament_cmake.build:Building ROS package in '/home/leeky16498/ros2_ws/src/my_robot_interfaces' with build type 'ament_cmake'
[0.118s] INFO:colcon.colcon_cmake.task.cmake.build:Building CMake package in '/home/leeky16498/ros2_ws/src/my_robot_interfaces'
[0.120s] INFO:colcon.colcon_core.plugin_system:Skipping extension 'colcon_core.shell.bat': Not used on non-Windows systems
[0.120s] INFO:colcon.colcon_core.shell:Skip shell extension 'powershell' for command environment: Not usable outside of PowerShell
[0.120s] DEBUG:colcon.colcon_core.shell:Skip shell extension 'dsv' for command environment
[0.124s] DEBUG:colcon.colcon_core.event_handler.log_command:Invoking command in '/home/leeky16498/ros2_ws/src/build/my_robot_interfaces': CMAKE_PREFIX_PATH=${CMAKE_PREFIX_PATH}:/home/leeky16498/ros2_ws/install/my_py_pkg:/opt/ros/jazzy DEBUGINFOD_URLS=https://debuginfod.ubuntu.com /usr/bin/cmake /home/leeky16498/ros2_ws/src/my_robot_interfaces -DCMAKE_INSTALL_PREFIX=/home/leeky16498/ros2_ws/src/install/my_robot_interfaces
[2.336s] DEBUG:colcon.colcon_core.event_handler.log_command:Invoked command in '/home/leeky16498/ros2_ws/src/build/my_robot_interfaces' returned '0': CMAKE_PREFIX_PATH=${CMAKE_PREFIX_PATH}:/home/leeky16498/ros2_ws/install/my_py_pkg:/opt/ros/jazzy DEBUGINFOD_URLS=https://debuginfod.ubuntu.com /usr/bin/cmake /home/leeky16498/ros2_ws/src/my_robot_interfaces -DCMAKE_INSTALL_PREFIX=/home/leeky16498/ros2_ws/src/install/my_robot_interfaces
[2.337s] DEBUG:colcon.colcon_core.event_handler.log_command:Invoking command in '/home/leeky16498/ros2_ws/src/build/my_robot_interfaces': CMAKE_PREFIX_PATH=${CMAKE_PREFIX_PATH}:/home/leeky16498/ros2_ws/install/my_py_pkg:/opt/ros/jazzy DEBUGINFOD_URLS=https://debuginfod.ubuntu.com /usr/bin/cmake --build /home/leeky16498/ros2_ws/src/build/my_robot_interfaces -- -j8 -l8
[4.492s] DEBUG:colcon.colcon_core.event_handler.log_command:Invoked command in '/home/leeky16498/ros2_ws/src/build/my_robot_interfaces' returned '0': CMAKE_PREFIX_PATH=${CMAKE_PREFIX_PATH}:/home/leeky16498/ros2_ws/install/my_py_pkg:/opt/ros/jazzy DEBUGINFOD_URLS=https://debuginfod.ubuntu.com /usr/bin/cmake --build /home/leeky16498/ros2_ws/src/build/my_robot_interfaces -- -j8 -l8
[4.501s] DEBUG:colcon.colcon_core.event_handler.log_command:Invoking command in '/home/leeky16498/ros2_ws/src/build/my_robot_interfaces': CMAKE_PREFIX_PATH=${CMAKE_PREFIX_PATH}:/home/leeky16498/ros2_ws/install/my_py_pkg:/opt/ros/jazzy DEBUGINFOD_URLS=https://debuginfod.ubuntu.com /usr/bin/cmake --install /home/leeky16498/ros2_ws/src/build/my_robot_interfaces
[4.546s] Level 1:colcon.colcon_core.environment:create_environment_scripts_only(my_robot_interfaces)
[4.546s] DEBUG:colcon.colcon_core.event_handler.log_command:Invoked command in '/home/leeky16498/ros2_ws/src/build/my_robot_interfaces' returned '0': CMAKE_PREFIX_PATH=${CMAKE_PREFIX_PATH}:/home/leeky16498/ros2_ws/install/my_py_pkg:/opt/ros/jazzy DEBUGINFOD_URLS=https://debuginfod.ubuntu.com /usr/bin/cmake --install /home/leeky16498/ros2_ws/src/build/my_robot_interfaces
[4.547s] Level 1:colcon.colcon_core.environment:checking '/home/leeky16498/ros2_ws/src/install/my_robot_interfaces' for CMake module files
[4.547s] Level 1:colcon.colcon_core.environment:checking '/home/leeky16498/ros2_ws/src/install/my_robot_interfaces' for CMake config files
[4.548s] Level 1:colcon.colcon_core.shell:create_environment_hook('my_robot_interfaces', 'cmake_prefix_path')
[4.548s] INFO:colcon.colcon_core.shell:Creating environment hook '/home/leeky16498/ros2_ws/src/install/my_robot_interfaces/share/my_robot_interfaces/hook/cmake_prefix_path.ps1'
[4.548s] INFO:colcon.colcon_core.shell:Creating environment descriptor '/home/leeky16498/ros2_ws/src/install/my_robot_interfaces/share/my_robot_interfaces/hook/cmake_prefix_path.dsv'
[4.548s] INFO:colcon.colcon_core.shell:Creating environment hook '/home/leeky16498/ros2_ws/src/install/my_robot_interfaces/share/my_robot_interfaces/hook/cmake_prefix_path.sh'
[4.548s] Level 1:colcon.colcon_core.environment:checking '/home/leeky16498/ros2_ws/src/install/my_robot_interfaces/lib'
[4.549s] Level 1:colcon.colcon_core.shell:create_environment_hook('my_robot_interfaces', 'ld_library_path_lib')
[4.549s] INFO:colcon.colcon_core.shell:Creating environment hook '/home/leeky16498/ros2_ws/src/install/my_robot_interfaces/share/my_robot_interfaces/hook/ld_library_path_lib.ps1'
[4.549s] INFO:colcon.colcon_core.shell:Creating environment descriptor '/home/leeky16498/ros2_ws/src/install/my_robot_interfaces/share/my_robot_interfaces/hook/ld_library_path_lib.dsv'
[4.549s] INFO:colcon.colcon_core.shell:Creating environment hook '/home/leeky16498/ros2_ws/src/install/my_robot_interfaces/share/my_robot_interfaces/hook/ld_library_path_lib.sh'
[4.549s] Level 1:colcon.colcon_core.environment:checking '/home/leeky16498/ros2_ws/src/install/my_robot_interfaces/bin'
[4.549s] Level 1:colcon.colcon_core.environment:checking '/home/leeky16498/ros2_ws/src/install/my_robot_interfaces/lib/pkgconfig/my_robot_interfaces.pc'
[4.549s] Level 1:colcon.colcon_core.environment:checking '/home/leeky16498/ros2_ws/src/install/my_robot_interfaces/lib/python3.12/site-packages'
[4.549s] Level 1:colcon.colcon_core.shell:create_environment_hook('my_robot_interfaces', 'pythonpath')
[4.549s] INFO:colcon.colcon_core.shell:Creating environment hook '/home/leeky16498/ros2_ws/src/install/my_robot_interfaces/share/my_robot_interfaces/hook/pythonpath.ps1'
[4.549s] INFO:colcon.colcon_core.shell:Creating environment descriptor '/home/leeky16498/ros2_ws/src/install/my_robot_interfaces/share/my_robot_interfaces/hook/pythonpath.dsv'
[4.550s] INFO:colcon.colcon_core.shell:Creating environment hook '/home/leeky16498/ros2_ws/src/install/my_robot_interfaces/share/my_robot_interfaces/hook/pythonpath.sh'
[4.550s] Level 1:colcon.colcon_core.environment:checking '/home/leeky16498/ros2_ws/src/install/my_robot_interfaces/bin'
[4.550s] INFO:colcon.colcon_core.shell:Creating package script '/home/leeky16498/ros2_ws/src/install/my_robot_interfaces/share/my_robot_interfaces/package.ps1'
[4.550s] INFO:colcon.colcon_core.shell:Creating package descriptor '/home/leeky16498/ros2_ws/src/install/my_robot_interfaces/share/my_robot_interfaces/package.dsv'
[4.550s] INFO:colcon.colcon_core.shell:Creating package script '/home/leeky16498/ros2_ws/src/install/my_robot_interfaces/share/my_robot_interfaces/package.sh'
[4.551s] INFO:colcon.colcon_core.shell:Creating package script '/home/leeky16498/ros2_ws/src/install/my_robot_interfaces/share/my_robot_interfaces/package.bash'
[4.551s] INFO:colcon.colcon_core.shell:Creating package script '/home/leeky16498/ros2_ws/src/install/my_robot_interfaces/share/my_robot_interfaces/package.zsh'
[4.551s] Level 1:colcon.colcon_core.environment:create_file_with_runtime_dependencies(/home/leeky16498/ros2_ws/src/install/my_robot_interfaces/share/colcon-core/packages/my_robot_interfaces)
[4.551s] Level 1:colcon.colcon_core.environment:create_environment_scripts_only(my_robot_interfaces)
[4.551s] Level 1:colcon.colcon_core.environment:checking '/home/leeky16498/ros2_ws/src/install/my_robot_interfaces' for CMake module files
[4.552s] Level 1:colcon.colcon_core.environment:checking '/home/leeky16498/ros2_ws/src/install/my_robot_interfaces' for CMake config files
[4.552s] Level 1:colcon.colcon_core.shell:create_environment_hook('my_robot_interfaces', 'cmake_prefix_path')
[4.552s] INFO:colcon.colcon_core.shell:Creating environment hook '/home/leeky16498/ros2_ws/src/install/my_robot_interfaces/share/my_robot_interfaces/hook/cmake_prefix_path.ps1'
[4.552s] INFO:colcon.colcon_core.shell:Creating environment descriptor '/home/leeky16498/ros2_ws/src/install/my_robot_interfaces/share/my_robot_interfaces/hook/cmake_prefix_path.dsv'
[4.552s] INFO:colcon.colcon_core.shell:Creating environment hook '/home/leeky16498/ros2_ws/src/install/my_robot_interfaces/share/my_robot_interfaces/hook/cmake_prefix_path.sh'
[4.552s] Level 1:colcon.colcon_core.environment:checking '/home/leeky16498/ros2_ws/src/install/my_robot_interfaces/lib'
[4.552s] Level 1:colcon.colcon_core.shell:create_environment_hook('my_robot_interfaces', 'ld_library_path_lib')
[4.553s] INFO:colcon.colcon_core.shell:Creating environment hook '/home/leeky16498/ros2_ws/src/install/my_robot_interfaces/share/my_robot_interfaces/hook/ld_library_path_lib.ps1'
[4.553s] INFO:colcon.colcon_core.shell:Creating environment descriptor '/home/leeky16498/ros2_ws/src/install/my_robot_interfaces/share/my_robot_interfaces/hook/ld_library_path_lib.dsv'
[4.553s] INFO:colcon.colcon_core.shell:Creating environment hook '/home/leeky16498/ros2_ws/src/install/my_robot_interfaces/share/my_robot_interfaces/hook/ld_library_path_lib.sh'
[4.553s] Level 1:colcon.colcon_core.environment:checking '/home/leeky16498/ros2_ws/src/install/my_robot_interfaces/bin'
[4.553s] Level 1:colcon.colcon_core.environment:checking '/home/leeky16498/ros2_ws/src/install/my_robot_interfaces/lib/pkgconfig/my_robot_interfaces.pc'
[4.553s] Level 1:colcon.colcon_core.environment:checking '/home/leeky16498/ros2_ws/src/install/my_robot_interfaces/lib/python3.12/site-packages'
[4.553s] Level 1:colcon.colcon_core.shell:create_environment_hook('my_robot_interfaces', 'pythonpath')
[4.553s] INFO:colcon.colcon_core.shell:Creating environment hook '/home/leeky16498/ros2_ws/src/install/my_robot_interfaces/share/my_robot_interfaces/hook/pythonpath.ps1'
[4.554s] INFO:colcon.colcon_core.shell:Creating environment descriptor '/home/leeky16498/ros2_ws/src/install/my_robot_interfaces/share/my_robot_interfaces/hook/pythonpath.dsv'
[4.554s] INFO:colcon.colcon_core.shell:Creating environment hook '/home/leeky16498/ros2_ws/src/install/my_robot_interfaces/share/my_robot_interfaces/hook/pythonpath.sh'
[4.554s] Level 1:colcon.colcon_core.environment:checking '/home/leeky16498/ros2_ws/src/install/my_robot_interfaces/bin'
[4.554s] INFO:colcon.colcon_core.shell:Creating package script '/home/leeky16498/ros2_ws/src/install/my_robot_interfaces/share/my_robot_interfaces/package.ps1'
[4.554s] INFO:colcon.colcon_core.shell:Creating package descriptor '/home/leeky16498/ros2_ws/src/install/my_robot_interfaces/share/my_robot_interfaces/package.dsv'
[4.555s] INFO:colcon.colcon_core.shell:Creating package script '/home/leeky16498/ros2_ws/src/install/my_robot_interfaces/share/my_robot_interfaces/package.sh'
[4.555s] INFO:colcon.colcon_core.shell:Creating package script '/home/leeky16498/ros2_ws/src/install/my_robot_interfaces/share/my_robot_interfaces/package.bash'
[4.555s] INFO:colcon.colcon_core.shell:Creating package script '/home/leeky16498/ros2_ws/src/install/my_robot_interfaces/share/my_robot_interfaces/package.zsh'
[4.555s] Level 1:colcon.colcon_core.environment:create_file_with_runtime_dependencies(/home/leeky16498/ros2_ws/src/install/my_robot_interfaces/share/colcon-core/packages/my_robot_interfaces)
[4.555s] INFO:colcon.colcon_ros.task.ament_python.build:Building ROS package in '/home/leeky16498/ros2_ws/src/my_py_pkg' with build type 'ament_python'
[4.555s] Level 1:colcon.colcon_core.shell:create_environment_hook('my_py_pkg', 'ament_prefix_path')
[4.555s] INFO:colcon.colcon_core.shell:Creating environment hook '/home/leeky16498/ros2_ws/src/install/my_py_pkg/share/my_py_pkg/hook/ament_prefix_path.ps1'
[4.556s] INFO:colcon.colcon_core.shell:Creating environment descriptor '/home/leeky16498/ros2_ws/src/install/my_py_pkg/share/my_py_pkg/hook/ament_prefix_path.dsv'
[4.556s] INFO:colcon.colcon_core.shell:Creating environment hook '/home/leeky16498/ros2_ws/src/install/my_py_pkg/share/my_py_pkg/hook/ament_prefix_path.sh'
[4.557s] INFO:colcon.colcon_core.shell:Skip shell extension 'powershell' for command environment: Not usable outside of PowerShell
[4.557s] DEBUG:colcon.colcon_core.shell:Skip shell extension 'dsv' for command environment
[4.661s] INFO:colcon.colcon_core.task.python.build:Building Python package in '/home/leeky16498/ros2_ws/src/my_py_pkg'
[4.662s] INFO:colcon.colcon_core.shell:Skip shell extension 'powershell' for command environment: Not usable outside of PowerShell
[4.662s] DEBUG:colcon.colcon_core.shell:Skip shell extension 'dsv' for command environment
[4.926s] DEBUG:colcon.colcon_core.event_handler.log_command:Invoking command in '/home/leeky16498/ros2_ws/src/my_py_pkg': AMENT_PREFIX_PATH=/home/leeky16498/ros2_ws/src/install/my_robot_interfaces:${AMENT_PREFIX_PATH} CMAKE_PREFIX_PATH=/home/leeky16498/ros2_ws/src/install/my_robot_interfaces:${CMAKE_PREFIX_PATH} DEBUGINFOD_URLS=https://debuginfod.ubuntu.com LD_LIBRARY_PATH=/home/leeky16498/ros2_ws/src/install/my_robot_interfaces/lib:${LD_LIBRARY_PATH} PYTHONPATH=/home/leeky16498/ros2_ws/src/build/my_py_pkg/prefix_override:/usr/lib/python3/dist-packages/colcon_core/task/python/colcon_distutils_commands:/home/leeky16498/ros2_ws/src/install/my_py_pkg/lib/python3.12/site-packages:/home/leeky16498/ros2_ws/src/install/my_robot_interfaces/lib/python3.12/site-packages:${PYTHONPATH} /usr/bin/python3 -W ignore:setup.py install is deprecated -W ignore:easy_install command is deprecated setup.py egg_info --egg-base ../build/my_py_pkg build --build-base /home/leeky16498/ros2_ws/src/build/my_py_pkg/build install --record /home/leeky16498/ros2_ws/src/build/my_py_pkg/install.log --single-version-externally-managed install_data
[5.167s] Level 1:colcon.colcon_core.environment:checking '/home/leeky16498/ros2_ws/src/install/my_py_pkg' for CMake module files
[5.167s] DEBUG:colcon.colcon_core.event_handler.log_command:Invoked command in '/home/leeky16498/ros2_ws/src/my_py_pkg' returned '0': AMENT_PREFIX_PATH=/home/leeky16498/ros2_ws/src/install/my_robot_interfaces:${AMENT_PREFIX_PATH} CMAKE_PREFIX_PATH=/home/leeky16498/ros2_ws/src/install/my_robot_interfaces:${CMAKE_PREFIX_PATH} DEBUGINFOD_URLS=https://debuginfod.ubuntu.com LD_LIBRARY_PATH=/home/leeky16498/ros2_ws/src/install/my_robot_interfaces/lib:${LD_LIBRARY_PATH} PYTHONPATH=/home/leeky16498/ros2_ws/src/build/my_py_pkg/prefix_override:/usr/lib/python3/dist-packages/colcon_core/task/python/colcon_distutils_commands:/home/leeky16498/ros2_ws/src/install/my_py_pkg/lib/python3.12/site-packages:/home/leeky16498/ros2_ws/src/install/my_robot_interfaces/lib/python3.12/site-packages:${PYTHONPATH} /usr/bin/python3 -W ignore:setup.py install is deprecated -W ignore:easy_install command is deprecated setup.py egg_info --egg-base ../build/my_py_pkg build --build-base /home/leeky16498/ros2_ws/src/build/my_py_pkg/build install --record /home/leeky16498/ros2_ws/src/build/my_py_pkg/install.log --single-version-externally-managed install_data
[5.167s] Level 1:colcon.colcon_core.environment:checking '/home/leeky16498/ros2_ws/src/install/my_py_pkg' for CMake config files
[5.167s] Level 1:colcon.colcon_core.environment:checking '/home/leeky16498/ros2_ws/src/install/my_py_pkg/lib'
[5.167s] Level 1:colcon.colcon_core.environment:checking '/home/leeky16498/ros2_ws/src/install/my_py_pkg/bin'
[5.167s] Level 1:colcon.colcon_core.environment:checking '/home/leeky16498/ros2_ws/src/install/my_py_pkg/lib/pkgconfig/my_py_pkg.pc'
[5.168s] Level 1:colcon.colcon_core.environment:checking '/home/leeky16498/ros2_ws/src/install/my_py_pkg/lib/python3.12/site-packages'
[5.168s] Level 1:colcon.colcon_core.shell:create_environment_hook('my_py_pkg', 'pythonpath')
[5.168s] INFO:colcon.colcon_core.shell:Creating environment hook '/home/leeky16498/ros2_ws/src/install/my_py_pkg/share/my_py_pkg/hook/pythonpath.ps1'
[5.168s] INFO:colcon.colcon_core.shell:Creating environment descriptor '/home/leeky16498/ros2_ws/src/install/my_py_pkg/share/my_py_pkg/hook/pythonpath.dsv'
[5.168s] INFO:colcon.colcon_core.shell:Creating environment hook '/home/leeky16498/ros2_ws/src/install/my_py_pkg/share/my_py_pkg/hook/pythonpath.sh'
[5.168s] Level 1:colcon.colcon_core.environment:checking '/home/leeky16498/ros2_ws/src/install/my_py_pkg/bin'
[5.168s] Level 1:colcon.colcon_core.environment:create_environment_scripts_only(my_py_pkg)
[5.168s] INFO:colcon.colcon_core.shell:Creating package script '/home/leeky16498/ros2_ws/src/install/my_py_pkg/share/my_py_pkg/package.ps1'
[5.169s] INFO:colcon.colcon_core.shell:Creating package descriptor '/home/leeky16498/ros2_ws/src/install/my_py_pkg/share/my_py_pkg/package.dsv'
[5.169s] INFO:colcon.colcon_core.shell:Creating package script '/home/leeky16498/ros2_ws/src/install/my_py_pkg/share/my_py_pkg/package.sh'
[5.169s] INFO:colcon.colcon_core.shell:Creating package script '/home/leeky16498/ros2_ws/src/install/my_py_pkg/share/my_py_pkg/package.bash'
[5.169s] INFO:colcon.colcon_core.shell:Creating package script '/home/leeky16498/ros2_ws/src/install/my_py_pkg/share/my_py_pkg/package.zsh'
[5.169s] Level 1:colcon.colcon_core.environment:create_file_with_runtime_dependencies(/home/leeky16498/ros2_ws/src/install/my_py_pkg/share/colcon-core/packages/my_py_pkg)
[5.169s] INFO:colcon.colcon_ros.task.ament_cmake.build:Building ROS package in '/home/leeky16498/ros2_ws/src/my_robot_bringup' with build type 'ament_cmake'
[5.169s] INFO:colcon.colcon_cmake.task.cmake.build:Building CMake package in '/home/leeky16498/ros2_ws/src/my_robot_bringup'
[5.169s] INFO:colcon.colcon_core.shell:Skip shell extension 'powershell' for command environment: Not usable outside of PowerShell
[5.169s] DEBUG:colcon.colcon_core.shell:Skip shell extension 'dsv' for command environment
[5.176s] DEBUG:colcon.colcon_core.event_handler.log_command:Invoking command in '/home/leeky16498/ros2_ws/src/build/my_robot_bringup': AMENT_PREFIX_PATH=/home/leeky16498/ros2_ws/src/install/my_py_pkg:/home/leeky16498/ros2_ws/src/install/my_robot_interfaces:${AMENT_PREFIX_PATH} CMAKE_PREFIX_PATH=/home/leeky16498/ros2_ws/src/install/my_robot_interfaces:/home/leeky16498/ros2_ws/install/my_robot_bringup:/home/leeky16498/ros2_ws/install/my_robot_interfaces:/opt/ros/jazzy/opt/gz_math_vendor:/opt/ros/jazzy/opt/gz_utils_vendor:/opt/ros/jazzy/opt/gz_cmake_vendor:/home/leeky16498/ros2_ws/install/my_py_pkg:/opt/ros/jazzy DEBUGINFOD_URLS=https://debuginfod.ubuntu.com LD_LIBRARY_PATH=/home/leeky16498/ros2_ws/src/install/my_robot_interfaces/lib:${LD_LIBRARY_PATH} PYTHONPATH=/home/leeky16498/ros2_ws/src/install/my_py_pkg/lib/python3.12/site-packages:/home/leeky16498/ros2_ws/src/install/my_robot_interfaces/lib/python3.12/site-packages:${PYTHONPATH} /usr/bin/cmake /home/leeky16498/ros2_ws/src/my_robot_bringup -DCMAKE_INSTALL_PREFIX=/home/leeky16498/ros2_ws/src/install/my_robot_bringup
[5.699s] DEBUG:colcon.colcon_core.event_handler.log_command:Invoked command in '/home/leeky16498/ros2_ws/src/build/my_robot_bringup' returned '0': AMENT_PREFIX_PATH=/home/leeky16498/ros2_ws/src/install/my_py_pkg:/home/leeky16498/ros2_ws/src/install/my_robot_interfaces:${AMENT_PREFIX_PATH} CMAKE_PREFIX_PATH=/home/leeky16498/ros2_ws/src/install/my_robot_interfaces:/home/leeky16498/ros2_ws/install/my_robot_bringup:/home/leeky16498/ros2_ws/install/my_robot_interfaces:/opt/ros/jazzy/opt/gz_math_vendor:/opt/ros/jazzy/opt/gz_utils_vendor:/opt/ros/jazzy/opt/gz_cmake_vendor:/home/leeky16498/ros2_ws/install/my_py_pkg:/opt/ros/jazzy DEBUGINFOD_URLS=https://debuginfod.ubuntu.com LD_LIBRARY_PATH=/home/leeky16498/ros2_ws/src/install/my_robot_interfaces/lib:${LD_LIBRARY_PATH} PYTHONPATH=/home/leeky16498/ros2_ws/src/install/my_py_pkg/lib/python3.12/site-packages:/home/leeky16498/ros2_ws/src/install/my_robot_interfaces/lib/python3.12/site-packages:${PYTHONPATH} /usr/bin/cmake /home/leeky16498/ros2_ws/src/my_robot_bringup -DCMAKE_INSTALL_PREFIX=/home/leeky16498/ros2_ws/src/install/my_robot_bringup
[5.700s] DEBUG:colcon.colcon_core.event_handler.log_command:Invoking command in '/home/leeky16498/ros2_ws/src/build/my_robot_bringup': AMENT_PREFIX_PATH=/home/leeky16498/ros2_ws/src/install/my_py_pkg:/home/leeky16498/ros2_ws/src/install/my_robot_interfaces:${AMENT_PREFIX_PATH} CMAKE_PREFIX_PATH=/home/leeky16498/ros2_ws/src/install/my_robot_interfaces:/home/leeky16498/ros2_ws/install/my_robot_bringup:/home/leeky16498/ros2_ws/install/my_robot_interfaces:/opt/ros/jazzy/opt/gz_math_vendor:/opt/ros/jazzy/opt/gz_utils_vendor:/opt/ros/jazzy/opt/gz_cmake_vendor:/home/leeky16498/ros2_ws/install/my_py_pkg:/opt/ros/jazzy DEBUGINFOD_URLS=https://debuginfod.ubuntu.com LD_LIBRARY_PATH=/home/leeky16498/ros2_ws/src/install/my_robot_interfaces/lib:${LD_LIBRARY_PATH} PYTHONPATH=/home/leeky16498/ros2_ws/src/install/my_py_pkg/lib/python3.12/site-packages:/home/leeky16498/ros2_ws/src/install/my_robot_interfaces/lib/python3.12/site-packages:${PYTHONPATH} /usr/bin/cmake --build /home/leeky16498/ros2_ws/src/build/my_robot_bringup -- -j8 -l8
[5.724s] DEBUG:colcon.colcon_core.event_handler.log_command:Invoked command in '/home/leeky16498/ros2_ws/src/build/my_robot_bringup' returned '0': AMENT_PREFIX_PATH=/home/leeky16498/ros2_ws/src/install/my_py_pkg:/home/leeky16498/ros2_ws/src/install/my_robot_interfaces:${AMENT_PREFIX_PATH} CMAKE_PREFIX_PATH=/home/leeky16498/ros2_ws/src/install/my_robot_interfaces:/home/leeky16498/ros2_ws/install/my_robot_bringup:/home/leeky16498/ros2_ws/install/my_robot_interfaces:/opt/ros/jazzy/opt/gz_math_vendor:/opt/ros/jazzy/opt/gz_utils_vendor:/opt/ros/jazzy/opt/gz_cmake_vendor:/home/leeky16498/ros2_ws/install/my_py_pkg:/opt/ros/jazzy DEBUGINFOD_URLS=https://debuginfod.ubuntu.com LD_LIBRARY_PATH=/home/leeky16498/ros2_ws/src/install/my_robot_interfaces/lib:${LD_LIBRARY_PATH} PYTHONPATH=/home/leeky16498/ros2_ws/src/install/my_py_pkg/lib/python3.12/site-packages:/home/leeky16498/ros2_ws/src/install/my_robot_interfaces/lib/python3.12/site-packages:${PYTHONPATH} /usr/bin/cmake --build /home/leeky16498/ros2_ws/src/build/my_robot_bringup -- -j8 -l8
[5.725s] DEBUG:colcon.colcon_core.event_handler.log_command:Invoking command in '/home/leeky16498/ros2_ws/src/build/my_robot_bringup': AMENT_PREFIX_PATH=/home/leeky16498/ros2_ws/src/install/my_py_pkg:/home/leeky16498/ros2_ws/src/install/my_robot_interfaces:${AMENT_PREFIX_PATH} CMAKE_PREFIX_PATH=/home/leeky16498/ros2_ws/src/install/my_robot_interfaces:/home/leeky16498/ros2_ws/install/my_robot_bringup:/home/leeky16498/ros2_ws/install/my_robot_interfaces:/opt/ros/jazzy/opt/gz_math_vendor:/opt/ros/jazzy/opt/gz_utils_vendor:/opt/ros/jazzy/opt/gz_cmake_vendor:/home/leeky16498/ros2_ws/install/my_py_pkg:/opt/ros/jazzy DEBUGINFOD_URLS=https://debuginfod.ubuntu.com LD_LIBRARY_PATH=/home/leeky16498/ros2_ws/src/install/my_robot_interfaces/lib:${LD_LIBRARY_PATH} PYTHONPATH=/home/leeky16498/ros2_ws/src/install/my_py_pkg/lib/python3.12/site-packages:/home/leeky16498/ros2_ws/src/install/my_robot_interfaces/lib/python3.12/site-packages:${PYTHONPATH} /usr/bin/cmake --install /home/leeky16498/ros2_ws/src/build/my_robot_bringup
[5.731s] Level 1:colcon.colcon_core.environment:create_environment_scripts_only(my_robot_bringup)
[5.731s] DEBUG:colcon.colcon_core.event_handler.log_command:Invoked command in '/home/leeky16498/ros2_ws/src/build/my_robot_bringup' returned '0': AMENT_PREFIX_PATH=/home/leeky16498/ros2_ws/src/install/my_py_pkg:/home/leeky16498/ros2_ws/src/install/my_robot_interfaces:${AMENT_PREFIX_PATH} CMAKE_PREFIX_PATH=/home/leeky16498/ros2_ws/src/install/my_robot_interfaces:/home/leeky16498/ros2_ws/install/my_robot_bringup:/home/leeky16498/ros2_ws/install/my_robot_interfaces:/opt/ros/jazzy/opt/gz_math_vendor:/opt/ros/jazzy/opt/gz_utils_vendor:/opt/ros/jazzy/opt/gz_cmake_vendor:/home/leeky16498/ros2_ws/install/my_py_pkg:/opt/ros/jazzy DEBUGINFOD_URLS=https://debuginfod.ubuntu.com LD_LIBRARY_PATH=/home/leeky16498/ros2_ws/src/install/my_robot_interfaces/lib:${LD_LIBRARY_PATH} PYTHONPATH=/home/leeky16498/ros2_ws/src/install/my_py_pkg/lib/python3.12/site-packages:/home/leeky16498/ros2_ws/src/install/my_robot_interfaces/lib/python3.12/site-packages:${PYTHONPATH} /usr/bin/cmake --install /home/leeky16498/ros2_ws/src/build/my_robot_bringup
[5.731s] Level 1:colcon.colcon_core.environment:checking '/home/leeky16498/ros2_ws/src/install/my_robot_bringup' for CMake module files
[5.731s] Level 1:colcon.colcon_core.environment:checking '/home/leeky16498/ros2_ws/src/install/my_robot_bringup' for CMake config files
[5.731s] Level 1:colcon.colcon_core.shell:create_environment_hook('my_robot_bringup', 'cmake_prefix_path')
[5.731s] INFO:colcon.colcon_core.shell:Creating environment hook '/home/leeky16498/ros2_ws/src/install/my_robot_bringup/share/my_robot_bringup/hook/cmake_prefix_path.ps1'
[5.732s] INFO:colcon.colcon_core.shell:Creating environment descriptor '/home/leeky16498/ros2_ws/src/install/my_robot_bringup/share/my_robot_bringup/hook/cmake_prefix_path.dsv'
[5.732s] INFO:colcon.colcon_core.shell:Creating environment hook '/home/leeky16498/ros2_ws/src/install/my_robot_bringup/share/my_robot_bringup/hook/cmake_prefix_path.sh'
[5.732s] Level 1:colcon.colcon_core.environment:checking '/home/leeky16498/ros2_ws/src/install/my_robot_bringup/bin'
[5.732s] Level 1:colcon.colcon_core.environment:checking '/home/leeky16498/ros2_ws/src/install/my_robot_bringup/lib/pkgconfig/my_robot_bringup.pc'
[5.732s] Level 1:colcon.colcon_core.environment:checking '/home/leeky16498/ros2_ws/src/install/my_robot_bringup/lib/python3.12/site-packages'
[5.732s] Level 1:colcon.colcon_core.environment:checking '/home/leeky16498/ros2_ws/src/install/my_robot_bringup/bin'
[5.732s] INFO:colcon.colcon_core.shell:Creating package script '/home/leeky16498/ros2_ws/src/install/my_robot_bringup/share/my_robot_bringup/package.ps1'
[5.732s] INFO:colcon.colcon_core.shell:Creating package descriptor '/home/leeky16498/ros2_ws/src/install/my_robot_bringup/share/my_robot_bringup/package.dsv'
[5.733s] INFO:colcon.colcon_core.shell:Creating package script '/home/leeky16498/ros2_ws/src/install/my_robot_bringup/share/my_robot_bringup/package.sh'
[5.733s] INFO:colcon.colcon_core.shell:Creating package script '/home/leeky16498/ros2_ws/src/install/my_robot_bringup/share/my_robot_bringup/package.bash'
[5.733s] INFO:colcon.colcon_core.shell:Creating package script '/home/leeky16498/ros2_ws/src/install/my_robot_bringup/share/my_robot_bringup/package.zsh'
[5.733s] Level 1:colcon.colcon_core.environment:create_file_with_runtime_dependencies(/home/leeky16498/ros2_ws/src/install/my_robot_bringup/share/colcon-core/packages/my_robot_bringup)
[5.733s] Level 1:colcon.colcon_core.environment:create_environment_scripts_only(my_robot_bringup)
[5.733s] Level 1:colcon.colcon_core.environment:checking '/home/leeky16498/ros2_ws/src/install/my_robot_bringup' for CMake module files
[5.734s] Level 1:colcon.colcon_core.environment:checking '/home/leeky16498/ros2_ws/src/install/my_robot_bringup' for CMake config files
[5.734s] Level 1:colcon.colcon_core.shell:create_environment_hook('my_robot_bringup', 'cmake_prefix_path')
[5.734s] INFO:colcon.colcon_core.shell:Creating environment hook '/home/leeky16498/ros2_ws/src/install/my_robot_bringup/share/my_robot_bringup/hook/cmake_prefix_path.ps1'
[5.734s] INFO:colcon.colcon_core.shell:Creating environment descriptor '/home/leeky16498/ros2_ws/src/install/my_robot_bringup/share/my_robot_bringup/hook/cmake_prefix_path.dsv'
[5.734s] INFO:colcon.colcon_core.shell:Creating environment hook '/home/leeky16498/ros2_ws/src/install/my_robot_bringup/share/my_robot_bringup/hook/cmake_prefix_path.sh'
[5.734s] Level 1:colcon.colcon_core.environment:checking '/home/leeky16498/ros2_ws/src/install/my_robot_bringup/bin'
[5.734s] Level 1:colcon.colcon_core.environment:checking '/home/leeky16498/ros2_ws/src/install/my_robot_bringup/lib/pkgconfig/my_robot_bringup.pc'
[5.735s] Level 1:colcon.colcon_core.environment:checking '/home/leeky16498/ros2_ws/src/install/my_robot_bringup/lib/python3.12/site-packages'
[5.735s] Level 1:colcon.colcon_core.environment:checking '/home/leeky16498/ros2_ws/src/install/my_robot_bringup/bin'
[5.735s] INFO:colcon.colcon_core.shell:Creating package script '/home/leeky16498/ros2_ws/src/install/my_robot_bringup/share/my_robot_bringup/package.ps1'
[5.735s] INFO:colcon.colcon_core.shell:Creating package descriptor '/home/leeky16498/ros2_ws/src/install/my_robot_bringup/share/my_robot_bringup/package.dsv'
[5.735s] INFO:colcon.colcon_core.shell:Creating package script '/home/leeky16498/ros2_ws/src/install/my_robot_bringup/share/my_robot_bringup/package.sh'
[5.735s] INFO:colcon.colcon_core.shell:Creating package script '/home/leeky16498/ros2_ws/src/install/my_robot_bringup/share/my_robot_bringup/package.bash'
[5.735s] INFO:colcon.colcon_core.shell:Creating package script '/home/leeky16498/ros2_ws/src/install/my_robot_bringup/share/my_robot_bringup/package.zsh'
[5.736s] Level 1:colcon.colcon_core.environment:create_file_with_runtime_dependencies(/home/leeky16498/ros2_ws/src/install/my_robot_bringup/share/colcon-core/packages/my_robot_bringup)
[5.736s] DEBUG:colcon.colcon_parallel_executor.executor.parallel:closing loop
[5.736s] DEBUG:colcon.colcon_parallel_executor.executor.parallel:loop closed
[5.736s] DEBUG:colcon.colcon_parallel_executor.executor.parallel:run_until_complete finished with '0'
[5.736s] DEBUG:colcon.colcon_core.event_reactor:joining thread
[5.739s] INFO:colcon.colcon_core.plugin_system:Skipping extension 'colcon_notification.desktop_notification.terminal_notifier': Not used on non-Darwin systems
[5.739s] INFO:colcon.colcon_core.plugin_system:Skipping extension 'colcon_notification.desktop_notification.win32': Not used on non-Windows systems
[5.739s] INFO:colcon.colcon_notification.desktop_notification:Sending desktop notification using 'notify2'
[5.746s] DEBUG:colcon.colcon_core.event_reactor:joined thread
[5.746s] INFO:colcon.colcon_core.shell:Creating prefix script '/home/leeky16498/ros2_ws/src/install/local_setup.ps1'
[5.747s] INFO:colcon.colcon_core.shell:Creating prefix util module '/home/leeky16498/ros2_ws/src/install/_local_setup_util_ps1.py'
[5.747s] INFO:colcon.colcon_core.shell:Creating prefix chain script '/home/leeky16498/ros2_ws/src/install/setup.ps1'
[5.748s] INFO:colcon.colcon_core.shell:Creating prefix script '/home/leeky16498/ros2_ws/src/install/local_setup.sh'
[5.748s] INFO:colcon.colcon_core.shell:Creating prefix util module '/home/leeky16498/ros2_ws/src/install/_local_setup_util_sh.py'
[5.748s] INFO:colcon.colcon_core.shell:Creating prefix chain script '/home/leeky16498/ros2_ws/src/install/setup.sh'
[5.749s] INFO:colcon.colcon_core.shell:Creating prefix script '/home/leeky16498/ros2_ws/src/install/local_setup.bash'
[5.749s] INFO:colcon.colcon_core.shell:Creating prefix chain script '/home/leeky16498/ros2_ws/src/install/setup.bash'
[5.749s] INFO:colcon.colcon_core.shell:Creating prefix script '/home/leeky16498/ros2_ws/src/install/local_setup.zsh'
[5.749s] INFO:colcon.colcon_core.shell:Creating prefix chain script '/home/leeky16498/ros2_ws/src/install/setup.zsh'
