[0.529s] Invoking command in '/home/leeky16498/ros2_ws/src/my_py_pkg': AMENT_PREFIX_PATH=/home/leeky16498/ros2_ws/install/my_robot_interfaces:${AMENT_PREFIX_PATH} CMAKE_PREFIX_PATH=/home/leeky16498/ros2_ws/install/my_robot_interfaces:${CMAKE_PREFIX_PATH} DEBUGINFOD_URLS=https://debuginfod.ubuntu.com LD_LIBRARY_PATH=/home/leeky16498/ros2_ws/install/my_robot_interfaces/lib:${LD_LIBRARY_PATH} PYTHONPATH=/home/leeky16498/ros2_ws/build/my_py_pkg/prefix_override:/usr/lib/python3/dist-packages/colcon_core/task/python/colcon_distutils_commands:/home/leeky16498/ros2_ws/install/my_py_pkg/lib/python3.12/site-packages:/home/leeky16498/ros2_ws/install/my_robot_interfaces/lib/python3.12/site-packages:${PYTHONPATH} /usr/bin/python3 -W ignore:setup.py install is deprecated -W ignore:easy_install command is deprecated setup.py egg_info --egg-base ../../build/my_py_pkg build --build-base /home/leeky16498/ros2_ws/build/my_py_pkg/build install --record /home/leeky16498/ros2_ws/build/my_py_pkg/install.log --single-version-externally-managed install_data
[0.654s] running egg_info
[0.658s] creating ../../build/my_py_pkg/my_py_pkg.egg-info
[0.662s] writing ../../build/my_py_pkg/my_py_pkg.egg-info/PKG-INFO
[0.662s] writing dependency_links to ../../build/my_py_pkg/my_py_pkg.egg-info/dependency_links.txt
[0.662s] writing entry points to ../../build/my_py_pkg/my_py_pkg.egg-info/entry_points.txt
[0.662s] writing requirements to ../../build/my_py_pkg/my_py_pkg.egg-info/requires.txt
[0.663s] writing top-level names to ../../build/my_py_pkg/my_py_pkg.egg-info/top_level.txt
[0.663s] writing manifest file '../../build/my_py_pkg/my_py_pkg.egg-info/SOURCES.txt'
[0.679s] reading manifest file '../../build/my_py_pkg/my_py_pkg.egg-info/SOURCES.txt'
[0.680s] writing manifest file '../../build/my_py_pkg/my_py_pkg.egg-info/SOURCES.txt'
[0.680s] running build
[0.680s] running build_py
[0.680s] creating /home/leeky16498/ros2_ws/build/my_py_pkg/build
[0.680s] creating /home/leeky16498/ros2_ws/build/my_py_pkg/build/lib
[0.680s] creating /home/leeky16498/ros2_ws/build/my_py_pkg/build/lib/my_py_pkg
[0.680s] copying my_py_pkg/battery.py -> /home/leeky16498/ros2_ws/build/my_py_pkg/build/lib/my_py_pkg
[0.680s] copying my_py_pkg/hardware_status_publisher.py -> /home/leeky16498/ros2_ws/build/my_py_pkg/build/lib/my_py_pkg
[0.680s] copying my_py_pkg/smartphone.py -> /home/leeky16498/ros2_ws/build/my_py_pkg/build/lib/my_py_pkg
[0.680s] copying my_py_pkg/template_ros2.py -> /home/leeky16498/ros2_ws/build/my_py_pkg/build/lib/my_py_pkg
[0.680s] copying my_py_pkg/add_two_ints_server.py -> /home/leeky16498/ros2_ws/build/my_py_pkg/build/lib/my_py_pkg
[0.681s] copying my_py_pkg/robot_news_station.py -> /home/leeky16498/ros2_ws/build/my_py_pkg/build/lib/my_py_pkg
[0.681s] copying my_py_pkg/add_two_ints_client.py -> /home/leeky16498/ros2_ws/build/my_py_pkg/build/lib/my_py_pkg
[0.681s] copying my_py_pkg/led_panel.py -> /home/leeky16498/ros2_ws/build/my_py_pkg/build/lib/my_py_pkg
[0.681s] copying my_py_pkg/add_two_ints_client_no_oop.py -> /home/leeky16498/ros2_ws/build/my_py_pkg/build/lib/my_py_pkg
[0.681s] copying my_py_pkg/number_publisher.py -> /home/leeky16498/ros2_ws/build/my_py_pkg/build/lib/my_py_pkg
[0.681s] copying my_py_pkg/number_counter.py -> /home/leeky16498/ros2_ws/build/my_py_pkg/build/lib/my_py_pkg
[0.681s] copying my_py_pkg/__init__.py -> /home/leeky16498/ros2_ws/build/my_py_pkg/build/lib/my_py_pkg
[0.681s] copying my_py_pkg/my_first_node.py -> /home/leeky16498/ros2_ws/build/my_py_pkg/build/lib/my_py_pkg
[0.682s] running install
[0.685s] running install_lib
[0.693s] creating /home/leeky16498/ros2_ws/install/my_py_pkg/lib/python3.12/site-packages/my_py_pkg
[0.694s] copying /home/leeky16498/ros2_ws/build/my_py_pkg/build/lib/my_py_pkg/battery.py -> /home/leeky16498/ros2_ws/install/my_py_pkg/lib/python3.12/site-packages/my_py_pkg
[0.694s] copying /home/leeky16498/ros2_ws/build/my_py_pkg/build/lib/my_py_pkg/hardware_status_publisher.py -> /home/leeky16498/ros2_ws/install/my_py_pkg/lib/python3.12/site-packages/my_py_pkg
[0.694s] copying /home/leeky16498/ros2_ws/build/my_py_pkg/build/lib/my_py_pkg/smartphone.py -> /home/leeky16498/ros2_ws/install/my_py_pkg/lib/python3.12/site-packages/my_py_pkg
[0.694s] copying /home/leeky16498/ros2_ws/build/my_py_pkg/build/lib/my_py_pkg/template_ros2.py -> /home/leeky16498/ros2_ws/install/my_py_pkg/lib/python3.12/site-packages/my_py_pkg
[0.694s] copying /home/leeky16498/ros2_ws/build/my_py_pkg/build/lib/my_py_pkg/add_two_ints_server.py -> /home/leeky16498/ros2_ws/install/my_py_pkg/lib/python3.12/site-packages/my_py_pkg
[0.694s] copying /home/leeky16498/ros2_ws/build/my_py_pkg/build/lib/my_py_pkg/robot_news_station.py -> /home/leeky16498/ros2_ws/install/my_py_pkg/lib/python3.12/site-packages/my_py_pkg
[0.694s] copying /home/leeky16498/ros2_ws/build/my_py_pkg/build/lib/my_py_pkg/add_two_ints_client.py -> /home/leeky16498/ros2_ws/install/my_py_pkg/lib/python3.12/site-packages/my_py_pkg
[0.694s] copying /home/leeky16498/ros2_ws/build/my_py_pkg/build/lib/my_py_pkg/led_panel.py -> /home/leeky16498/ros2_ws/install/my_py_pkg/lib/python3.12/site-packages/my_py_pkg
[0.694s] copying /home/leeky16498/ros2_ws/build/my_py_pkg/build/lib/my_py_pkg/add_two_ints_client_no_oop.py -> /home/leeky16498/ros2_ws/install/my_py_pkg/lib/python3.12/site-packages/my_py_pkg
[0.694s] copying /home/leeky16498/ros2_ws/build/my_py_pkg/build/lib/my_py_pkg/number_publisher.py -> /home/leeky16498/ros2_ws/install/my_py_pkg/lib/python3.12/site-packages/my_py_pkg
[0.694s] copying /home/leeky16498/ros2_ws/build/my_py_pkg/build/lib/my_py_pkg/number_counter.py -> /home/leeky16498/ros2_ws/install/my_py_pkg/lib/python3.12/site-packages/my_py_pkg
[0.694s] copying /home/leeky16498/ros2_ws/build/my_py_pkg/build/lib/my_py_pkg/__init__.py -> /home/leeky16498/ros2_ws/install/my_py_pkg/lib/python3.12/site-packages/my_py_pkg
[0.694s] copying /home/leeky16498/ros2_ws/build/my_py_pkg/build/lib/my_py_pkg/my_first_node.py -> /home/leeky16498/ros2_ws/install/my_py_pkg/lib/python3.12/site-packages/my_py_pkg
[0.694s] byte-compiling /home/leeky16498/ros2_ws/install/my_py_pkg/lib/python3.12/site-packages/my_py_pkg/battery.py to battery.cpython-312.pyc
[0.695s] byte-compiling /home/leeky16498/ros2_ws/install/my_py_pkg/lib/python3.12/site-packages/my_py_pkg/hardware_status_publisher.py to hardware_status_publisher.cpython-312.pyc
[0.695s] byte-compiling /home/leeky16498/ros2_ws/install/my_py_pkg/lib/python3.12/site-packages/my_py_pkg/smartphone.py to smartphone.cpython-312.pyc
[0.695s] byte-compiling /home/leeky16498/ros2_ws/install/my_py_pkg/lib/python3.12/site-packages/my_py_pkg/template_ros2.py to template_ros2.cpython-312.pyc
[0.696s] byte-compiling /home/leeky16498/ros2_ws/install/my_py_pkg/lib/python3.12/site-packages/my_py_pkg/add_two_ints_server.py to add_two_ints_server.cpython-312.pyc
[0.696s] byte-compiling /home/leeky16498/ros2_ws/install/my_py_pkg/lib/python3.12/site-packages/my_py_pkg/robot_news_station.py to robot_news_station.cpython-312.pyc
[0.696s] byte-compiling /home/leeky16498/ros2_ws/install/my_py_pkg/lib/python3.12/site-packages/my_py_pkg/add_two_ints_client.py to add_two_ints_client.cpython-312.pyc
[0.696s] byte-compiling /home/leeky16498/ros2_ws/install/my_py_pkg/lib/python3.12/site-packages/my_py_pkg/led_panel.py to led_panel.cpython-312.pyc
[0.697s] byte-compiling /home/leeky16498/ros2_ws/install/my_py_pkg/lib/python3.12/site-packages/my_py_pkg/add_two_ints_client_no_oop.py to add_two_ints_client_no_oop.cpython-312.pyc
[0.697s] byte-compiling /home/leeky16498/ros2_ws/install/my_py_pkg/lib/python3.12/site-packages/my_py_pkg/number_publisher.py to number_publisher.cpython-312.pyc
[0.697s] byte-compiling /home/leeky16498/ros2_ws/install/my_py_pkg/lib/python3.12/site-packages/my_py_pkg/number_counter.py to number_counter.cpython-312.pyc
[0.697s] byte-compiling /home/leeky16498/ros2_ws/install/my_py_pkg/lib/python3.12/site-packages/my_py_pkg/__init__.py to __init__.cpython-312.pyc
[0.697s] byte-compiling /home/leeky16498/ros2_ws/install/my_py_pkg/lib/python3.12/site-packages/my_py_pkg/my_first_node.py to my_first_node.cpython-312.pyc
[0.698s] running install_data
[0.698s] creating /home/leeky16498/ros2_ws/install/my_py_pkg/share/ament_index
[0.698s] creating /home/leeky16498/ros2_ws/install/my_py_pkg/share/ament_index/resource_index
[0.698s] creating /home/leeky16498/ros2_ws/install/my_py_pkg/share/ament_index/resource_index/packages
[0.698s] copying resource/my_py_pkg -> /home/leeky16498/ros2_ws/install/my_py_pkg/share/ament_index/resource_index/packages
[0.698s] copying package.xml -> /home/leeky16498/ros2_ws/install/my_py_pkg/share/my_py_pkg
[0.698s] running install_egg_info
[0.707s] Copying ../../build/my_py_pkg/my_py_pkg.egg-info to /home/leeky16498/ros2_ws/install/my_py_pkg/lib/python3.12/site-packages/my_py_pkg-0.0.0-py3.12.egg-info
[0.707s] running install_scripts
[0.765s] Installing add_two_ints_client script to /home/leeky16498/ros2_ws/install/my_py_pkg/lib/my_py_pkg
[0.765s] Installing add_two_ints_client_no_oop script to /home/leeky16498/ros2_ws/install/my_py_pkg/lib/my_py_pkg
[0.766s] Installing add_two_ints_server script to /home/leeky16498/ros2_ws/install/my_py_pkg/lib/my_py_pkg
[0.766s] Installing battery script to /home/leeky16498/ros2_ws/install/my_py_pkg/lib/my_py_pkg
[0.766s] Installing hw_status_publisher script to /home/leeky16498/ros2_ws/install/my_py_pkg/lib/my_py_pkg
[0.766s] Installing led_panel script to /home/leeky16498/ros2_ws/install/my_py_pkg/lib/my_py_pkg
[0.766s] Installing my_first_node script to /home/leeky16498/ros2_ws/install/my_py_pkg/lib/my_py_pkg
[0.766s] Installing number_counter script to /home/leeky16498/ros2_ws/install/my_py_pkg/lib/my_py_pkg
[0.766s] Installing number_publisher script to /home/leeky16498/ros2_ws/install/my_py_pkg/lib/my_py_pkg
[0.766s] Installing robot_news_station script to /home/leeky16498/ros2_ws/install/my_py_pkg/lib/my_py_pkg
[0.766s] Installing smartphone script to /home/leeky16498/ros2_ws/install/my_py_pkg/lib/my_py_pkg
[0.766s] writing list of installed files to '/home/leeky16498/ros2_ws/build/my_py_pkg/install.log'
[0.786s] Invoked command in '/home/leeky16498/ros2_ws/src/my_py_pkg' returned '0': AMENT_PREFIX_PATH=/home/leeky16498/ros2_ws/install/my_robot_interfaces:${AMENT_PREFIX_PATH} CMAKE_PREFIX_PATH=/home/leeky16498/ros2_ws/install/my_robot_interfaces:${CMAKE_PREFIX_PATH} DEBUGINFOD_URLS=https://debuginfod.ubuntu.com LD_LIBRARY_PATH=/home/leeky16498/ros2_ws/install/my_robot_interfaces/lib:${LD_LIBRARY_PATH} PYTHONPATH=/home/leeky16498/ros2_ws/build/my_py_pkg/prefix_override:/usr/lib/python3/dist-packages/colcon_core/task/python/colcon_distutils_commands:/home/leeky16498/ros2_ws/install/my_py_pkg/lib/python3.12/site-packages:/home/leeky16498/ros2_ws/install/my_robot_interfaces/lib/python3.12/site-packages:${PYTHONPATH} /usr/bin/python3 -W ignore:setup.py install is deprecated -W ignore:easy_install command is deprecated setup.py egg_info --egg-base ../../build/my_py_pkg build --build-base /home/leeky16498/ros2_ws/build/my_py_pkg/build install --record /home/leeky16498/ros2_ws/build/my_py_pkg/install.log --single-version-externally-managed install_data
