[0.006s] Invoking command in '/home/leeky16498/ros2_ws/build/my_robot_description': CMAKE_PREFIX_PATH=${CMAKE_PREFIX_PATH}:/home/leeky16498/ros2_ws/install/turtlesim_catch_them_all:/home/leeky16498/ros2_ws/install/my_py_pkg:/opt/ros/jazzy DEBUGINFOD_URLS=https://debuginfod.ubuntu.com /usr/bin/cmake /home/leeky16498/ros2_ws/src/my_robot_description -DCMAKE_INSTALL_PREFIX=/home/leeky16498/ros2_ws/install/my_robot_description
[0.031s] -- Found ament_cmake: 2.5.4 (/opt/ros/jazzy/share/ament_cmake/cmake)
[0.157s] -- Override CMake install command with custom implementation using symlinks instead of copying resources
[0.212s] -- Configuring done (0.2s)
[0.215s] -- Generating done (0.0s)
[0.216s] -- Build files have been written to: /home/leeky16498/ros2_ws/build/my_robot_description
[0.219s] Invoked command in '/home/leeky16498/ros2_ws/build/my_robot_description' returned '0': CMAKE_PREFIX_PATH=${CMAKE_PREFIX_PATH}:/home/leeky16498/ros2_ws/install/turtlesim_catch_them_all:/home/leeky16498/ros2_ws/install/my_py_pkg:/opt/ros/jazzy DEBUGINFOD_URLS=https://debuginfod.ubuntu.com /usr/bin/cmake /home/leeky16498/ros2_ws/src/my_robot_description -DCMAKE_INSTALL_PREFIX=/home/leeky16498/ros2_ws/install/my_robot_description
[0.219s] Invoking command in '/home/leeky16498/ros2_ws/build/my_robot_description': CMAKE_PREFIX_PATH=${CMAKE_PREFIX_PATH}:/home/leeky16498/ros2_ws/install/turtlesim_catch_them_all:/home/leeky16498/ros2_ws/install/my_py_pkg:/opt/ros/jazzy DEBUGINFOD_URLS=https://debuginfod.ubuntu.com /usr/bin/cmake --build /home/leeky16498/ros2_ws/build/my_robot_description -- -j8 -l8
[0.245s] Invoked command in '/home/leeky16498/ros2_ws/build/my_robot_description' returned '0': CMAKE_PREFIX_PATH=${CMAKE_PREFIX_PATH}:/home/leeky16498/ros2_ws/install/turtlesim_catch_them_all:/home/leeky16498/ros2_ws/install/my_py_pkg:/opt/ros/jazzy DEBUGINFOD_URLS=https://debuginfod.ubuntu.com /usr/bin/cmake --build /home/leeky16498/ros2_ws/build/my_robot_description -- -j8 -l8
[0.252s] Invoking command in '/home/leeky16498/ros2_ws/build/my_robot_description': CMAKE_PREFIX_PATH=${CMAKE_PREFIX_PATH}:/home/leeky16498/ros2_ws/install/turtlesim_catch_them_all:/home/leeky16498/ros2_ws/install/my_py_pkg:/opt/ros/jazzy DEBUGINFOD_URLS=https://debuginfod.ubuntu.com /usr/bin/cmake --install /home/leeky16498/ros2_ws/build/my_robot_description
[0.258s] -- Install configuration: ""
[0.258s] -- Execute custom install script
[0.259s] -- Up-to-date symlink: /home/leeky16498/ros2_ws/install/my_robot_description/share/my_robot_description//urdf/my_robot.urdf.xacro
[0.259s] -- Up-to-date symlink: /home/leeky16498/ros2_ws/install/my_robot_description/share/my_robot_description//launch/display.launch.py
[0.259s] -- Up-to-date symlink: /home/leeky16498/ros2_ws/install/my_robot_description/share/my_robot_description//launch/display.launch.xml
[0.259s] -- Up-to-date symlink: /home/leeky16498/ros2_ws/install/my_robot_description/share/my_robot_description//rviz2/urdf_config.rviz
[0.259s] -- Up-to-date symlink: /home/leeky16498/ros2_ws/install/my_robot_description/share/ament_index/resource_index/package_run_dependencies/my_robot_description
[0.259s] -- Up-to-date symlink: /home/leeky16498/ros2_ws/install/my_robot_description/share/ament_index/resource_index/parent_prefix_path/my_robot_description
[0.259s] -- Up-to-date symlink: /home/leeky16498/ros2_ws/install/my_robot_description/share/my_robot_description/environment/ament_prefix_path.sh
[0.259s] -- Up-to-date symlink: /home/leeky16498/ros2_ws/install/my_robot_description/share/my_robot_description/environment/ament_prefix_path.dsv
[0.259s] -- Up-to-date symlink: /home/leeky16498/ros2_ws/install/my_robot_description/share/my_robot_description/environment/path.sh
[0.259s] -- Up-to-date symlink: /home/leeky16498/ros2_ws/install/my_robot_description/share/my_robot_description/environment/path.dsv
[0.259s] -- Up-to-date symlink: /home/leeky16498/ros2_ws/install/my_robot_description/share/my_robot_description/local_setup.bash
[0.259s] -- Up-to-date symlink: /home/leeky16498/ros2_ws/install/my_robot_description/share/my_robot_description/local_setup.sh
[0.259s] -- Up-to-date symlink: /home/leeky16498/ros2_ws/install/my_robot_description/share/my_robot_description/local_setup.zsh
[0.259s] -- Up-to-date symlink: /home/leeky16498/ros2_ws/install/my_robot_description/share/my_robot_description/local_setup.dsv
[0.259s] -- Symlinking: /home/leeky16498/ros2_ws/install/my_robot_description/share/my_robot_description/package.dsv
[0.265s] -- Up-to-date symlink: /home/leeky16498/ros2_ws/install/my_robot_description/share/ament_index/resource_index/packages/my_robot_description
[0.265s] -- Up-to-date symlink: /home/leeky16498/ros2_ws/install/my_robot_description/share/my_robot_description/cmake/my_robot_descriptionConfig.cmake
[0.266s] -- Up-to-date symlink: /home/leeky16498/ros2_ws/install/my_robot_description/share/my_robot_description/cmake/my_robot_descriptionConfig-version.cmake
[0.266s] -- Up-to-date symlink: /home/leeky16498/ros2_ws/install/my_robot_description/share/my_robot_description/package.xml
[0.267s] Invoked command in '/home/leeky16498/ros2_ws/build/my_robot_description' returned '0': CMAKE_PREFIX_PATH=${CMAKE_PREFIX_PATH}:/home/leeky16498/ros2_ws/install/turtlesim_catch_them_all:/home/leeky16498/ros2_ws/install/my_py_pkg:/opt/ros/jazzy DEBUGINFOD_URLS=https://debuginfod.ubuntu.com /usr/bin/cmake --install /home/leeky16498/ros2_ws/build/my_robot_description
