[0.082s] DEBUG:colcon:Command line arguments: ['/usr/bin/colcon', 'build', '--symlink-install']
[0.082s] DEBUG:colcon:Parsed command line arguments: Namespace(log_base=None, log_level=None, verb_name='build', build_base='build', install_base='install', merge_install=False, symlink_install=True, test_result_base=None, continue_on_error=False, executor='parallel', parallel_workers=8, event_handlers=None, ignore_user_meta=False, metas=['./colcon.meta'], base_paths=['.'], packages_ignore=None, packages_ignore_regex=None, paths=None, packages_up_to=None, packages_up_to_regex=None, packages_above=None, packages_above_and_dependencies=None, packages_above_depth=None, packages_select_by_dep=None, packages_skip_by_dep=None, packages_skip_up_to=None, packages_select_build_failed=False, packages_skip_build_finished=False, packages_select_test_failures=False, packages_skip_test_passed=False, packages_select=None, packages_skip=None, packages_select_regex=None, packages_skip_regex=None, packages_start=None, packages_end=None, allow_overriding=[], cmake_args=None, cmake_target=None, cmake_target_skip_unavailable=False, cmake_clean_cache=False, cmake_clean_first=False, cmake_force_configure=False, ament_cmake_args=None, catkin_cmake_args=None, catkin_skip_building_tests=False, mixin_files=None, mixin=None, verb_parser=<colcon_mixin.mixin.mixin_argument.MixinArgumentDecorator object at 0x77a61fb72930>, verb_extension=<colcon_core.verb.build.BuildVerb object at 0x77a61fcbeff0>, main=<bound method BuildVerb.main of <colcon_core.verb.build.BuildVerb object at 0x77a61fcbeff0>>, mixin_verb=('build',))
[0.113s] Level 1:colcon.colcon_core.package_discovery:discover_packages(colcon_meta) check parameters
[0.113s] Level 1:colcon.colcon_core.package_discovery:discover_packages(recursive) check parameters
[0.113s] Level 1:colcon.colcon_core.package_discovery:discover_packages(ignore) check parameters
[0.113s] Level 1:colcon.colcon_core.package_discovery:discover_packages(path) check parameters
[0.113s] Level 1:colcon.colcon_core.package_discovery:discover_packages(colcon_meta) discover
[0.113s] Level 1:colcon.colcon_core.package_discovery:discover_packages(recursive) discover
[0.113s] INFO:colcon.colcon_core.package_discovery:Crawling recursively for packages in '/home/leeky16498/ros2_ws'
[0.113s] Level 1:colcon.colcon_core.package_identification:_identify(.) by extensions ['ignore', 'ignore_ament_install']
[0.113s] Level 1:colcon.colcon_core.package_identification:_identify(.) by extension 'ignore'
[0.113s] Level 1:colcon.colcon_core.package_identification:_identify(.) by extension 'ignore_ament_install'
[0.113s] Level 1:colcon.colcon_core.package_identification:_identify(.) by extensions ['colcon_pkg']
[0.113s] Level 1:colcon.colcon_core.package_identification:_identify(.) by extension 'colcon_pkg'
[0.114s] Level 1:colcon.colcon_core.package_identification:_identify(.) by extensions ['colcon_meta']
[0.114s] Level 1:colcon.colcon_core.package_identification:_identify(.) by extension 'colcon_meta'
[0.114s] Level 1:colcon.colcon_core.package_identification:_identify(.) by extensions ['ros']
[0.114s] Level 1:colcon.colcon_core.package_identification:_identify(.) by extension 'ros'
[0.134s] Level 1:colcon.colcon_core.package_identification:_identify(.) by extensions ['cmake', 'python']
[0.134s] Level 1:colcon.colcon_core.package_identification:_identify(.) by extension 'cmake'
[0.134s] Level 1:colcon.colcon_core.package_identification:_identify(.) by extension 'python'
[0.134s] Level 1:colcon.colcon_core.package_identification:_identify(.) by extensions ['python_setup_py']
[0.134s] Level 1:colcon.colcon_core.package_identification:_identify(.) by extension 'python_setup_py'
[0.134s] Level 1:colcon.colcon_core.package_identification:_identify(build) by extensions ['ignore', 'ignore_ament_install']
[0.134s] Level 1:colcon.colcon_core.package_identification:_identify(build) by extension 'ignore'
[0.134s] Level 1:colcon.colcon_core.package_identification:_identify(build) ignored
[0.134s] Level 1:colcon.colcon_core.package_identification:_identify(install) by extensions ['ignore', 'ignore_ament_install']
[0.134s] Level 1:colcon.colcon_core.package_identification:_identify(install) by extension 'ignore'
[0.135s] Level 1:colcon.colcon_core.package_identification:_identify(install) ignored
[0.135s] Level 1:colcon.colcon_core.package_identification:_identify(log) by extensions ['ignore', 'ignore_ament_install']
[0.135s] Level 1:colcon.colcon_core.package_identification:_identify(log) by extension 'ignore'
[0.135s] Level 1:colcon.colcon_core.package_identification:_identify(log) ignored
[0.135s] Level 1:colcon.colcon_core.package_identification:_identify(src) by extensions ['ignore', 'ignore_ament_install']
[0.135s] Level 1:colcon.colcon_core.package_identification:_identify(src) by extension 'ignore'
[0.135s] Level 1:colcon.colcon_core.package_identification:_identify(src) by extension 'ignore_ament_install'
[0.135s] Level 1:colcon.colcon_core.package_identification:_identify(src) by extensions ['colcon_pkg']
[0.135s] Level 1:colcon.colcon_core.package_identification:_identify(src) by extension 'colcon_pkg'
[0.135s] Level 1:colcon.colcon_core.package_identification:_identify(src) by extensions ['colcon_meta']
[0.135s] Level 1:colcon.colcon_core.package_identification:_identify(src) by extension 'colcon_meta'
[0.135s] Level 1:colcon.colcon_core.package_identification:_identify(src) by extensions ['ros']
[0.135s] Level 1:colcon.colcon_core.package_identification:_identify(src) by extension 'ros'
[0.135s] Level 1:colcon.colcon_core.package_identification:_identify(src) by extensions ['cmake', 'python']
[0.135s] Level 1:colcon.colcon_core.package_identification:_identify(src) by extension 'cmake'
[0.135s] Level 1:colcon.colcon_core.package_identification:_identify(src) by extension 'python'
[0.135s] Level 1:colcon.colcon_core.package_identification:_identify(src) by extensions ['python_setup_py']
[0.135s] Level 1:colcon.colcon_core.package_identification:_identify(src) by extension 'python_setup_py'
[0.135s] Level 1:colcon.colcon_core.package_identification:_identify(src/build) by extensions ['ignore', 'ignore_ament_install']
[0.135s] Level 1:colcon.colcon_core.package_identification:_identify(src/build) by extension 'ignore'
[0.135s] Level 1:colcon.colcon_core.package_identification:_identify(src/build) ignored
[0.135s] Level 1:colcon.colcon_core.package_identification:_identify(src/install) by extensions ['ignore', 'ignore_ament_install']
[0.135s] Level 1:colcon.colcon_core.package_identification:_identify(src/install) by extension 'ignore'
[0.135s] Level 1:colcon.colcon_core.package_identification:_identify(src/install) ignored
[0.135s] Level 1:colcon.colcon_core.package_identification:_identify(src/log) by extensions ['ignore', 'ignore_ament_install']
[0.135s] Level 1:colcon.colcon_core.package_identification:_identify(src/log) by extension 'ignore'
[0.136s] Level 1:colcon.colcon_core.package_identification:_identify(src/log) ignored
[0.136s] Level 1:colcon.colcon_core.package_identification:_identify(src/my_py_pkg) by extensions ['ignore', 'ignore_ament_install']
[0.136s] Level 1:colcon.colcon_core.package_identification:_identify(src/my_py_pkg) by extension 'ignore'
[0.136s] Level 1:colcon.colcon_core.package_identification:_identify(src/my_py_pkg) by extension 'ignore_ament_install'
[0.136s] Level 1:colcon.colcon_core.package_identification:_identify(src/my_py_pkg) by extensions ['colcon_pkg']
[0.136s] Level 1:colcon.colcon_core.package_identification:_identify(src/my_py_pkg) by extension 'colcon_pkg'
[0.136s] Level 1:colcon.colcon_core.package_identification:_identify(src/my_py_pkg) by extensions ['colcon_meta']
[0.136s] Level 1:colcon.colcon_core.package_identification:_identify(src/my_py_pkg) by extension 'colcon_meta'
[0.136s] Level 1:colcon.colcon_core.package_identification:_identify(src/my_py_pkg) by extensions ['ros']
[0.136s] Level 1:colcon.colcon_core.package_identification:_identify(src/my_py_pkg) by extension 'ros'
[0.138s] DEBUG:colcon.colcon_core.package_identification:Package 'src/my_py_pkg' with type 'ros.ament_python' and name 'my_py_pkg'
[0.138s] Level 1:colcon.colcon_core.package_identification:_identify(src/my_robot_bringup) by extensions ['ignore', 'ignore_ament_install']
[0.138s] Level 1:colcon.colcon_core.package_identification:_identify(src/my_robot_bringup) by extension 'ignore'
[0.138s] Level 1:colcon.colcon_core.package_identification:_identify(src/my_robot_bringup) by extension 'ignore_ament_install'
[0.138s] Level 1:colcon.colcon_core.package_identification:_identify(src/my_robot_bringup) by extensions ['colcon_pkg']
[0.138s] Level 1:colcon.colcon_core.package_identification:_identify(src/my_robot_bringup) by extension 'colcon_pkg'
[0.138s] Level 1:colcon.colcon_core.package_identification:_identify(src/my_robot_bringup) by extensions ['colcon_meta']
[0.138s] Level 1:colcon.colcon_core.package_identification:_identify(src/my_robot_bringup) by extension 'colcon_meta'
[0.138s] Level 1:colcon.colcon_core.package_identification:_identify(src/my_robot_bringup) by extensions ['ros']
[0.138s] Level 1:colcon.colcon_core.package_identification:_identify(src/my_robot_bringup) by extension 'ros'
[0.138s] DEBUG:colcon.colcon_core.package_identification:Package 'src/my_robot_bringup' with type 'ros.ament_cmake' and name 'my_robot_bringup'
[0.138s] Level 1:colcon.colcon_core.package_identification:_identify(src/my_robot_description) by extensions ['ignore', 'ignore_ament_install']
[0.139s] Level 1:colcon.colcon_core.package_identification:_identify(src/my_robot_description) by extension 'ignore'
[0.139s] Level 1:colcon.colcon_core.package_identification:_identify(src/my_robot_description) by extension 'ignore_ament_install'
[0.139s] Level 1:colcon.colcon_core.package_identification:_identify(src/my_robot_description) by extensions ['colcon_pkg']
[0.139s] Level 1:colcon.colcon_core.package_identification:_identify(src/my_robot_description) by extension 'colcon_pkg'
[0.139s] Level 1:colcon.colcon_core.package_identification:_identify(src/my_robot_description) by extensions ['colcon_meta']
[0.139s] Level 1:colcon.colcon_core.package_identification:_identify(src/my_robot_description) by extension 'colcon_meta'
[0.139s] Level 1:colcon.colcon_core.package_identification:_identify(src/my_robot_description) by extensions ['ros']
[0.139s] Level 1:colcon.colcon_core.package_identification:_identify(src/my_robot_description) by extension 'ros'
[0.139s] DEBUG:colcon.colcon_core.package_identification:Package 'src/my_robot_description' with type 'ros.ament_cmake' and name 'my_robot_description'
[0.139s] Level 1:colcon.colcon_core.package_identification:_identify(src/my_robot_interfaces) by extensions ['ignore', 'ignore_ament_install']
[0.139s] Level 1:colcon.colcon_core.package_identification:_identify(src/my_robot_interfaces) by extension 'ignore'
[0.139s] Level 1:colcon.colcon_core.package_identification:_identify(src/my_robot_interfaces) by extension 'ignore_ament_install'
[0.139s] Level 1:colcon.colcon_core.package_identification:_identify(src/my_robot_interfaces) by extensions ['colcon_pkg']
[0.139s] Level 1:colcon.colcon_core.package_identification:_identify(src/my_robot_interfaces) by extension 'colcon_pkg'
[0.139s] Level 1:colcon.colcon_core.package_identification:_identify(src/my_robot_interfaces) by extensions ['colcon_meta']
[0.139s] Level 1:colcon.colcon_core.package_identification:_identify(src/my_robot_interfaces) by extension 'colcon_meta'
[0.139s] Level 1:colcon.colcon_core.package_identification:_identify(src/my_robot_interfaces) by extensions ['ros']
[0.139s] Level 1:colcon.colcon_core.package_identification:_identify(src/my_robot_interfaces) by extension 'ros'
[0.140s] DEBUG:colcon.colcon_core.package_identification:Package 'src/my_robot_interfaces' with type 'ros.ament_cmake' and name 'my_robot_interfaces'
[0.140s] Level 1:colcon.colcon_core.package_identification:_identify(src/turtlesim_catch_them_all) by extensions ['ignore', 'ignore_ament_install']
[0.140s] Level 1:colcon.colcon_core.package_identification:_identify(src/turtlesim_catch_them_all) by extension 'ignore'
[0.140s] Level 1:colcon.colcon_core.package_identification:_identify(src/turtlesim_catch_them_all) by extension 'ignore_ament_install'
[0.140s] Level 1:colcon.colcon_core.package_identification:_identify(src/turtlesim_catch_them_all) by extensions ['colcon_pkg']
[0.140s] Level 1:colcon.colcon_core.package_identification:_identify(src/turtlesim_catch_them_all) by extension 'colcon_pkg'
[0.140s] Level 1:colcon.colcon_core.package_identification:_identify(src/turtlesim_catch_them_all) by extensions ['colcon_meta']
[0.140s] Level 1:colcon.colcon_core.package_identification:_identify(src/turtlesim_catch_them_all) by extension 'colcon_meta'
[0.140s] Level 1:colcon.colcon_core.package_identification:_identify(src/turtlesim_catch_them_all) by extensions ['ros']
[0.140s] Level 1:colcon.colcon_core.package_identification:_identify(src/turtlesim_catch_them_all) by extension 'ros'
[0.140s] DEBUG:colcon.colcon_core.package_identification:Package 'src/turtlesim_catch_them_all' with type 'ros.ament_python' and name 'turtlesim_catch_them_all'
[0.140s] Level 1:colcon.colcon_core.package_discovery:discover_packages(recursive) using defaults
[0.140s] Level 1:colcon.colcon_core.package_discovery:discover_packages(ignore) discover
[0.140s] Level 1:colcon.colcon_core.package_discovery:discover_packages(ignore) using defaults
[0.140s] Level 1:colcon.colcon_core.package_discovery:discover_packages(path) discover
[0.140s] Level 1:colcon.colcon_core.package_discovery:discover_packages(path) using defaults
[0.155s] Level 1:colcon.colcon_core.package_discovery:discover_packages(prefix_path) check parameters
[0.155s] Level 1:colcon.colcon_core.package_discovery:discover_packages(prefix_path) discover
[0.158s] DEBUG:colcon.colcon_installed_package_information.package_discovery:Found 5 installed packages in /home/leeky16498/ros2_ws/install
[0.159s] DEBUG:colcon.colcon_installed_package_information.package_discovery:Found 306 installed packages in /opt/ros/jazzy
[0.161s] Level 1:colcon.colcon_core.package_discovery:discover_packages(prefix_path) using defaults
[0.188s] Level 5:colcon.colcon_core.verb:set package 'my_robot_description' build argument 'cmake_args' from command line to 'None'
[0.189s] Level 5:colcon.colcon_core.verb:set package 'my_robot_description' build argument 'cmake_target' from command line to 'None'
[0.189s] Level 5:colcon.colcon_core.verb:set package 'my_robot_description' build argument 'cmake_target_skip_unavailable' from command line to 'False'
[0.189s] Level 5:colcon.colcon_core.verb:set package 'my_robot_description' build argument 'cmake_clean_cache' from command line to 'False'
[0.189s] Level 5:colcon.colcon_core.verb:set package 'my_robot_description' build argument 'cmake_clean_first' from command line to 'False'
[0.189s] Level 5:colcon.colcon_core.verb:set package 'my_robot_description' build argument 'cmake_force_configure' from command line to 'False'
[0.189s] Level 5:colcon.colcon_core.verb:set package 'my_robot_description' build argument 'ament_cmake_args' from command line to 'None'
[0.189s] Level 5:colcon.colcon_core.verb:set package 'my_robot_description' build argument 'catkin_cmake_args' from command line to 'None'
[0.189s] Level 5:colcon.colcon_core.verb:set package 'my_robot_description' build argument 'catkin_skip_building_tests' from command line to 'False'
[0.189s] DEBUG:colcon.colcon_core.verb:Building package 'my_robot_description' with the following arguments: {'ament_cmake_args': None, 'build_base': '/home/leeky16498/ros2_ws/build/my_robot_description', 'catkin_cmake_args': None, 'catkin_skip_building_tests': False, 'cmake_args': None, 'cmake_clean_cache': False, 'cmake_clean_first': False, 'cmake_force_configure': False, 'cmake_target': None, 'cmake_target_skip_unavailable': False, 'install_base': '/home/leeky16498/ros2_ws/install/my_robot_description', 'merge_install': False, 'path': '/home/leeky16498/ros2_ws/src/my_robot_description', 'symlink_install': True, 'test_result_base': None}
[0.189s] Level 5:colcon.colcon_core.verb:set package 'my_robot_interfaces' build argument 'cmake_args' from command line to 'None'
[0.189s] Level 5:colcon.colcon_core.verb:set package 'my_robot_interfaces' build argument 'cmake_target' from command line to 'None'
[0.189s] Level 5:colcon.colcon_core.verb:set package 'my_robot_interfaces' build argument 'cmake_target_skip_unavailable' from command line to 'False'
[0.189s] Level 5:colcon.colcon_core.verb:set package 'my_robot_interfaces' build argument 'cmake_clean_cache' from command line to 'False'
[0.189s] Level 5:colcon.colcon_core.verb:set package 'my_robot_interfaces' build argument 'cmake_clean_first' from command line to 'False'
[0.189s] Level 5:colcon.colcon_core.verb:set package 'my_robot_interfaces' build argument 'cmake_force_configure' from command line to 'False'
[0.189s] Level 5:colcon.colcon_core.verb:set package 'my_robot_interfaces' build argument 'ament_cmake_args' from command line to 'None'
[0.189s] Level 5:colcon.colcon_core.verb:set package 'my_robot_interfaces' build argument 'catkin_cmake_args' from command line to 'None'
[0.189s] Level 5:colcon.colcon_core.verb:set package 'my_robot_interfaces' build argument 'catkin_skip_building_tests' from command line to 'False'
[0.189s] DEBUG:colcon.colcon_core.verb:Building package 'my_robot_interfaces' with the following arguments: {'ament_cmake_args': None, 'build_base': '/home/leeky16498/ros2_ws/build/my_robot_interfaces', 'catkin_cmake_args': None, 'catkin_skip_building_tests': False, 'cmake_args': None, 'cmake_clean_cache': False, 'cmake_clean_first': False, 'cmake_force_configure': False, 'cmake_target': None, 'cmake_target_skip_unavailable': False, 'install_base': '/home/leeky16498/ros2_ws/install/my_robot_interfaces', 'merge_install': False, 'path': '/home/leeky16498/ros2_ws/src/my_robot_interfaces', 'symlink_install': True, 'test_result_base': None}
[0.189s] Level 5:colcon.colcon_core.verb:set package 'my_py_pkg' build argument 'cmake_args' from command line to 'None'
[0.189s] Level 5:colcon.colcon_core.verb:set package 'my_py_pkg' build argument 'cmake_target' from command line to 'None'
[0.189s] Level 5:colcon.colcon_core.verb:set package 'my_py_pkg' build argument 'cmake_target_skip_unavailable' from command line to 'False'
[0.189s] Level 5:colcon.colcon_core.verb:set package 'my_py_pkg' build argument 'cmake_clean_cache' from command line to 'False'
[0.189s] Level 5:colcon.colcon_core.verb:set package 'my_py_pkg' build argument 'cmake_clean_first' from command line to 'False'
[0.189s] Level 5:colcon.colcon_core.verb:set package 'my_py_pkg' build argument 'cmake_force_configure' from command line to 'False'
[0.189s] Level 5:colcon.colcon_core.verb:set package 'my_py_pkg' build argument 'ament_cmake_args' from command line to 'None'
[0.189s] Level 5:colcon.colcon_core.verb:set package 'my_py_pkg' build argument 'catkin_cmake_args' from command line to 'None'
[0.189s] Level 5:colcon.colcon_core.verb:set package 'my_py_pkg' build argument 'catkin_skip_building_tests' from command line to 'False'
[0.189s] DEBUG:colcon.colcon_core.verb:Building package 'my_py_pkg' with the following arguments: {'ament_cmake_args': None, 'build_base': '/home/leeky16498/ros2_ws/build/my_py_pkg', 'catkin_cmake_args': None, 'catkin_skip_building_tests': False, 'cmake_args': None, 'cmake_clean_cache': False, 'cmake_clean_first': False, 'cmake_force_configure': False, 'cmake_target': None, 'cmake_target_skip_unavailable': False, 'install_base': '/home/leeky16498/ros2_ws/install/my_py_pkg', 'merge_install': False, 'path': '/home/leeky16498/ros2_ws/src/my_py_pkg', 'symlink_install': True, 'test_result_base': None}
[0.189s] Level 5:colcon.colcon_core.verb:set package 'turtlesim_catch_them_all' build argument 'cmake_args' from command line to 'None'
[0.189s] Level 5:colcon.colcon_core.verb:set package 'turtlesim_catch_them_all' build argument 'cmake_target' from command line to 'None'
[0.189s] Level 5:colcon.colcon_core.verb:set package 'turtlesim_catch_them_all' build argument 'cmake_target_skip_unavailable' from command line to 'False'
[0.190s] Level 5:colcon.colcon_core.verb:set package 'turtlesim_catch_them_all' build argument 'cmake_clean_cache' from command line to 'False'
[0.190s] Level 5:colcon.colcon_core.verb:set package 'turtlesim_catch_them_all' build argument 'cmake_clean_first' from command line to 'False'
[0.190s] Level 5:colcon.colcon_core.verb:set package 'turtlesim_catch_them_all' build argument 'cmake_force_configure' from command line to 'False'
[0.190s] Level 5:colcon.colcon_core.verb:set package 'turtlesim_catch_them_all' build argument 'ament_cmake_args' from command line to 'None'
[0.190s] Level 5:colcon.colcon_core.verb:set package 'turtlesim_catch_them_all' build argument 'catkin_cmake_args' from command line to 'None'
[0.190s] Level 5:colcon.colcon_core.verb:set package 'turtlesim_catch_them_all' build argument 'catkin_skip_building_tests' from command line to 'False'
[0.190s] DEBUG:colcon.colcon_core.verb:Building package 'turtlesim_catch_them_all' with the following arguments: {'ament_cmake_args': None, 'build_base': '/home/leeky16498/ros2_ws/build/turtlesim_catch_them_all', 'catkin_cmake_args': None, 'catkin_skip_building_tests': False, 'cmake_args': None, 'cmake_clean_cache': False, 'cmake_clean_first': False, 'cmake_force_configure': False, 'cmake_target': None, 'cmake_target_skip_unavailable': False, 'install_base': '/home/leeky16498/ros2_ws/install/turtlesim_catch_them_all', 'merge_install': False, 'path': '/home/leeky16498/ros2_ws/src/turtlesim_catch_them_all', 'symlink_install': True, 'test_result_base': None}
[0.190s] Level 5:colcon.colcon_core.verb:set package 'my_robot_bringup' build argument 'cmake_args' from command line to 'None'
[0.190s] Level 5:colcon.colcon_core.verb:set package 'my_robot_bringup' build argument 'cmake_target' from command line to 'None'
[0.190s] Level 5:colcon.colcon_core.verb:set package 'my_robot_bringup' build argument 'cmake_target_skip_unavailable' from command line to 'False'
[0.190s] Level 5:colcon.colcon_core.verb:set package 'my_robot_bringup' build argument 'cmake_clean_cache' from command line to 'False'
[0.190s] Level 5:colcon.colcon_core.verb:set package 'my_robot_bringup' build argument 'cmake_clean_first' from command line to 'False'
[0.190s] Level 5:colcon.colcon_core.verb:set package 'my_robot_bringup' build argument 'cmake_force_configure' from command line to 'False'
[0.190s] Level 5:colcon.colcon_core.verb:set package 'my_robot_bringup' build argument 'ament_cmake_args' from command line to 'None'
[0.190s] Level 5:colcon.colcon_core.verb:set package 'my_robot_bringup' build argument 'catkin_cmake_args' from command line to 'None'
[0.190s] Level 5:colcon.colcon_core.verb:set package 'my_robot_bringup' build argument 'catkin_skip_building_tests' from command line to 'False'
[0.190s] DEBUG:colcon.colcon_core.verb:Building package 'my_robot_bringup' with the following arguments: {'ament_cmake_args': None, 'build_base': '/home/leeky16498/ros2_ws/build/my_robot_bringup', 'catkin_cmake_args': None, 'catkin_skip_building_tests': False, 'cmake_args': None, 'cmake_clean_cache': False, 'cmake_clean_first': False, 'cmake_force_configure': False, 'cmake_target': None, 'cmake_target_skip_unavailable': False, 'install_base': '/home/leeky16498/ros2_ws/install/my_robot_bringup', 'merge_install': False, 'path': '/home/leeky16498/ros2_ws/src/my_robot_bringup', 'symlink_install': True, 'test_result_base': None}
[0.190s] INFO:colcon.colcon_core.executor:Executing jobs using 'parallel' executor
[0.191s] DEBUG:colcon.colcon_parallel_executor.executor.parallel:run_until_complete
[0.191s] INFO:colcon.colcon_ros.task.ament_cmake.build:Building ROS package in '/home/leeky16498/ros2_ws/src/my_robot_interfaces' with build type 'ament_cmake'
[0.191s] INFO:colcon.colcon_cmake.task.cmake.build:Building CMake package in '/home/leeky16498/ros2_ws/src/my_robot_interfaces'
[0.194s] INFO:colcon.colcon_core.plugin_system:Skipping extension 'colcon_core.shell.bat': Not used on non-Windows systems
[0.194s] INFO:colcon.colcon_core.shell:Skip shell extension 'powershell' for command environment: Not usable outside of PowerShell
[0.194s] DEBUG:colcon.colcon_core.shell:Skip shell extension 'dsv' for command environment
[0.198s] INFO:colcon.colcon_ros.task.ament_cmake.build:Building ROS package in '/home/leeky16498/ros2_ws/src/my_robot_description' with build type 'ament_cmake'
[0.198s] INFO:colcon.colcon_cmake.task.cmake.build:Building CMake package in '/home/leeky16498/ros2_ws/src/my_robot_description'
[0.198s] INFO:colcon.colcon_core.shell:Skip shell extension 'powershell' for command environment: Not usable outside of PowerShell
[0.198s] DEBUG:colcon.colcon_core.shell:Skip shell extension 'dsv' for command environment
[0.203s] DEBUG:colcon.colcon_core.event_handler.log_command:Invoking command in '/home/leeky16498/ros2_ws/build/my_robot_interfaces': CMAKE_PREFIX_PATH=${CMAKE_PREFIX_PATH}:/home/leeky16498/ros2_ws/install/turtlesim_catch_them_all:/home/leeky16498/ros2_ws/install/my_py_pkg:/opt/ros/jazzy DEBUGINFOD_URLS=https://debuginfod.ubuntu.com /usr/bin/cmake --build /home/leeky16498/ros2_ws/build/my_robot_interfaces -- -j8 -l8
[0.209s] DEBUG:colcon.colcon_core.event_handler.log_command:Invoking command in '/home/leeky16498/ros2_ws/build/my_robot_description': CMAKE_PREFIX_PATH=${CMAKE_PREFIX_PATH}:/home/leeky16498/ros2_ws/install/turtlesim_catch_them_all:/home/leeky16498/ros2_ws/install/my_py_pkg:/opt/ros/jazzy DEBUGINFOD_URLS=https://debuginfod.ubuntu.com /usr/bin/cmake --build /home/leeky16498/ros2_ws/build/my_robot_description -- -j8 -l8
[0.252s] DEBUG:colcon.colcon_core.event_handler.log_command:Invoked command in '/home/leeky16498/ros2_ws/build/my_robot_description' returned '0': CMAKE_PREFIX_PATH=${CMAKE_PREFIX_PATH}:/home/leeky16498/ros2_ws/install/turtlesim_catch_them_all:/home/leeky16498/ros2_ws/install/my_py_pkg:/opt/ros/jazzy DEBUGINFOD_URLS=https://debuginfod.ubuntu.com /usr/bin/cmake --build /home/leeky16498/ros2_ws/build/my_robot_description -- -j8 -l8
[0.262s] DEBUG:colcon.colcon_core.event_handler.log_command:Invoking command in '/home/leeky16498/ros2_ws/build/my_robot_description': CMAKE_PREFIX_PATH=${CMAKE_PREFIX_PATH}:/home/leeky16498/ros2_ws/install/turtlesim_catch_them_all:/home/leeky16498/ros2_ws/install/my_py_pkg:/opt/ros/jazzy DEBUGINFOD_URLS=https://debuginfod.ubuntu.com /usr/bin/cmake --install /home/leeky16498/ros2_ws/build/my_robot_description
[0.285s] Level 1:colcon.colcon_core.environment:create_environment_scripts_only(my_robot_description)
[0.285s] DEBUG:colcon.colcon_core.event_handler.log_command:Invoked command in '/home/leeky16498/ros2_ws/build/my_robot_description' returned '0': CMAKE_PREFIX_PATH=${CMAKE_PREFIX_PATH}:/home/leeky16498/ros2_ws/install/turtlesim_catch_them_all:/home/leeky16498/ros2_ws/install/my_py_pkg:/opt/ros/jazzy DEBUGINFOD_URLS=https://debuginfod.ubuntu.com /usr/bin/cmake --install /home/leeky16498/ros2_ws/build/my_robot_description
[0.289s] Level 1:colcon.colcon_core.environment:checking '/home/leeky16498/ros2_ws/install/my_robot_description' for CMake module files
[0.289s] Level 1:colcon.colcon_core.environment:checking '/home/leeky16498/ros2_ws/install/my_robot_description' for CMake config files
[0.289s] Level 1:colcon.colcon_core.shell:create_environment_hook('my_robot_description', 'cmake_prefix_path')
[0.289s] INFO:colcon.colcon_core.shell:Creating environment hook '/home/leeky16498/ros2_ws/install/my_robot_description/share/my_robot_description/hook/cmake_prefix_path.ps1'
[0.290s] INFO:colcon.colcon_core.shell:Creating environment descriptor '/home/leeky16498/ros2_ws/install/my_robot_description/share/my_robot_description/hook/cmake_prefix_path.dsv'
[0.291s] INFO:colcon.colcon_core.shell:Creating environment hook '/home/leeky16498/ros2_ws/install/my_robot_description/share/my_robot_description/hook/cmake_prefix_path.sh'
[0.292s] Level 1:colcon.colcon_core.environment:checking '/home/leeky16498/ros2_ws/install/my_robot_description/bin'
[0.292s] Level 1:colcon.colcon_core.environment:checking '/home/leeky16498/ros2_ws/install/my_robot_description/lib/pkgconfig/my_robot_description.pc'
[0.292s] Level 1:colcon.colcon_core.environment:checking '/home/leeky16498/ros2_ws/install/my_robot_description/lib/python3.12/site-packages'
[0.293s] Level 1:colcon.colcon_core.environment:checking '/home/leeky16498/ros2_ws/install/my_robot_description/bin'
[0.293s] INFO:colcon.colcon_core.shell:Creating package script '/home/leeky16498/ros2_ws/install/my_robot_description/share/my_robot_description/package.ps1'
[0.293s] INFO:colcon.colcon_core.shell:Creating package descriptor '/home/leeky16498/ros2_ws/install/my_robot_description/share/my_robot_description/package.dsv'
[0.294s] INFO:colcon.colcon_core.shell:Creating package script '/home/leeky16498/ros2_ws/install/my_robot_description/share/my_robot_description/package.sh'
[0.295s] INFO:colcon.colcon_core.shell:Creating package script '/home/leeky16498/ros2_ws/install/my_robot_description/share/my_robot_description/package.bash'
[0.296s] INFO:colcon.colcon_core.shell:Creating package script '/home/leeky16498/ros2_ws/install/my_robot_description/share/my_robot_description/package.zsh'
[0.297s] Level 1:colcon.colcon_core.environment:create_file_with_runtime_dependencies(/home/leeky16498/ros2_ws/install/my_robot_description/share/colcon-core/packages/my_robot_description)
[0.298s] Level 1:colcon.colcon_core.environment:create_environment_scripts_only(my_robot_description)
[0.298s] Level 1:colcon.colcon_core.environment:checking '/home/leeky16498/ros2_ws/install/my_robot_description' for CMake module files
[0.298s] Level 1:colcon.colcon_core.environment:checking '/home/leeky16498/ros2_ws/install/my_robot_description' for CMake config files
[0.298s] Level 1:colcon.colcon_core.shell:create_environment_hook('my_robot_description', 'cmake_prefix_path')
[0.299s] INFO:colcon.colcon_core.shell:Creating environment hook '/home/leeky16498/ros2_ws/install/my_robot_description/share/my_robot_description/hook/cmake_prefix_path.ps1'
[0.299s] INFO:colcon.colcon_core.shell:Creating environment descriptor '/home/leeky16498/ros2_ws/install/my_robot_description/share/my_robot_description/hook/cmake_prefix_path.dsv'
[0.299s] INFO:colcon.colcon_core.shell:Creating environment hook '/home/leeky16498/ros2_ws/install/my_robot_description/share/my_robot_description/hook/cmake_prefix_path.sh'
[0.299s] Level 1:colcon.colcon_core.environment:checking '/home/leeky16498/ros2_ws/install/my_robot_description/bin'
[0.300s] Level 1:colcon.colcon_core.environment:checking '/home/leeky16498/ros2_ws/install/my_robot_description/lib/pkgconfig/my_robot_description.pc'
[0.300s] Level 1:colcon.colcon_core.environment:checking '/home/leeky16498/ros2_ws/install/my_robot_description/lib/python3.12/site-packages'
[0.300s] Level 1:colcon.colcon_core.environment:checking '/home/leeky16498/ros2_ws/install/my_robot_description/bin'
[0.300s] INFO:colcon.colcon_core.shell:Creating package script '/home/leeky16498/ros2_ws/install/my_robot_description/share/my_robot_description/package.ps1'
[0.301s] INFO:colcon.colcon_core.shell:Creating package descriptor '/home/leeky16498/ros2_ws/install/my_robot_description/share/my_robot_description/package.dsv'
[0.301s] INFO:colcon.colcon_core.shell:Creating package script '/home/leeky16498/ros2_ws/install/my_robot_description/share/my_robot_description/package.sh'
[0.302s] INFO:colcon.colcon_core.shell:Creating package script '/home/leeky16498/ros2_ws/install/my_robot_description/share/my_robot_description/package.bash'
[0.302s] INFO:colcon.colcon_core.shell:Creating package script '/home/leeky16498/ros2_ws/install/my_robot_description/share/my_robot_description/package.zsh'
[0.302s] Level 1:colcon.colcon_core.environment:create_file_with_runtime_dependencies(/home/leeky16498/ros2_ws/install/my_robot_description/share/colcon-core/packages/my_robot_description)
[0.558s] DEBUG:colcon.colcon_core.event_handler.log_command:Invoked command in '/home/leeky16498/ros2_ws/build/my_robot_interfaces' returned '0': CMAKE_PREFIX_PATH=${CMAKE_PREFIX_PATH}:/home/leeky16498/ros2_ws/install/turtlesim_catch_them_all:/home/leeky16498/ros2_ws/install/my_py_pkg:/opt/ros/jazzy DEBUGINFOD_URLS=https://debuginfod.ubuntu.com /usr/bin/cmake --build /home/leeky16498/ros2_ws/build/my_robot_interfaces -- -j8 -l8
[0.561s] DEBUG:colcon.colcon_core.event_handler.log_command:Invoking command in '/home/leeky16498/ros2_ws/build/my_robot_interfaces': CMAKE_PREFIX_PATH=${CMAKE_PREFIX_PATH}:/home/leeky16498/ros2_ws/install/turtlesim_catch_them_all:/home/leeky16498/ros2_ws/install/my_py_pkg:/opt/ros/jazzy DEBUGINFOD_URLS=https://debuginfod.ubuntu.com /usr/bin/cmake --install /home/leeky16498/ros2_ws/build/my_robot_interfaces
[0.652s] Level 1:colcon.colcon_core.environment:create_environment_scripts_only(my_robot_interfaces)
[0.652s] DEBUG:colcon.colcon_core.event_handler.log_command:Invoked command in '/home/leeky16498/ros2_ws/build/my_robot_interfaces' returned '0': CMAKE_PREFIX_PATH=${CMAKE_PREFIX_PATH}:/home/leeky16498/ros2_ws/install/turtlesim_catch_them_all:/home/leeky16498/ros2_ws/install/my_py_pkg:/opt/ros/jazzy DEBUGINFOD_URLS=https://debuginfod.ubuntu.com /usr/bin/cmake --install /home/leeky16498/ros2_ws/build/my_robot_interfaces
[0.652s] Level 1:colcon.colcon_core.environment:checking '/home/leeky16498/ros2_ws/install/my_robot_interfaces' for CMake module files
[0.653s] Level 1:colcon.colcon_core.environment:checking '/home/leeky16498/ros2_ws/install/my_robot_interfaces' for CMake config files
[0.654s] Level 1:colcon.colcon_core.shell:create_environment_hook('my_robot_interfaces', 'cmake_prefix_path')
[0.654s] INFO:colcon.colcon_core.shell:Creating environment hook '/home/leeky16498/ros2_ws/install/my_robot_interfaces/share/my_robot_interfaces/hook/cmake_prefix_path.ps1'
[0.654s] INFO:colcon.colcon_core.shell:Creating environment descriptor '/home/leeky16498/ros2_ws/install/my_robot_interfaces/share/my_robot_interfaces/hook/cmake_prefix_path.dsv'
[0.654s] INFO:colcon.colcon_core.shell:Creating environment hook '/home/leeky16498/ros2_ws/install/my_robot_interfaces/share/my_robot_interfaces/hook/cmake_prefix_path.sh'
[0.655s] Level 1:colcon.colcon_core.environment:checking '/home/leeky16498/ros2_ws/install/my_robot_interfaces/lib'
[0.655s] Level 1:colcon.colcon_core.shell:create_environment_hook('my_robot_interfaces', 'ld_library_path_lib')
[0.655s] INFO:colcon.colcon_core.shell:Creating environment hook '/home/leeky16498/ros2_ws/install/my_robot_interfaces/share/my_robot_interfaces/hook/ld_library_path_lib.ps1'
[0.656s] INFO:colcon.colcon_core.shell:Creating environment descriptor '/home/leeky16498/ros2_ws/install/my_robot_interfaces/share/my_robot_interfaces/hook/ld_library_path_lib.dsv'
[0.656s] INFO:colcon.colcon_core.shell:Creating environment hook '/home/leeky16498/ros2_ws/install/my_robot_interfaces/share/my_robot_interfaces/hook/ld_library_path_lib.sh'
[0.657s] Level 1:colcon.colcon_core.environment:checking '/home/leeky16498/ros2_ws/install/my_robot_interfaces/bin'
[0.657s] Level 1:colcon.colcon_core.environment:checking '/home/leeky16498/ros2_ws/install/my_robot_interfaces/lib/pkgconfig/my_robot_interfaces.pc'
[0.657s] Level 1:colcon.colcon_core.environment:checking '/home/leeky16498/ros2_ws/install/my_robot_interfaces/lib/python3.12/site-packages'
[0.657s] Level 1:colcon.colcon_core.shell:create_environment_hook('my_robot_interfaces', 'pythonpath')
[0.657s] INFO:colcon.colcon_core.shell:Creating environment hook '/home/leeky16498/ros2_ws/install/my_robot_interfaces/share/my_robot_interfaces/hook/pythonpath.ps1'
[0.657s] INFO:colcon.colcon_core.shell:Creating environment descriptor '/home/leeky16498/ros2_ws/install/my_robot_interfaces/share/my_robot_interfaces/hook/pythonpath.dsv'
[0.658s] INFO:colcon.colcon_core.shell:Creating environment hook '/home/leeky16498/ros2_ws/install/my_robot_interfaces/share/my_robot_interfaces/hook/pythonpath.sh'
[0.659s] Level 1:colcon.colcon_core.environment:checking '/home/leeky16498/ros2_ws/install/my_robot_interfaces/bin'
[0.659s] INFO:colcon.colcon_core.shell:Creating package script '/home/leeky16498/ros2_ws/install/my_robot_interfaces/share/my_robot_interfaces/package.ps1'
[0.659s] INFO:colcon.colcon_core.shell:Creating package descriptor '/home/leeky16498/ros2_ws/install/my_robot_interfaces/share/my_robot_interfaces/package.dsv'
[0.660s] INFO:colcon.colcon_core.shell:Creating package script '/home/leeky16498/ros2_ws/install/my_robot_interfaces/share/my_robot_interfaces/package.sh'
[0.660s] INFO:colcon.colcon_core.shell:Creating package script '/home/leeky16498/ros2_ws/install/my_robot_interfaces/share/my_robot_interfaces/package.bash'
[0.660s] INFO:colcon.colcon_core.shell:Creating package script '/home/leeky16498/ros2_ws/install/my_robot_interfaces/share/my_robot_interfaces/package.zsh'
[0.661s] Level 1:colcon.colcon_core.environment:create_file_with_runtime_dependencies(/home/leeky16498/ros2_ws/install/my_robot_interfaces/share/colcon-core/packages/my_robot_interfaces)
[0.661s] Level 1:colcon.colcon_core.environment:create_environment_scripts_only(my_robot_interfaces)
[0.661s] Level 1:colcon.colcon_core.environment:checking '/home/leeky16498/ros2_ws/install/my_robot_interfaces' for CMake module files
[0.662s] Level 1:colcon.colcon_core.environment:checking '/home/leeky16498/ros2_ws/install/my_robot_interfaces' for CMake config files
[0.662s] Level 1:colcon.colcon_core.shell:create_environment_hook('my_robot_interfaces', 'cmake_prefix_path')
[0.662s] INFO:colcon.colcon_core.shell:Creating environment hook '/home/leeky16498/ros2_ws/install/my_robot_interfaces/share/my_robot_interfaces/hook/cmake_prefix_path.ps1'
[0.662s] INFO:colcon.colcon_core.shell:Creating environment descriptor '/home/leeky16498/ros2_ws/install/my_robot_interfaces/share/my_robot_interfaces/hook/cmake_prefix_path.dsv'
[0.663s] INFO:colcon.colcon_core.shell:Creating environment hook '/home/leeky16498/ros2_ws/install/my_robot_interfaces/share/my_robot_interfaces/hook/cmake_prefix_path.sh'
[0.663s] Level 1:colcon.colcon_core.environment:checking '/home/leeky16498/ros2_ws/install/my_robot_interfaces/lib'
[0.663s] Level 1:colcon.colcon_core.shell:create_environment_hook('my_robot_interfaces', 'ld_library_path_lib')
[0.663s] INFO:colcon.colcon_core.shell:Creating environment hook '/home/leeky16498/ros2_ws/install/my_robot_interfaces/share/my_robot_interfaces/hook/ld_library_path_lib.ps1'
[0.664s] INFO:colcon.colcon_core.shell:Creating environment descriptor '/home/leeky16498/ros2_ws/install/my_robot_interfaces/share/my_robot_interfaces/hook/ld_library_path_lib.dsv'
[0.664s] INFO:colcon.colcon_core.shell:Creating environment hook '/home/leeky16498/ros2_ws/install/my_robot_interfaces/share/my_robot_interfaces/hook/ld_library_path_lib.sh'
[0.665s] Level 1:colcon.colcon_core.environment:checking '/home/leeky16498/ros2_ws/install/my_robot_interfaces/bin'
[0.665s] Level 1:colcon.colcon_core.environment:checking '/home/leeky16498/ros2_ws/install/my_robot_interfaces/lib/pkgconfig/my_robot_interfaces.pc'
[0.665s] Level 1:colcon.colcon_core.environment:checking '/home/leeky16498/ros2_ws/install/my_robot_interfaces/lib/python3.12/site-packages'
[0.666s] Level 1:colcon.colcon_core.shell:create_environment_hook('my_robot_interfaces', 'pythonpath')
[0.666s] INFO:colcon.colcon_core.shell:Creating environment hook '/home/leeky16498/ros2_ws/install/my_robot_interfaces/share/my_robot_interfaces/hook/pythonpath.ps1'
[0.666s] INFO:colcon.colcon_core.shell:Creating environment descriptor '/home/leeky16498/ros2_ws/install/my_robot_interfaces/share/my_robot_interfaces/hook/pythonpath.dsv'
[0.667s] INFO:colcon.colcon_core.shell:Creating environment hook '/home/leeky16498/ros2_ws/install/my_robot_interfaces/share/my_robot_interfaces/hook/pythonpath.sh'
[0.667s] Level 1:colcon.colcon_core.environment:checking '/home/leeky16498/ros2_ws/install/my_robot_interfaces/bin'
[0.667s] INFO:colcon.colcon_core.shell:Creating package script '/home/leeky16498/ros2_ws/install/my_robot_interfaces/share/my_robot_interfaces/package.ps1'
[0.668s] INFO:colcon.colcon_core.shell:Creating package descriptor '/home/leeky16498/ros2_ws/install/my_robot_interfaces/share/my_robot_interfaces/package.dsv'
[0.668s] INFO:colcon.colcon_core.shell:Creating package script '/home/leeky16498/ros2_ws/install/my_robot_interfaces/share/my_robot_interfaces/package.sh'
[0.669s] INFO:colcon.colcon_core.shell:Creating package script '/home/leeky16498/ros2_ws/install/my_robot_interfaces/share/my_robot_interfaces/package.bash'
[0.669s] INFO:colcon.colcon_core.shell:Creating package script '/home/leeky16498/ros2_ws/install/my_robot_interfaces/share/my_robot_interfaces/package.zsh'
[0.669s] Level 1:colcon.colcon_core.environment:create_file_with_runtime_dependencies(/home/leeky16498/ros2_ws/install/my_robot_interfaces/share/colcon-core/packages/my_robot_interfaces)
[0.670s] INFO:colcon.colcon_ros.task.ament_python.build:Building ROS package in '/home/leeky16498/ros2_ws/src/my_py_pkg' with build type 'ament_python'
[0.670s] Level 1:colcon.colcon_core.shell:create_environment_hook('my_py_pkg', 'ament_prefix_path')
[0.670s] INFO:colcon.colcon_core.shell:Creating environment hook '/home/leeky16498/ros2_ws/install/my_py_pkg/share/my_py_pkg/hook/ament_prefix_path.ps1'
[0.671s] INFO:colcon.colcon_core.shell:Creating environment descriptor '/home/leeky16498/ros2_ws/install/my_py_pkg/share/my_py_pkg/hook/ament_prefix_path.dsv'
[0.672s] INFO:colcon.colcon_core.shell:Creating environment hook '/home/leeky16498/ros2_ws/install/my_py_pkg/share/my_py_pkg/hook/ament_prefix_path.sh'
[0.672s] INFO:colcon.colcon_core.shell:Skip shell extension 'powershell' for command environment: Not usable outside of PowerShell
[0.673s] DEBUG:colcon.colcon_core.shell:Skip shell extension 'dsv' for command environment
[0.676s] INFO:colcon.colcon_ros.task.ament_python.build:Building ROS package in '/home/leeky16498/ros2_ws/src/turtlesim_catch_them_all' with build type 'ament_python'
[0.676s] Level 1:colcon.colcon_core.shell:create_environment_hook('turtlesim_catch_them_all', 'ament_prefix_path')
[0.676s] INFO:colcon.colcon_core.shell:Creating environment hook '/home/leeky16498/ros2_ws/install/turtlesim_catch_them_all/share/turtlesim_catch_them_all/hook/ament_prefix_path.ps1'
[0.677s] INFO:colcon.colcon_core.shell:Creating environment descriptor '/home/leeky16498/ros2_ws/install/turtlesim_catch_them_all/share/turtlesim_catch_them_all/hook/ament_prefix_path.dsv'
[0.677s] INFO:colcon.colcon_core.shell:Creating environment hook '/home/leeky16498/ros2_ws/install/turtlesim_catch_them_all/share/turtlesim_catch_them_all/hook/ament_prefix_path.sh'
[0.677s] INFO:colcon.colcon_core.shell:Skip shell extension 'powershell' for command environment: Not usable outside of PowerShell
[0.677s] DEBUG:colcon.colcon_core.shell:Skip shell extension 'dsv' for command environment
[0.877s] INFO:colcon.colcon_core.task.python.build:Building Python package in '/home/leeky16498/ros2_ws/src/my_py_pkg'
[0.877s] INFO:colcon.colcon_core.shell:Skip shell extension 'powershell' for command environment: Not usable outside of PowerShell
[0.877s] DEBUG:colcon.colcon_core.shell:Skip shell extension 'dsv' for command environment
[1.074s] INFO:colcon.colcon_core.task.python.build:Building Python package in '/home/leeky16498/ros2_ws/src/turtlesim_catch_them_all'
[1.074s] INFO:colcon.colcon_core.shell:Skip shell extension 'powershell' for command environment: Not usable outside of PowerShell
[1.074s] DEBUG:colcon.colcon_core.shell:Skip shell extension 'dsv' for command environment
[1.739s] DEBUG:colcon.colcon_core.event_handler.log_command:Invoking command in '/home/leeky16498/ros2_ws/build/turtlesim_catch_them_all': CMAKE_PREFIX_PATH=/home/leeky16498/ros2_ws/install/my_robot_interfaces:/home/leeky16498/ros2_ws/install/my_robot_bringup:/home/leeky16498/ros2_ws/install/my_robot_description:/opt/ros/jazzy/opt/gz_sim_vendor:/opt/ros/jazzy/opt/gz_sensors_vendor:/opt/ros/jazzy/opt/gz_physics_vendor:/opt/ros/jazzy/opt/sdformat_vendor:/opt/ros/jazzy/opt/gz_gui_vendor:/opt/ros/jazzy/opt/gz_transport_vendor:/opt/ros/jazzy/opt/gz_rendering_vendor:/opt/ros/jazzy/opt/gz_plugin_vendor:/opt/ros/jazzy/opt/gz_fuel_tools_vendor:/opt/ros/jazzy/opt/gz_msgs_vendor:/opt/ros/jazzy/opt/gz_common_vendor:/opt/ros/jazzy/opt/gz_math_vendor:/opt/ros/jazzy/opt/gz_utils_vendor:/opt/ros/jazzy/opt/gz_tools_vendor:/opt/ros/jazzy/opt/gz_ogre_next_vendor:/opt/ros/jazzy/opt/gz_dartsim_vendor:/opt/ros/jazzy/opt/gz_cmake_vendor DEBUGINFOD_URLS=https://debuginfod.ubuntu.com PYTHONPATH=/home/leeky16498/ros2_ws/build/turtlesim_catch_them_all/prefix_override:/usr/lib/python3/dist-packages/colcon_core/task/python/colcon_distutils_commands:/home/leeky16498/ros2_ws/install/turtlesim_catch_them_all/lib/python3.12/site-packages:/home/leeky16498/ros2_ws/install/my_robot_interfaces/lib/python3.12/site-packages:/home/leeky16498/ros2_ws/build/turtlesim_catch_them_all:/home/leeky16498/ros2_ws/install/turtlesim_catch_them_all/lib/python3.12/site-packages:/home/leeky16498/ros2_ws/build/my_py_pkg:/home/leeky16498/ros2_ws/install/my_py_pkg/lib/python3.12/site-packages:/opt/ros/jazzy/lib/python3.12/site-packages /usr/bin/python3 -W ignore:setup.py install is deprecated -W ignore:easy_install command is deprecated setup.py develop --editable --build-directory /home/leeky16498/ros2_ws/build/turtlesim_catch_them_all/build --no-deps symlink_data
[1.741s] DEBUG:colcon.colcon_core.event_handler.log_command:Invoking command in '/home/leeky16498/ros2_ws/build/my_py_pkg': CMAKE_PREFIX_PATH=/home/leeky16498/ros2_ws/install/my_robot_interfaces:/home/leeky16498/ros2_ws/install/my_robot_bringup:/home/leeky16498/ros2_ws/install/my_robot_description:/opt/ros/jazzy/opt/gz_sim_vendor:/opt/ros/jazzy/opt/gz_sensors_vendor:/opt/ros/jazzy/opt/gz_physics_vendor:/opt/ros/jazzy/opt/sdformat_vendor:/opt/ros/jazzy/opt/gz_gui_vendor:/opt/ros/jazzy/opt/gz_transport_vendor:/opt/ros/jazzy/opt/gz_rendering_vendor:/opt/ros/jazzy/opt/gz_plugin_vendor:/opt/ros/jazzy/opt/gz_fuel_tools_vendor:/opt/ros/jazzy/opt/gz_msgs_vendor:/opt/ros/jazzy/opt/gz_common_vendor:/opt/ros/jazzy/opt/gz_math_vendor:/opt/ros/jazzy/opt/gz_utils_vendor:/opt/ros/jazzy/opt/gz_tools_vendor:/opt/ros/jazzy/opt/gz_ogre_next_vendor:/opt/ros/jazzy/opt/gz_dartsim_vendor:/opt/ros/jazzy/opt/gz_cmake_vendor DEBUGINFOD_URLS=https://debuginfod.ubuntu.com PYTHONPATH=/home/leeky16498/ros2_ws/build/my_py_pkg/prefix_override:/usr/lib/python3/dist-packages/colcon_core/task/python/colcon_distutils_commands:/home/leeky16498/ros2_ws/install/my_py_pkg/lib/python3.12/site-packages:/home/leeky16498/ros2_ws/install/my_robot_interfaces/lib/python3.12/site-packages:/home/leeky16498/ros2_ws/build/turtlesim_catch_them_all:/home/leeky16498/ros2_ws/install/turtlesim_catch_them_all/lib/python3.12/site-packages:/home/leeky16498/ros2_ws/build/my_py_pkg:/home/leeky16498/ros2_ws/install/my_py_pkg/lib/python3.12/site-packages:/opt/ros/jazzy/lib/python3.12/site-packages /usr/bin/python3 -W ignore:setup.py install is deprecated -W ignore:easy_install command is deprecated setup.py develop --editable --build-directory /home/leeky16498/ros2_ws/build/my_py_pkg/build --no-deps symlink_data
[2.354s] Level 1:colcon.colcon_core.shell:create_environment_hook('my_py_pkg', 'pythonpath_develop')
[2.354s] INFO:colcon.colcon_core.shell:Creating environment hook '/home/leeky16498/ros2_ws/build/my_py_pkg/share/my_py_pkg/hook/pythonpath_develop.ps1'
[2.355s] DEBUG:colcon.colcon_core.event_handler.log_command:Invoked command in '/home/leeky16498/ros2_ws/build/my_py_pkg' returned '0': CMAKE_PREFIX_PATH=/home/leeky16498/ros2_ws/install/my_robot_interfaces:/home/leeky16498/ros2_ws/install/my_robot_bringup:/home/leeky16498/ros2_ws/install/my_robot_description:/opt/ros/jazzy/opt/gz_sim_vendor:/opt/ros/jazzy/opt/gz_sensors_vendor:/opt/ros/jazzy/opt/gz_physics_vendor:/opt/ros/jazzy/opt/sdformat_vendor:/opt/ros/jazzy/opt/gz_gui_vendor:/opt/ros/jazzy/opt/gz_transport_vendor:/opt/ros/jazzy/opt/gz_rendering_vendor:/opt/ros/jazzy/opt/gz_plugin_vendor:/opt/ros/jazzy/opt/gz_fuel_tools_vendor:/opt/ros/jazzy/opt/gz_msgs_vendor:/opt/ros/jazzy/opt/gz_common_vendor:/opt/ros/jazzy/opt/gz_math_vendor:/opt/ros/jazzy/opt/gz_utils_vendor:/opt/ros/jazzy/opt/gz_tools_vendor:/opt/ros/jazzy/opt/gz_ogre_next_vendor:/opt/ros/jazzy/opt/gz_dartsim_vendor:/opt/ros/jazzy/opt/gz_cmake_vendor DEBUGINFOD_URLS=https://debuginfod.ubuntu.com PYTHONPATH=/home/leeky16498/ros2_ws/build/my_py_pkg/prefix_override:/usr/lib/python3/dist-packages/colcon_core/task/python/colcon_distutils_commands:/home/leeky16498/ros2_ws/install/my_py_pkg/lib/python3.12/site-packages:/home/leeky16498/ros2_ws/install/my_robot_interfaces/lib/python3.12/site-packages:/home/leeky16498/ros2_ws/build/turtlesim_catch_them_all:/home/leeky16498/ros2_ws/install/turtlesim_catch_them_all/lib/python3.12/site-packages:/home/leeky16498/ros2_ws/build/my_py_pkg:/home/leeky16498/ros2_ws/install/my_py_pkg/lib/python3.12/site-packages:/opt/ros/jazzy/lib/python3.12/site-packages /usr/bin/python3 -W ignore:setup.py install is deprecated -W ignore:easy_install command is deprecated setup.py develop --editable --build-directory /home/leeky16498/ros2_ws/build/my_py_pkg/build --no-deps symlink_data
[2.355s] INFO:colcon.colcon_core.shell:Creating environment descriptor '/home/leeky16498/ros2_ws/build/my_py_pkg/share/my_py_pkg/hook/pythonpath_develop.dsv'
[2.356s] INFO:colcon.colcon_core.shell:Creating environment hook '/home/leeky16498/ros2_ws/build/my_py_pkg/share/my_py_pkg/hook/pythonpath_develop.sh'
[2.357s] Level 1:colcon.colcon_core.environment:checking '/home/leeky16498/ros2_ws/install/my_py_pkg' for CMake module files
[2.357s] Level 1:colcon.colcon_core.environment:checking '/home/leeky16498/ros2_ws/install/my_py_pkg' for CMake config files
[2.358s] Level 1:colcon.colcon_core.environment:checking '/home/leeky16498/ros2_ws/install/my_py_pkg/lib'
[2.358s] Level 1:colcon.colcon_core.environment:checking '/home/leeky16498/ros2_ws/install/my_py_pkg/bin'
[2.358s] Level 1:colcon.colcon_core.environment:checking '/home/leeky16498/ros2_ws/install/my_py_pkg/lib/pkgconfig/my_py_pkg.pc'
[2.359s] Level 1:colcon.colcon_core.environment:checking '/home/leeky16498/ros2_ws/install/my_py_pkg/lib/python3.12/site-packages'
[2.359s] Level 1:colcon.colcon_core.shell:create_environment_hook('my_py_pkg', 'pythonpath')
[2.359s] INFO:colcon.colcon_core.shell:Creating environment hook '/home/leeky16498/ros2_ws/install/my_py_pkg/share/my_py_pkg/hook/pythonpath.ps1'
[2.360s] INFO:colcon.colcon_core.shell:Creating environment descriptor '/home/leeky16498/ros2_ws/install/my_py_pkg/share/my_py_pkg/hook/pythonpath.dsv'
[2.360s] INFO:colcon.colcon_core.shell:Creating environment hook '/home/leeky16498/ros2_ws/install/my_py_pkg/share/my_py_pkg/hook/pythonpath.sh'
[2.360s] Level 1:colcon.colcon_core.environment:checking '/home/leeky16498/ros2_ws/install/my_py_pkg/bin'
[2.360s] Level 1:colcon.colcon_core.environment:create_environment_scripts_only(my_py_pkg)
[2.361s] INFO:colcon.colcon_core.shell:Creating package script '/home/leeky16498/ros2_ws/install/my_py_pkg/share/my_py_pkg/package.ps1'
[2.361s] INFO:colcon.colcon_core.shell:Creating package descriptor '/home/leeky16498/ros2_ws/install/my_py_pkg/share/my_py_pkg/package.dsv'
[2.362s] INFO:colcon.colcon_core.shell:Creating package script '/home/leeky16498/ros2_ws/install/my_py_pkg/share/my_py_pkg/package.sh'
[2.362s] INFO:colcon.colcon_core.shell:Creating package script '/home/leeky16498/ros2_ws/install/my_py_pkg/share/my_py_pkg/package.bash'
[2.363s] INFO:colcon.colcon_core.shell:Creating package script '/home/leeky16498/ros2_ws/install/my_py_pkg/share/my_py_pkg/package.zsh'
[2.363s] Level 1:colcon.colcon_core.environment:create_file_with_runtime_dependencies(/home/leeky16498/ros2_ws/install/my_py_pkg/share/colcon-core/packages/my_py_pkg)
[2.365s] Level 1:colcon.colcon_core.shell:create_environment_hook('turtlesim_catch_them_all', 'pythonpath_develop')
[2.365s] INFO:colcon.colcon_core.shell:Creating environment hook '/home/leeky16498/ros2_ws/build/turtlesim_catch_them_all/share/turtlesim_catch_them_all/hook/pythonpath_develop.ps1'
[2.366s] INFO:colcon.colcon_core.shell:Creating environment descriptor '/home/leeky16498/ros2_ws/build/turtlesim_catch_them_all/share/turtlesim_catch_them_all/hook/pythonpath_develop.dsv'
[2.366s] DEBUG:colcon.colcon_core.event_handler.log_command:Invoked command in '/home/leeky16498/ros2_ws/build/turtlesim_catch_them_all' returned '0': CMAKE_PREFIX_PATH=/home/leeky16498/ros2_ws/install/my_robot_interfaces:/home/leeky16498/ros2_ws/install/my_robot_bringup:/home/leeky16498/ros2_ws/install/my_robot_description:/opt/ros/jazzy/opt/gz_sim_vendor:/opt/ros/jazzy/opt/gz_sensors_vendor:/opt/ros/jazzy/opt/gz_physics_vendor:/opt/ros/jazzy/opt/sdformat_vendor:/opt/ros/jazzy/opt/gz_gui_vendor:/opt/ros/jazzy/opt/gz_transport_vendor:/opt/ros/jazzy/opt/gz_rendering_vendor:/opt/ros/jazzy/opt/gz_plugin_vendor:/opt/ros/jazzy/opt/gz_fuel_tools_vendor:/opt/ros/jazzy/opt/gz_msgs_vendor:/opt/ros/jazzy/opt/gz_common_vendor:/opt/ros/jazzy/opt/gz_math_vendor:/opt/ros/jazzy/opt/gz_utils_vendor:/opt/ros/jazzy/opt/gz_tools_vendor:/opt/ros/jazzy/opt/gz_ogre_next_vendor:/opt/ros/jazzy/opt/gz_dartsim_vendor:/opt/ros/jazzy/opt/gz_cmake_vendor DEBUGINFOD_URLS=https://debuginfod.ubuntu.com PYTHONPATH=/home/leeky16498/ros2_ws/build/turtlesim_catch_them_all/prefix_override:/usr/lib/python3/dist-packages/colcon_core/task/python/colcon_distutils_commands:/home/leeky16498/ros2_ws/install/turtlesim_catch_them_all/lib/python3.12/site-packages:/home/leeky16498/ros2_ws/install/my_robot_interfaces/lib/python3.12/site-packages:/home/leeky16498/ros2_ws/build/turtlesim_catch_them_all:/home/leeky16498/ros2_ws/install/turtlesim_catch_them_all/lib/python3.12/site-packages:/home/leeky16498/ros2_ws/build/my_py_pkg:/home/leeky16498/ros2_ws/install/my_py_pkg/lib/python3.12/site-packages:/opt/ros/jazzy/lib/python3.12/site-packages /usr/bin/python3 -W ignore:setup.py install is deprecated -W ignore:easy_install command is deprecated setup.py develop --editable --build-directory /home/leeky16498/ros2_ws/build/turtlesim_catch_them_all/build --no-deps symlink_data
[2.367s] INFO:colcon.colcon_core.shell:Creating environment hook '/home/leeky16498/ros2_ws/build/turtlesim_catch_them_all/share/turtlesim_catch_them_all/hook/pythonpath_develop.sh'
[2.368s] Level 1:colcon.colcon_core.environment:checking '/home/leeky16498/ros2_ws/install/turtlesim_catch_them_all' for CMake module files
[2.368s] Level 1:colcon.colcon_core.environment:checking '/home/leeky16498/ros2_ws/install/turtlesim_catch_them_all' for CMake config files
[2.369s] Level 1:colcon.colcon_core.environment:checking '/home/leeky16498/ros2_ws/install/turtlesim_catch_them_all/lib'
[2.369s] Level 1:colcon.colcon_core.environment:checking '/home/leeky16498/ros2_ws/install/turtlesim_catch_them_all/bin'
[2.369s] Level 1:colcon.colcon_core.environment:checking '/home/leeky16498/ros2_ws/install/turtlesim_catch_them_all/lib/pkgconfig/turtlesim_catch_them_all.pc'
[2.369s] Level 1:colcon.colcon_core.environment:checking '/home/leeky16498/ros2_ws/install/turtlesim_catch_them_all/lib/python3.12/site-packages'
[2.369s] Level 1:colcon.colcon_core.shell:create_environment_hook('turtlesim_catch_them_all', 'pythonpath')
[2.369s] INFO:colcon.colcon_core.shell:Creating environment hook '/home/leeky16498/ros2_ws/install/turtlesim_catch_them_all/share/turtlesim_catch_them_all/hook/pythonpath.ps1'
[2.370s] INFO:colcon.colcon_core.shell:Creating environment descriptor '/home/leeky16498/ros2_ws/install/turtlesim_catch_them_all/share/turtlesim_catch_them_all/hook/pythonpath.dsv'
[2.371s] INFO:colcon.colcon_core.shell:Creating environment hook '/home/leeky16498/ros2_ws/install/turtlesim_catch_them_all/share/turtlesim_catch_them_all/hook/pythonpath.sh'
[2.371s] Level 1:colcon.colcon_core.environment:checking '/home/leeky16498/ros2_ws/install/turtlesim_catch_them_all/bin'
[2.371s] Level 1:colcon.colcon_core.environment:create_environment_scripts_only(turtlesim_catch_them_all)
[2.372s] INFO:colcon.colcon_core.shell:Creating package script '/home/leeky16498/ros2_ws/install/turtlesim_catch_them_all/share/turtlesim_catch_them_all/package.ps1'
[2.372s] INFO:colcon.colcon_core.shell:Creating package descriptor '/home/leeky16498/ros2_ws/install/turtlesim_catch_them_all/share/turtlesim_catch_them_all/package.dsv'
[2.373s] INFO:colcon.colcon_core.shell:Creating package script '/home/leeky16498/ros2_ws/install/turtlesim_catch_them_all/share/turtlesim_catch_them_all/package.sh'
[2.373s] INFO:colcon.colcon_core.shell:Creating package script '/home/leeky16498/ros2_ws/install/turtlesim_catch_them_all/share/turtlesim_catch_them_all/package.bash'
[2.374s] INFO:colcon.colcon_core.shell:Creating package script '/home/leeky16498/ros2_ws/install/turtlesim_catch_them_all/share/turtlesim_catch_them_all/package.zsh'
[2.374s] Level 1:colcon.colcon_core.environment:create_file_with_runtime_dependencies(/home/leeky16498/ros2_ws/install/turtlesim_catch_them_all/share/colcon-core/packages/turtlesim_catch_them_all)
[2.374s] INFO:colcon.colcon_ros.task.ament_cmake.build:Building ROS package in '/home/leeky16498/ros2_ws/src/my_robot_bringup' with build type 'ament_cmake'
[2.374s] INFO:colcon.colcon_cmake.task.cmake.build:Building CMake package in '/home/leeky16498/ros2_ws/src/my_robot_bringup'
[2.375s] INFO:colcon.colcon_core.shell:Skip shell extension 'powershell' for command environment: Not usable outside of PowerShell
[2.375s] DEBUG:colcon.colcon_core.shell:Skip shell extension 'dsv' for command environment
[2.392s] DEBUG:colcon.colcon_core.event_handler.log_command:Invoking command in '/home/leeky16498/ros2_ws/build/my_robot_bringup': AMENT_PREFIX_PATH=/home/leeky16498/ros2_ws/install/turtlesim_catch_them_all:/home/leeky16498/ros2_ws/install/my_py_pkg:/home/leeky16498/ros2_ws/install/my_robot_bringup:/home/leeky16498/ros2_ws/install/my_robot_interfaces:/home/leeky16498/ros2_ws/install/my_robot_description:/opt/ros/jazzy CMAKE_PREFIX_PATH=/home/leeky16498/ros2_ws/install/my_robot_interfaces:/home/leeky16498/ros2_ws/install/my_robot_bringup:/home/leeky16498/ros2_ws/install/my_robot_description:/opt/ros/jazzy/opt/gz_sim_vendor:/opt/ros/jazzy/opt/gz_sensors_vendor:/opt/ros/jazzy/opt/gz_physics_vendor:/opt/ros/jazzy/opt/sdformat_vendor:/opt/ros/jazzy/opt/gz_gui_vendor:/opt/ros/jazzy/opt/gz_transport_vendor:/opt/ros/jazzy/opt/gz_rendering_vendor:/opt/ros/jazzy/opt/gz_plugin_vendor:/opt/ros/jazzy/opt/gz_fuel_tools_vendor:/opt/ros/jazzy/opt/gz_msgs_vendor:/opt/ros/jazzy/opt/gz_common_vendor:/opt/ros/jazzy/opt/gz_math_vendor:/opt/ros/jazzy/opt/gz_utils_vendor:/opt/ros/jazzy/opt/gz_tools_vendor:/opt/ros/jazzy/opt/gz_ogre_next_vendor:/opt/ros/jazzy/opt/gz_dartsim_vendor:/opt/ros/jazzy/opt/gz_cmake_vendor:/home/leeky16498/ros2_ws/install/turtlesim_catch_them_all:/home/leeky16498/ros2_ws/install/my_py_pkg:/opt/ros/jazzy DEBUGINFOD_URLS=https://debuginfod.ubuntu.com /usr/bin/cmake --build /home/leeky16498/ros2_ws/build/my_robot_bringup -- -j8 -l8
[2.881s] DEBUG:colcon.colcon_core.event_handler.log_command:Invoked command in '/home/leeky16498/ros2_ws/build/my_robot_bringup' returned '0': AMENT_PREFIX_PATH=/home/leeky16498/ros2_ws/install/turtlesim_catch_them_all:/home/leeky16498/ros2_ws/install/my_py_pkg:/home/leeky16498/ros2_ws/install/my_robot_bringup:/home/leeky16498/ros2_ws/install/my_robot_interfaces:/home/leeky16498/ros2_ws/install/my_robot_description:/opt/ros/jazzy CMAKE_PREFIX_PATH=/home/leeky16498/ros2_ws/install/my_robot_interfaces:/home/leeky16498/ros2_ws/install/my_robot_bringup:/home/leeky16498/ros2_ws/install/my_robot_description:/opt/ros/jazzy/opt/gz_sim_vendor:/opt/ros/jazzy/opt/gz_sensors_vendor:/opt/ros/jazzy/opt/gz_physics_vendor:/opt/ros/jazzy/opt/sdformat_vendor:/opt/ros/jazzy/opt/gz_gui_vendor:/opt/ros/jazzy/opt/gz_transport_vendor:/opt/ros/jazzy/opt/gz_rendering_vendor:/opt/ros/jazzy/opt/gz_plugin_vendor:/opt/ros/jazzy/opt/gz_fuel_tools_vendor:/opt/ros/jazzy/opt/gz_msgs_vendor:/opt/ros/jazzy/opt/gz_common_vendor:/opt/ros/jazzy/opt/gz_math_vendor:/opt/ros/jazzy/opt/gz_utils_vendor:/opt/ros/jazzy/opt/gz_tools_vendor:/opt/ros/jazzy/opt/gz_ogre_next_vendor:/opt/ros/jazzy/opt/gz_dartsim_vendor:/opt/ros/jazzy/opt/gz_cmake_vendor:/home/leeky16498/ros2_ws/install/turtlesim_catch_them_all:/home/leeky16498/ros2_ws/install/my_py_pkg:/opt/ros/jazzy DEBUGINFOD_URLS=https://debuginfod.ubuntu.com /usr/bin/cmake --build /home/leeky16498/ros2_ws/build/my_robot_bringup -- -j8 -l8
[2.883s] DEBUG:colcon.colcon_core.event_handler.log_command:Invoking command in '/home/leeky16498/ros2_ws/build/my_robot_bringup': AMENT_PREFIX_PATH=/home/leeky16498/ros2_ws/install/turtlesim_catch_them_all:/home/leeky16498/ros2_ws/install/my_py_pkg:/home/leeky16498/ros2_ws/install/my_robot_bringup:/home/leeky16498/ros2_ws/install/my_robot_interfaces:/home/leeky16498/ros2_ws/install/my_robot_description:/opt/ros/jazzy CMAKE_PREFIX_PATH=/home/leeky16498/ros2_ws/install/my_robot_interfaces:/home/leeky16498/ros2_ws/install/my_robot_bringup:/home/leeky16498/ros2_ws/install/my_robot_description:/opt/ros/jazzy/opt/gz_sim_vendor:/opt/ros/jazzy/opt/gz_sensors_vendor:/opt/ros/jazzy/opt/gz_physics_vendor:/opt/ros/jazzy/opt/sdformat_vendor:/opt/ros/jazzy/opt/gz_gui_vendor:/opt/ros/jazzy/opt/gz_transport_vendor:/opt/ros/jazzy/opt/gz_rendering_vendor:/opt/ros/jazzy/opt/gz_plugin_vendor:/opt/ros/jazzy/opt/gz_fuel_tools_vendor:/opt/ros/jazzy/opt/gz_msgs_vendor:/opt/ros/jazzy/opt/gz_common_vendor:/opt/ros/jazzy/opt/gz_math_vendor:/opt/ros/jazzy/opt/gz_utils_vendor:/opt/ros/jazzy/opt/gz_tools_vendor:/opt/ros/jazzy/opt/gz_ogre_next_vendor:/opt/ros/jazzy/opt/gz_dartsim_vendor:/opt/ros/jazzy/opt/gz_cmake_vendor:/home/leeky16498/ros2_ws/install/turtlesim_catch_them_all:/home/leeky16498/ros2_ws/install/my_py_pkg:/opt/ros/jazzy DEBUGINFOD_URLS=https://debuginfod.ubuntu.com /usr/bin/cmake --install /home/leeky16498/ros2_ws/build/my_robot_bringup
[2.924s] Level 1:colcon.colcon_core.environment:create_environment_scripts_only(my_robot_bringup)
[2.925s] Level 1:colcon.colcon_core.environment:checking '/home/leeky16498/ros2_ws/install/my_robot_bringup' for CMake module files
[2.925s] DEBUG:colcon.colcon_core.event_handler.log_command:Invoked command in '/home/leeky16498/ros2_ws/build/my_robot_bringup' returned '0': AMENT_PREFIX_PATH=/home/leeky16498/ros2_ws/install/turtlesim_catch_them_all:/home/leeky16498/ros2_ws/install/my_py_pkg:/home/leeky16498/ros2_ws/install/my_robot_bringup:/home/leeky16498/ros2_ws/install/my_robot_interfaces:/home/leeky16498/ros2_ws/install/my_robot_description:/opt/ros/jazzy CMAKE_PREFIX_PATH=/home/leeky16498/ros2_ws/install/my_robot_interfaces:/home/leeky16498/ros2_ws/install/my_robot_bringup:/home/leeky16498/ros2_ws/install/my_robot_description:/opt/ros/jazzy/opt/gz_sim_vendor:/opt/ros/jazzy/opt/gz_sensors_vendor:/opt/ros/jazzy/opt/gz_physics_vendor:/opt/ros/jazzy/opt/sdformat_vendor:/opt/ros/jazzy/opt/gz_gui_vendor:/opt/ros/jazzy/opt/gz_transport_vendor:/opt/ros/jazzy/opt/gz_rendering_vendor:/opt/ros/jazzy/opt/gz_plugin_vendor:/opt/ros/jazzy/opt/gz_fuel_tools_vendor:/opt/ros/jazzy/opt/gz_msgs_vendor:/opt/ros/jazzy/opt/gz_common_vendor:/opt/ros/jazzy/opt/gz_math_vendor:/opt/ros/jazzy/opt/gz_utils_vendor:/opt/ros/jazzy/opt/gz_tools_vendor:/opt/ros/jazzy/opt/gz_ogre_next_vendor:/opt/ros/jazzy/opt/gz_dartsim_vendor:/opt/ros/jazzy/opt/gz_cmake_vendor:/home/leeky16498/ros2_ws/install/turtlesim_catch_them_all:/home/leeky16498/ros2_ws/install/my_py_pkg:/opt/ros/jazzy DEBUGINFOD_URLS=https://debuginfod.ubuntu.com /usr/bin/cmake --install /home/leeky16498/ros2_ws/build/my_robot_bringup
[2.926s] Level 1:colcon.colcon_core.environment:checking '/home/leeky16498/ros2_ws/install/my_robot_bringup' for CMake config files
[2.926s] Level 1:colcon.colcon_core.shell:create_environment_hook('my_robot_bringup', 'cmake_prefix_path')
[2.926s] INFO:colcon.colcon_core.shell:Creating environment hook '/home/leeky16498/ros2_ws/install/my_robot_bringup/share/my_robot_bringup/hook/cmake_prefix_path.ps1'
[2.927s] INFO:colcon.colcon_core.shell:Creating environment descriptor '/home/leeky16498/ros2_ws/install/my_robot_bringup/share/my_robot_bringup/hook/cmake_prefix_path.dsv'
[2.927s] INFO:colcon.colcon_core.shell:Creating environment hook '/home/leeky16498/ros2_ws/install/my_robot_bringup/share/my_robot_bringup/hook/cmake_prefix_path.sh'
[2.928s] Level 1:colcon.colcon_core.environment:checking '/home/leeky16498/ros2_ws/install/my_robot_bringup/bin'
[2.928s] Level 1:colcon.colcon_core.environment:checking '/home/leeky16498/ros2_ws/install/my_robot_bringup/lib/pkgconfig/my_robot_bringup.pc'
[2.929s] Level 1:colcon.colcon_core.environment:checking '/home/leeky16498/ros2_ws/install/my_robot_bringup/lib/python3.12/site-packages'
[2.929s] Level 1:colcon.colcon_core.environment:checking '/home/leeky16498/ros2_ws/install/my_robot_bringup/bin'
[2.929s] INFO:colcon.colcon_core.shell:Creating package script '/home/leeky16498/ros2_ws/install/my_robot_bringup/share/my_robot_bringup/package.ps1'
[2.929s] INFO:colcon.colcon_core.shell:Creating package descriptor '/home/leeky16498/ros2_ws/install/my_robot_bringup/share/my_robot_bringup/package.dsv'
[2.930s] INFO:colcon.colcon_core.shell:Creating package script '/home/leeky16498/ros2_ws/install/my_robot_bringup/share/my_robot_bringup/package.sh'
[2.930s] INFO:colcon.colcon_core.shell:Creating package script '/home/leeky16498/ros2_ws/install/my_robot_bringup/share/my_robot_bringup/package.bash'
[2.931s] INFO:colcon.colcon_core.shell:Creating package script '/home/leeky16498/ros2_ws/install/my_robot_bringup/share/my_robot_bringup/package.zsh'
[2.931s] Level 1:colcon.colcon_core.environment:create_file_with_runtime_dependencies(/home/leeky16498/ros2_ws/install/my_robot_bringup/share/colcon-core/packages/my_robot_bringup)
[2.931s] Level 1:colcon.colcon_core.environment:create_environment_scripts_only(my_robot_bringup)
[2.931s] Level 1:colcon.colcon_core.environment:checking '/home/leeky16498/ros2_ws/install/my_robot_bringup' for CMake module files
[2.932s] Level 1:colcon.colcon_core.environment:checking '/home/leeky16498/ros2_ws/install/my_robot_bringup' for CMake config files
[2.933s] Level 1:colcon.colcon_core.shell:create_environment_hook('my_robot_bringup', 'cmake_prefix_path')
[2.933s] INFO:colcon.colcon_core.shell:Creating environment hook '/home/leeky16498/ros2_ws/install/my_robot_bringup/share/my_robot_bringup/hook/cmake_prefix_path.ps1'
[2.933s] INFO:colcon.colcon_core.shell:Creating environment descriptor '/home/leeky16498/ros2_ws/install/my_robot_bringup/share/my_robot_bringup/hook/cmake_prefix_path.dsv'
[2.934s] INFO:colcon.colcon_core.shell:Creating environment hook '/home/leeky16498/ros2_ws/install/my_robot_bringup/share/my_robot_bringup/hook/cmake_prefix_path.sh'
[2.934s] Level 1:colcon.colcon_core.environment:checking '/home/leeky16498/ros2_ws/install/my_robot_bringup/bin'
[2.934s] Level 1:colcon.colcon_core.environment:checking '/home/leeky16498/ros2_ws/install/my_robot_bringup/lib/pkgconfig/my_robot_bringup.pc'
[2.935s] Level 1:colcon.colcon_core.environment:checking '/home/leeky16498/ros2_ws/install/my_robot_bringup/lib/python3.12/site-packages'
[2.935s] Level 1:colcon.colcon_core.environment:checking '/home/leeky16498/ros2_ws/install/my_robot_bringup/bin'
[2.935s] INFO:colcon.colcon_core.shell:Creating package script '/home/leeky16498/ros2_ws/install/my_robot_bringup/share/my_robot_bringup/package.ps1'
[2.936s] INFO:colcon.colcon_core.shell:Creating package descriptor '/home/leeky16498/ros2_ws/install/my_robot_bringup/share/my_robot_bringup/package.dsv'
[2.937s] INFO:colcon.colcon_core.shell:Creating package script '/home/leeky16498/ros2_ws/install/my_robot_bringup/share/my_robot_bringup/package.sh'
[2.937s] INFO:colcon.colcon_core.shell:Creating package script '/home/leeky16498/ros2_ws/install/my_robot_bringup/share/my_robot_bringup/package.bash'
[2.937s] INFO:colcon.colcon_core.shell:Creating package script '/home/leeky16498/ros2_ws/install/my_robot_bringup/share/my_robot_bringup/package.zsh'
[2.938s] Level 1:colcon.colcon_core.environment:create_file_with_runtime_dependencies(/home/leeky16498/ros2_ws/install/my_robot_bringup/share/colcon-core/packages/my_robot_bringup)
[2.938s] DEBUG:colcon.colcon_parallel_executor.executor.parallel:closing loop
[2.939s] DEBUG:colcon.colcon_parallel_executor.executor.parallel:loop closed
[2.939s] DEBUG:colcon.colcon_parallel_executor.executor.parallel:run_until_complete finished with '0'
[2.939s] DEBUG:colcon.colcon_core.event_reactor:joining thread
[2.950s] INFO:colcon.colcon_core.plugin_system:Skipping extension 'colcon_notification.desktop_notification.terminal_notifier': Not used on non-Darwin systems
[2.950s] INFO:colcon.colcon_core.plugin_system:Skipping extension 'colcon_notification.desktop_notification.win32': Not used on non-Windows systems
[2.950s] INFO:colcon.colcon_notification.desktop_notification:Sending desktop notification using 'notify2'
[2.992s] DEBUG:colcon.colcon_core.event_reactor:joined thread
[2.993s] INFO:colcon.colcon_core.shell:Creating prefix script '/home/leeky16498/ros2_ws/install/local_setup.ps1'
[2.994s] INFO:colcon.colcon_core.shell:Creating prefix util module '/home/leeky16498/ros2_ws/install/_local_setup_util_ps1.py'
[2.995s] INFO:colcon.colcon_core.shell:Creating prefix chain script '/home/leeky16498/ros2_ws/install/setup.ps1'
[2.998s] INFO:colcon.colcon_core.shell:Creating prefix script '/home/leeky16498/ros2_ws/install/local_setup.sh'
[3.001s] INFO:colcon.colcon_core.shell:Creating prefix util module '/home/leeky16498/ros2_ws/install/_local_setup_util_sh.py'
[3.002s] INFO:colcon.colcon_core.shell:Creating prefix chain script '/home/leeky16498/ros2_ws/install/setup.sh'
[3.004s] INFO:colcon.colcon_core.shell:Creating prefix script '/home/leeky16498/ros2_ws/install/local_setup.bash'
[3.006s] INFO:colcon.colcon_core.shell:Creating prefix chain script '/home/leeky16498/ros2_ws/install/setup.bash'
[3.008s] INFO:colcon.colcon_core.shell:Creating prefix script '/home/leeky16498/ros2_ws/install/local_setup.zsh'
[3.009s] INFO:colcon.colcon_core.shell:Creating prefix chain script '/home/leeky16498/ros2_ws/install/setup.zsh'
