[0.004s] Invoking command in '/home/leeky16498/ros2_ws/build/my_robot_interfaces': DEBUGINFOD_URLS=https://debuginfod.ubuntu.com /usr/bin/cmake /home/leeky16498/ros2_ws/src/my_robot_interfaces -DCMAKE_INSTALL_PREFIX=/home/leeky16498/ros2_ws/install/my_robot_interfaces
[0.019s] -- Configuring incomplete, errors occurred!
[0.020s] [31mCMake Error at CMakeLists.txt:9 (find_package):
[0.020s]   By not providing "Findament_cmake.cmake" in CMAKE_MODULE_PATH this project
[0.020s]   has asked CMake to find a package configuration file provided by
[0.020s]   "ament_cmake", but CMake did not find one.
[0.020s] 
[0.020s]   Could not find a package configuration file provided by "ament_cmake" with
[0.020s]   any of the following names:
[0.020s] 
[0.020s]     ament_cmakeConfig.cmake
[0.020s]     ament_cmake-config.cmake
[0.020s] 
[0.020s]   Add the installation prefix of "ament_cmake" to CMAKE_PREFIX_PATH or set
[0.020s]   "ament_cmake_DIR" to a directory containing one of the above files.  If
[0.020s]   "ament_cmake" provides a separate development package or SDK, be sure it
[0.021s]   has been installed.
[0.021s] 
[0.021s] [0m
[0.021s] Invoked command in '/home/leeky16498/ros2_ws/build/my_robot_interfaces' returned '1': DEBUGINFOD_URLS=https://debuginfod.ubuntu.com /usr/bin/cmake /home/leeky16498/ros2_ws/src/my_robot_interfaces -DCMAKE_INSTALL_PREFIX=/home/leeky16498/ros2_ws/install/my_robot_interfaces
