[0.006s] Invoking command in '/home/leeky16498/ros2_ws/src/build/my_robot_bringup': AMENT_PREFIX_PATH=/home/leeky16498/ros2_ws/src/install/my_py_pkg:/home/leeky16498/ros2_ws/src/install/my_robot_interfaces:${AMENT_PREFIX_PATH} CMAKE_PREFIX_PATH=/home/leeky16498/ros2_ws/src/install/my_robot_interfaces:/home/leeky16498/ros2_ws/install/my_robot_bringup:/home/leeky16498/ros2_ws/install/my_robot_interfaces:/opt/ros/jazzy/opt/gz_math_vendor:/opt/ros/jazzy/opt/gz_utils_vendor:/opt/ros/jazzy/opt/gz_cmake_vendor:/home/leeky16498/ros2_ws/install/my_py_pkg:/opt/ros/jazzy DEBUGINFOD_URLS=https://debuginfod.ubuntu.com LD_LIBRARY_PATH=/home/leeky16498/ros2_ws/src/install/my_robot_interfaces/lib:${LD_LIBRARY_PATH} PYTHONPATH=/home/leeky16498/ros2_ws/src/install/my_py_pkg/lib/python3.12/site-packages:/home/leeky16498/ros2_ws/src/install/my_robot_interfaces/lib/python3.12/site-packages:${PYTHONPATH} /usr/bin/cmake /home/leeky16498/ros2_ws/src/my_robot_bringup -DCMAKE_INSTALL_PREFIX=/home/leeky16498/ros2_ws/src/install/my_robot_bringup
[0.049s] -- The C compiler identification is GNU 13.3.0
[0.094s] -- The CXX compiler identification is GNU 13.3.0
[0.109s] -- Detecting C compiler ABI info
[0.215s] -- Detecting C compiler ABI info - done
[0.222s] -- Check for working C compiler: /usr/bin/cc - skipped
[0.222s] -- Detecting C compile features
[0.222s] -- Detecting C compile features - done
[0.230s] -- Detecting CXX compiler ABI info
[0.301s] -- Detecting CXX compiler ABI info - done
[0.308s] -- Check for working CXX compiler: /usr/bin/c++ - skipped
[0.308s] -- Detecting CXX compile features
[0.308s] -- Detecting CXX compile features - done
[0.309s] -- Found ament_cmake: 2.5.4 (/opt/ros/jazzy/share/ament_cmake/cmake)
[0.420s] -- Found Python3: /usr/bin/python3 (found version "3.12.3") found components: Interpreter 
[0.524s] -- Configuring done (0.5s)
[0.526s] -- Generating done (0.0s)
[0.526s] -- Build files have been written to: /home/leeky16498/ros2_ws/src/build/my_robot_bringup
[0.530s] Invoked command in '/home/leeky16498/ros2_ws/src/build/my_robot_bringup' returned '0': AMENT_PREFIX_PATH=/home/leeky16498/ros2_ws/src/install/my_py_pkg:/home/leeky16498/ros2_ws/src/install/my_robot_interfaces:${AMENT_PREFIX_PATH} CMAKE_PREFIX_PATH=/home/leeky16498/ros2_ws/src/install/my_robot_interfaces:/home/leeky16498/ros2_ws/install/my_robot_bringup:/home/leeky16498/ros2_ws/install/my_robot_interfaces:/opt/ros/jazzy/opt/gz_math_vendor:/opt/ros/jazzy/opt/gz_utils_vendor:/opt/ros/jazzy/opt/gz_cmake_vendor:/home/leeky16498/ros2_ws/install/my_py_pkg:/opt/ros/jazzy DEBUGINFOD_URLS=https://debuginfod.ubuntu.com LD_LIBRARY_PATH=/home/leeky16498/ros2_ws/src/install/my_robot_interfaces/lib:${LD_LIBRARY_PATH} PYTHONPATH=/home/leeky16498/ros2_ws/src/install/my_py_pkg/lib/python3.12/site-packages:/home/leeky16498/ros2_ws/src/install/my_robot_interfaces/lib/python3.12/site-packages:${PYTHONPATH} /usr/bin/cmake /home/leeky16498/ros2_ws/src/my_robot_bringup -DCMAKE_INSTALL_PREFIX=/home/leeky16498/ros2_ws/src/install/my_robot_bringup
[0.530s] Invoking command in '/home/leeky16498/ros2_ws/src/build/my_robot_bringup': AMENT_PREFIX_PATH=/home/leeky16498/ros2_ws/src/install/my_py_pkg:/home/leeky16498/ros2_ws/src/install/my_robot_interfaces:${AMENT_PREFIX_PATH} CMAKE_PREFIX_PATH=/home/leeky16498/ros2_ws/src/install/my_robot_interfaces:/home/leeky16498/ros2_ws/install/my_robot_bringup:/home/leeky16498/ros2_ws/install/my_robot_interfaces:/opt/ros/jazzy/opt/gz_math_vendor:/opt/ros/jazzy/opt/gz_utils_vendor:/opt/ros/jazzy/opt/gz_cmake_vendor:/home/leeky16498/ros2_ws/install/my_py_pkg:/opt/ros/jazzy DEBUGINFOD_URLS=https://debuginfod.ubuntu.com LD_LIBRARY_PATH=/home/leeky16498/ros2_ws/src/install/my_robot_interfaces/lib:${LD_LIBRARY_PATH} PYTHONPATH=/home/leeky16498/ros2_ws/src/install/my_py_pkg/lib/python3.12/site-packages:/home/leeky16498/ros2_ws/src/install/my_robot_interfaces/lib/python3.12/site-packages:${PYTHONPATH} /usr/bin/cmake --build /home/leeky16498/ros2_ws/src/build/my_robot_bringup -- -j8 -l8
[0.554s] Invoked command in '/home/leeky16498/ros2_ws/src/build/my_robot_bringup' returned '0': AMENT_PREFIX_PATH=/home/leeky16498/ros2_ws/src/install/my_py_pkg:/home/leeky16498/ros2_ws/src/install/my_robot_interfaces:${AMENT_PREFIX_PATH} CMAKE_PREFIX_PATH=/home/leeky16498/ros2_ws/src/install/my_robot_interfaces:/home/leeky16498/ros2_ws/install/my_robot_bringup:/home/leeky16498/ros2_ws/install/my_robot_interfaces:/opt/ros/jazzy/opt/gz_math_vendor:/opt/ros/jazzy/opt/gz_utils_vendor:/opt/ros/jazzy/opt/gz_cmake_vendor:/home/leeky16498/ros2_ws/install/my_py_pkg:/opt/ros/jazzy DEBUGINFOD_URLS=https://debuginfod.ubuntu.com LD_LIBRARY_PATH=/home/leeky16498/ros2_ws/src/install/my_robot_interfaces/lib:${LD_LIBRARY_PATH} PYTHONPATH=/home/leeky16498/ros2_ws/src/install/my_py_pkg/lib/python3.12/site-packages:/home/leeky16498/ros2_ws/src/install/my_robot_interfaces/lib/python3.12/site-packages:${PYTHONPATH} /usr/bin/cmake --build /home/leeky16498/ros2_ws/src/build/my_robot_bringup -- -j8 -l8
[0.555s] Invoking command in '/home/leeky16498/ros2_ws/src/build/my_robot_bringup': AMENT_PREFIX_PATH=/home/leeky16498/ros2_ws/src/install/my_py_pkg:/home/leeky16498/ros2_ws/src/install/my_robot_interfaces:${AMENT_PREFIX_PATH} CMAKE_PREFIX_PATH=/home/leeky16498/ros2_ws/src/install/my_robot_interfaces:/home/leeky16498/ros2_ws/install/my_robot_bringup:/home/leeky16498/ros2_ws/install/my_robot_interfaces:/opt/ros/jazzy/opt/gz_math_vendor:/opt/ros/jazzy/opt/gz_utils_vendor:/opt/ros/jazzy/opt/gz_cmake_vendor:/home/leeky16498/ros2_ws/install/my_py_pkg:/opt/ros/jazzy DEBUGINFOD_URLS=https://debuginfod.ubuntu.com LD_LIBRARY_PATH=/home/leeky16498/ros2_ws/src/install/my_robot_interfaces/lib:${LD_LIBRARY_PATH} PYTHONPATH=/home/leeky16498/ros2_ws/src/install/my_py_pkg/lib/python3.12/site-packages:/home/leeky16498/ros2_ws/src/install/my_robot_interfaces/lib/python3.12/site-packages:${PYTHONPATH} /usr/bin/cmake --install /home/leeky16498/ros2_ws/src/build/my_robot_bringup
[0.559s] -- Install configuration: ""
[0.559s] -- Installing: /home/leeky16498/ros2_ws/src/install/my_robot_bringup/share/my_robot_bringup//launch
[0.559s] -- Installing: /home/leeky16498/ros2_ws/src/install/my_robot_bringup/share/my_robot_bringup//launch/number_app.launch.py
[0.559s] -- Installing: /home/leeky16498/ros2_ws/src/install/my_robot_bringup/share/my_robot_bringup//launch/number_app.launch.xml
[0.559s] -- Installing: /home/leeky16498/ros2_ws/src/install/my_robot_bringup/share/my_robot_bringup//launch/number_app_from_python.launch.xml
[0.560s] -- Installing: /home/leeky16498/ros2_ws/src/install/my_robot_bringup/share/my_robot_bringup//config
[0.560s] -- Installing: /home/leeky16498/ros2_ws/src/install/my_robot_bringup/share/my_robot_bringup//config/number_app.yaml
[0.560s] -- Installing: /home/leeky16498/ros2_ws/src/install/my_robot_bringup/share/ament_index/resource_index/package_run_dependencies/my_robot_bringup
[0.560s] -- Installing: /home/leeky16498/ros2_ws/src/install/my_robot_bringup/share/ament_index/resource_index/parent_prefix_path/my_robot_bringup
[0.560s] -- Installing: /home/leeky16498/ros2_ws/src/install/my_robot_bringup/share/my_robot_bringup/environment/ament_prefix_path.sh
[0.560s] -- Installing: /home/leeky16498/ros2_ws/src/install/my_robot_bringup/share/my_robot_bringup/environment/ament_prefix_path.dsv
[0.560s] -- Installing: /home/leeky16498/ros2_ws/src/install/my_robot_bringup/share/my_robot_bringup/environment/path.sh
[0.560s] -- Installing: /home/leeky16498/ros2_ws/src/install/my_robot_bringup/share/my_robot_bringup/environment/path.dsv
[0.560s] -- Installing: /home/leeky16498/ros2_ws/src/install/my_robot_bringup/share/my_robot_bringup/local_setup.bash
[0.560s] -- Installing: /home/leeky16498/ros2_ws/src/install/my_robot_bringup/share/my_robot_bringup/local_setup.sh
[0.560s] -- Installing: /home/leeky16498/ros2_ws/src/install/my_robot_bringup/share/my_robot_bringup/local_setup.zsh
[0.560s] -- Installing: /home/leeky16498/ros2_ws/src/install/my_robot_bringup/share/my_robot_bringup/local_setup.dsv
[0.560s] -- Installing: /home/leeky16498/ros2_ws/src/install/my_robot_bringup/share/my_robot_bringup/package.dsv
[0.560s] -- Installing: /home/leeky16498/ros2_ws/src/install/my_robot_bringup/share/ament_index/resource_index/packages/my_robot_bringup
[0.560s] -- Installing: /home/leeky16498/ros2_ws/src/install/my_robot_bringup/share/my_robot_bringup/cmake/my_robot_bringupConfig.cmake
[0.560s] -- Installing: /home/leeky16498/ros2_ws/src/install/my_robot_bringup/share/my_robot_bringup/cmake/my_robot_bringupConfig-version.cmake
[0.560s] -- Installing: /home/leeky16498/ros2_ws/src/install/my_robot_bringup/share/my_robot_bringup/package.xml
[0.561s] Invoked command in '/home/leeky16498/ros2_ws/src/build/my_robot_bringup' returned '0': AMENT_PREFIX_PATH=/home/leeky16498/ros2_ws/src/install/my_py_pkg:/home/leeky16498/ros2_ws/src/install/my_robot_interfaces:${AMENT_PREFIX_PATH} CMAKE_PREFIX_PATH=/home/leeky16498/ros2_ws/src/install/my_robot_interfaces:/home/leeky16498/ros2_ws/install/my_robot_bringup:/home/leeky16498/ros2_ws/install/my_robot_interfaces:/opt/ros/jazzy/opt/gz_math_vendor:/opt/ros/jazzy/opt/gz_utils_vendor:/opt/ros/jazzy/opt/gz_cmake_vendor:/home/leeky16498/ros2_ws/install/my_py_pkg:/opt/ros/jazzy DEBUGINFOD_URLS=https://debuginfod.ubuntu.com LD_LIBRARY_PATH=/home/leeky16498/ros2_ws/src/install/my_robot_interfaces/lib:${LD_LIBRARY_PATH} PYTHONPATH=/home/leeky16498/ros2_ws/src/install/my_py_pkg/lib/python3.12/site-packages:/home/leeky16498/ros2_ws/src/install/my_robot_interfaces/lib/python3.12/site-packages:${PYTHONPATH} /usr/bin/cmake --install /home/leeky16498/ros2_ws/src/build/my_robot_bringup
