[0.007s] Invoking command in '/home/leeky16498/ros2_ws/build/my_robot_description': CMAKE_PREFIX_PATH=${CMAKE_PREFIX_PATH}:/home/leeky16498/ros2_ws/install/turtlesim_catch_them_all:/home/leeky16498/ros2_ws/install/my_py_pkg:/opt/ros/jazzy DEBUGINFOD_URLS=https://debuginfod.ubuntu.com /usr/bin/cmake --build /home/leeky16498/ros2_ws/build/my_robot_description -- -j8 -l8
[0.029s] Invoked command in '/home/leeky16498/ros2_ws/build/my_robot_description' returned '0': CMAKE_PREFIX_PATH=${CMAKE_PREFIX_PATH}:/home/leeky16498/ros2_ws/install/turtlesim_catch_them_all:/home/leeky16498/ros2_ws/install/my_py_pkg:/opt/ros/jazzy DEBUGINFOD_URLS=https://debuginfod.ubuntu.com /usr/bin/cmake --build /home/leeky16498/ros2_ws/build/my_robot_description -- -j8 -l8
[0.037s] Invoking command in '/home/leeky16498/ros2_ws/build/my_robot_description': CMAKE_PREFIX_PATH=${CMAKE_PREFIX_PATH}:/home/leeky16498/ros2_ws/install/turtlesim_catch_them_all:/home/leeky16498/ros2_ws/install/my_py_pkg:/opt/ros/jazzy DEBUGINFOD_URLS=https://debuginfod.ubuntu.com /usr/bin/cmake --install /home/leeky16498/ros2_ws/build/my_robot_description
[0.045s] -- Install configuration: ""
[0.045s] -- Up-to-date: /home/leeky16498/ros2_ws/install/my_robot_description/share/my_robot_description//urdf
[0.045s] -- Up-to-date: /home/leeky16498/ros2_ws/install/my_robot_description/share/my_robot_description//urdf/my_robot.urdf.xacro
[0.045s] -- Up-to-date: /home/leeky16498/ros2_ws/install/my_robot_description/share/my_robot_description//urdf/common_properties.xacro
[0.045s] -- Up-to-date: /home/leeky16498/ros2_ws/install/my_robot_description/share/my_robot_description//urdf/mobile_base.xacro
[0.045s] -- Up-to-date: /home/leeky16498/ros2_ws/install/my_robot_description/share/my_robot_description//urdf/mobile_base_gazebo.xacro
[0.045s] -- Up-to-date: /home/leeky16498/ros2_ws/install/my_robot_description/share/my_robot_description//launch
[0.045s] -- Up-to-date: /home/leeky16498/ros2_ws/install/my_robot_description/share/my_robot_description//launch/display.launch.xml
[0.045s] -- Up-to-date: /home/leeky16498/ros2_ws/install/my_robot_description/share/my_robot_description//launch/display.launch.py
[0.045s] -- Up-to-date: /home/leeky16498/ros2_ws/install/my_robot_description/share/my_robot_description//rviz2
[0.045s] -- Up-to-date: /home/leeky16498/ros2_ws/install/my_robot_description/share/my_robot_description//rviz2/urdf_config.rviz
[0.045s] -- Up-to-date: /home/leeky16498/ros2_ws/install/my_robot_description/share/ament_index/resource_index/package_run_dependencies/my_robot_description
[0.045s] -- Up-to-date: /home/leeky16498/ros2_ws/install/my_robot_description/share/ament_index/resource_index/parent_prefix_path/my_robot_description
[0.045s] -- Up-to-date: /home/leeky16498/ros2_ws/install/my_robot_description/share/my_robot_description/environment/ament_prefix_path.sh
[0.045s] -- Up-to-date: /home/leeky16498/ros2_ws/install/my_robot_description/share/my_robot_description/environment/ament_prefix_path.dsv
[0.045s] -- Up-to-date: /home/leeky16498/ros2_ws/install/my_robot_description/share/my_robot_description/environment/path.sh
[0.046s] -- Up-to-date: /home/leeky16498/ros2_ws/install/my_robot_description/share/my_robot_description/environment/path.dsv
[0.046s] -- Up-to-date: /home/leeky16498/ros2_ws/install/my_robot_description/share/my_robot_description/local_setup.bash
[0.046s] -- Up-to-date: /home/leeky16498/ros2_ws/install/my_robot_description/share/my_robot_description/local_setup.sh
[0.046s] -- Up-to-date: /home/leeky16498/ros2_ws/install/my_robot_description/share/my_robot_description/local_setup.zsh
[0.046s] -- Up-to-date: /home/leeky16498/ros2_ws/install/my_robot_description/share/my_robot_description/local_setup.dsv
[0.046s] -- Installing: /home/leeky16498/ros2_ws/install/my_robot_description/share/my_robot_description/package.dsv
[0.046s] -- Up-to-date: /home/leeky16498/ros2_ws/install/my_robot_description/share/ament_index/resource_index/packages/my_robot_description
[0.047s] -- Up-to-date: /home/leeky16498/ros2_ws/install/my_robot_description/share/my_robot_description/cmake/my_robot_descriptionConfig.cmake
[0.047s] -- Up-to-date: /home/leeky16498/ros2_ws/install/my_robot_description/share/my_robot_description/cmake/my_robot_descriptionConfig-version.cmake
[0.047s] -- Up-to-date: /home/leeky16498/ros2_ws/install/my_robot_description/share/my_robot_description/package.xml
[0.048s] Invoked command in '/home/leeky16498/ros2_ws/build/my_robot_description' returned '0': CMAKE_PREFIX_PATH=${CMAKE_PREFIX_PATH}:/home/leeky16498/ros2_ws/install/turtlesim_catch_them_all:/home/leeky16498/ros2_ws/install/my_py_pkg:/opt/ros/jazzy DEBUGINFOD_URLS=https://debuginfod.ubuntu.com /usr/bin/cmake --install /home/leeky16498/ros2_ws/build/my_robot_description
