[0.370s] Invoking command in '/home/leeky16498/ros2_ws/src/my_py_pkg': AMENT_PREFIX_PATH=/home/leeky16498/ros2_ws/src/install/my_robot_interfaces:${AMENT_PREFIX_PATH} CMAKE_PREFIX_PATH=/home/leeky16498/ros2_ws/src/install/my_robot_interfaces:${CMAKE_PREFIX_PATH} DEBUGINFOD_URLS=https://debuginfod.ubuntu.com LD_LIBRARY_PATH=/home/leeky16498/ros2_ws/src/install/my_robot_interfaces/lib:${LD_LIBRARY_PATH} PYTHONPATH=/home/leeky16498/ros2_ws/src/build/my_py_pkg/prefix_override:/usr/lib/python3/dist-packages/colcon_core/task/python/colcon_distutils_commands:/home/leeky16498/ros2_ws/src/install/my_py_pkg/lib/python3.12/site-packages:/home/leeky16498/ros2_ws/src/install/my_robot_interfaces/lib/python3.12/site-packages:${PYTHONPATH} /usr/bin/python3 -W ignore:setup.py install is deprecated -W ignore:easy_install command is deprecated setup.py egg_info --egg-base ../build/my_py_pkg build --build-base /home/leeky16498/ros2_ws/src/build/my_py_pkg/build install --record /home/leeky16498/ros2_ws/src/build/my_py_pkg/install.log --single-version-externally-managed install_data
[0.489s] running egg_info
[0.489s] creating ../build/my_py_pkg/my_py_pkg.egg-info
[0.497s] writing ../build/my_py_pkg/my_py_pkg.egg-info/PKG-INFO
[0.497s] writing dependency_links to ../build/my_py_pkg/my_py_pkg.egg-info/dependency_links.txt
[0.497s] writing entry points to ../build/my_py_pkg/my_py_pkg.egg-info/entry_points.txt
[0.497s] writing requirements to ../build/my_py_pkg/my_py_pkg.egg-info/requires.txt
[0.497s] writing top-level names to ../build/my_py_pkg/my_py_pkg.egg-info/top_level.txt
[0.497s] writing manifest file '../build/my_py_pkg/my_py_pkg.egg-info/SOURCES.txt'
[0.513s] reading manifest file '../build/my_py_pkg/my_py_pkg.egg-info/SOURCES.txt'
[0.514s] writing manifest file '../build/my_py_pkg/my_py_pkg.egg-info/SOURCES.txt'
[0.514s] running build
[0.514s] running build_py
[0.514s] creating /home/leeky16498/ros2_ws/src/build/my_py_pkg/build
[0.514s] creating /home/leeky16498/ros2_ws/src/build/my_py_pkg/build/lib
[0.514s] creating /home/leeky16498/ros2_ws/src/build/my_py_pkg/build/lib/my_py_pkg
[0.514s] copying my_py_pkg/hardware_status_publisher.py -> /home/leeky16498/ros2_ws/src/build/my_py_pkg/build/lib/my_py_pkg
[0.514s] copying my_py_pkg/template_ros2.py -> /home/leeky16498/ros2_ws/src/build/my_py_pkg/build/lib/my_py_pkg
[0.514s] copying my_py_pkg/battery.py -> /home/leeky16498/ros2_ws/src/build/my_py_pkg/build/lib/my_py_pkg
[0.514s] copying my_py_pkg/led_panel.py -> /home/leeky16498/ros2_ws/src/build/my_py_pkg/build/lib/my_py_pkg
[0.514s] copying my_py_pkg/add_two_ints_client_no_oop.py -> /home/leeky16498/ros2_ws/src/build/my_py_pkg/build/lib/my_py_pkg
[0.514s] copying my_py_pkg/add_two_ints_client.py -> /home/leeky16498/ros2_ws/src/build/my_py_pkg/build/lib/my_py_pkg
[0.514s] copying my_py_pkg/number_publisher.py -> /home/leeky16498/ros2_ws/src/build/my_py_pkg/build/lib/my_py_pkg
[0.514s] copying my_py_pkg/__init__.py -> /home/leeky16498/ros2_ws/src/build/my_py_pkg/build/lib/my_py_pkg
[0.514s] copying my_py_pkg/my_first_node.py -> /home/leeky16498/ros2_ws/src/build/my_py_pkg/build/lib/my_py_pkg
[0.514s] copying my_py_pkg/add_two_ints_server.py -> /home/leeky16498/ros2_ws/src/build/my_py_pkg/build/lib/my_py_pkg
[0.514s] copying my_py_pkg/number_counter.py -> /home/leeky16498/ros2_ws/src/build/my_py_pkg/build/lib/my_py_pkg
[0.515s] copying my_py_pkg/robot_news_station.py -> /home/leeky16498/ros2_ws/src/build/my_py_pkg/build/lib/my_py_pkg
[0.515s] copying my_py_pkg/smartphone.py -> /home/leeky16498/ros2_ws/src/build/my_py_pkg/build/lib/my_py_pkg
[0.515s] running install
[0.518s] running install_lib
[0.525s] creating /home/leeky16498/ros2_ws/src/install/my_py_pkg/lib/python3.12/site-packages/my_py_pkg
[0.526s] copying /home/leeky16498/ros2_ws/src/build/my_py_pkg/build/lib/my_py_pkg/hardware_status_publisher.py -> /home/leeky16498/ros2_ws/src/install/my_py_pkg/lib/python3.12/site-packages/my_py_pkg
[0.526s] copying /home/leeky16498/ros2_ws/src/build/my_py_pkg/build/lib/my_py_pkg/template_ros2.py -> /home/leeky16498/ros2_ws/src/install/my_py_pkg/lib/python3.12/site-packages/my_py_pkg
[0.526s] copying /home/leeky16498/ros2_ws/src/build/my_py_pkg/build/lib/my_py_pkg/battery.py -> /home/leeky16498/ros2_ws/src/install/my_py_pkg/lib/python3.12/site-packages/my_py_pkg
[0.526s] copying /home/leeky16498/ros2_ws/src/build/my_py_pkg/build/lib/my_py_pkg/led_panel.py -> /home/leeky16498/ros2_ws/src/install/my_py_pkg/lib/python3.12/site-packages/my_py_pkg
[0.526s] copying /home/leeky16498/ros2_ws/src/build/my_py_pkg/build/lib/my_py_pkg/add_two_ints_client_no_oop.py -> /home/leeky16498/ros2_ws/src/install/my_py_pkg/lib/python3.12/site-packages/my_py_pkg
[0.526s] copying /home/leeky16498/ros2_ws/src/build/my_py_pkg/build/lib/my_py_pkg/add_two_ints_client.py -> /home/leeky16498/ros2_ws/src/install/my_py_pkg/lib/python3.12/site-packages/my_py_pkg
[0.526s] copying /home/leeky16498/ros2_ws/src/build/my_py_pkg/build/lib/my_py_pkg/number_publisher.py -> /home/leeky16498/ros2_ws/src/install/my_py_pkg/lib/python3.12/site-packages/my_py_pkg
[0.526s] copying /home/leeky16498/ros2_ws/src/build/my_py_pkg/build/lib/my_py_pkg/__init__.py -> /home/leeky16498/ros2_ws/src/install/my_py_pkg/lib/python3.12/site-packages/my_py_pkg
[0.526s] copying /home/leeky16498/ros2_ws/src/build/my_py_pkg/build/lib/my_py_pkg/my_first_node.py -> /home/leeky16498/ros2_ws/src/install/my_py_pkg/lib/python3.12/site-packages/my_py_pkg
[0.526s] copying /home/leeky16498/ros2_ws/src/build/my_py_pkg/build/lib/my_py_pkg/add_two_ints_server.py -> /home/leeky16498/ros2_ws/src/install/my_py_pkg/lib/python3.12/site-packages/my_py_pkg
[0.526s] copying /home/leeky16498/ros2_ws/src/build/my_py_pkg/build/lib/my_py_pkg/number_counter.py -> /home/leeky16498/ros2_ws/src/install/my_py_pkg/lib/python3.12/site-packages/my_py_pkg
[0.526s] copying /home/leeky16498/ros2_ws/src/build/my_py_pkg/build/lib/my_py_pkg/robot_news_station.py -> /home/leeky16498/ros2_ws/src/install/my_py_pkg/lib/python3.12/site-packages/my_py_pkg
[0.526s] copying /home/leeky16498/ros2_ws/src/build/my_py_pkg/build/lib/my_py_pkg/smartphone.py -> /home/leeky16498/ros2_ws/src/install/my_py_pkg/lib/python3.12/site-packages/my_py_pkg
[0.526s] byte-compiling /home/leeky16498/ros2_ws/src/install/my_py_pkg/lib/python3.12/site-packages/my_py_pkg/hardware_status_publisher.py to hardware_status_publisher.cpython-312.pyc
[0.527s] byte-compiling /home/leeky16498/ros2_ws/src/install/my_py_pkg/lib/python3.12/site-packages/my_py_pkg/template_ros2.py to template_ros2.cpython-312.pyc
[0.527s] byte-compiling /home/leeky16498/ros2_ws/src/install/my_py_pkg/lib/python3.12/site-packages/my_py_pkg/battery.py to battery.cpython-312.pyc
[0.527s] byte-compiling /home/leeky16498/ros2_ws/src/install/my_py_pkg/lib/python3.12/site-packages/my_py_pkg/led_panel.py to led_panel.cpython-312.pyc
[0.528s] byte-compiling /home/leeky16498/ros2_ws/src/install/my_py_pkg/lib/python3.12/site-packages/my_py_pkg/add_two_ints_client_no_oop.py to add_two_ints_client_no_oop.cpython-312.pyc
[0.528s] byte-compiling /home/leeky16498/ros2_ws/src/install/my_py_pkg/lib/python3.12/site-packages/my_py_pkg/add_two_ints_client.py to add_two_ints_client.cpython-312.pyc
[0.528s] byte-compiling /home/leeky16498/ros2_ws/src/install/my_py_pkg/lib/python3.12/site-packages/my_py_pkg/number_publisher.py to number_publisher.cpython-312.pyc
[0.528s] byte-compiling /home/leeky16498/ros2_ws/src/install/my_py_pkg/lib/python3.12/site-packages/my_py_pkg/__init__.py to __init__.cpython-312.pyc
[0.528s] byte-compiling /home/leeky16498/ros2_ws/src/install/my_py_pkg/lib/python3.12/site-packages/my_py_pkg/my_first_node.py to my_first_node.cpython-312.pyc
[0.529s] byte-compiling /home/leeky16498/ros2_ws/src/install/my_py_pkg/lib/python3.12/site-packages/my_py_pkg/add_two_ints_server.py to add_two_ints_server.cpython-312.pyc
[0.529s] byte-compiling /home/leeky16498/ros2_ws/src/install/my_py_pkg/lib/python3.12/site-packages/my_py_pkg/number_counter.py to number_counter.cpython-312.pyc
[0.529s] byte-compiling /home/leeky16498/ros2_ws/src/install/my_py_pkg/lib/python3.12/site-packages/my_py_pkg/robot_news_station.py to robot_news_station.cpython-312.pyc
[0.529s] byte-compiling /home/leeky16498/ros2_ws/src/install/my_py_pkg/lib/python3.12/site-packages/my_py_pkg/smartphone.py to smartphone.cpython-312.pyc
[0.529s] running install_data
[0.530s] creating /home/leeky16498/ros2_ws/src/install/my_py_pkg/share/ament_index
[0.530s] creating /home/leeky16498/ros2_ws/src/install/my_py_pkg/share/ament_index/resource_index
[0.530s] creating /home/leeky16498/ros2_ws/src/install/my_py_pkg/share/ament_index/resource_index/packages
[0.530s] copying resource/my_py_pkg -> /home/leeky16498/ros2_ws/src/install/my_py_pkg/share/ament_index/resource_index/packages
[0.530s] copying package.xml -> /home/leeky16498/ros2_ws/src/install/my_py_pkg/share/my_py_pkg
[0.530s] running install_egg_info
[0.539s] Copying ../build/my_py_pkg/my_py_pkg.egg-info to /home/leeky16498/ros2_ws/src/install/my_py_pkg/lib/python3.12/site-packages/my_py_pkg-0.0.0-py3.12.egg-info
[0.539s] running install_scripts
[0.597s] Installing add_two_ints_client script to /home/leeky16498/ros2_ws/src/install/my_py_pkg/lib/my_py_pkg
[0.597s] Installing add_two_ints_client_no_oop script to /home/leeky16498/ros2_ws/src/install/my_py_pkg/lib/my_py_pkg
[0.597s] Installing add_two_ints_server script to /home/leeky16498/ros2_ws/src/install/my_py_pkg/lib/my_py_pkg
[0.598s] Installing battery script to /home/leeky16498/ros2_ws/src/install/my_py_pkg/lib/my_py_pkg
[0.598s] Installing hw_status_publisher script to /home/leeky16498/ros2_ws/src/install/my_py_pkg/lib/my_py_pkg
[0.598s] Installing led_panel script to /home/leeky16498/ros2_ws/src/install/my_py_pkg/lib/my_py_pkg
[0.598s] Installing my_first_node script to /home/leeky16498/ros2_ws/src/install/my_py_pkg/lib/my_py_pkg
[0.598s] Installing number_counter script to /home/leeky16498/ros2_ws/src/install/my_py_pkg/lib/my_py_pkg
[0.598s] Installing number_publisher script to /home/leeky16498/ros2_ws/src/install/my_py_pkg/lib/my_py_pkg
[0.598s] Installing robot_news_station script to /home/leeky16498/ros2_ws/src/install/my_py_pkg/lib/my_py_pkg
[0.598s] Installing smartphone script to /home/leeky16498/ros2_ws/src/install/my_py_pkg/lib/my_py_pkg
[0.598s] writing list of installed files to '/home/leeky16498/ros2_ws/src/build/my_py_pkg/install.log'
[0.611s] Invoked command in '/home/leeky16498/ros2_ws/src/my_py_pkg' returned '0': AMENT_PREFIX_PATH=/home/leeky16498/ros2_ws/src/install/my_robot_interfaces:${AMENT_PREFIX_PATH} CMAKE_PREFIX_PATH=/home/leeky16498/ros2_ws/src/install/my_robot_interfaces:${CMAKE_PREFIX_PATH} DEBUGINFOD_URLS=https://debuginfod.ubuntu.com LD_LIBRARY_PATH=/home/leeky16498/ros2_ws/src/install/my_robot_interfaces/lib:${LD_LIBRARY_PATH} PYTHONPATH=/home/leeky16498/ros2_ws/src/build/my_py_pkg/prefix_override:/usr/lib/python3/dist-packages/colcon_core/task/python/colcon_distutils_commands:/home/leeky16498/ros2_ws/src/install/my_py_pkg/lib/python3.12/site-packages:/home/leeky16498/ros2_ws/src/install/my_robot_interfaces/lib/python3.12/site-packages:${PYTHONPATH} /usr/bin/python3 -W ignore:setup.py install is deprecated -W ignore:easy_install command is deprecated setup.py egg_info --egg-base ../build/my_py_pkg build --build-base /home/leeky16498/ros2_ws/src/build/my_py_pkg/build install --record /home/leeky16498/ros2_ws/src/build/my_py_pkg/install.log --single-version-externally-managed install_data
