[0.009s] Invoking command in '/home/leeky16498/ros2_ws/build/my_robot_description': CMAKE_PREFIX_PATH=${CMAKE_PREFIX_PATH}:/home/leeky16498/ros2_ws/install/turtlesim_catch_them_all:/home/leeky16498/ros2_ws/install/my_py_pkg:/opt/ros/jazzy DEBUGINFOD_URLS=https://debuginfod.ubuntu.com /usr/bin/cmake --build /home/leeky16498/ros2_ws/build/my_robot_description -- -j8 -l8
[0.036s] Invoked command in '/home/leeky16498/ros2_ws/build/my_robot_description' returned '0': CMAKE_PREFIX_PATH=${CMAKE_PREFIX_PATH}:/home/leeky16498/ros2_ws/install/turtlesim_catch_them_all:/home/leeky16498/ros2_ws/install/my_py_pkg:/opt/ros/jazzy DEBUGINFOD_URLS=https://debuginfod.ubuntu.com /usr/bin/cmake --build /home/leeky16498/ros2_ws/build/my_robot_description -- -j8 -l8
[0.044s] Invoking command in '/home/leeky16498/ros2_ws/build/my_robot_description': CMAKE_PREFIX_PATH=${CMAKE_PREFIX_PATH}:/home/leeky16498/ros2_ws/install/turtlesim_catch_them_all:/home/leeky16498/ros2_ws/install/my_py_pkg:/opt/ros/jazzy DEBUGINFOD_URLS=https://debuginfod.ubuntu.com /usr/bin/cmake --install /home/leeky16498/ros2_ws/build/my_robot_description
[0.050s] -- Install configuration: ""
[0.050s] -- Execute custom install script
[0.051s] -- Up-to-date symlink: /home/leeky16498/ros2_ws/install/my_robot_description/share/my_robot_description//urdf/my_robot.urdf.xacro
[0.051s] -- Up-to-date symlink: /home/leeky16498/ros2_ws/install/my_robot_description/share/my_robot_description//launch/display.launch.py
[0.051s] -- Up-to-date symlink: /home/leeky16498/ros2_ws/install/my_robot_description/share/my_robot_description//launch/display.launch.xml
[0.051s] -- Up-to-date symlink: /home/leeky16498/ros2_ws/install/my_robot_description/share/my_robot_description//rviz2/urdf_config.rviz
[0.051s] -- Up-to-date symlink: /home/leeky16498/ros2_ws/install/my_robot_description/share/ament_index/resource_index/package_run_dependencies/my_robot_description
[0.051s] -- Up-to-date symlink: /home/leeky16498/ros2_ws/install/my_robot_description/share/ament_index/resource_index/parent_prefix_path/my_robot_description
[0.051s] -- Up-to-date symlink: /home/leeky16498/ros2_ws/install/my_robot_description/share/my_robot_description/environment/ament_prefix_path.sh
[0.051s] -- Up-to-date symlink: /home/leeky16498/ros2_ws/install/my_robot_description/share/my_robot_description/environment/ament_prefix_path.dsv
[0.051s] -- Up-to-date symlink: /home/leeky16498/ros2_ws/install/my_robot_description/share/my_robot_description/environment/path.sh
[0.051s] -- Up-to-date symlink: /home/leeky16498/ros2_ws/install/my_robot_description/share/my_robot_description/environment/path.dsv
[0.051s] -- Up-to-date symlink: /home/leeky16498/ros2_ws/install/my_robot_description/share/my_robot_description/local_setup.bash
[0.051s] -- Up-to-date symlink: /home/leeky16498/ros2_ws/install/my_robot_description/share/my_robot_description/local_setup.sh
[0.051s] -- Up-to-date symlink: /home/leeky16498/ros2_ws/install/my_robot_description/share/my_robot_description/local_setup.zsh
[0.051s] -- Up-to-date symlink: /home/leeky16498/ros2_ws/install/my_robot_description/share/my_robot_description/local_setup.dsv
[0.052s] -- Symlinking: /home/leeky16498/ros2_ws/install/my_robot_description/share/my_robot_description/package.dsv
[0.058s] -- Up-to-date symlink: /home/leeky16498/ros2_ws/install/my_robot_description/share/ament_index/resource_index/packages/my_robot_description
[0.058s] -- Up-to-date symlink: /home/leeky16498/ros2_ws/install/my_robot_description/share/my_robot_description/cmake/my_robot_descriptionConfig.cmake
[0.058s] -- Up-to-date symlink: /home/leeky16498/ros2_ws/install/my_robot_description/share/my_robot_description/cmake/my_robot_descriptionConfig-version.cmake
[0.058s] -- Up-to-date symlink: /home/leeky16498/ros2_ws/install/my_robot_description/share/my_robot_description/package.xml
[0.059s] Invoked command in '/home/leeky16498/ros2_ws/build/my_robot_description' returned '0': CMAKE_PREFIX_PATH=${CMAKE_PREFIX_PATH}:/home/leeky16498/ros2_ws/install/turtlesim_catch_them_all:/home/leeky16498/ros2_ws/install/my_py_pkg:/opt/ros/jazzy DEBUGINFOD_URLS=https://debuginfod.ubuntu.com /usr/bin/cmake --install /home/leeky16498/ros2_ws/build/my_robot_description
