[0.004s] Invoking command in '/home/leeky16498/ros2_ws/build/my_robot_description': DEBUGINFOD_URLS=https://debuginfod.ubuntu.com /usr/bin/cmake /home/leeky16498/ros2_ws/src/my_robot_description -DCMAKE_INSTALL_PREFIX=/home/leeky16498/ros2_ws/install/my_robot_description
[0.064s] -- The C compiler identification is GNU 13.3.0
[0.118s] -- The CXX compiler identification is GNU 13.3.0
[0.128s] -- Detecting C compiler ABI info
[0.180s] -- Detecting C compiler ABI info - done
[0.184s] -- Check for working C compiler: /usr/bin/cc - skipped
[0.185s] -- Detecting C compile features
[0.185s] -- Detecting C compile features - done
[0.191s] -- Detecting CXX compiler ABI info
[0.248s] -- Detecting CXX compiler ABI info - done
[0.253s] -- Check for working CXX compiler: /usr/bin/c++ - skipped
[0.253s] -- Detecting CXX compile features
[0.254s] -- Detecting CXX compile features - done
[0.261s] -- Configuring incomplete, errors occurred!
[0.261s] [31mCMake Error at CMakeLists.txt:9 (find_package):
[0.261s]   By not providing "Findament_cmake.cmake" in CMAKE_MODULE_PATH this project
[0.261s]   has asked CMake to find a package configuration file provided by
[0.261s]   "ament_cmake", but CMake did not find one.
[0.261s] 
[0.261s]   Could not find a package configuration file provided by "ament_cmake" with
[0.261s]   any of the following names:
[0.261s] 
[0.261s]     ament_cmakeConfig.cmake
[0.261s]     ament_cmake-config.cmake
[0.261s] 
[0.261s]   Add the installation prefix of "ament_cmake" to CMAKE_PREFIX_PATH or set
[0.261s]   "ament_cmake_DIR" to a directory containing one of the above files.  If
[0.261s]   "ament_cmake" provides a separate development package or SDK, be sure it
[0.261s]   has been installed.
[0.261s] 
[0.261s] [0m
[0.263s] Invoked command in '/home/leeky16498/ros2_ws/build/my_robot_description' returned '1': DEBUGINFOD_URLS=https://debuginfod.ubuntu.com /usr/bin/cmake /home/leeky16498/ros2_ws/src/my_robot_description -DCMAKE_INSTALL_PREFIX=/home/leeky16498/ros2_ws/install/my_robot_description
