[0.013s] Invoking command in '/home/leeky16498/ros2_ws/build/my_robot_bringup': AMENT_PREFIX_PATH=/home/leeky16498/ros2_ws/install/turtlesim_catch_them_all:/home/leeky16498/ros2_ws/install/my_py_pkg:/home/leeky16498/ros2_ws/install/my_robot_bringup:/home/leeky16498/ros2_ws/install/my_robot_interfaces:/home/leeky16498/ros2_ws/install/my_robot_description:/opt/ros/jazzy CMAKE_PREFIX_PATH=/home/leeky16498/ros2_ws/install/my_robot_interfaces:/home/leeky16498/ros2_ws/install/my_robot_bringup:/home/leeky16498/ros2_ws/install/my_robot_description:/opt/ros/jazzy/opt/gz_math_vendor:/opt/ros/jazzy/opt/gz_utils_vendor:/opt/ros/jazzy/opt/gz_cmake_vendor:/home/leeky16498/ros2_ws/install/turtlesim_catch_them_all:/home/leeky16498/ros2_ws/install/my_py_pkg:/opt/ros/jazzy DEBUGINFOD_URLS=https://debuginfod.ubuntu.com PYTHONPATH=/home/leeky16498/ros2_ws/build/turtlesim_catch_them_all:/home/leeky16498/ros2_ws/install/turtlesim_catch_them_all/lib/python3.12/site-packages:/home/leeky16498/ros2_ws/build/my_py_pkg:/home/leeky16498/ros2_ws/install/my_py_pkg/lib/python3.12/site-packages:/home/leeky16498/ros2_ws/install/my_robot_interfaces/lib/python3.12/site-packages:/home/leeky16498/ros2_ws/install/my_robot_description/lib/python3.12/site-packages:/opt/ros/jazzy/lib/python3.12/site-packages /usr/bin/cmake --build /home/leeky16498/ros2_ws/build/my_robot_bringup -- -j8 -l8
[0.052s] Invoked command in '/home/leeky16498/ros2_ws/build/my_robot_bringup' returned '0': AMENT_PREFIX_PATH=/home/leeky16498/ros2_ws/install/turtlesim_catch_them_all:/home/leeky16498/ros2_ws/install/my_py_pkg:/home/leeky16498/ros2_ws/install/my_robot_bringup:/home/leeky16498/ros2_ws/install/my_robot_interfaces:/home/leeky16498/ros2_ws/install/my_robot_description:/opt/ros/jazzy CMAKE_PREFIX_PATH=/home/leeky16498/ros2_ws/install/my_robot_interfaces:/home/leeky16498/ros2_ws/install/my_robot_bringup:/home/leeky16498/ros2_ws/install/my_robot_description:/opt/ros/jazzy/opt/gz_math_vendor:/opt/ros/jazzy/opt/gz_utils_vendor:/opt/ros/jazzy/opt/gz_cmake_vendor:/home/leeky16498/ros2_ws/install/turtlesim_catch_them_all:/home/leeky16498/ros2_ws/install/my_py_pkg:/opt/ros/jazzy DEBUGINFOD_URLS=https://debuginfod.ubuntu.com PYTHONPATH=/home/leeky16498/ros2_ws/build/turtlesim_catch_them_all:/home/leeky16498/ros2_ws/install/turtlesim_catch_them_all/lib/python3.12/site-packages:/home/leeky16498/ros2_ws/build/my_py_pkg:/home/leeky16498/ros2_ws/install/my_py_pkg/lib/python3.12/site-packages:/home/leeky16498/ros2_ws/install/my_robot_interfaces/lib/python3.12/site-packages:/home/leeky16498/ros2_ws/install/my_robot_description/lib/python3.12/site-packages:/opt/ros/jazzy/lib/python3.12/site-packages /usr/bin/cmake --build /home/leeky16498/ros2_ws/build/my_robot_bringup -- -j8 -l8
[0.052s] Invoking command in '/home/leeky16498/ros2_ws/build/my_robot_bringup': AMENT_PREFIX_PATH=/home/leeky16498/ros2_ws/install/turtlesim_catch_them_all:/home/leeky16498/ros2_ws/install/my_py_pkg:/home/leeky16498/ros2_ws/install/my_robot_bringup:/home/leeky16498/ros2_ws/install/my_robot_interfaces:/home/leeky16498/ros2_ws/install/my_robot_description:/opt/ros/jazzy CMAKE_PREFIX_PATH=/home/leeky16498/ros2_ws/install/my_robot_interfaces:/home/leeky16498/ros2_ws/install/my_robot_bringup:/home/leeky16498/ros2_ws/install/my_robot_description:/opt/ros/jazzy/opt/gz_math_vendor:/opt/ros/jazzy/opt/gz_utils_vendor:/opt/ros/jazzy/opt/gz_cmake_vendor:/home/leeky16498/ros2_ws/install/turtlesim_catch_them_all:/home/leeky16498/ros2_ws/install/my_py_pkg:/opt/ros/jazzy DEBUGINFOD_URLS=https://debuginfod.ubuntu.com PYTHONPATH=/home/leeky16498/ros2_ws/build/turtlesim_catch_them_all:/home/leeky16498/ros2_ws/install/turtlesim_catch_them_all/lib/python3.12/site-packages:/home/leeky16498/ros2_ws/build/my_py_pkg:/home/leeky16498/ros2_ws/install/my_py_pkg/lib/python3.12/site-packages:/home/leeky16498/ros2_ws/install/my_robot_interfaces/lib/python3.12/site-packages:/home/leeky16498/ros2_ws/install/my_robot_description/lib/python3.12/site-packages:/opt/ros/jazzy/lib/python3.12/site-packages /usr/bin/cmake --install /home/leeky16498/ros2_ws/build/my_robot_bringup
[0.062s] -- Install configuration: ""
[0.062s] -- Execute custom install script
[0.062s] -- Up-to-date symlink: /home/leeky16498/ros2_ws/install/my_robot_bringup/share/my_robot_bringup//launch/number_app.launch.py
[0.062s] -- Up-to-date symlink: /home/leeky16498/ros2_ws/install/my_robot_bringup/share/my_robot_bringup//launch/number_app.launch.xml
[0.062s] -- Up-to-date symlink: /home/leeky16498/ros2_ws/install/my_robot_bringup/share/my_robot_bringup//launch/number_app_from_python.launch.xml
[0.062s] -- Up-to-date symlink: /home/leeky16498/ros2_ws/install/my_robot_bringup/share/my_robot_bringup//launch/radio.launch.xml
[0.062s] -- Up-to-date symlink: /home/leeky16498/ros2_ws/install/my_robot_bringup/share/my_robot_bringup//launch/turtlesim_catch_them_all.launch.xml
[0.063s] -- Up-to-date symlink: /home/leeky16498/ros2_ws/install/my_robot_bringup/share/my_robot_bringup//config/catch_them_all_config.yaml
[0.063s] -- Up-to-date symlink: /home/leeky16498/ros2_ws/install/my_robot_bringup/share/my_robot_bringup//config/number_app.yaml
[0.063s] -- Up-to-date symlink: /home/leeky16498/ros2_ws/install/my_robot_bringup/share/my_robot_bringup//config/radio_config.yaml
[0.063s] -- Up-to-date symlink: /home/leeky16498/ros2_ws/install/my_robot_bringup/share/ament_index/resource_index/package_run_dependencies/my_robot_bringup
[0.063s] -- Up-to-date symlink: /home/leeky16498/ros2_ws/install/my_robot_bringup/share/ament_index/resource_index/parent_prefix_path/my_robot_bringup
[0.063s] -- Up-to-date symlink: /home/leeky16498/ros2_ws/install/my_robot_bringup/share/my_robot_bringup/environment/ament_prefix_path.sh
[0.063s] -- Up-to-date symlink: /home/leeky16498/ros2_ws/install/my_robot_bringup/share/my_robot_bringup/environment/ament_prefix_path.dsv
[0.063s] -- Up-to-date symlink: /home/leeky16498/ros2_ws/install/my_robot_bringup/share/my_robot_bringup/environment/path.sh
[0.063s] -- Up-to-date symlink: /home/leeky16498/ros2_ws/install/my_robot_bringup/share/my_robot_bringup/environment/path.dsv
[0.063s] -- Up-to-date symlink: /home/leeky16498/ros2_ws/install/my_robot_bringup/share/my_robot_bringup/local_setup.bash
[0.063s] -- Up-to-date symlink: /home/leeky16498/ros2_ws/install/my_robot_bringup/share/my_robot_bringup/local_setup.sh
[0.063s] -- Up-to-date symlink: /home/leeky16498/ros2_ws/install/my_robot_bringup/share/my_robot_bringup/local_setup.zsh
[0.063s] -- Up-to-date symlink: /home/leeky16498/ros2_ws/install/my_robot_bringup/share/my_robot_bringup/local_setup.dsv
[0.063s] -- Symlinking: /home/leeky16498/ros2_ws/install/my_robot_bringup/share/my_robot_bringup/package.dsv
[0.073s] -- Up-to-date symlink: /home/leeky16498/ros2_ws/install/my_robot_bringup/share/ament_index/resource_index/packages/my_robot_bringup
[0.074s] -- Up-to-date symlink: /home/leeky16498/ros2_ws/install/my_robot_bringup/share/my_robot_bringup/cmake/my_robot_bringupConfig.cmake
[0.074s] -- Up-to-date symlink: /home/leeky16498/ros2_ws/install/my_robot_bringup/share/my_robot_bringup/cmake/my_robot_bringupConfig-version.cmake
[0.074s] -- Up-to-date symlink: /home/leeky16498/ros2_ws/install/my_robot_bringup/share/my_robot_bringup/package.xml
[0.077s] Invoked command in '/home/leeky16498/ros2_ws/build/my_robot_bringup' returned '0': AMENT_PREFIX_PATH=/home/leeky16498/ros2_ws/install/turtlesim_catch_them_all:/home/leeky16498/ros2_ws/install/my_py_pkg:/home/leeky16498/ros2_ws/install/my_robot_bringup:/home/leeky16498/ros2_ws/install/my_robot_interfaces:/home/leeky16498/ros2_ws/install/my_robot_description:/opt/ros/jazzy CMAKE_PREFIX_PATH=/home/leeky16498/ros2_ws/install/my_robot_interfaces:/home/leeky16498/ros2_ws/install/my_robot_bringup:/home/leeky16498/ros2_ws/install/my_robot_description:/opt/ros/jazzy/opt/gz_math_vendor:/opt/ros/jazzy/opt/gz_utils_vendor:/opt/ros/jazzy/opt/gz_cmake_vendor:/home/leeky16498/ros2_ws/install/turtlesim_catch_them_all:/home/leeky16498/ros2_ws/install/my_py_pkg:/opt/ros/jazzy DEBUGINFOD_URLS=https://debuginfod.ubuntu.com PYTHONPATH=/home/leeky16498/ros2_ws/build/turtlesim_catch_them_all:/home/leeky16498/ros2_ws/install/turtlesim_catch_them_all/lib/python3.12/site-packages:/home/leeky16498/ros2_ws/build/my_py_pkg:/home/leeky16498/ros2_ws/install/my_py_pkg/lib/python3.12/site-packages:/home/leeky16498/ros2_ws/install/my_robot_interfaces/lib/python3.12/site-packages:/home/leeky16498/ros2_ws/install/my_robot_description/lib/python3.12/site-packages:/opt/ros/jazzy/lib/python3.12/site-packages /usr/bin/cmake --install /home/leeky16498/ros2_ws/build/my_robot_bringup
