[0.005s] Invoking command in '/home/leeky16498/ros2_ws/build/my_robot_description': CMAKE_PREFIX_PATH=${CMAKE_PREFIX_PATH}:/home/leeky16498/ros2_ws/install/turtlesim_catch_them_all:/home/leeky16498/ros2_ws/install/my_py_pkg:/opt/ros/jazzy DEBUGINFOD_URLS=https://debuginfod.ubuntu.com /usr/bin/cmake /home/leeky16498/ros2_ws/src/my_robot_description -DCMAKE_INSTALL_PREFIX=/home/leeky16498/ros2_ws/install/my_robot_description
[0.015s] -- Found ament_cmake: 2.5.4 (/opt/ros/jazzy/share/ament_cmake/cmake)
[0.144s] -- Override CMake install command with custom implementation using symlinks instead of copying resources
[0.199s] -- Configuring done (0.2s)
[0.201s] -- Generating done (0.0s)
[0.202s] -- Build files have been written to: /home/leeky16498/ros2_ws/build/my_robot_description
[0.204s] Invoked command in '/home/leeky16498/ros2_ws/build/my_robot_description' returned '0': CMAKE_PREFIX_PATH=${CMAKE_PREFIX_PATH}:/home/leeky16498/ros2_ws/install/turtlesim_catch_them_all:/home/leeky16498/ros2_ws/install/my_py_pkg:/opt/ros/jazzy DEBUGINFOD_URLS=https://debuginfod.ubuntu.com /usr/bin/cmake /home/leeky16498/ros2_ws/src/my_robot_description -DCMAKE_INSTALL_PREFIX=/home/leeky16498/ros2_ws/install/my_robot_description
[0.205s] Invoking command in '/home/leeky16498/ros2_ws/build/my_robot_description': CMAKE_PREFIX_PATH=${CMAKE_PREFIX_PATH}:/home/leeky16498/ros2_ws/install/turtlesim_catch_them_all:/home/leeky16498/ros2_ws/install/my_py_pkg:/opt/ros/jazzy DEBUGINFOD_URLS=https://debuginfod.ubuntu.com /usr/bin/cmake --build /home/leeky16498/ros2_ws/build/my_robot_description -- -j8 -l8
[0.232s] Invoked command in '/home/leeky16498/ros2_ws/build/my_robot_description' returned '0': CMAKE_PREFIX_PATH=${CMAKE_PREFIX_PATH}:/home/leeky16498/ros2_ws/install/turtlesim_catch_them_all:/home/leeky16498/ros2_ws/install/my_py_pkg:/opt/ros/jazzy DEBUGINFOD_URLS=https://debuginfod.ubuntu.com /usr/bin/cmake --build /home/leeky16498/ros2_ws/build/my_robot_description -- -j8 -l8
[0.238s] Invoking command in '/home/leeky16498/ros2_ws/build/my_robot_description': CMAKE_PREFIX_PATH=${CMAKE_PREFIX_PATH}:/home/leeky16498/ros2_ws/install/turtlesim_catch_them_all:/home/leeky16498/ros2_ws/install/my_py_pkg:/opt/ros/jazzy DEBUGINFOD_URLS=https://debuginfod.ubuntu.com /usr/bin/cmake --install /home/leeky16498/ros2_ws/build/my_robot_description
[0.244s] -- Install configuration: ""
[0.244s] -- Execute custom install script
[0.244s] -- Up-to-date symlink: /home/leeky16498/ros2_ws/install/my_robot_description/share/my_robot_description//urdf/common_properties.xacro
[0.244s] -- Up-to-date symlink: /home/leeky16498/ros2_ws/install/my_robot_description/share/my_robot_description//urdf/mobile_base.xacro
[0.244s] -- Up-to-date symlink: /home/leeky16498/ros2_ws/install/my_robot_description/share/my_robot_description//urdf/my_robot.urdf.xacro
[0.244s] -- Up-to-date symlink: /home/leeky16498/ros2_ws/install/my_robot_description/share/my_robot_description//launch/display.launch.py
[0.245s] -- Up-to-date symlink: /home/leeky16498/ros2_ws/install/my_robot_description/share/my_robot_description//launch/display.launch.xml
[0.245s] -- Up-to-date symlink: /home/leeky16498/ros2_ws/install/my_robot_description/share/my_robot_description//rviz2/urdf_config.rviz
[0.245s] -- Up-to-date symlink: /home/leeky16498/ros2_ws/install/my_robot_description/share/ament_index/resource_index/package_run_dependencies/my_robot_description
[0.245s] -- Up-to-date symlink: /home/leeky16498/ros2_ws/install/my_robot_description/share/ament_index/resource_index/parent_prefix_path/my_robot_description
[0.245s] -- Up-to-date symlink: /home/leeky16498/ros2_ws/install/my_robot_description/share/my_robot_description/environment/ament_prefix_path.sh
[0.245s] -- Up-to-date symlink: /home/leeky16498/ros2_ws/install/my_robot_description/share/my_robot_description/environment/ament_prefix_path.dsv
[0.245s] -- Up-to-date symlink: /home/leeky16498/ros2_ws/install/my_robot_description/share/my_robot_description/environment/path.sh
[0.245s] -- Up-to-date symlink: /home/leeky16498/ros2_ws/install/my_robot_description/share/my_robot_description/environment/path.dsv
[0.245s] -- Up-to-date symlink: /home/leeky16498/ros2_ws/install/my_robot_description/share/my_robot_description/local_setup.bash
[0.245s] -- Up-to-date symlink: /home/leeky16498/ros2_ws/install/my_robot_description/share/my_robot_description/local_setup.sh
[0.245s] -- Up-to-date symlink: /home/leeky16498/ros2_ws/install/my_robot_description/share/my_robot_description/local_setup.zsh
[0.246s] -- Up-to-date symlink: /home/leeky16498/ros2_ws/install/my_robot_description/share/my_robot_description/local_setup.dsv
[0.246s] -- Symlinking: /home/leeky16498/ros2_ws/install/my_robot_description/share/my_robot_description/package.dsv
[0.253s] -- Up-to-date symlink: /home/leeky16498/ros2_ws/install/my_robot_description/share/ament_index/resource_index/packages/my_robot_description
[0.253s] -- Up-to-date symlink: /home/leeky16498/ros2_ws/install/my_robot_description/share/my_robot_description/cmake/my_robot_descriptionConfig.cmake
[0.255s] -- Up-to-date symlink: /home/leeky16498/ros2_ws/install/my_robot_description/share/my_robot_description/cmake/my_robot_descriptionConfig-version.cmake
[0.255s] -- Up-to-date symlink: /home/leeky16498/ros2_ws/install/my_robot_description/share/my_robot_description/package.xml
[0.256s] Invoked command in '/home/leeky16498/ros2_ws/build/my_robot_description' returned '0': CMAKE_PREFIX_PATH=${CMAKE_PREFIX_PATH}:/home/leeky16498/ros2_ws/install/turtlesim_catch_them_all:/home/leeky16498/ros2_ws/install/my_py_pkg:/opt/ros/jazzy DEBUGINFOD_URLS=https://debuginfod.ubuntu.com /usr/bin/cmake --install /home/leeky16498/ros2_ws/build/my_robot_description
