[0.528s] Invoking command in '/home/leeky16498/ros2_ws/src/turtlesim_catch_them_all': AMENT_PREFIX_PATH=/home/leeky16498/ros2_ws/install/my_robot_interfaces:${AMENT_PREFIX_PATH} CMAKE_PREFIX_PATH=/home/leeky16498/ros2_ws/install/my_robot_interfaces:${CMAKE_PREFIX_PATH} DEBUGINFOD_URLS=https://debuginfod.ubuntu.com LD_LIBRARY_PATH=/home/leeky16498/ros2_ws/install/my_robot_interfaces/lib:${LD_LIBRARY_PATH} PYTHONPATH=/home/leeky16498/ros2_ws/build/turtlesim_catch_them_all/prefix_override:/usr/lib/python3/dist-packages/colcon_core/task/python/colcon_distutils_commands:/home/leeky16498/ros2_ws/install/turtlesim_catch_them_all/lib/python3.12/site-packages:/home/leeky16498/ros2_ws/install/my_robot_interfaces/lib/python3.12/site-packages:${PYTHONPATH} /usr/bin/python3 -W ignore:setup.py install is deprecated -W ignore:easy_install command is deprecated setup.py egg_info --egg-base ../../build/turtlesim_catch_them_all build --build-base /home/leeky16498/ros2_ws/build/turtlesim_catch_them_all/build install --record /home/leeky16498/ros2_ws/build/turtlesim_catch_them_all/install.log --single-version-externally-managed install_data
[0.656s] running egg_info
[0.656s] creating ../../build/turtlesim_catch_them_all/turtlesim_catch_them_all.egg-info
[0.664s] writing ../../build/turtlesim_catch_them_all/turtlesim_catch_them_all.egg-info/PKG-INFO
[0.664s] writing dependency_links to ../../build/turtlesim_catch_them_all/turtlesim_catch_them_all.egg-info/dependency_links.txt
[0.664s] writing entry points to ../../build/turtlesim_catch_them_all/turtlesim_catch_them_all.egg-info/entry_points.txt
[0.664s] writing requirements to ../../build/turtlesim_catch_them_all/turtlesim_catch_them_all.egg-info/requires.txt
[0.664s] writing top-level names to ../../build/turtlesim_catch_them_all/turtlesim_catch_them_all.egg-info/top_level.txt
[0.664s] writing manifest file '../../build/turtlesim_catch_them_all/turtlesim_catch_them_all.egg-info/SOURCES.txt'
[0.681s] reading manifest file '../../build/turtlesim_catch_them_all/turtlesim_catch_them_all.egg-info/SOURCES.txt'
[0.681s] writing manifest file '../../build/turtlesim_catch_them_all/turtlesim_catch_them_all.egg-info/SOURCES.txt'
[0.681s] running build
[0.682s] running build_py
[0.682s] creating /home/leeky16498/ros2_ws/build/turtlesim_catch_them_all/build
[0.682s] creating /home/leeky16498/ros2_ws/build/turtlesim_catch_them_all/build/lib
[0.682s] creating /home/leeky16498/ros2_ws/build/turtlesim_catch_them_all/build/lib/turtlesim_catch_them_all
[0.682s] copying turtlesim_catch_them_all/turtle_controller.py -> /home/leeky16498/ros2_ws/build/turtlesim_catch_them_all/build/lib/turtlesim_catch_them_all
[0.682s] copying turtlesim_catch_them_all/__init__.py -> /home/leeky16498/ros2_ws/build/turtlesim_catch_them_all/build/lib/turtlesim_catch_them_all
[0.682s] copying turtlesim_catch_them_all/turtle_spawner.py -> /home/leeky16498/ros2_ws/build/turtlesim_catch_them_all/build/lib/turtlesim_catch_them_all
[0.682s] running install
[0.685s] running install_lib
[0.694s] creating /home/leeky16498/ros2_ws/install/turtlesim_catch_them_all/lib/python3.12/site-packages/turtlesim_catch_them_all
[0.694s] copying /home/leeky16498/ros2_ws/build/turtlesim_catch_them_all/build/lib/turtlesim_catch_them_all/turtle_controller.py -> /home/leeky16498/ros2_ws/install/turtlesim_catch_them_all/lib/python3.12/site-packages/turtlesim_catch_them_all
[0.694s] copying /home/leeky16498/ros2_ws/build/turtlesim_catch_them_all/build/lib/turtlesim_catch_them_all/__init__.py -> /home/leeky16498/ros2_ws/install/turtlesim_catch_them_all/lib/python3.12/site-packages/turtlesim_catch_them_all
[0.694s] copying /home/leeky16498/ros2_ws/build/turtlesim_catch_them_all/build/lib/turtlesim_catch_them_all/turtle_spawner.py -> /home/leeky16498/ros2_ws/install/turtlesim_catch_them_all/lib/python3.12/site-packages/turtlesim_catch_them_all
[0.694s] byte-compiling /home/leeky16498/ros2_ws/install/turtlesim_catch_them_all/lib/python3.12/site-packages/turtlesim_catch_them_all/turtle_controller.py to turtle_controller.cpython-312.pyc
[0.695s] byte-compiling /home/leeky16498/ros2_ws/install/turtlesim_catch_them_all/lib/python3.12/site-packages/turtlesim_catch_them_all/__init__.py to __init__.cpython-312.pyc
[0.695s] byte-compiling /home/leeky16498/ros2_ws/install/turtlesim_catch_them_all/lib/python3.12/site-packages/turtlesim_catch_them_all/turtle_spawner.py to turtle_spawner.cpython-312.pyc
[0.696s] running install_data
[0.696s] creating /home/leeky16498/ros2_ws/install/turtlesim_catch_them_all/share/ament_index
[0.696s] creating /home/leeky16498/ros2_ws/install/turtlesim_catch_them_all/share/ament_index/resource_index
[0.696s] creating /home/leeky16498/ros2_ws/install/turtlesim_catch_them_all/share/ament_index/resource_index/packages
[0.696s] copying resource/turtlesim_catch_them_all -> /home/leeky16498/ros2_ws/install/turtlesim_catch_them_all/share/ament_index/resource_index/packages
[0.696s] copying package.xml -> /home/leeky16498/ros2_ws/install/turtlesim_catch_them_all/share/turtlesim_catch_them_all
[0.696s] running install_egg_info
[0.705s] Copying ../../build/turtlesim_catch_them_all/turtlesim_catch_them_all.egg-info to /home/leeky16498/ros2_ws/install/turtlesim_catch_them_all/lib/python3.12/site-packages/turtlesim_catch_them_all-0.0.0-py3.12.egg-info
[0.705s] running install_scripts
[0.763s] Installing controller script to /home/leeky16498/ros2_ws/install/turtlesim_catch_them_all/lib/turtlesim_catch_them_all
[0.763s] Installing spawner script to /home/leeky16498/ros2_ws/install/turtlesim_catch_them_all/lib/turtlesim_catch_them_all
[0.764s] writing list of installed files to '/home/leeky16498/ros2_ws/build/turtlesim_catch_them_all/install.log'
[0.780s] Invoked command in '/home/leeky16498/ros2_ws/src/turtlesim_catch_them_all' returned '0': AMENT_PREFIX_PATH=/home/leeky16498/ros2_ws/install/my_robot_interfaces:${AMENT_PREFIX_PATH} CMAKE_PREFIX_PATH=/home/leeky16498/ros2_ws/install/my_robot_interfaces:${CMAKE_PREFIX_PATH} DEBUGINFOD_URLS=https://debuginfod.ubuntu.com LD_LIBRARY_PATH=/home/leeky16498/ros2_ws/install/my_robot_interfaces/lib:${LD_LIBRARY_PATH} PYTHONPATH=/home/leeky16498/ros2_ws/build/turtlesim_catch_them_all/prefix_override:/usr/lib/python3/dist-packages/colcon_core/task/python/colcon_distutils_commands:/home/leeky16498/ros2_ws/install/turtlesim_catch_them_all/lib/python3.12/site-packages:/home/leeky16498/ros2_ws/install/my_robot_interfaces/lib/python3.12/site-packages:${PYTHONPATH} /usr/bin/python3 -W ignore:setup.py install is deprecated -W ignore:easy_install command is deprecated setup.py egg_info --egg-base ../../build/turtlesim_catch_them_all build --build-base /home/leeky16498/ros2_ws/build/turtlesim_catch_them_all/build install --record /home/leeky16498/ros2_ws/build/turtlesim_catch_them_all/install.log --single-version-externally-managed install_data
