[0.543s] Invoking command in '/home/leeky16498/ros2_ws/src/my_py_pkg': AMENT_PREFIX_PATH=/home/leeky16498/ros2_ws/install/my_robot_interfaces:${AMENT_PREFIX_PATH} CMAKE_PREFIX_PATH=/home/leeky16498/ros2_ws/install/my_robot_interfaces:${CMAKE_PREFIX_PATH} DEBUGINFOD_URLS=https://debuginfod.ubuntu.com LD_LIBRARY_PATH=/home/leeky16498/ros2_ws/install/my_robot_interfaces/lib:${LD_LIBRARY_PATH} PYTHONPATH=/home/leeky16498/ros2_ws/build/my_py_pkg/prefix_override:/usr/lib/python3/dist-packages/colcon_core/task/python/colcon_distutils_commands:/home/leeky16498/ros2_ws/install/my_py_pkg/lib/python3.12/site-packages:/home/leeky16498/ros2_ws/install/my_robot_interfaces/lib/python3.12/site-packages:${PYTHONPATH} /usr/bin/python3 -W ignore:setup.py install is deprecated -W ignore:easy_install command is deprecated setup.py egg_info --egg-base ../../build/my_py_pkg build --build-base /home/leeky16498/ros2_ws/build/my_py_pkg/build install --record /home/leeky16498/ros2_ws/build/my_py_pkg/install.log --single-version-externally-managed install_data
[0.665s] running egg_info
[0.673s] writing ../../build/my_py_pkg/my_py_pkg.egg-info/PKG-INFO
[0.675s] writing dependency_links to ../../build/my_py_pkg/my_py_pkg.egg-info/dependency_links.txt
[0.675s] writing entry points to ../../build/my_py_pkg/my_py_pkg.egg-info/entry_points.txt
[0.675s] writing requirements to ../../build/my_py_pkg/my_py_pkg.egg-info/requires.txt
[0.675s] writing top-level names to ../../build/my_py_pkg/my_py_pkg.egg-info/top_level.txt
[0.692s] reading manifest file '../../build/my_py_pkg/my_py_pkg.egg-info/SOURCES.txt'
[0.693s] writing manifest file '../../build/my_py_pkg/my_py_pkg.egg-info/SOURCES.txt'
[0.693s] running build
[0.693s] running build_py
[0.694s] running install
[0.697s] running install_lib
[0.707s] running install_data
[0.707s] running install_egg_info
[0.716s] removing '/home/leeky16498/ros2_ws/install/my_py_pkg/lib/python3.12/site-packages/my_py_pkg-0.0.0-py3.12.egg-info' (and everything under it)
[0.717s] Copying ../../build/my_py_pkg/my_py_pkg.egg-info to /home/leeky16498/ros2_ws/install/my_py_pkg/lib/python3.12/site-packages/my_py_pkg-0.0.0-py3.12.egg-info
[0.717s] running install_scripts
[0.777s] Installing add_two_ints_client script to /home/leeky16498/ros2_ws/install/my_py_pkg/lib/my_py_pkg
[0.777s] Installing add_two_ints_client_no_oop script to /home/leeky16498/ros2_ws/install/my_py_pkg/lib/my_py_pkg
[0.778s] Installing add_two_ints_server script to /home/leeky16498/ros2_ws/install/my_py_pkg/lib/my_py_pkg
[0.778s] Installing battery script to /home/leeky16498/ros2_ws/install/my_py_pkg/lib/my_py_pkg
[0.778s] Installing hw_status_publisher script to /home/leeky16498/ros2_ws/install/my_py_pkg/lib/my_py_pkg
[0.778s] Installing led_panel script to /home/leeky16498/ros2_ws/install/my_py_pkg/lib/my_py_pkg
[0.778s] Installing my_first_node script to /home/leeky16498/ros2_ws/install/my_py_pkg/lib/my_py_pkg
[0.778s] Installing number_counter script to /home/leeky16498/ros2_ws/install/my_py_pkg/lib/my_py_pkg
[0.778s] Installing number_publisher script to /home/leeky16498/ros2_ws/install/my_py_pkg/lib/my_py_pkg
[0.778s] Installing robot_news_station script to /home/leeky16498/ros2_ws/install/my_py_pkg/lib/my_py_pkg
[0.778s] Installing smartphone script to /home/leeky16498/ros2_ws/install/my_py_pkg/lib/my_py_pkg
[0.778s] writing list of installed files to '/home/leeky16498/ros2_ws/build/my_py_pkg/install.log'
[0.798s] Invoked command in '/home/leeky16498/ros2_ws/src/my_py_pkg' returned '0': AMENT_PREFIX_PATH=/home/leeky16498/ros2_ws/install/my_robot_interfaces:${AMENT_PREFIX_PATH} CMAKE_PREFIX_PATH=/home/leeky16498/ros2_ws/install/my_robot_interfaces:${CMAKE_PREFIX_PATH} DEBUGINFOD_URLS=https://debuginfod.ubuntu.com LD_LIBRARY_PATH=/home/leeky16498/ros2_ws/install/my_robot_interfaces/lib:${LD_LIBRARY_PATH} PYTHONPATH=/home/leeky16498/ros2_ws/build/my_py_pkg/prefix_override:/usr/lib/python3/dist-packages/colcon_core/task/python/colcon_distutils_commands:/home/leeky16498/ros2_ws/install/my_py_pkg/lib/python3.12/site-packages:/home/leeky16498/ros2_ws/install/my_robot_interfaces/lib/python3.12/site-packages:${PYTHONPATH} /usr/bin/python3 -W ignore:setup.py install is deprecated -W ignore:easy_install command is deprecated setup.py egg_info --egg-base ../../build/my_py_pkg build --build-base /home/leeky16498/ros2_ws/build/my_py_pkg/build install --record /home/leeky16498/ros2_ws/build/my_py_pkg/install.log --single-version-externally-managed install_data
