[0.510s] Invoking command in '/home/leeky16498/ros2_ws/build/my_py_pkg': CMAKE_PREFIX_PATH=/home/leeky16498/ros2_ws/install/my_robot_interfaces:/home/leeky16498/ros2_ws/install/my_robot_bringup:/home/leeky16498/ros2_ws/install/my_robot_description:/opt/ros/jazzy/opt/gz_math_vendor:/opt/ros/jazzy/opt/gz_utils_vendor:/opt/ros/jazzy/opt/gz_cmake_vendor DEBUGINFOD_URLS=https://debuginfod.ubuntu.com PYTHONPATH=/home/leeky16498/ros2_ws/build/my_py_pkg/prefix_override:/usr/lib/python3/dist-packages/colcon_core/task/python/colcon_distutils_commands:/home/leeky16498/ros2_ws/install/my_py_pkg/lib/python3.12/site-packages:/home/leeky16498/ros2_ws/install/my_robot_interfaces/lib/python3.12/site-packages:/home/leeky16498/ros2_ws/build/turtlesim_catch_them_all:/home/leeky16498/ros2_ws/install/turtlesim_catch_them_all/lib/python3.12/site-packages:/home/leeky16498/ros2_ws/build/my_py_pkg:/home/leeky16498/ros2_ws/install/my_py_pkg/lib/python3.12/site-packages:/opt/ros/jazzy/lib/python3.12/site-packages /usr/bin/python3 -W ignore:setup.py install is deprecated -W ignore:easy_install command is deprecated setup.py develop --uninstall --editable --build-directory /home/leeky16498/ros2_ws/build/my_py_pkg/build
[0.653s] running develop
[0.738s] Removing /home/leeky16498/ros2_ws/install/my_py_pkg/lib/python3.12/site-packages/my-py-pkg.egg-link (link to .)
[0.755s] Invoked command in '/home/leeky16498/ros2_ws/build/my_py_pkg' returned '0': CMAKE_PREFIX_PATH=/home/leeky16498/ros2_ws/install/my_robot_interfaces:/home/leeky16498/ros2_ws/install/my_robot_bringup:/home/leeky16498/ros2_ws/install/my_robot_description:/opt/ros/jazzy/opt/gz_math_vendor:/opt/ros/jazzy/opt/gz_utils_vendor:/opt/ros/jazzy/opt/gz_cmake_vendor DEBUGINFOD_URLS=https://debuginfod.ubuntu.com PYTHONPATH=/home/leeky16498/ros2_ws/build/my_py_pkg/prefix_override:/usr/lib/python3/dist-packages/colcon_core/task/python/colcon_distutils_commands:/home/leeky16498/ros2_ws/install/my_py_pkg/lib/python3.12/site-packages:/home/leeky16498/ros2_ws/install/my_robot_interfaces/lib/python3.12/site-packages:/home/leeky16498/ros2_ws/build/turtlesim_catch_them_all:/home/leeky16498/ros2_ws/install/turtlesim_catch_them_all/lib/python3.12/site-packages:/home/leeky16498/ros2_ws/build/my_py_pkg:/home/leeky16498/ros2_ws/install/my_py_pkg/lib/python3.12/site-packages:/opt/ros/jazzy/lib/python3.12/site-packages /usr/bin/python3 -W ignore:setup.py install is deprecated -W ignore:easy_install command is deprecated setup.py develop --uninstall --editable --build-directory /home/leeky16498/ros2_ws/build/my_py_pkg/build
[0.756s] Invoking command in '/home/leeky16498/ros2_ws/src/my_py_pkg': CMAKE_PREFIX_PATH=/home/leeky16498/ros2_ws/install/my_robot_interfaces:/home/leeky16498/ros2_ws/install/my_robot_bringup:/home/leeky16498/ros2_ws/install/my_robot_description:/opt/ros/jazzy/opt/gz_math_vendor:/opt/ros/jazzy/opt/gz_utils_vendor:/opt/ros/jazzy/opt/gz_cmake_vendor DEBUGINFOD_URLS=https://debuginfod.ubuntu.com PYTHONPATH=/home/leeky16498/ros2_ws/build/my_py_pkg/prefix_override:/usr/lib/python3/dist-packages/colcon_core/task/python/colcon_distutils_commands:/home/leeky16498/ros2_ws/install/my_py_pkg/lib/python3.12/site-packages:/home/leeky16498/ros2_ws/install/my_robot_interfaces/lib/python3.12/site-packages:/home/leeky16498/ros2_ws/build/turtlesim_catch_them_all:/home/leeky16498/ros2_ws/install/turtlesim_catch_them_all/lib/python3.12/site-packages:/home/leeky16498/ros2_ws/build/my_py_pkg:/home/leeky16498/ros2_ws/install/my_py_pkg/lib/python3.12/site-packages:/opt/ros/jazzy/lib/python3.12/site-packages /usr/bin/python3 -W ignore:setup.py install is deprecated -W ignore:easy_install command is deprecated setup.py egg_info --egg-base ../../build/my_py_pkg build --build-base /home/leeky16498/ros2_ws/build/my_py_pkg/build install --record /home/leeky16498/ros2_ws/build/my_py_pkg/install.log --single-version-externally-managed install_data --force
[0.880s] running egg_info
[0.888s] writing ../../build/my_py_pkg/my_py_pkg.egg-info/PKG-INFO
[0.888s] writing dependency_links to ../../build/my_py_pkg/my_py_pkg.egg-info/dependency_links.txt
[0.888s] writing entry points to ../../build/my_py_pkg/my_py_pkg.egg-info/entry_points.txt
[0.888s] writing requirements to ../../build/my_py_pkg/my_py_pkg.egg-info/requires.txt
[0.888s] writing top-level names to ../../build/my_py_pkg/my_py_pkg.egg-info/top_level.txt
[0.905s] reading manifest file '../../build/my_py_pkg/my_py_pkg.egg-info/SOURCES.txt'
[0.906s] writing manifest file '../../build/my_py_pkg/my_py_pkg.egg-info/SOURCES.txt'
[0.906s] running build
[0.906s] running build_py
[0.906s] running install
[0.909s] running install_lib
[0.918s] creating /home/leeky16498/ros2_ws/install/my_py_pkg/lib/python3.12/site-packages/my_py_pkg
[0.918s] copying /home/leeky16498/ros2_ws/build/my_py_pkg/build/lib/my_py_pkg/hardware_status_publisher.py -> /home/leeky16498/ros2_ws/install/my_py_pkg/lib/python3.12/site-packages/my_py_pkg
[0.918s] copying /home/leeky16498/ros2_ws/build/my_py_pkg/build/lib/my_py_pkg/template_ros2.py -> /home/leeky16498/ros2_ws/install/my_py_pkg/lib/python3.12/site-packages/my_py_pkg
[0.918s] copying /home/leeky16498/ros2_ws/build/my_py_pkg/build/lib/my_py_pkg/battery.py -> /home/leeky16498/ros2_ws/install/my_py_pkg/lib/python3.12/site-packages/my_py_pkg
[0.918s] copying /home/leeky16498/ros2_ws/build/my_py_pkg/build/lib/my_py_pkg/led_panel.py -> /home/leeky16498/ros2_ws/install/my_py_pkg/lib/python3.12/site-packages/my_py_pkg
[0.918s] copying /home/leeky16498/ros2_ws/build/my_py_pkg/build/lib/my_py_pkg/add_two_ints_client_no_oop.py -> /home/leeky16498/ros2_ws/install/my_py_pkg/lib/python3.12/site-packages/my_py_pkg
[0.918s] copying /home/leeky16498/ros2_ws/build/my_py_pkg/build/lib/my_py_pkg/add_two_ints_client.py -> /home/leeky16498/ros2_ws/install/my_py_pkg/lib/python3.12/site-packages/my_py_pkg
[0.918s] copying /home/leeky16498/ros2_ws/build/my_py_pkg/build/lib/my_py_pkg/number_publisher.py -> /home/leeky16498/ros2_ws/install/my_py_pkg/lib/python3.12/site-packages/my_py_pkg
[0.918s] copying /home/leeky16498/ros2_ws/build/my_py_pkg/build/lib/my_py_pkg/__init__.py -> /home/leeky16498/ros2_ws/install/my_py_pkg/lib/python3.12/site-packages/my_py_pkg
[0.918s] copying /home/leeky16498/ros2_ws/build/my_py_pkg/build/lib/my_py_pkg/my_first_node.py -> /home/leeky16498/ros2_ws/install/my_py_pkg/lib/python3.12/site-packages/my_py_pkg
[0.918s] copying /home/leeky16498/ros2_ws/build/my_py_pkg/build/lib/my_py_pkg/add_two_ints_server.py -> /home/leeky16498/ros2_ws/install/my_py_pkg/lib/python3.12/site-packages/my_py_pkg
[0.918s] copying /home/leeky16498/ros2_ws/build/my_py_pkg/build/lib/my_py_pkg/number_counter.py -> /home/leeky16498/ros2_ws/install/my_py_pkg/lib/python3.12/site-packages/my_py_pkg
[0.918s] copying /home/leeky16498/ros2_ws/build/my_py_pkg/build/lib/my_py_pkg/robot_news_station.py -> /home/leeky16498/ros2_ws/install/my_py_pkg/lib/python3.12/site-packages/my_py_pkg
[0.918s] copying /home/leeky16498/ros2_ws/build/my_py_pkg/build/lib/my_py_pkg/smartphone.py -> /home/leeky16498/ros2_ws/install/my_py_pkg/lib/python3.12/site-packages/my_py_pkg
[0.919s] byte-compiling /home/leeky16498/ros2_ws/install/my_py_pkg/lib/python3.12/site-packages/my_py_pkg/hardware_status_publisher.py to hardware_status_publisher.cpython-312.pyc
[0.919s] byte-compiling /home/leeky16498/ros2_ws/install/my_py_pkg/lib/python3.12/site-packages/my_py_pkg/template_ros2.py to template_ros2.cpython-312.pyc
[0.919s] byte-compiling /home/leeky16498/ros2_ws/install/my_py_pkg/lib/python3.12/site-packages/my_py_pkg/battery.py to battery.cpython-312.pyc
[0.920s] byte-compiling /home/leeky16498/ros2_ws/install/my_py_pkg/lib/python3.12/site-packages/my_py_pkg/led_panel.py to led_panel.cpython-312.pyc
[0.920s] byte-compiling /home/leeky16498/ros2_ws/install/my_py_pkg/lib/python3.12/site-packages/my_py_pkg/add_two_ints_client_no_oop.py to add_two_ints_client_no_oop.cpython-312.pyc
[0.920s] byte-compiling /home/leeky16498/ros2_ws/install/my_py_pkg/lib/python3.12/site-packages/my_py_pkg/add_two_ints_client.py to add_two_ints_client.cpython-312.pyc
[0.920s] byte-compiling /home/leeky16498/ros2_ws/install/my_py_pkg/lib/python3.12/site-packages/my_py_pkg/number_publisher.py to number_publisher.cpython-312.pyc
[0.921s] byte-compiling /home/leeky16498/ros2_ws/install/my_py_pkg/lib/python3.12/site-packages/my_py_pkg/__init__.py to __init__.cpython-312.pyc
[0.921s] byte-compiling /home/leeky16498/ros2_ws/install/my_py_pkg/lib/python3.12/site-packages/my_py_pkg/my_first_node.py to my_first_node.cpython-312.pyc
[0.921s] byte-compiling /home/leeky16498/ros2_ws/install/my_py_pkg/lib/python3.12/site-packages/my_py_pkg/add_two_ints_server.py to add_two_ints_server.cpython-312.pyc
[0.921s] byte-compiling /home/leeky16498/ros2_ws/install/my_py_pkg/lib/python3.12/site-packages/my_py_pkg/number_counter.py to number_counter.cpython-312.pyc
[0.921s] byte-compiling /home/leeky16498/ros2_ws/install/my_py_pkg/lib/python3.12/site-packages/my_py_pkg/robot_news_station.py to robot_news_station.cpython-312.pyc
[0.922s] byte-compiling /home/leeky16498/ros2_ws/install/my_py_pkg/lib/python3.12/site-packages/my_py_pkg/smartphone.py to smartphone.cpython-312.pyc
[0.922s] running install_data
[0.922s] copying resource/my_py_pkg -> /home/leeky16498/ros2_ws/install/my_py_pkg/share/ament_index/resource_index/packages
[0.922s] copying package.xml -> /home/leeky16498/ros2_ws/install/my_py_pkg/share/my_py_pkg
[0.922s] running install_egg_info
[0.931s] Copying ../../build/my_py_pkg/my_py_pkg.egg-info to /home/leeky16498/ros2_ws/install/my_py_pkg/lib/python3.12/site-packages/my_py_pkg-0.0.0-py3.12.egg-info
[0.932s] running install_scripts
[0.990s] Installing add_two_ints_client script to /home/leeky16498/ros2_ws/install/my_py_pkg/lib/my_py_pkg
[0.991s] Installing add_two_ints_client_no_oop script to /home/leeky16498/ros2_ws/install/my_py_pkg/lib/my_py_pkg
[0.991s] Installing add_two_ints_server script to /home/leeky16498/ros2_ws/install/my_py_pkg/lib/my_py_pkg
[0.991s] Installing battery script to /home/leeky16498/ros2_ws/install/my_py_pkg/lib/my_py_pkg
[0.991s] Installing hw_status_publisher script to /home/leeky16498/ros2_ws/install/my_py_pkg/lib/my_py_pkg
[0.991s] Installing led_panel script to /home/leeky16498/ros2_ws/install/my_py_pkg/lib/my_py_pkg
[0.991s] Installing my_first_node script to /home/leeky16498/ros2_ws/install/my_py_pkg/lib/my_py_pkg
[0.991s] Installing number_counter script to /home/leeky16498/ros2_ws/install/my_py_pkg/lib/my_py_pkg
[0.991s] Installing number_publisher script to /home/leeky16498/ros2_ws/install/my_py_pkg/lib/my_py_pkg
[0.991s] Installing robot_news_station script to /home/leeky16498/ros2_ws/install/my_py_pkg/lib/my_py_pkg
[0.991s] Installing smartphone script to /home/leeky16498/ros2_ws/install/my_py_pkg/lib/my_py_pkg
[0.991s] writing list of installed files to '/home/leeky16498/ros2_ws/build/my_py_pkg/install.log'
[1.010s] Invoked command in '/home/leeky16498/ros2_ws/src/my_py_pkg' returned '0': CMAKE_PREFIX_PATH=/home/leeky16498/ros2_ws/install/my_robot_interfaces:/home/leeky16498/ros2_ws/install/my_robot_bringup:/home/leeky16498/ros2_ws/install/my_robot_description:/opt/ros/jazzy/opt/gz_math_vendor:/opt/ros/jazzy/opt/gz_utils_vendor:/opt/ros/jazzy/opt/gz_cmake_vendor DEBUGINFOD_URLS=https://debuginfod.ubuntu.com PYTHONPATH=/home/leeky16498/ros2_ws/build/my_py_pkg/prefix_override:/usr/lib/python3/dist-packages/colcon_core/task/python/colcon_distutils_commands:/home/leeky16498/ros2_ws/install/my_py_pkg/lib/python3.12/site-packages:/home/leeky16498/ros2_ws/install/my_robot_interfaces/lib/python3.12/site-packages:/home/leeky16498/ros2_ws/build/turtlesim_catch_them_all:/home/leeky16498/ros2_ws/install/turtlesim_catch_them_all/lib/python3.12/site-packages:/home/leeky16498/ros2_ws/build/my_py_pkg:/home/leeky16498/ros2_ws/install/my_py_pkg/lib/python3.12/site-packages:/opt/ros/jazzy/lib/python3.12/site-packages /usr/bin/python3 -W ignore:setup.py install is deprecated -W ignore:easy_install command is deprecated setup.py egg_info --egg-base ../../build/my_py_pkg build --build-base /home/leeky16498/ros2_ws/build/my_py_pkg/build install --record /home/leeky16498/ros2_ws/build/my_py_pkg/install.log --single-version-externally-managed install_data --force
